 intbirth_k          33   13.4831040296833     
  
 iter_bi, w, d_bi
 maxval(a_un(1:neta*nz,:))   391.368866032832     
 sum g_binding_collateral  111
   1.0000000   1.9362948   0.0000002
 exdem, h  8.451791479779924E-005  0.997859454858086     
  0.997825973667204     
 sum(g_e_o)   19
 accidental_defaults  0.000000000000000E+000
 increase kmax, instst.f90   9.117589707456263E-003
 decrease amin, instst.f90   2.229119239173077E-003
 firm debt/gdp   1.81299232998840        1.81299233001050     
 outliers  1.056932319443149E-013
 outliers_30  0.943071743124030     
  
 iter_bi, w, d_bi
 maxval(a_un(1:neta*nz,:))   391.368866032832     
 sum g_binding_collateral  111
   1.0000000   1.9362948   0.0000002
 exdem, h  8.451791479779924E-005  0.997859454858086     
  0.997825973667204     
 sum(g_e_o)   19
 accidental_defaults  0.000000000000000E+000
 increase kmax, fistst.f90   9.117589707456263E-003
 decrease amin, fistst.f90   2.229119239173077E-003
 firm debt/gdp   1.81299232998840        1.81299233001050     
  
 transition 
  
 backward induction
 t, w         119   1.93634384886458     
 t, w         118   1.93634902341065     
 t, w         117   1.93634793326611     
 t, w         116   1.93634626465862     
 t, w         115   1.93634403402027     
 t, w         114   1.93634144491357     
 t, w         113   1.93633862613374     
 t, w         112   1.93633524411530     
 t, w         111   1.93633156377142     
 t, w         110   1.93632778767598     
 t, w         109   1.93632366464801     
 t, w         108   1.93631875221329     
 t, w         107   1.93631347449607     
 t, w         106   1.93630758968971     
 t, w         105   1.93630175911730     
 t, w         104   1.93629561015300     
 t, w         103   1.93628912798520     
 t, w         102   1.93628231024905     
 t, w         101   1.93627551031418     
 t, w         100   1.93626909742320     
 t, w          99   1.93626208395367     
 t, w          98   1.93625312828550     
 t, w          97   1.93624169845814     
 t, w          96   1.93623012916862     
 t, w          95   1.93621761226863     
 t, w          94   1.93620431636825     
 t, w          93   1.93619019139231     
 t, w          92   1.93617498048910     
 t, w          91   1.93615869730502     
 t, w          90   1.93613988154326     
 t, w          89   1.93612149816610     
 t, w          88   1.93610158718235     
 t, w          87   1.93608008148548     
 t, w          86   1.93605682965813     
 t, w          85   1.93603218684005     
 t, w          84   1.93600587882077     
 t, w          83   1.93597781876247     
 t, w          82   1.93594836488230     
 t, w          81   1.93591728051719     
 t, w          80   1.93588464310746     
 t, w          79   1.93585091170558     
 t, w          78   1.93581376225467     
 t, w          77   1.93577405537861     
 t, w          76   1.93573165468226     
 t, w          75   1.93568689602589     
 t, w          74   1.93563955641036     
 t, w          73   1.93558921662251     
 t, w          72   1.93553557388358     
 t, w          71   1.93547889152771     
 t, w          70   1.93541879794654     
 t, w          69   1.93535424425509     
 t, w          68   1.93528617918582     
 t, w          67   1.93521382329279     
 t, w          66   1.93513778915538     
 t, w          65   1.93505635174911     
 t, w          64   1.93497328279251     
 t, w          63   1.93485988808733     
 t, w          62   1.93476878860584     
 t, w          61   1.93466449419514     
 t, w          60   1.93455676122827     
 t, w          59   1.93444197135701     
 t, w          58   1.93432152140332     
 t, w          57   1.93419413642939     
 t, w          56   1.93411617207320     
 t, w          55   1.93399027953819     
 t, w          54   1.93384109897748     
 t, w          53   1.93368260039015     
 t, w          52   1.93351563715382     
 t, w          51   1.93333919295799     
 t, w          50   1.93315249302338     
 t, w          49   1.93295622096454     
 t, w          48   1.93274936645458     
 t, w          47   1.93253164496954     
 t, w          46   1.93230321173453     
 t, w          45   1.93206406473056     
 t, w          44   1.93181369501440     
 t, w          43   1.93155153944106     
 t, w          42   1.93127730481724     
 t, w          41   1.93099228207108     
 t, w          40   1.93069416432445     
 t, w          39   1.93038695264431     
 t, w          38   1.93006431142671     
 t, w          37   1.92972749461817     
 t, w          36   1.92937740544714     
 t, w          35   1.92900555961200     
 t, w          34   1.92862504231196     
 t, w          33   1.92823089990663     
 t, w          32   1.92782217112492     
 t, w          31   1.92739787625115     
 t, w          30   1.92695731488035     
 t, w          29   1.92650167799246     
 t, w          28   1.92603182318985     
 t, w          27   1.92554784386046     
 t, w          26   1.92504957014104     
 t, w          25   1.92453635900924     
 t, w          24   1.92400993252727     
 t, w          23   1.92346858574831     
 t, w          22   1.92291518125585     
 t, w          21   1.92235112064210     
 t, w          20   1.92177761266004     
 t, w          19   1.92118559771444     
 t, w          18   1.92058573543542     
 t, w          17   1.91998472420240     
 t, w          16   1.91937675666495     
 t, w          15   1.91875960641957     
 t, w          14   1.91814025422328     
 t, w          13   1.91752869395081     
 t, w          12   1.91688845245810     
 t, w          11   1.91620786066139     
 t, w          10   1.91550801205424     
 t, w           9   1.91478885985288     
 t, w           8   1.91416451561792     
 t, w           7   1.91353215012405     
 t, w           6   1.91279975044953     
 t, w           5   1.91225799036845     
 t, w           4   1.91123914155366     
 t, w           3   1.91135865707469     
 t, w           2   1.91148065371028     
 t, mu           2  6.405323950018131E-002
 t, mu           3  6.405323950018131E-002
 t, mu           4  6.405323950018131E-002
 t, mu           5  6.405323950018131E-002
 t, mu           6  6.405323950018131E-002
 t, mu           7  6.405323950018131E-002
 t, mu           8  6.405323950018131E-002
 t, mu           9  6.405323950018131E-002
 t, mu          10  6.405323950018131E-002
 t, mu          11  6.405323950018131E-002
 t, mu          12  6.405323950018131E-002
 t, mu          13  6.405323950018131E-002
 t, mu          14  6.405323950018131E-002
 t, mu          15  6.405323950018131E-002
 t, mu          16  6.405323950018131E-002
 t, mu          17  6.405323950018131E-002
 t, mu          18  6.405323950018131E-002
 t, mu          19  6.405323950018131E-002
 t, mu          20  6.405323950018131E-002
 t, mu          21  6.405323950018131E-002
 t, mu          22  6.405323950018131E-002
 t, mu          23  6.405323950018131E-002
 t, mu          24  6.405323950018131E-002
 t, mu          25  6.405323950018131E-002
 t, mu          26  6.405323950018131E-002
 t, mu          27  6.405323950018131E-002
 t, mu          28  6.405323950018131E-002
 t, mu          29  6.405323950018131E-002
 t, mu          30  6.405323950018131E-002
 t, mu          31  6.405323950018131E-002
 t, mu          32  6.405323950018131E-002
 t, mu          33  6.405323950018131E-002
 t, mu          34  6.405323950018131E-002
 t, mu          35  6.405323950018131E-002
 t, mu          36  6.405323950018131E-002
 t, mu          37  6.405323950018131E-002
 t, mu          38  6.405323950018131E-002
 t, mu          39  6.405323950018131E-002
 t, mu          40  6.405323950018131E-002
 t, mu          41  6.405323950018131E-002
 t, mu          42  6.405323950018131E-002
 t, mu          43  6.405323950018131E-002
 t, mu          44  6.405323950018131E-002
 t, mu          45  6.405323950018131E-002
 t, mu          46  6.405323950018131E-002
 t, mu          47  6.405323950018131E-002
 t, mu          48  6.405323950018131E-002
 t, mu          49  6.405323950018131E-002
 t, mu          50  6.405323950018131E-002
 t, mu          51  6.405323950018131E-002
 t, mu          52  6.405323950018131E-002
 t, mu          53  6.405323950018131E-002
 t, mu          54  6.405323950018131E-002
 t, mu          55  6.405323950018131E-002
 t, mu          56  6.405323950018131E-002
 t, mu          57  6.405323950018131E-002
 t, mu          58  6.405323950018131E-002
 t, mu          59  6.405323950018131E-002
 t, mu          60  6.405323950018131E-002
 t, mu          61  6.405323950018131E-002
 t, mu          62  6.405323950018131E-002
 t, mu          63  6.405323950018131E-002
 t, mu          64  6.405323950018131E-002
 t, mu          65  6.405323950018131E-002
 t, mu          66  6.405323950018131E-002
 t, mu          67  6.405323950018131E-002
 t, mu          68  6.405323950018131E-002
 t, mu          69  6.405323950018131E-002
 t, mu          70  6.405323950018131E-002
 t, mu          71  6.405323950018131E-002
 t, mu          72  6.405323950018131E-002
 t, mu          73  6.405323950018131E-002
 t, mu          74  6.405323950018131E-002
 t, mu          75  6.405323950018131E-002
 t, mu          76  6.405323950018131E-002
 t, mu          77  6.405323950018131E-002
 t, mu          78  6.405323950018131E-002
 t, mu          79  6.405323950018131E-002
 t, mu          80  6.405323950018131E-002
 t, mu          81  6.405323950018131E-002
 t, mu          82  6.405323950018131E-002
 t, mu          83  6.405323950018131E-002
 t, mu          84  6.405323950018131E-002
 t, mu          85  6.405323950018131E-002
 t, mu          86  6.405323950018131E-002
 t, mu          87  6.405323950018131E-002
 t, mu          88  6.405323950018131E-002
 t, mu          89  6.405323950018131E-002
 t, mu          90  6.405323950018131E-002
 t, mu          91  6.405323950018131E-002
 t, mu          92  6.405323950018131E-002
 t, mu          93  6.405323950018131E-002
 t, mu          94  6.405323950018131E-002
 t, mu          95  6.405323950018131E-002
 t, mu          96  6.405323950018131E-002
 t, mu          97  6.405323950018131E-002
 t, mu          98  6.405323950018131E-002
 t, mu          99  6.405323950018131E-002
 t, mu         100  6.405323950018131E-002
 t, mu         101  6.405323950018131E-002
 t, mu         102  6.405323950018131E-002
 t, mu         103  6.405323950018131E-002
 t, mu         104  6.405323950018131E-002
 t, mu         105  6.405323950018131E-002
 t, mu         106  6.405323950018131E-002
 t, mu         107  6.405323950018131E-002
 t, mu         108  6.405323950018131E-002
 t, mu         109  6.405323950018131E-002
 t, mu         110  6.405323950018131E-002
 t, mu         111  6.405323950018131E-002
 t, mu         112  6.405323950018131E-002
 t, mu         113  6.405323950018131E-002
 t, mu         114  6.405323950018131E-002
 t, mu         115  6.405323950018131E-002
 t, mu         116  6.405323950018131E-002
 t, mu         117  6.405323950018131E-002
 t, mu         118  6.405323950018131E-002
 t, mu         119  6.405323950018131E-002
 iter_tr, d_tr            1  1.253422335715459E-003
 begin loss_entry_t and gain_entry_t
 end loss_entry_t and gain_entry_t
 begin loss_and_gain_exit_and_incumbent_t
 sum           2
   0.4183168   0.4183168
 sum           3
   0.4043106   0.4043106
 sum           4
   0.3992248   0.3992248
 sum           5
   0.3930544   0.3930544
 sum           6
   0.4046204   0.4046204
 sum           7
   0.4084925   0.4079998
 sum           8
   0.4105085   0.4098872
 sum           9
   0.4118391   0.4110592
 sum          10
   0.4128168   0.4118505
 sum          11
   0.4135728   0.4127111
 sum          12
   0.4141766   0.4131916
 sum          13
   0.4146704   0.4136905
 sum          14
   0.4150829   0.4140217
 sum          15
   0.4154327   0.4143073
 sum          16
   0.4157329   0.4145675
 sum          17
   0.4159933   0.4148037
 sum          18
   0.4162212   0.4150203
 sum          19
   0.4164221   0.4152238
 sum          20
   0.4166004   0.4154155
 sum          21
   0.4167597   0.4156033
 sum          22
   0.4169026   0.4157738
 sum          23
   0.4170315   0.4159385
 sum          24
   0.4171483   0.4160958
 sum          25
   0.4172544   0.4162416
 sum          26
   0.4173514   0.4163859
 sum          27
   0.4174402   0.4165282
 sum          28
   0.4175218   0.4166653
 sum          29
   0.4175971   0.4168000
 sum          30
   0.4176668   0.4169282
 sum          31
   0.4177315   0.4170531
 sum          32
   0.4177917   0.4171742
 sum          33
   0.4178479   0.4172901
 sum          34
   0.4179005   0.4174009
 sum          35
   0.4179499   0.4175077
 sum          36
   0.4179962   0.4176066
 sum          37
   0.4180399   0.4177101
 sum          38
   0.4180812   0.4177974
 sum          39
   0.4181203   0.4178842
 sum          40
   0.4181573   0.4179686
 sum          41
   0.4181924   0.4180466
 sum          42
   0.4182258   0.4181203
 sum          43
   0.4182576   0.4181899
 sum          44
   0.4182880   0.4182594
 sum          45
   0.4183170   0.4183264
 sum          46
   0.4183448   0.4183902
 sum          47
   0.4183714   0.4184504
 sum          48
   0.4183970   0.4185069
 sum          49
   0.4184215   0.4185611
 sum          50
   0.4184451   0.4186123
 sum          51
   0.4184679   0.4186602
 sum          52
   0.4184898   0.4187056
 sum          53
   0.4185110   0.4187467
 sum          54
   0.4185314   0.4187871
 sum          55
   0.4185512   0.4188243
 sum          56
   0.4185703   0.4188558
 sum          57
   0.4185889   0.4188918
 sum          58
   0.4186069   0.4188111
 sum          59
   0.4186243   0.4188396
 sum          60
   0.4186413   0.4188665
 sum          61
   0.4186577   0.4188925
 sum          62
   0.4186737   0.4189147
 sum          63
   0.4186893   0.4189374
 sum          64
   0.4187044   0.4189591
 sum          65
   0.4187192   0.4190122
 sum          66
   0.4187335   0.4190239
 sum          67
   0.4187475   0.4190405
 sum          68
   0.4187612   0.4190546
 sum          69
   0.4187745   0.4190681
 sum          70
   0.4187874   0.4190804
 sum          71
   0.4188001   0.4190919
 sum          72
   0.4188124   0.4191028
 sum          73
   0.4188244   0.4191127
 sum          74
   0.4188362   0.4191217
 sum          75
   0.4188476   0.4191300
 sum          76
   0.4188588   0.4191375
 sum          77
   0.4188698   0.4191443
 sum          78
   0.4188804   0.4191542
 sum          79
   0.4188909   0.4191616
 sum          80
   0.4189010   0.4191643
 sum          81
   0.4189110   0.4191689
 sum          82
   0.4189207   0.4191745
 sum          83
   0.4189302   0.4191803
 sum          84
   0.4189395   0.4191858
 sum          85
   0.4189486   0.4191913
 sum          86
   0.4189574   0.4191966
 sum          87
   0.4189661   0.4192013
 sum          88
   0.4189745   0.4192067
 sum          89
   0.4189828   0.4192116
 sum          90
   0.4189909   0.4192159
 sum          91
   0.4189988   0.4192199
 sum          92
   0.4190066   0.4192237
 sum          93
   0.4190141   0.4192272
 sum          94
   0.4190215   0.4192304
 sum          95
   0.4190288   0.4192333
 sum          96
   0.4190358   0.4192359
 sum          97
   0.4190428   0.4192384
 sum          98
   0.4190495   0.4192408
 sum          99
   0.4190562   0.4192431
 sum         100
   0.4190626   0.4192451
 sum         101
   0.4190690   0.4192472
 sum         102
   0.4190752   0.4192491
 sum         103
   0.4190813   0.4192509
 sum         104
   0.4190872   0.4192528
 sum         105
   0.4190930   0.4192547
 sum         106
   0.4190987   0.4192566
 sum         107
   0.4191043   0.4192584
 sum         108
   0.4191098   0.4192601
 sum         109
   0.4191151   0.4192618
 sum         110
   0.4191203   0.4192634
 sum         111
   0.4191255   0.4192649
 sum         112
   0.4191305   0.4192670
 sum         113
   0.4191354   0.4192689
 sum         114
   0.4191402   0.4192707
 sum         115
   0.4191449   0.4192724
 sum         116
   0.4191496   0.4192741
 sum         117
   0.4191541   0.4192757
 sum         118
   0.4191585   0.4192772
 sum         119
   0.4191629   0.4192786
 end output_loss_exit_t
 completed transition
 iter_shock           1
 shock gdp_drop_data1 gdp_t(2)/gdp_t(1)
      0.9583      0.9594      0.9611
 rho_shock gdp_drop_data2 gdp_t(5)/gdp_t(1)
      0.8995      0.9797      0.9847
