 intbirth_k          33   13.4831040296833     
  
 iter_bi, w, d_bi
 maxval(a_un(1:neta*nz,:))   388.627439105716     
 sum g_binding_collateral  -48
   1.0000000   1.9459142   0.0000002
 exdem, h  1.242413232230843E-004   1.00005732965201     
   1.00000387709588     
 sum(g_e_o)   18
 accidental_defaults  0.000000000000000E+000
 increase kmax, instst.f90   8.201619081378682E-003
 decrease amin, instst.f90   2.096719292068298E-003
 firm debt/gdp   1.80715817324055        1.80715817327247     
 outliers  9.403589018575076E-014
 outliers_30  0.940109561507353     
  
 iter_bi, w, d_bi
 maxval(a_un(1:neta*nz,:))   388.627439105716     
 sum g_binding_collateral  -48
   1.0000000   1.9459142   0.0000002
 exdem, h  1.242413232230843E-004   1.00005732965201     
   1.00000387709588     
 sum(g_e_o)   18
 accidental_defaults  0.000000000000000E+000
 increase kmax, fistst.f90   8.201619081378682E-003
 decrease amin, fistst.f90   2.096719292068298E-003
 firm debt/gdp   1.80715817324055        1.80715817327247     
  
 transition 
  
 backward induction
 t, w         119   1.94600708763534     
 t, w         118   1.94604670604088     
 t, w         117   1.94605864839579     
 t, w         116   1.94606937518074     
 t, w         115   1.94607883134300     
 t, w         114   1.94608370046701     
 t, w         113   1.94609272334176     
 t, w         112   1.94610065796637     
 t, w         111   1.94610893679712     
 t, w         110   1.94611850126629     
 t, w         109   1.94612750420936     
 t, w         108   1.94613641020057     
 t, w         107   1.94614529753196     
 t, w         106   1.94615449731079     
 t, w         105   1.94616396286742     
 t, w         104   1.94617384830605     
 t, w         103   1.94618339603207     
 t, w         102   1.94619915996869     
 t, w         101   1.94620101694817     
 t, w         100   1.94620298613965     
 t, w          99   1.94620439144725     
 t, w          98   1.94620489251941     
 t, w          97   1.94620436601403     
 t, w          96   1.94620322493394     
 t, w          95   1.94620158088148     
 t, w          94   1.94619952758572     
 t, w          93   1.94619665367197     
 t, w          92   1.94619313856255     
 t, w          91   1.94618895312843     
 t, w          90   1.94618255612411     
 t, w          89   1.94617612008715     
 t, w          88   1.94616914995929     
 t, w          87   1.94616106980858     
 t, w          86   1.94615229019452     
 t, w          85   1.94614187864324     
 t, w          84   1.94612989714359     
 t, w          83   1.94611635169530     
 t, w          82   1.94610099781112     
 t, w          81   1.94609023921482     
 t, w          80   1.94606370074023     
 t, w          79   1.94603484488030     
 t, w          78   1.94600378084733     
 t, w          77   1.94596929638276     
 t, w          76   1.94593198318619     
 t, w          75   1.94589218628607     
 t, w          74   1.94584961417240     
 t, w          73   1.94580367125139     
 t, w          72   1.94575460879181     
 t, w          71   1.94570061193528     
 t, w          70   1.94564372926994     
 t, w          69   1.94558644857013     
 t, w          68   1.94552253416313     
 t, w          67   1.94545371785163     
 t, w          66   1.94537956074900     
 t, w          65   1.94530011021974     
 t, w          64   1.94521659777618     
 t, w          63   1.94512721366649     
 t, w          62   1.94503278408742     
 t, w          61   1.94493032347541     
 t, w          60   1.94482208394174     
 t, w          59   1.94471344448861     
 t, w          58   1.94459383157627     
 t, w          57   1.94447192303696     
 t, w          56   1.94434903389498     
 t, w          55   1.94421171427006     
 t, w          54   1.94406823701104     
 t, w          53   1.94391770087747     
 t, w          52   1.94375621048718     
 t, w          51   1.94359291665685     
 t, w          50   1.94342966938728     
 t, w          49   1.94324162161191     
 t, w          48   1.94305837037356     
 t, w          47   1.94286602865779     
 t, w          46   1.94265191601973     
 t, w          45   1.94243893650278     
 t, w          44   1.94232792970684     
 t, w          43   1.94209637593525     
 t, w          42   1.94180905207816     
 t, w          41   1.94151063752802     
 t, w          40   1.94119530586873     
 t, w          39   1.94086785914282     
 t, w          38   1.94053359508113     
 t, w          37   1.94016965543920     
 t, w          36   1.93979014945351     
 t, w          35   1.93939277636265     
 t, w          34   1.93897897411257     
 t, w          33   1.93854515603886     
 t, w          32   1.93809761567988     
 t, w          31   1.93763571433010     
 t, w          30   1.93715764953561     
 t, w          29   1.93664886493239     
 t, w          28   1.93612370220411     
 t, w          27   1.93558440508564     
 t, w          26   1.93502431819644     
 t, w          25   1.93444575511800     
 t, w          24   1.93386144136380     
 t, w          23   1.93324152343852     
 t, w          22   1.93260257297055     
 t, w          21   1.93194833726890     
 t, w          20   1.93127812181825     
 t, w          19   1.93059263680427     
 t, w          18   1.92989294962345     
 t, w          17   1.92919489422015     
 t, w          16   1.92846855107111     
 t, w          15   1.92773316293838     
 t, w          14   1.92698099759637     
 t, w          13   1.92624443523061     
 t, w          12   1.92550284586697     
 t, w          11   1.92456317413151     
 t, w          10   1.92371413823538     
 t, w           9   1.92291266802627     
 t, w           8   1.92215555603426     
 t, w           7   1.92143215272733     
 t, w           6   1.92056346127618     
 t, w           5   1.91980164428368     
 t, w           4   1.91903486191461     
 t, w           3   1.91863358817796     
 t, w           2   1.91828490030578     
 t, mu           2  9.761625105614166E-002
 t, mu           3  9.761625105614166E-002
 t, mu           4  9.761625105614166E-002
 t, mu           5  9.761625105614166E-002
 t, mu           6  9.761625105614166E-002
 t, mu           7  9.761625105614166E-002
 t, mu           8  9.761625105614166E-002
 t, mu           9  9.761625105614166E-002
 t, mu          10  9.761625105614166E-002
 t, mu          11  9.761625105614166E-002
 t, mu          12  9.761625105614166E-002
 t, mu          13  9.761625105614166E-002
 t, mu          14  9.761625105614166E-002
 t, mu          15  9.761625105614166E-002
 t, mu          16  9.761625105614166E-002
 t, mu          17  9.761625105614166E-002
 t, mu          18  9.761625105614166E-002
 t, mu          19  9.761625105614166E-002
 t, mu          20  9.761625105614166E-002
 t, mu          21  9.761625105614166E-002
 t, mu          22  9.761625105614166E-002
 t, mu          23  9.761625105614166E-002
 t, mu          24  9.761625105614166E-002
 t, mu          25  9.761625105614166E-002
 t, mu          26  9.761625105614166E-002
 t, mu          27  9.761625105614166E-002
 t, mu          28  9.761625105614166E-002
 t, mu          29  9.761625105614166E-002
 t, mu          30  9.761625105614166E-002
 t, mu          31  9.761625105614166E-002
 t, mu          32  9.761625105614166E-002
 t, mu          33  9.761625105614166E-002
 t, mu          34  9.761625105614166E-002
 t, mu          35  9.761625105614166E-002
 t, mu          36  9.761625105614166E-002
 t, mu          37  9.761625105614166E-002
 t, mu          38  9.761625105614166E-002
 t, mu          39  9.761625105614166E-002
 t, mu          40  9.761625105614166E-002
 t, mu          41  9.761625105614166E-002
 t, mu          42  9.761625105614166E-002
 t, mu          43  9.761625105614166E-002
 t, mu          44  9.761625105614166E-002
 t, mu          45  9.761625105614166E-002
 t, mu          46  9.761625105614166E-002
 t, mu          47  9.761625105614166E-002
 t, mu          48  9.761625105614166E-002
 t, mu          49  9.761625105614166E-002
 t, mu          50  9.761625105614166E-002
 t, mu          51  9.761625105614166E-002
 t, mu          52  9.761625105614166E-002
 t, mu          53  9.761625105614166E-002
 t, mu          54  9.761625105614166E-002
 t, mu          55  9.761625105614166E-002
 t, mu          56  9.761625105614166E-002
 t, mu          57  9.761625105614166E-002
 t, mu          58  9.761625105614166E-002
 t, mu          59  9.761625105614166E-002
 t, mu          60  9.761625105614166E-002
 t, mu          61  9.761625105614166E-002
 t, mu          62  9.761625105614166E-002
 t, mu          63  9.761625105614166E-002
 t, mu          64  9.761625105614166E-002
 t, mu          65  9.761625105614166E-002
 t, mu          66  9.761625105614166E-002
 t, mu          67  9.761625105614166E-002
 t, mu          68  9.761625105614166E-002
 t, mu          69  9.761625105614166E-002
 t, mu          70  9.761625105614166E-002
 t, mu          71  9.761625105614166E-002
 t, mu          72  9.761625105614166E-002
 t, mu          73  9.761625105614166E-002
 t, mu          74  9.761625105614166E-002
 t, mu          75  9.761625105614166E-002
 t, mu          76  9.761625105614166E-002
 t, mu          77  9.761625105614166E-002
 t, mu          78  9.761625105614166E-002
 t, mu          79  9.761625105614166E-002
 t, mu          80  9.761625105614166E-002
 t, mu          81  9.761625105614166E-002
 t, mu          82  9.761625105614166E-002
 t, mu          83  9.761625105614166E-002
 t, mu          84  9.761625105614166E-002
 t, mu          85  9.761625105614166E-002
 t, mu          86  9.761625105614166E-002
 t, mu          87  9.761625105614166E-002
 t, mu          88  9.761625105614166E-002
 t, mu          89  9.761625105614166E-002
 t, mu          90  9.761625105614166E-002
 t, mu          91  9.761625105614166E-002
 t, mu          92  9.761625105614166E-002
 t, mu          93  9.761625105614166E-002
 t, mu          94  9.761625105614166E-002
 t, mu          95  9.761625105614166E-002
 t, mu          96  9.761625105614166E-002
 t, mu          97  9.761625105614166E-002
 t, mu          98  9.761625105614166E-002
 t, mu          99  9.761625105614166E-002
 t, mu         100  9.761625105614166E-002
 t, mu         101  9.761625105614166E-002
 t, mu         102  9.761625105614166E-002
 t, mu         103  9.761625105614166E-002
 t, mu         104  9.761625105614166E-002
 t, mu         105  9.761625105614166E-002
 t, mu         106  9.761625105614166E-002
 t, mu         107  9.761625105614166E-002
 t, mu         108  9.761625105614166E-002
 t, mu         109  9.761625105614166E-002
 t, mu         110  9.761625105614166E-002
 t, mu         111  9.761625105614166E-002
 t, mu         112  9.761625105614166E-002
 t, mu         113  9.761625105614166E-002
 t, mu         114  9.761625105614166E-002
 t, mu         115  9.761625105614166E-002
 t, mu         116  9.761625105614166E-002
 t, mu         117  9.761625105614166E-002
 t, mu         118  9.761625105614166E-002
 t, mu         119  9.761625105614166E-002
 iter_tr, d_tr            1  4.864301689983627E-003
  
 backward induction
 t, w         119   1.94601460777706     
 t, w         118   1.94605317781134     
 t, w         117   1.94606486011774     
 t, w         116   1.94607530165663     
 t, w         115   1.94608449613798     
 t, w         114   1.94608929891625     
 t, w         113   1.94609805523718     
 t, w         112   1.94610573984785     
 t, w         111   1.94611376100328     
 t, w         110   1.94612303882504     
 t, w         109   1.94613173745819     
 t, w         108   1.94614030993451     
 t, w         107   1.94614888954844     
 t, w         106   1.94615763938747     
 t, w         105   1.94616673864762     
 t, w         104   1.94617626292561     
 t, w         103   1.94618548627282     
 t, w         102   1.94620064688695     
 t, w         101   1.94620244205053     
 t, w         100   1.94620429387610     
 t, w          99   1.94620559789858     
 t, w          98   1.94620595221269     
 t, w          97   1.94620520417989     
 t, w          96   1.94620397619981     
 t, w          95   1.94620226206475     
 t, w          94   1.94620011415247     
 t, w          93   1.94619715802647     
 t, w          92   1.94619354264897     
 t, w          91   1.94618925684442     
 t, w          90   1.94618270734333     
 t, w          89   1.94617612600953     
 t, w          88   1.94616899155980     
 t, w          87   1.94616072357125     
 t, w          86   1.94615173362334     
 t, w          85   1.94614109881477     
 t, w          84   1.94612882436251     
 t, w          83   1.94611497694144     
 t, w          82   1.94609933211761     
 t, w          81   1.94608802539331     
 t, w          80   1.94606145279914     
 t, w          79   1.94603260996497     
 t, w          78   1.94600158791997     
 t, w          77   1.94596707627985     
 t, w          76   1.94592978972361     
 t, w          75   1.94589003718687     
 t, w          74   1.94584744287283     
 t, w          73   1.94580169179424     
 t, w          72   1.94575263824406     
 t, w          71   1.94569864959895     
 t, w          70   1.94564179168426     
 t, w          69   1.94558433762370     
 t, w          68   1.94552052426926     
 t, w          67   1.94545166884937     
 t, w          66   1.94537750153198     
 t, w          65   1.94529800476543     
 t, w          64   1.94521440366387     
 t, w          63   1.94512489157661     
 t, w          62   1.94503033279732     
 t, w          61   1.94492764746345     
 t, w          60   1.94481940160658     
 t, w          59   1.94471048034106     
 t, w          58   1.94459069952931     
 t, w          57   1.94446837488933     
 t, w          56   1.94434483517155     
 t, w          55   1.94420714452371     
 t, w          54   1.94406323627302     
 t, w          53   1.94391226854447     
 t, w          52   1.94375069302194     
 t, w          51   1.94358682952138     
 t, w          50   1.94342299644707     
 t, w          49   1.94323499478598     
 t, w          48   1.94305294754432     
 t, w          47   1.94285945036447     
 t, w          46   1.94264506798277     
 t, w          45   1.94243083364667     
 t, w          44   1.94233092777840     
 t, w          43   1.94209738189181     
 t, w          42   1.94180995381504     
 t, w          41   1.94151142390485     
 t, w          40   1.94119610729805     
 t, w          39   1.94086840850062     
 t, w          38   1.94053360238832     
 t, w          37   1.94016993851739     
 t, w          36   1.93979069513668     
 t, w          35   1.93939356798261     
 t, w          34   1.93898002160893     
 t, w          33   1.93854580351604     
 t, w          32   1.93809841555132     
 t, w          31   1.93763718340046     
 t, w          30   1.93715843448972     
 t, w          29   1.93664978324115     
 t, w          28   1.93612454038254     
 t, w          27   1.93558519333234     
 t, w          26   1.93502575977123     
 t, w          25   1.93444728856083     
 t, w          24   1.93386281974728     
 t, w          23   1.93324370323277     
 t, w          22   1.93260628894371     
 t, w          21   1.93195275247185     
 t, w          20   1.93128341928845     
 t, w          19   1.93059884152888     
 t, w          18   1.92990005741420     
 t, w          17   1.92920264130027     
 t, w          16   1.92847809554955     
 t, w          15   1.92774455661056     
 t, w          14   1.92699428083415     
 t, w          13   1.92625938355837     
 t, w          12   1.92552008816022     
 t, w          11   1.92457297412841     
 t, w          10   1.92373020167771     
 t, w           9   1.92293261770490     
 t, w           8   1.92217925140984     
 t, w           7   1.92146103286385     
 t, w           6   1.92059015208251     
 t, w           5   1.91982861456878     
 t, w           4   1.91907910548924     
 t, w           3   1.91868013410608     
 t, w           2   1.91833817216765     
 t, mu           2  9.761625105614166E-002
 t, mu           3  9.761625105614166E-002
 t, mu           4  9.761625105614166E-002
 t, mu           5  9.761625105614166E-002
 t, mu           6  9.761625105614166E-002
 t, mu           7  9.761625105614166E-002
 t, mu           8  9.761625105614166E-002
 t, mu           9  9.761625105614166E-002
 t, mu          10  9.761625105614166E-002
 t, mu          11  9.761625105614166E-002
 t, mu          12  9.761625105614166E-002
 t, mu          13  9.761625105614166E-002
 t, mu          14  9.761625105614166E-002
 t, mu          15  9.761625105614166E-002
 t, mu          16  9.761625105614166E-002
 t, mu          17  9.761625105614166E-002
 t, mu          18  9.761625105614166E-002
 t, mu          19  9.761625105614166E-002
 t, mu          20  9.761625105614166E-002
 t, mu          21  9.761625105614166E-002
 t, mu          22  9.761625105614166E-002
 t, mu          23  9.761625105614166E-002
 t, mu          24  9.761625105614166E-002
 t, mu          25  9.761625105614166E-002
 t, mu          26  9.761625105614166E-002
 t, mu          27  9.761625105614166E-002
 t, mu          28  9.761625105614166E-002
 t, mu          29  9.761625105614166E-002
 t, mu          30  9.761625105614166E-002
 t, mu          31  9.761625105614166E-002
 t, mu          32  9.761625105614166E-002
 t, mu          33  9.761625105614166E-002
 t, mu          34  9.761625105614166E-002
 t, mu          35  9.761625105614166E-002
 t, mu          36  9.761625105614166E-002
 t, mu          37  9.761625105614166E-002
 t, mu          38  9.761625105614166E-002
 t, mu          39  9.761625105614166E-002
 t, mu          40  9.761625105614166E-002
 t, mu          41  9.761625105614166E-002
 t, mu          42  9.761625105614166E-002
 t, mu          43  9.761625105614166E-002
 t, mu          44  9.761625105614166E-002
 t, mu          45  9.761625105614166E-002
 t, mu          46  9.761625105614166E-002
 t, mu          47  9.761625105614166E-002
 t, mu          48  9.761625105614166E-002
 t, mu          49  9.761625105614166E-002
 t, mu          50  9.761625105614166E-002
 t, mu          51  9.761625105614166E-002
 t, mu          52  9.761625105614166E-002
 t, mu          53  9.761625105614166E-002
 t, mu          54  9.761625105614166E-002
 t, mu          55  9.761625105614166E-002
 t, mu          56  9.761625105614166E-002
 t, mu          57  9.761625105614166E-002
 t, mu          58  9.761625105614166E-002
 t, mu          59  9.761625105614166E-002
 t, mu          60  9.761625105614166E-002
 t, mu          61  9.761625105614166E-002
 t, mu          62  9.761625105614166E-002
 t, mu          63  9.761625105614166E-002
 t, mu          64  9.761625105614166E-002
 t, mu          65  9.761625105614166E-002
 t, mu          66  9.761625105614166E-002
 t, mu          67  9.761625105614166E-002
 t, mu          68  9.761625105614166E-002
 t, mu          69  9.761625105614166E-002
 t, mu          70  9.761625105614166E-002
 t, mu          71  9.761625105614166E-002
 t, mu          72  9.761625105614166E-002
 t, mu          73  9.761625105614166E-002
 t, mu          74  9.761625105614166E-002
 t, mu          75  9.761625105614166E-002
 t, mu          76  9.761625105614166E-002
 t, mu          77  9.761625105614166E-002
 t, mu          78  9.761625105614166E-002
 t, mu          79  9.761625105614166E-002
 t, mu          80  9.761625105614166E-002
 t, mu          81  9.761625105614166E-002
 t, mu          82  9.761625105614166E-002
 t, mu          83  9.761625105614166E-002
 t, mu          84  9.761625105614166E-002
 t, mu          85  9.761625105614166E-002
 t, mu          86  9.761625105614166E-002
 t, mu          87  9.761625105614166E-002
 t, mu          88  9.761625105614166E-002
 t, mu          89  9.761625105614166E-002
 t, mu          90  9.761625105614166E-002
 t, mu          91  9.761625105614166E-002
 t, mu          92  9.761625105614166E-002
 t, mu          93  9.761625105614166E-002
 t, mu          94  9.761625105614166E-002
 t, mu          95  9.761625105614166E-002
 t, mu          96  9.761625105614166E-002
 t, mu          97  9.761625105614166E-002
 t, mu          98  9.761625105614166E-002
 t, mu          99  9.761625105614166E-002
 t, mu         100  9.761625105614166E-002
 t, mu         101  9.761625105614166E-002
 t, mu         102  9.761625105614166E-002
 t, mu         103  9.761625105614166E-002
 t, mu         104  9.761625105614166E-002
 t, mu         105  9.761625105614166E-002
 t, mu         106  9.761625105614166E-002
 t, mu         107  9.761625105614166E-002
 t, mu         108  9.761625105614166E-002
 t, mu         109  9.761625105614166E-002
 t, mu         110  9.761625105614166E-002
 t, mu         111  9.761625105614166E-002
 t, mu         112  9.761625105614166E-002
 t, mu         113  9.761625105614166E-002
 t, mu         114  9.761625105614166E-002
 t, mu         115  9.761625105614166E-002
 t, mu         116  9.761625105614166E-002
 t, mu         117  9.761625105614166E-002
 t, mu         118  9.761625105614166E-002
 t, mu         119  9.761625105614166E-002
 iter_tr, d_tr            2  3.567880197806496E-003
  
 backward induction
 t, w         119   1.94602159932101     
 t, w         118   1.94605915328028     
 t, w         117   1.94607057302706     
 t, w         116   1.94608072891112     
 t, w         115   1.94608970396741     
 t, w         114   1.94609445147781     
 t, w         113   1.94610295540499     
 t, w         112   1.94611038645664     
 t, w         111   1.94611821874684     
 t, w         110   1.94612722194919     
 t, w         109   1.94613563076548     
 t, w         108   1.94614387579204     
 t, w         107   1.94615210070262     
 t, w         106   1.94616053317762     
 t, w         105   1.94616928789159     
 t, w         104   1.94617847138478     
 t, w         103   1.94618738222086     
 t, w         102   1.94620196296393     
 t, w         101   1.94620369644008     
 t, w         100   1.94620543808218     
 t, w          99   1.94620664641948     
 t, w          98   1.94620685673992     
 t, w          97   1.94620589843198     
 t, w          96   1.94620458751353     
 t, w          95   1.94620280858236     
 t, w          94   1.94620057492159     
 t, w          93   1.94619752816290     
 t, w          92   1.94619381299715     
 t, w          91   1.94618942836903     
 t, w          90   1.94618273058717     
 t, w          89   1.94617600613090     
 t, w          88   1.94616871090395     
 t, w          87   1.94616027533300     
 t, w          86   1.94615107304947     
 t, w          85   1.94614022002185     
 t, w          84   1.94612765944769     
 t, w          83   1.94611352008325     
 t, w          82   1.94609759428464     
 t, w          81   1.94608575452095     
 t, w          80   1.94605914685645     
 t, w          79   1.94603031341559     
 t, w          78   1.94599932662423     
 t, w          77   1.94596478416276     
 t, w          76   1.94592752195056     
 t, w          75   1.94588780846104     
 t, w          74   1.94584518807696     
 t, w          73   1.94579959865664     
 t, w          72   1.94575054239101     
 t, w          71   1.94569655270216     
 t, w          70   1.94563970805196     
 t, w          69   1.94558207539926     
 t, w          68   1.94551834501178     
 t, w          67   1.94544943837714     
 t, w          66   1.94537524826569     
 t, w          65   1.94529568999822     
 t, w          64   1.94521199161641     
 t, w          63   1.94512234333399     
 t, w          62   1.94502764800954     
 t, w          61   1.94492473263186     
 t, w          60   1.94481647743573     
 t, w          59   1.94470726150221     
 t, w          58   1.94458730775117     
 t, w          57   1.94446456771895     
 t, w          56   1.94434038456661     
 t, w          55   1.94420232817026     
 t, w          54   1.94405796295623     
 t, w          53   1.94390658856219     
 t, w          52   1.94374491717531     
 t, w          51   1.94358050631898     
 t, w          50   1.94341608636141     
 t, w          49   1.94322809404807     
 t, w          48   1.94304719395328     
 t, w          47   1.94285261233866     
 t, w          46   1.94263805018056     
 t, w          45   1.94242251000962     
 t, w          44   1.94231652680600     
 t, w          43   1.94209776365312     
 t, w          42   1.94181025100404     
 t, w          41   1.94151175611395     
 t, w          40   1.94119610039852     
 t, w          39   1.94086813937982     
 t, w          38   1.94053279934272     
 t, w          37   1.94016939507713     
 t, w          36   1.93979037712564     
 t, w          35   1.93939345426205     
 t, w          34   1.93898013200209     
 t, w          33   1.93854550760447     
 t, w          32   1.93809825140432     
 t, w          31   1.93763761542539     
 t, w          30   1.93715812319327     
 t, w          29   1.93664947018722     
 t, w          28   1.93612430148646     
 t, w          27   1.93558492644080     
 t, w          26   1.93502608542635     
 t, w          25   1.93444766401317     
 t, w          24   1.93386304088252     
 t, w          23   1.93324472825704     
 t, w          22   1.93260875504004     
 t, w          21   1.93195582799172     
 t, w          20   1.93128731289176     
 t, w          19   1.93060362611438     
 t, w          18   1.92990569030276     
 t, w          17   1.92920888107633     
 t, w          16   1.92848607145356     
 t, w          15   1.92775432294405     
 t, w          14   1.92700585967822     
 t, w          13   1.92627259852022     
 t, w          12   1.92553550838350     
 t, w          11   1.92458130632356     
 t, w          10   1.92374455926064     
 t, w           9   1.92295072799923     
 t, w           8   1.92220100507530     
 t, w           7   1.92148779393201     
 t, w           6   1.92061483488159     
 t, w           5   1.91985387025330     
 t, w           4   1.91912110547221     
 t, w           3   1.91872413581448     
 t, w           2   1.91838865211834     
 t, mu           2  9.761625105614166E-002
 t, mu           3  9.761625105614166E-002
 t, mu           4  9.761625105614166E-002
 t, mu           5  9.761625105614166E-002
 t, mu           6  9.761625105614166E-002
 t, mu           7  9.761625105614166E-002
 t, mu           8  9.761625105614166E-002
 t, mu           9  9.761625105614166E-002
 t, mu          10  9.761625105614166E-002
 t, mu          11  9.761625105614166E-002
 t, mu          12  9.761625105614166E-002
 t, mu          13  9.761625105614166E-002
 t, mu          14  9.761625105614166E-002
 t, mu          15  9.761625105614166E-002
 t, mu          16  9.761625105614166E-002
 t, mu          17  9.761625105614166E-002
 t, mu          18  9.761625105614166E-002
 t, mu          19  9.761625105614166E-002
 t, mu          20  9.761625105614166E-002
 t, mu          21  9.761625105614166E-002
 t, mu          22  9.761625105614166E-002
 t, mu          23  9.761625105614166E-002
 t, mu          24  9.761625105614166E-002
 t, mu          25  9.761625105614166E-002
 t, mu          26  9.761625105614166E-002
 t, mu          27  9.761625105614166E-002
 t, mu          28  9.761625105614166E-002
 t, mu          29  9.761625105614166E-002
 t, mu          30  9.761625105614166E-002
 t, mu          31  9.761625105614166E-002
 t, mu          32  9.761625105614166E-002
 t, mu          33  9.761625105614166E-002
 t, mu          34  9.761625105614166E-002
 t, mu          35  9.761625105614166E-002
 t, mu          36  9.761625105614166E-002
 t, mu          37  9.761625105614166E-002
 t, mu          38  9.761625105614166E-002
 t, mu          39  9.761625105614166E-002
 t, mu          40  9.761625105614166E-002
 t, mu          41  9.761625105614166E-002
 t, mu          42  9.761625105614166E-002
 t, mu          43  9.761625105614166E-002
 t, mu          44  9.761625105614166E-002
 t, mu          45  9.761625105614166E-002
 t, mu          46  9.761625105614166E-002
 t, mu          47  9.761625105614166E-002
 t, mu          48  9.761625105614166E-002
 t, mu          49  9.761625105614166E-002
 t, mu          50  9.761625105614166E-002
 t, mu          51  9.761625105614166E-002
 t, mu          52  9.761625105614166E-002
 t, mu          53  9.761625105614166E-002
 t, mu          54  9.761625105614166E-002
 t, mu          55  9.761625105614166E-002
 t, mu          56  9.761625105614166E-002
 t, mu          57  9.761625105614166E-002
 t, mu          58  9.761625105614166E-002
 t, mu          59  9.761625105614166E-002
 t, mu          60  9.761625105614166E-002
 t, mu          61  9.761625105614166E-002
 t, mu          62  9.761625105614166E-002
 t, mu          63  9.761625105614166E-002
 t, mu          64  9.761625105614166E-002
 t, mu          65  9.761625105614166E-002
 t, mu          66  9.761625105614166E-002
 t, mu          67  9.761625105614166E-002
 t, mu          68  9.761625105614166E-002
 t, mu          69  9.761625105614166E-002
 t, mu          70  9.761625105614166E-002
 t, mu          71  9.761625105614166E-002
 t, mu          72  9.761625105614166E-002
 t, mu          73  9.761625105614166E-002
 t, mu          74  9.761625105614166E-002
 t, mu          75  9.761625105614166E-002
 t, mu          76  9.761625105614166E-002
 t, mu          77  9.761625105614166E-002
 t, mu          78  9.761625105614166E-002
 t, mu          79  9.761625105614166E-002
 t, mu          80  9.761625105614166E-002
 t, mu          81  9.761625105614166E-002
 t, mu          82  9.761625105614166E-002
 t, mu          83  9.761625105614166E-002
 t, mu          84  9.761625105614166E-002
 t, mu          85  9.761625105614166E-002
 t, mu          86  9.761625105614166E-002
 t, mu          87  9.761625105614166E-002
 t, mu          88  9.761625105614166E-002
 t, mu          89  9.761625105614166E-002
 t, mu          90  9.761625105614166E-002
 t, mu          91  9.761625105614166E-002
 t, mu          92  9.761625105614166E-002
 t, mu          93  9.761625105614166E-002
 t, mu          94  9.761625105614166E-002
 t, mu          95  9.761625105614166E-002
 t, mu          96  9.761625105614166E-002
 t, mu          97  9.761625105614166E-002
 t, mu          98  9.761625105614166E-002
 t, mu          99  9.761625105614166E-002
 t, mu         100  9.761625105614166E-002
 t, mu         101  9.761625105614166E-002
 t, mu         102  9.761625105614166E-002
 t, mu         103  9.761625105614166E-002
 t, mu         104  9.761625105614166E-002
 t, mu         105  9.761625105614166E-002
 t, mu         106  9.761625105614166E-002
 t, mu         107  9.761625105614166E-002
 t, mu         108  9.761625105614166E-002
 t, mu         109  9.761625105614166E-002
 t, mu         110  9.761625105614166E-002
 t, mu         111  9.761625105614166E-002
 t, mu         112  9.761625105614166E-002
 t, mu         113  9.761625105614166E-002
 t, mu         114  9.761625105614166E-002
 t, mu         115  9.761625105614166E-002
 t, mu         116  9.761625105614166E-002
 t, mu         117  9.761625105614166E-002
 t, mu         118  9.761625105614166E-002
 t, mu         119  9.761625105614166E-002
 iter_tr, d_tr            3  2.677106380825826E-003
  
 backward induction
 t, w         119   1.94602810580365     
 t, w         118   1.94606468119054     
 t, w         117   1.94607585853380     
 t, w         116   1.94608573468597     
 t, w         115   1.94609450793012     
 t, w         114   1.94609922393584     
 t, w         113   1.94610747995946     
 t, w         112   1.94611468725369     
 t, w         111   1.94612235244133     
 t, w         110   1.94613108504871     
 t, w         109   1.94613923369639     
 t, w         108   1.94614717200958     
 t, w         107   1.94615505974534     
 t, w         106   1.94616318773118     
 t, w         105   1.94617161990942     
 t, w         104   1.94618047831285     
 t, w         103   1.94618908819633     
 t, w         102   1.94620310844578     
 t, w         101   1.94620477297073     
 t, w         100   1.94620639734998     
 t, w          99   1.94620747949041     
 t, w          98   1.94620745450104     
 t, w          97   1.94620647270895     
 t, w          96   1.94620508350866     
 t, w          95   1.94620324065193     
 t, w          94   1.94620091848869     
 t, w          93   1.94619779444921     
 t, w          92   1.94619398355036     
 t, w          91   1.94618950395009     
 t, w          90   1.94618266363672     
 t, w          89   1.94617580098758     
 t, w          88   1.94616834868883     
 t, w          87   1.94615974116467     
 t, w          86   1.94615032876596     
 t, w          85   1.94613925982381     
 t, w          84   1.94612642003690     
 t, w          83   1.94611199911015     
 t, w          82   1.94609579835212     
 t, w          81   1.94608344262583     
 t, w          80   1.94605679485510     
 t, w          79   1.94602796319810     
 t, w          78   1.94599700089297     
 t, w          77   1.94596242206785     
 t, w          76   1.94592517437582     
 t, w          75   1.94588548879299     
 t, w          74   1.94584282958986     
 t, w          73   1.94579740906532     
 t, w          72   1.94574834165488     
 t, w          71   1.94569434480901     
 t, w          70   1.94563750181216     
 t, w          69   1.94557968328493     
 t, w          68   1.94551602325565     
 t, w          67   1.94544705033301     
 t, w          66   1.94537282881548     
 t, w          65   1.94529319649194     
 t, w          64   1.94520939649970     
 t, w          63   1.94511960061147     
 t, w          62   1.94502476283552     
 t, w          61   1.94492161439910     
 t, w          60   1.94481334142856     
 t, w          59   1.94470381330564     
 t, w          58   1.94458367439576     
 t, w          57   1.94446052451381     
 t, w          56   1.94433570488793     
 t, w          55   1.94419729535827     
 t, w          54   1.94405247548353     
 t, w          53   1.94390069379723     
 t, w          52   1.94373890593242     
 t, w          51   1.94357393343576     
 t, w          50   1.94340893123816     
 t, w          49   1.94322092019671     
 t, w          48   1.94304110588160     
 t, w          47   1.94284547526286     
 t, w          46   1.94263072346604     
 t, w          45   1.94241389946331     
 t, w          44   1.94231878101602     
 t, w          43   1.94209748968657     
 t, w          42   1.94180987210615     
 t, w          41   1.94151139000460     
 t, w          40   1.94119537852052     
 t, w          39   1.94086714718457     
 t, w          38   1.94053127343143     
 t, w          37   1.94016808760673     
 t, w          36   1.93978925768117     
 t, w          35   1.93939248939399     
 t, w          34   1.93897930899769     
 t, w          33   1.93854432876742     
 t, w          32   1.93809717490385     
 t, w          31   1.93763706911287     
 t, w          30   1.93715680452544     
 t, w          29   1.93664813956490     
 t, w          28   1.93612300521538     
 t, w          27   1.93558351155051     
 t, w          26   1.93502511836545     
 t, w          25   1.93444695000680     
 t, w          24   1.93386220201035     
 t, w          23   1.93324467473280     
 t, w          22   1.93261008680052     
 t, w          21   1.93195772595552     
 t, w          20   1.93128997275395     
 t, w          19   1.93060712750372     
 t, w          18   1.92990996975038     
 t, w          17   1.92921377464792     
 t, w          16   1.92849262405306     
 t, w          15   1.92776259318164     
 t, w          14   1.92701587834039     
 t, w          13   1.92628416697718     
 t, w          12   1.92554921786472     
 t, w          11   1.92458829096666     
 t, w          10   1.92375736794069     
 t, w           9   1.92296716953136     
 t, w           8   1.92222098937581     
 t, w           7   1.92151259544318     
 t, w           6   1.92063768925375     
 t, w           5   1.91987753195041     
 t, w           4   1.91916098727070     
 t, w           3   1.91876581757003     
 t, w           2   1.91843648205954     
 t, mu           2  9.761625105614166E-002
 t, mu           3  9.761625105614166E-002
 t, mu           4  9.761625105614166E-002
 t, mu           5  9.761625105614166E-002
 t, mu           6  9.761625105614166E-002
 t, mu           7  9.761625105614166E-002
 t, mu           8  9.761625105614166E-002
 t, mu           9  9.761625105614166E-002
 t, mu          10  9.761625105614166E-002
 t, mu          11  9.761625105614166E-002
 t, mu          12  9.761625105614166E-002
 t, mu          13  9.761625105614166E-002
 t, mu          14  9.761625105614166E-002
 t, mu          15  9.761625105614166E-002
 t, mu          16  9.761625105614166E-002
 t, mu          17  9.761625105614166E-002
 t, mu          18  9.761625105614166E-002
 t, mu          19  9.761625105614166E-002
 t, mu          20  9.761625105614166E-002
 t, mu          21  9.761625105614166E-002
 t, mu          22  9.761625105614166E-002
 t, mu          23  9.761625105614166E-002
 t, mu          24  9.761625105614166E-002
 t, mu          25  9.761625105614166E-002
 t, mu          26  9.761625105614166E-002
 t, mu          27  9.761625105614166E-002
 t, mu          28  9.761625105614166E-002
 t, mu          29  9.761625105614166E-002
 t, mu          30  9.761625105614166E-002
 t, mu          31  9.761625105614166E-002
 t, mu          32  9.761625105614166E-002
 t, mu          33  9.761625105614166E-002
 t, mu          34  9.761625105614166E-002
 t, mu          35  9.761625105614166E-002
 t, mu          36  9.761625105614166E-002
 t, mu          37  9.761625105614166E-002
 t, mu          38  9.761625105614166E-002
 t, mu          39  9.761625105614166E-002
 t, mu          40  9.761625105614166E-002
 t, mu          41  9.761625105614166E-002
 t, mu          42  9.761625105614166E-002
 t, mu          43  9.761625105614166E-002
 t, mu          44  9.761625105614166E-002
 t, mu          45  9.761625105614166E-002
 t, mu          46  9.761625105614166E-002
 t, mu          47  9.761625105614166E-002
 t, mu          48  9.761625105614166E-002
 t, mu          49  9.761625105614166E-002
 t, mu          50  9.761625105614166E-002
 t, mu          51  9.761625105614166E-002
 t, mu          52  9.761625105614166E-002
 t, mu          53  9.761625105614166E-002
 t, mu          54  9.761625105614166E-002
 t, mu          55  9.761625105614166E-002
 t, mu          56  9.761625105614166E-002
 t, mu          57  9.761625105614166E-002
 t, mu          58  9.761625105614166E-002
 t, mu          59  9.761625105614166E-002
 t, mu          60  9.761625105614166E-002
 t, mu          61  9.761625105614166E-002
 t, mu          62  9.761625105614166E-002
 t, mu          63  9.761625105614166E-002
 t, mu          64  9.761625105614166E-002
 t, mu          65  9.761625105614166E-002
 t, mu          66  9.761625105614166E-002
 t, mu          67  9.761625105614166E-002
 t, mu          68  9.761625105614166E-002
 t, mu          69  9.761625105614166E-002
 t, mu          70  9.761625105614166E-002
 t, mu          71  9.761625105614166E-002
 t, mu          72  9.761625105614166E-002
 t, mu          73  9.761625105614166E-002
 t, mu          74  9.761625105614166E-002
 t, mu          75  9.761625105614166E-002
 t, mu          76  9.761625105614166E-002
 t, mu          77  9.761625105614166E-002
 t, mu          78  9.761625105614166E-002
 t, mu          79  9.761625105614166E-002
 t, mu          80  9.761625105614166E-002
 t, mu          81  9.761625105614166E-002
 t, mu          82  9.761625105614166E-002
 t, mu          83  9.761625105614166E-002
 t, mu          84  9.761625105614166E-002
 t, mu          85  9.761625105614166E-002
 t, mu          86  9.761625105614166E-002
 t, mu          87  9.761625105614166E-002
 t, mu          88  9.761625105614166E-002
 t, mu          89  9.761625105614166E-002
 t, mu          90  9.761625105614166E-002
 t, mu          91  9.761625105614166E-002
 t, mu          92  9.761625105614166E-002
 t, mu          93  9.761625105614166E-002
 t, mu          94  9.761625105614166E-002
 t, mu          95  9.761625105614166E-002
 t, mu          96  9.761625105614166E-002
 t, mu          97  9.761625105614166E-002
 t, mu          98  9.761625105614166E-002
 t, mu          99  9.761625105614166E-002
 t, mu         100  9.761625105614166E-002
 t, mu         101  9.761625105614166E-002
 t, mu         102  9.761625105614166E-002
 t, mu         103  9.761625105614166E-002
 t, mu         104  9.761625105614166E-002
 t, mu         105  9.761625105614166E-002
 t, mu         106  9.761625105614166E-002
 t, mu         107  9.761625105614166E-002
 t, mu         108  9.761625105614166E-002
 t, mu         109  9.761625105614166E-002
 t, mu         110  9.761625105614166E-002
 t, mu         111  9.761625105614166E-002
 t, mu         112  9.761625105614166E-002
 t, mu         113  9.761625105614166E-002
 t, mu         114  9.761625105614166E-002
 t, mu         115  9.761625105614166E-002
 t, mu         116  9.761625105614166E-002
 t, mu         117  9.761625105614166E-002
 t, mu         118  9.761625105614166E-002
 t, mu         119  9.761625105614166E-002
 iter_tr, d_tr            4  2.115874489553478E-003
  
 backward induction
 t, w         119   1.94603416600119     
 t, w         118   1.94606978050677     
 t, w         117   1.94608071537791     
 t, w         116   1.94609037632836     
 t, w         115   1.94609896284233     
 t, w         114   1.94610364999109     
 t, w         113   1.94611167570675     
 t, w         112   1.94611868237302     
 t, w         111   1.94612619037037     
 t, w         110   1.94613468430525     
 t, w         109   1.94614258857576     
 t, w         108   1.94615023987002     
 t, w         107   1.94615780389930     
 t, w         106   1.94616564716304     
 t, w         105   1.94617377181084     
 t, w         104   1.94618232169036     
 t, w         103   1.94619064343742     
 t, w         102   1.94620412162372     
 t, w         101   1.94620570845429     
 t, w         100   1.94620723888161     
 t, w          99   1.94620820113059     
 t, w          98   1.94620795231867     
 t, w          97   1.94620694651960     
 t, w          96   1.94620548305689     
 t, w          95   1.94620357856110     
 t, w          94   1.94620117084486     
 t, w          93   1.94619797249221     
 t, w          92   1.94619406667219     
 t, w          91   1.94618949394718     
 t, w          90   1.94618251514690     
 t, w          89   1.94617551811579     
 t, w          88   1.94616791323629     
 t, w          87   1.94615914235687     
 t, w          86   1.94614953253916     
 t, w          85   1.94613823169614     
 t, w          84   1.94612512487504     
 t, w          83   1.94611043010436     
 t, w          82   1.94609396117793     
 t, w          81   1.94608110417360     
 t, w          80   1.94605440950911     
 t, w          79   1.94602557587754     
 t, w          78   1.94599461461941     
 t, w          77   1.94596002231361     
 t, w          76   1.94592278383801     
 t, w          75   1.94588311952883     
 t, w          74   1.94584041749353     
 t, w          73   1.94579514908687     
 t, w          72   1.94574606256361     
 t, w          71   1.94569205147269     
 t, w          70   1.94563519730309     
 t, w          69   1.94557719214239     
 t, w          68   1.94551358891607     
 t, w          67   1.94544454212044     
 t, w          66   1.94537027487142     
 t, w          65   1.94529055616167     
 t, w          64   1.94520664054160     
 t, w          63   1.94511670067795     
 t, w          62   1.94502171097922     
 t, w          61   1.94491832857677     
 t, w          60   1.94481003258013     
 t, w          59   1.94470019002020     
 t, w          58   1.94457985667574     
 t, w          57   1.94445629824415     
 t, w          56   1.94433084628933     
 t, w          55   1.94419207604117     
 t, w          54   1.94404679908678     
 t, w          53   1.94389462363984     
 t, w          52   1.94373270034737     
 t, w          51   1.94356716280105     
 t, w          50   1.94340158495076     
 t, w          49   1.94321352861305     
 t, w          48   1.94303472776920     
 t, w          47   1.94283807551091     
 t, w          46   1.94262312137260     
 t, w          45   1.94240504217902     
 t, w          44   1.94232030344985     
 t, w          43   1.94209655712685     
 t, w          42   1.94180880433579     
 t, w          41   1.94151034978052     
 t, w          40   1.94119396297732     
 t, w          39   1.94086543867737     
 t, w          38   1.94052910439823     
 t, w          37   1.94016609052690     
 t, w          36   1.93978738235190     
 t, w          35   1.93939073342699     
 t, w          34   1.93897768039513     
 t, w          33   1.93854237320720     
 t, w          32   1.93809533063566     
 t, w          31   1.93763568733444     
 t, w          30   1.93715464668286     
 t, w          29   1.93664594255381     
 t, w          28   1.93612079959001     
 t, w          27   1.93558119107696     
 t, w          26   1.93502323541594     
 t, w          25   1.93444528828398     
 t, w          24   1.93386039567091     
 t, w          23   1.93324362986841     
 t, w          22   1.93261035016576     
 t, w          21   1.93195849198415     
 t, w          20   1.93129142850052     
 t, w          19   1.93060935905771     
 t, w          18   1.92991298591284     
 t, w          17   1.92921737291598     
 t, w          16   1.92849782671375     
 t, w          15   1.92776942007605     
 t, w          14   1.92702433197481     
 t, w          13   1.92629413669361     
 t, w          12   1.92556129574985     
 t, w          11   1.92459400291968     
 t, w          10   1.92376863700453     
 t, w           9   1.92298196627765     
 t, w           8   1.92223919796357     
 t, w           7   1.92153552261968     
 t, w           6   1.92065884813561     
 t, w           5   1.91989966773489     
 t, w           4   1.91919883892574     
 t, w           3   1.91880530012503     
 t, w           2   1.91848177821001     
 t, mu           2  9.761625105614166E-002
 t, mu           3  9.761625105614166E-002
 t, mu           4  9.761625105614166E-002
 t, mu           5  9.761625105614166E-002
 t, mu           6  9.761625105614166E-002
 t, mu           7  9.761625105614166E-002
 t, mu           8  9.761625105614166E-002
 t, mu           9  9.761625105614166E-002
 t, mu          10  9.761625105614166E-002
 t, mu          11  9.761625105614166E-002
 t, mu          12  9.761625105614166E-002
 t, mu          13  9.761625105614166E-002
 t, mu          14  9.761625105614166E-002
 t, mu          15  9.761625105614166E-002
 t, mu          16  9.761625105614166E-002
 t, mu          17  9.761625105614166E-002
 t, mu          18  9.761625105614166E-002
 t, mu          19  9.761625105614166E-002
 t, mu          20  9.761625105614166E-002
 t, mu          21  9.761625105614166E-002
 t, mu          22  9.761625105614166E-002
 t, mu          23  9.761625105614166E-002
 t, mu          24  9.761625105614166E-002
 t, mu          25  9.761625105614166E-002
 t, mu          26  9.761625105614166E-002
 t, mu          27  9.761625105614166E-002
 t, mu          28  9.761625105614166E-002
 t, mu          29  9.761625105614166E-002
 t, mu          30  9.761625105614166E-002
 t, mu          31  9.761625105614166E-002
 t, mu          32  9.761625105614166E-002
 t, mu          33  9.761625105614166E-002
 t, mu          34  9.761625105614166E-002
 t, mu          35  9.761625105614166E-002
 t, mu          36  9.761625105614166E-002
 t, mu          37  9.761625105614166E-002
 t, mu          38  9.761625105614166E-002
 t, mu          39  9.761625105614166E-002
 t, mu          40  9.761625105614166E-002
 t, mu          41  9.761625105614166E-002
 t, mu          42  9.761625105614166E-002
 t, mu          43  9.761625105614166E-002
 t, mu          44  9.761625105614166E-002
 t, mu          45  9.761625105614166E-002
 t, mu          46  9.761625105614166E-002
 t, mu          47  9.761625105614166E-002
 t, mu          48  9.761625105614166E-002
 t, mu          49  9.761625105614166E-002
 t, mu          50  9.761625105614166E-002
 t, mu          51  9.761625105614166E-002
 t, mu          52  9.761625105614166E-002
 t, mu          53  9.761625105614166E-002
 t, mu          54  9.761625105614166E-002
 t, mu          55  9.761625105614166E-002
 t, mu          56  9.761625105614166E-002
 t, mu          57  9.761625105614166E-002
 t, mu          58  9.761625105614166E-002
 t, mu          59  9.761625105614166E-002
 t, mu          60  9.761625105614166E-002
 t, mu          61  9.761625105614166E-002
 t, mu          62  9.761625105614166E-002
 t, mu          63  9.761625105614166E-002
 t, mu          64  9.761625105614166E-002
 t, mu          65  9.761625105614166E-002
 t, mu          66  9.761625105614166E-002
 t, mu          67  9.761625105614166E-002
 t, mu          68  9.761625105614166E-002
 t, mu          69  9.761625105614166E-002
 t, mu          70  9.761625105614166E-002
 t, mu          71  9.761625105614166E-002
 t, mu          72  9.761625105614166E-002
 t, mu          73  9.761625105614166E-002
 t, mu          74  9.761625105614166E-002
 t, mu          75  9.761625105614166E-002
 t, mu          76  9.761625105614166E-002
 t, mu          77  9.761625105614166E-002
 t, mu          78  9.761625105614166E-002
 t, mu          79  9.761625105614166E-002
 t, mu          80  9.761625105614166E-002
 t, mu          81  9.761625105614166E-002
 t, mu          82  9.761625105614166E-002
 t, mu          83  9.761625105614166E-002
 t, mu          84  9.761625105614166E-002
 t, mu          85  9.761625105614166E-002
 t, mu          86  9.761625105614166E-002
 t, mu          87  9.761625105614166E-002
 t, mu          88  9.761625105614166E-002
 t, mu          89  9.761625105614166E-002
 t, mu          90  9.761625105614166E-002
 t, mu          91  9.761625105614166E-002
 t, mu          92  9.761625105614166E-002
 t, mu          93  9.761625105614166E-002
 t, mu          94  9.761625105614166E-002
 t, mu          95  9.761625105614166E-002
 t, mu          96  9.761625105614166E-002
 t, mu          97  9.761625105614166E-002
 t, mu          98  9.761625105614166E-002
 t, mu          99  9.761625105614166E-002
 t, mu         100  9.761625105614166E-002
 t, mu         101  9.761625105614166E-002
 t, mu         102  9.761625105614166E-002
 t, mu         103  9.761625105614166E-002
 t, mu         104  9.761625105614166E-002
 t, mu         105  9.761625105614166E-002
 t, mu         106  9.761625105614166E-002
 t, mu         107  9.761625105614166E-002
 t, mu         108  9.761625105614166E-002
 t, mu         109  9.761625105614166E-002
 t, mu         110  9.761625105614166E-002
 t, mu         111  9.761625105614166E-002
 t, mu         112  9.761625105614166E-002
 t, mu         113  9.761625105614166E-002
 t, mu         114  9.761625105614166E-002
 t, mu         115  9.761625105614166E-002
 t, mu         116  9.761625105614166E-002
 t, mu         117  9.761625105614166E-002
 t, mu         118  9.761625105614166E-002
 t, mu         119  9.761625105614166E-002
 iter_tr, d_tr            5  1.714681218232261E-003
 begin loss_entry_t and gain_entry_t
 end loss_entry_t and gain_entry_t
 begin loss_and_gain_exit_and_incumbent_t
 sum           2
   0.3965455   0.3965455
 sum           3
   0.3842022   0.3842022
 sum           4
   0.3802796   0.3802796
 sum           5
   0.3742532   0.3742532
 sum           6
   0.3850316   0.3850316
 sum           7
   0.3889270   0.3883763
 sum           8
   0.3907099   0.3901767
 sum           9
   0.3917557   0.3910641
 sum          10
   0.3924974   0.3917294
 sum          11
   0.3930325   0.3922706
 sum          12
   0.3934483   0.3926851
 sum          13
   0.3937759   0.3935442
 sum          14
   0.3940439   0.3938137
 sum          15
   0.3942656   0.3940548
 sum          16
   0.3944525   0.3942921
 sum          17
   0.3946118   0.3944962
 sum          18
   0.3947491   0.3946813
 sum          19
   0.3948685   0.3948645
 sum          20
   0.3949731   0.3950327
 sum          21
   0.3950656   0.3951946
 sum          22
   0.3951477   0.3953498
 sum          23
   0.3952211   0.3954996
 sum          24
   0.3952872   0.3956171
 sum          25
   0.3953468   0.3957446
 sum          26
   0.3954009   0.3958703
 sum          27
   0.3954502   0.3959865
 sum          28
   0.3954952   0.3960871
 sum          29
   0.3955367   0.3961996
 sum          30
   0.3955748   0.3963112
 sum          31
   0.3956101   0.3964190
 sum          32
   0.3956429   0.3965236
 sum          33
   0.3956734   0.3965856
 sum          34
   0.3957018   0.3966643
 sum          35
   0.3957285   0.3967431
 sum          36
   0.3957535   0.3968000
 sum          37
   0.3957770   0.3968560
 sum          38
   0.3957992   0.3969040
 sum          39
   0.3958202   0.3969505
 sum          40
   0.3958401   0.3969982
 sum          41
   0.3958589   0.3970445
 sum          42
   0.3958768   0.3970908
 sum          43
   0.3958939   0.3971248
 sum          44
   0.3959102   0.3971630
 sum          45
   0.3959257   0.3972000
 sum          46
   0.3959406   0.3966700
 sum          47
   0.3959548   0.3966910
 sum          48
   0.3959684   0.3966927
 sum          49
   0.3959815   0.3967072
 sum          50
   0.3959941   0.3966508
 sum          51
   0.3960062   0.3966463
 sum          52
   0.3960178   0.3966419
 sum          53
   0.3960291   0.3966491
 sum          54
   0.3960399   0.3966541
 sum          55
   0.3960504   0.3966619
 sum          56
   0.3960605   0.3966694
 sum          57
   0.3960703   0.3966768
 sum          58
   0.3960798   0.3966834
 sum          59
   0.3960890   0.3966910
 sum          60
   0.3960979   0.3966971
 sum          61
   0.3961066   0.3967023
 sum          62
   0.3961150   0.3967065
 sum          63
   0.3961232   0.3967100
 sum          64
   0.3961312   0.3967123
 sum          65
   0.3961389   0.3967137
 sum          66
   0.3961465   0.3967143
 sum          67
   0.3961539   0.3967140
 sum          68
   0.3961611   0.3967129
 sum          69
   0.3961681   0.3967109
 sum          70
   0.3961750   0.3967052
 sum          71
   0.3961817   0.3967030
 sum          72
   0.3961882   0.3966998
 sum          73
   0.3961946   0.3966963
 sum          74
   0.3962009   0.3966918
 sum          75
   0.3962071   0.3966810
 sum          76
   0.3962131   0.3966750
 sum          77
   0.3962190   0.3966684
 sum          78
   0.3962247   0.3966617
 sum          79
   0.3962304   0.3966549
 sum          80
   0.3962359   0.3966486
 sum          81
   0.3962414   0.3966416
 sum          82
   0.3962467   0.3966369
 sum          83
   0.3962520   0.3966309
 sum          84
   0.3962571   0.3966255
 sum          85
   0.3962622   0.3966202
 sum          86
   0.3962671   0.3966146
 sum          87
   0.3962720   0.3966084
 sum          88
   0.3962767   0.3966022
 sum          89
   0.3962814   0.3965959
 sum          90
   0.3962860   0.3965900
 sum          91
   0.3962906   0.3965841
 sum          92
   0.3962950   0.3965781
 sum          93
   0.3962994   0.3965721
 sum          94
   0.3963037   0.3965661
 sum          95
   0.3963079   0.3965602
 sum          96
   0.3963120   0.3965543
 sum          97
   0.3963161   0.3965485
 sum          98
   0.3963201   0.3965428
 sum          99
   0.3963241   0.3965371
 sum         100
   0.3963279   0.3965374
 sum         101
   0.3963317   0.3965346
 sum         102
   0.3963355   0.3965308
 sum         103
   0.3963391   0.3965268
 sum         104
   0.3963427   0.3965226
 sum         105
   0.3963463   0.3965185
 sum         106
   0.3963498   0.3965155
 sum         107
   0.3963532   0.3965122
 sum         108
   0.3963566   0.3965089
 sum         109
   0.3963599   0.3965089
 sum         110
   0.3963632   0.3965070
 sum         111
   0.3963664   0.3965050
 sum         112
   0.3963695   0.3965028
 sum         113
   0.3963726   0.3965008
 sum         114
   0.3963757   0.3964988
 sum         115
   0.3963787   0.3964982
 sum         116
   0.3963816   0.3964972
 sum         117
   0.3963845   0.3964962
 sum         118
   0.3963873   0.3964958
 sum         119
   0.3963901   0.3964951
 end output_loss_exit_t
 completed transition
 iter_shock           1
 shock gdp_drop_data1 gdp_t(2)/gdp_t(1)
      0.9571      0.9594      0.9633
 rho_shock gdp_drop_data2 gdp_t(5)/gdp_t(1)
      0.9003      0.9797      0.9863
