 intbirth_k          43   13.4831040296833     
  
 iter_bi, w, d_bi
 maxval(a_un)   391.578263054734     
   1.0000000   2.0045913   0.0000003
 exdem, h  7.441848188865396E-003   1.00038103178861     
  0.996677338611335     
 sum(g_e_o)   16
 increase kmax, instst.f90   1.894674502040168E-002
 decrease amin, instst.f90   6.849896663331799E-003
 firm debt/gdp   1.86867217191996        1.86867217194253     
 outliers  1.213694700297197E-010
 tot_cap_adjustment_cost/gdp  5.143333411543832E-003
 tot_binding  0.876303692130838     
 outliers_30  0.984558922298863     
 
 iter_cal            1  6.101843259368496E-002
 theta firm_debt/gdp
     0.4035441     0.4029109     1.8395578     1.8686722
 psi employment
     0.7926370     0.7923733     1.0000000     0.9966773
 alpha labor share
     0.4462531     0.4463957     0.6452855     0.6473504
 var_eps std_dev_i_k 
     0.0058303     0.0057390     0.3370000     0.3946062
 var_eps std_dev_log_emp_19
     0.0058303     0.0057390     1.3000000     0.2216594
 var_iota std_dev_log_emp_0
     0.3000000     0.3000000     0.9000000     0.0516616
 k_e firms_5_firms0_5
    13.4831040    13.4831040     0.1180369     0.0967860
 f_o entry_rate
     0.7801890     0.7787000     0.1087989     0.1130362
 gamma i_k_inaction
     0.0000000     0.0000000     0.0810000     0.0199816
 lambda i_k_pos_high_spike
     1.0800000     1.0800000     0.0180000     0.0491386
 var_z exit_rate 26+
     0.0500000     0.0500000     0.0500000     0.0160459
 mu firms_21_plus
     0.1867308     0.1867308     0.2315106     0.2416894
 cut_off_model   1.61985882364868     
 
