 intbirth_k          43   13.4831040296833     
  
 iter_bi, w, d_bi
 maxval(a_un(1:neta*nz,:))   391.527921428305     
 sum g_binding_collateral  114
   1.0000000   2.0018584   0.0000004
 exdem, h  8.741753879561442E-003   1.00190871944925     
  0.997550959698856     
 sum(g_e_o)   15
 accidental_defaults  0.000000000000000E+000
 increase kmax, instst.f90   1.240209418439257E-002
 decrease amin, instst.f90   4.590234810181149E-003
 firm debt/gdp   1.86028591545634        1.86028591548914     
 outliers  9.201861495000685E-011
 outliers_30  0.943443226594854     
  
 iter_bi, w, d_bi
 maxval(a_un(1:neta*nz,:))   391.527921428305     
 sum g_binding_collateral  114
   1.0000000   2.0018584   0.0000004
 exdem, h  8.741753879561442E-003   1.00190871944925     
  0.997550959698856     
 sum(g_e_o)   15
 accidental_defaults  0.000000000000000E+000
 increase kmax, fistst.f90   1.240209418439257E-002
 decrease amin, fistst.f90   4.590234810181149E-003
 firm debt/gdp   1.86028591545634        1.86028591548914     
  
 transition 
  
 backward induction
 t, w         119   2.00232459008151     
 t, w         118   2.00232309011468     
 t, w         117   2.00232072589512     
 t, w         116   2.00232775429567     
 t, w         115   2.00232825325800     
 t, w         114   2.00232687121621     
 t, w         113   2.00232357708344     
 t, w         112   2.00231799837972     
 t, w         111   2.00230979283796     
 t, w         110   2.00229874748564     
 t, w         109   2.00228395895699     
 t, w         108   2.00226434559499     
 t, w         107   2.00223585453311     
 t, w         106   2.00219572040817     
 t, w         105   2.00216536855479     
 t, w         104   2.00214152405582     
 t, w         103   2.00213040708858     
 t, w         102   2.00212568806019     
 t, w         101   2.00211925903581     
 t, w         100   2.00211065307834     
 t, w          99   2.00210068562875     
 t, w          98   2.00208890147824     
 t, w          97   2.00207493529071     
 t, w          96   2.00206032334114     
 t, w          95   2.00204396920869     
 t, w          94   2.00202591363418     
 t, w          93   2.00200696267516     
 t, w          92   2.00198593464762     
 t, w          91   2.00196162304102     
 t, w          90   2.00193611544922     
 t, w          89   2.00190882121397     
 t, w          88   2.00188006177748     
 t, w          87   2.00184923494698     
 t, w          86   2.00181550425815     
 t, w          85   2.00177991880042     
 t, w          84   2.00174396870681     
 t, w          83   2.00170657265270     
 t, w          82   2.00166951131344     
 t, w          81   2.00163366361865     
 t, w          80   2.00160200338758     
 t, w          79   2.00156985760553     
 t, w          78   2.00152501065733     
 t, w          77   2.00147762612821     
 t, w          76   2.00142148440965     
 t, w          75   2.00136140910760     
 t, w          74   2.00129572352204     
 t, w          73   2.00122326468717     
 t, w          72   2.00114928520455     
 t, w          71   2.00107598923815     
 t, w          70   2.00099836925992     
 t, w          69   2.00092055356326     
 t, w          68   2.00084356265705     
 t, w          67   2.00076820390306     
 t, w          66   2.00069633812303     
 t, w          65   2.00063013283389     
 t, w          64   2.00056783841828     
 t, w          63   2.00052354678252     
 t, w          62   2.00046336074795     
 t, w          61   2.00032381079643     
 t, w          60   2.00017131720132     
 t, w          59   2.00001462120555     
 t, w          58   1.99985548952520     
 t, w          57   1.99969591410660     
 t, w          56   1.99954034752178     
 t, w          55   1.99938051551732     
 t, w          54   1.99925384013798     
 t, w          53   1.99901271401707     
 t, w          52   1.99877066535950     
 t, w          51   1.99855252861209     
 t, w          50   1.99830413716768     
 t, w          49   1.99801388226502     
 t, w          48   1.99775016468454     
 t, w          47   1.99747311680408     
 t, w          46   1.99721927086847     
 t, w          45   1.99686225269776     
 t, w          44   1.99660181543938     
 t, w          43   1.99633843582447     
 t, w          42   1.99616267863213     
 t, w          41   1.99600983399886     
 t, w          40   1.99590908536444     
 t, w          39   1.99535781514790     
 t, w          38   1.99477042901105     
 t, w          37   1.99422267886355     
 t, w          36   1.99364438333666     
 t, w          35   1.99305650330288     
 t, w          34   1.99248082975037     
 t, w          33   1.99184406726842     
 t, w          32   1.99123138122684     
 t, w          31   1.99085273624464     
 t, w          30   1.99010419857129     
 t, w          29   1.98932189442868     
 t, w          28   1.98854876128606     
 t, w          27   1.98774132923880     
 t, w          26   1.98697501384300     
 t, w          25   1.98618460128937     
 t, w          24   1.98530766408052     
 t, w          23   1.98438954680535     
 t, w          22   1.98365785654945     
 t, w          21   1.98277567523031     
 t, w          20   1.98185424320079     
 t, w          19   1.98088412382245     
 t, w          18   1.97991090111489     
 t, w          17   1.97881067836481     
 t, w          16   1.97761929463039     
 t, w          15   1.97647774530223     
 t, w          14   1.97537360122167     
 t, w          13   1.97433469515364     
 t, w          12   1.97339602053060     
 t, w          11   1.97240121009172     
 t, w          10   1.97108078681816     
 t, w           9   1.97016747363740     
 t, w           8   1.96910717184219     
 t, w           7   1.96803222412044     
 t, w           6   1.96815920370404     
 t, w           5   1.96839102712262     
 t, w           4   1.97108280635799     
 t, w           3   1.97763158410637     
 t, w           2   2.01038686434132     
 t, mu           2  0.185929034454750     
 t, mu           3  0.185929034454750     
 t, mu           4  0.185929034454750     
 t, mu           5  0.185929034454750     
 t, mu           6  0.185929034454750     
 t, mu           7  0.185929034454750     
 t, mu           8  0.185929034454750     
 t, mu           9  0.185929034454750     
 t, mu          10  0.185929034454750     
 t, mu          11  0.185929034454750     
 t, mu          12  0.185929034454750     
 t, mu          13  0.185929034454750     
 t, mu          14  0.185929034454750     
 t, mu          15  0.185929034454750     
 t, mu          16  0.185929034454750     
 t, mu          17  0.185929034454750     
 t, mu          18  0.185929034454750     
 t, mu          19  0.185929034454750     
 t, mu          20  0.185929034454750     
 t, mu          21  0.185929034454750     
 t, mu          22  0.185929034454750     
 t, mu          23  0.185929034454750     
 t, mu          24  0.185929034454750     
 t, mu          25  0.185929034454750     
 t, mu          26  0.185929034454750     
 t, mu          27  0.185929034454750     
 t, mu          28  0.185929034454750     
 t, mu          29  0.185929034454750     
 t, mu          30  0.185929034454750     
 t, mu          31  0.185929034454750     
 t, mu          32  0.185929034454750     
 t, mu          33  0.185929034454750     
 t, mu          34  0.185929034454750     
 t, mu          35  0.185929034454750     
 t, mu          36  0.185929034454750     
 t, mu          37  0.185929034454750     
 t, mu          38  0.185929034454750     
 t, mu          39  0.185929034454750     
 t, mu          40  0.185929034454750     
 t, mu          41  0.185929034454750     
 t, mu          42  0.185929034454750     
 t, mu          43  0.185929034454750     
 t, mu          44  0.185929034454750     
 t, mu          45  0.185929034454750     
 t, mu          46  0.185929034454750     
 t, mu          47  0.185929034454750     
 t, mu          48  0.185929034454750     
 t, mu          49  0.185929034454750     
 t, mu          50  0.185929034454750     
 t, mu          51  0.185929034454750     
 t, mu          52  0.185929034454750     
 t, mu          53  0.185929034454750     
 t, mu          54  0.185929034454750     
 t, mu          55  0.185929034454750     
 t, mu          56  0.185929034454750     
 t, mu          57  0.185929034454750     
 t, mu          58  0.185929034454750     
 t, mu          59  0.185929034454750     
 t, mu          60  0.185929034454750     
 t, mu          61  0.185929034454750     
 t, mu          62  0.185929034454750     
 t, mu          63  0.185929034454750     
 t, mu          64  0.185929034454750     
 t, mu          65  0.185929034454750     
 t, mu          66  0.185929034454750     
 t, mu          67  0.185929034454750     
 t, mu          68  0.185929034454750     
 t, mu          69  0.185929034454750     
 t, mu          70  0.185929034454750     
 t, mu          71  0.185929034454750     
 t, mu          72  0.185929034454750     
 t, mu          73  0.185929034454750     
 t, mu          74  0.185929034454750     
 t, mu          75  0.185929034454750     
 t, mu          76  0.185929034454750     
 t, mu          77  0.185929034454750     
 t, mu          78  0.185929034454750     
 t, mu          79  0.185929034454750     
 t, mu          80  0.185929034454750     
 t, mu          81  0.185929034454750     
 t, mu          82  0.185929034454750     
 t, mu          83  0.185929034454750     
 t, mu          84  0.185929034454750     
 t, mu          85  0.185929034454750     
 t, mu          86  0.185929034454750     
 t, mu          87  0.185929034454750     
 t, mu          88  0.185929034454750     
 t, mu          89  0.185929034454750     
 t, mu          90  0.185929034454750     
 t, mu          91  0.185929034454750     
 t, mu          92  0.185929034454750     
 t, mu          93  0.185929034454750     
 t, mu          94  0.185929034454750     
 t, mu          95  0.185929034454750     
 t, mu          96  0.185929034454750     
 t, mu          97  0.185929034454750     
 t, mu          98  0.185929034454750     
 t, mu          99  0.185929034454750     
 t, mu         100  0.185929034454750     
 t, mu         101  0.185929034454750     
 t, mu         102  0.185929034454750     
 t, mu         103  0.185929034454750     
 t, mu         104  0.185929034454750     
 t, mu         105  0.185929034454750     
 t, mu         106  0.185929034454750     
 t, mu         107  0.185929034454750     
 t, mu         108  0.185929034454750     
 t, mu         109  0.185929034454750     
 t, mu         110  0.185929034454750     
 t, mu         111  0.185929034454750     
 t, mu         112  0.185929034454750     
 t, mu         113  0.185929034454750     
 t, mu         114  0.185929034454750     
 t, mu         115  0.185929034454750     
 t, mu         116  0.185929034454750     
 t, mu         117  0.185929034454750     
 t, mu         118  0.185929034454750     
 t, mu         119  0.185929034454750     
 iter_tr, d_tr            1  2.013212209452383E-003
 begin loss_entry_t and gain_entry_t
 end loss_entry_t and gain_entry_t
 begin loss_and_gain_exit_and_incumbent_t
 sum           2
   0.3697211   0.3697211
 sum           3
   0.3452067   0.3452067
 sum           4
   0.3362808   0.3362808
 sum           5
   0.3282096   0.3282096
 sum           6
   0.3385188   0.3385188
 sum           7
   0.3457760   0.3435338
 sum           8
   0.3507749   0.3469170
 sum           9
   0.3542400   0.3497360
 sum          10
   0.3567812   0.3519406
 sum          11
   0.3587352   0.3533504
 sum          12
   0.3602535   0.3550070
 sum          13
   0.3614665   0.3561288
 sum          14
   0.3624555   0.3570456
 sum          15
   0.3632722   0.3579210
 sum          16
   0.3639566   0.3587650
 sum          17
   0.3645363   0.3595919
 sum          18
   0.3650323   0.3604541
 sum          19
   0.3654605   0.3611566
 sum          20
   0.3658330   0.3617138
 sum          21
   0.3661593   0.3622362
 sum          22
   0.3664471   0.3626643
 sum          23
   0.3667024   0.3630327
 sum          24
   0.3669300   0.3632138
 sum          25
   0.3671342   0.3636071
 sum          26
   0.3673180   0.3639380
 sum          27
   0.3674844   0.3641870
 sum          28
   0.3676354   0.3644616
 sum          29
   0.3677732   0.3647678
 sum          30
   0.3678992   0.3650452
 sum          31
   0.3680150   0.3653271
 sum          32
   0.3681218   0.3656055
 sum          33
   0.3682205   0.3654983
 sum          34
   0.3683122   0.3656485
 sum          35
   0.3683975   0.3658108
 sum          36
   0.3684771   0.3659230
 sum          37
   0.3685517   0.3660789
 sum          38
   0.3686217   0.3662416
 sum          39
   0.3686876   0.3663851
 sum          40
   0.3687498   0.3665816
 sum          41
   0.3688085   0.3667485
 sum          42
   0.3688641   0.3668725
 sum          43
   0.3689169   0.3669815
 sum          44
   0.3689671   0.3670630
 sum          45
   0.3690148   0.3672253
 sum          46
   0.3690604   0.3673616
 sum          47
   0.3691038   0.3675894
 sum          48
   0.3691453   0.3676895
 sum          49
   0.3691851   0.3678091
 sum          50
   0.3692232   0.3679120
 sum          51
   0.3692597   0.3680380
 sum          52
   0.3692949   0.3681071
 sum          53
   0.3693287   0.3681547
 sum          54
   0.3693612   0.3682278
 sum          55
   0.3693926   0.3683013
 sum          56
   0.3694229   0.3683665
 sum          57
   0.3694522   0.3684290
 sum          58
   0.3694806   0.3684866
 sum          59
   0.3695080   0.3685420
 sum          60
   0.3695347   0.3685954
 sum          61
   0.3695605   0.3686464
 sum          62
   0.3695857   0.3686939
 sum          63
   0.3695129   0.3686234
 sum          64
   0.3694395   0.3685628
 sum          65
   0.3693679   0.3685058
 sum          66
   0.3693011   0.3684524
 sum          67
   0.3692483   0.3684135
 sum          68
   0.3692047   0.3683840
 sum          69
   0.3691682   0.3683614
 sum          70
   0.3691381   0.3683456
 sum          71
   0.3691130   0.3683337
 sum          72
   0.3690920   0.3683252
 sum          73
   0.3690745   0.3683124
 sum          74
   0.3690597   0.3683083
 sum          75
   0.3690473   0.3683063
 sum          76
   0.3690368   0.3683091
 sum          77
   0.3690280   0.3682634
 sum          78
   0.3690207   0.3683013
 sum          79
   0.3690145   0.3682509
 sum          80
   0.3690094   0.3681699
 sum          81
   0.3690053   0.3681690
 sum          82
   0.3690019   0.3681548
 sum          83
   0.3689992   0.3681434
 sum          84
   0.3689971   0.3681344
 sum          85
   0.3689955   0.3681271
 sum          86
   0.3689944   0.3681212
 sum          87
   0.3689938   0.3681169
 sum          88
   0.3689934   0.3681131
 sum          89
   0.3689934   0.3681104
 sum          90
   0.3689937   0.3681075
 sum          91
   0.3689943   0.3681055
 sum          92
   0.3689950   0.3681025
 sum          93
   0.3689960   0.3681000
 sum          94
   0.3689971   0.3680971
 sum          95
   0.3689984   0.3680943
 sum          96
   0.3689998   0.3680920
 sum          97
   0.3690014   0.3680893
 sum          98
   0.3690031   0.3680874
 sum          99
   0.3690048   0.3680865
 sum         100
   0.3690067   0.3680856
 sum         101
   0.3690086   0.3680847
 sum         102
   0.3690106   0.3680836
 sum         103
   0.3690126   0.3680825
 sum         104
   0.3690147   0.3680824
 sum         105
   0.3690168   0.3681544
 sum         106
   0.3690189   0.3681299
 sum         107
   0.3690211   0.3681850
 sum         108
   0.3690233   0.3682259
 sum         109
   0.3690255   0.3682499
 sum         110
   0.3690278   0.3682695
 sum         111
   0.3690300   0.3682849
 sum         112
   0.3690323   0.3682977
 sum         113
   0.3690345   0.3683088
 sum         114
   0.3690368   0.3683183
 sum         115
   0.3690390   0.3683266
 sum         116
   0.3690412   0.3683339
 sum         117
   0.3690435   0.3683405
 sum         118
   0.3690457   0.3683417
 sum         119
   0.3690479   0.3683549
 end output_loss_exit_t
 completed transition
 iter_shock           1
 shock gdp_drop_data1 minval(gdp_t(2:t1-1))/gdp_t(1)
      0.1904      0.9594      0.9611
 rho_shock gdp_drop_data2 gdp_t(5)/gdp_t(1)
      0.8772      0.9797      0.9803
