 intbirth_k          43   13.4831040296833     
  
 iter_bi, w, d_bi
 maxval(a_un)   391.527921428305     
   1.0000000   2.0018584   0.0000004
 exdem, h  8.741753879561553E-003   1.00190871944925     
  0.997550959698856     
 sum(g_e_o)   15
 increase kmax, instst.f90   1.240209418439257E-002
 decrease amin, instst.f90   4.590234810181149E-003
 firm debt/gdp   1.86028591545634        1.86028591548914     
 outliers  9.201861495000685E-011
 tot_cap_adjustment_cost/gdp  7.272546380736746E-003
 tot_binding  0.877214950632775     
 outliers_30  0.943443226594854     
 
 iter_cal            1  2.072814854197147E-002
 theta firm_debt/gdp
     0.4035441     0.4030922     1.8395578     1.8602859
 psi employment
     0.7926370     0.7924427     1.0000000     0.9975510
 alpha labor share
     0.4462531     0.4463107     0.6452855     0.6461194
 var_eps std_dev_i_k 
     0.0058303     0.0058454     0.3370000     0.3283860
 var_eps std_dev_log_emp_19
     0.0058303     0.0058454     1.3000000     0.2222844
 var_iota std_dev_log_emp_0
     0.3000000     0.3000000     0.9000000     0.0515226
 k_e firms_5_firms0_5
    13.4831040    13.4831040     0.1180369     0.0975202
 f_o entry_rate
     0.7801890     0.7791698     0.1087989     0.1116810
 gamma i_k_inaction
     0.0092173     0.0092173     0.0810000     0.0797561
 lambda i_k_pos_high_spike
     1.0800000     1.0800000     0.0180000     0.0285149
 var_z exit_rate 26+
     0.0500000     0.0500000     0.0500000     0.0161398
 mu firms_21_plus
     0.1865615     0.1865615     0.2315106     0.2395074
 
