 intbirth_k          27   13.4831040296833     
  
 iter_bi, w, d_bi
 maxval(a_un)   396.191802570477     
   1.0000000   2.0133421   0.1006675
 exdem, h  6.012533470736159E-004  0.999097835010886     
  0.998806054703891     
 sum(g_e_o)   17
 maxval(a_un)   396.413339739147     
   2.0000000   2.0636759   0.0503337
 exdem, h   1.38234031112134       0.429211455570307     
   1.09906045324169     
 sum(g_e_o)    8
 maxval(a_un)   396.228740484326     
   3.0000000   2.0385090   0.0251669
 exdem, h  0.755602991622955       0.683738757983077     
   1.05440929671749     
 sum(g_e_o)   10
 maxval(a_un)   396.267260789000     
   4.0000000   2.0259256   0.0125834
 exdem, h  0.365501699493000       0.846318675970581     
   1.02673790697008     
 sum(g_e_o)   12
 maxval(a_un)   396.213755075626     
   5.0000000   2.0196338   0.0062917
 exdem, h  0.188823289718663       0.919908056381741     
   1.01340870093554     
 sum(g_e_o)   14
 maxval(a_un)   396.202787673420     
   6.0000000   2.0164880   0.0031459
 exdem, h  7.852463588605874E-002  0.966418213291576     
   1.00536633562297     
 sum(g_e_o)   17
 maxval(a_un)   396.197297339484     
   7.0000000   2.0149151   0.0015729
 exdem, h  3.444152549047841E-002  0.984670321713618     
   1.00177051150240     
 sum(g_e_o)   17
 maxval(a_un)   396.194550509984     
   8.0000000   2.0141286   0.0007865
 exdem, h  1.443940625878115E-002  0.992997097178563     
   1.00017303694040     
 sum(g_e_o)   17
 maxval(a_un)   396.193176679059     
   9.0000000   2.0137354   0.0003932
 exdem, h  6.220199711703067E-003  0.996347005269762     
  0.999442719388753     
 sum(g_e_o)   17
 maxval(a_un)   396.192489659485     
  10.0000000   2.0135387   0.0001966
 exdem, h  3.334093274924843E-003  0.997499705441323     
  0.999162381980568     
 sum(g_e_o)   17
 maxval(a_un)   396.192146123661     
  11.0000000   2.0134404   0.0000983
 exdem, h  2.058964570863964E-003  0.998003571982453     
  0.999033025465906     
 sum(g_e_o)   17
 maxval(a_un)   396.191974349239     
  12.0000000   2.0133913   0.0000492
 exdem, h  1.279274688461562E-003  0.998315655908416     
  0.998957886360586     
 sum(g_e_o)   17
 maxval(a_un)   396.191888460401     
  13.0000000   2.0133667   0.0000246
 exdem, h  5.078503269335677E-004  0.998625196233694     
  0.998884285800159     
 sum(g_e_o)   17
 maxval(a_un)   396.191845515574     
  14.0000000   2.0133544   0.0000123
 exdem, h  3.571902578713981E-004  0.998684814937553     
  0.998869076138362     
 sum(g_e_o)   17
 maxval(a_un)   396.191824043059     
  15.0000000   2.0133483   0.0000061
 exdem, h  2.801860020933411E-004  0.998715104483060     
  0.998861119616777     
 sum(g_e_o)   17
 maxval(a_un)   396.191813306777     
  16.0000000   2.0133452   0.0000031
 exdem, h  2.024597618008883E-004  0.998747027110309     
  0.998854437377304     
 sum(g_e_o)   17
 maxval(a_un)   396.191807938629     
  17.0000000   2.0133437   0.0000015
 exdem, h  1.836403470893977E-004  0.998754404570879     
  0.998852467630059     
 sum(g_e_o)   17
 maxval(a_un)   396.191805254553     
  18.0000000   2.0133429   0.0000008
 exdem, h  1.746509860041101E-004  0.998757932955056     
  0.998851531185210     
 sum(g_e_o)   17
 increase kmax, instst.f90   1.353830286899856E-002
 decrease amin, instst.f90   3.509966182569822E-003
 firm debt/gdp   1.77372508253795        1.77372508255125     
 outliers  2.098507073040934E-003
 iter_dist           1
 iter_dist           2
 iter_dist           3
 iter_dist           4
 iter_dist           5
 iter_dist           6
 iter_dist           7
 iter_dist           8
 iter_dist           9
 iter_dist          10
 iter_dist          11
 iter_dist          12
 iter_dist          13
 iter_dist          14
 iter_dist          15
 iter_dist          16
 iter_dist          17
 iter_dist          18
 iter_dist          19
 iter_dist          20
 iter_dist          21
 iter_dist          22
 iter_dist          23
 iter_dist          24
 iter_dist          25
 iter_dist          26
 iter_dist          27
 iter_dist          28
 iter_dist          29
 iter_dist          30
 iter_dist          31
 iter_dist          32
 iter_dist          33
 iter_dist          34
 iter_dist          35
 iter_dist          36
 iter_dist          37
 iter_dist          38
 iter_dist          39
 iter_dist          40
 iter_dist          41
 iter_dist          42
 iter_dist          43
 iter_dist          44
 iter_dist          45
 iter_dist          46
 iter_dist          47
 iter_dist          48
 iter_dist          49
 iter_dist          50
 iter_dist          51
 iter_dist          52
 iter_dist          53
 iter_dist          54
 iter_dist          55
 iter_dist          56
 iter_dist          57
 iter_dist          58
 iter_dist          59
 iter_dist          60
 iter_dist          61
 iter_dist          62
 iter_dist          63
 iter_dist          64
 iter_dist          65
 iter_dist          66
 iter_dist          67
 iter_dist          68
 iter_dist          69
 iter_dist          70
 iter_dist          71
 iter_dist          72
 iter_dist          73
 iter_dist          74
 iter_dist          75
 iter_dist          76
 iter_dist          77
 iter_dist          78
 iter_dist          79
 iter_dist          80
 iter_dist          81
 iter_dist          82
 iter_dist          83
 iter_dist          84
 iter_dist          85
 iter_dist          86
 iter_dist          87
 iter_dist          88
 iter_dist          89
 iter_dist          90
 iter_dist          91
 iter_dist          92
 iter_dist          93
 iter_dist          94
 iter_dist          95
 iter_dist          96
 iter_dist          97
 iter_dist          98
 iter_dist          99
 iter_dist         100
 iter_dist         101
 iter_dist         102
 iter_dist         103
 iter_dist         104
 iter_dist         105
 iter_dist         106
 iter_dist         107
 iter_dist         108
 iter_dist         109
 iter_dist         110
 iter_dist         111
 iter_dist         112
 iter_dist         113
 iter_dist         114
 iter_dist         115
 iter_dist         116
 iter_dist         117
 iter_dist         118
 iter_dist         119
 iter_dist         120
 iter_dist         121
 iter_dist         122
 iter_dist         123
 iter_dist         124
 iter_dist         125
 iter_dist         126
 iter_dist         127
 iter_dist         128
 iter_dist         129
 iter_dist         130
 iter_dist         131
 iter_dist         132
 iter_dist         133
 iter_dist         134
 iter_dist         135
 iter_dist         136
 iter_dist         137
 iter_dist         138
 iter_dist         139
 iter_dist         140
 iter_dist         141
 iter_dist         142
 iter_dist         143
 iter_dist         144
 iter_dist         145
 iter_dist         146
 iter_dist         147
 iter_dist         148
 iter_dist         149
 iter_dist         150
 iter_dist         151
 iter_dist         152
 iter_dist         153
 iter_dist         154
 iter_dist         155
 iter_dist         156
 iter_dist         157
 iter_dist         158
 iter_dist         159
 iter_dist         160
 iter_dist         161
 iter_dist         162
 iter_dist         163
 iter_dist         164
 iter_dist         165
 iter_dist         166
 iter_dist         167
 iter_dist         168
 iter_dist         169
 iter_dist         170
 iter_dist         171
 iter_dist         172
 iter_dist         173
 iter_dist         174
 iter_dist         175
 iter_dist         176
 iter_dist         177
 iter_dist         178
 iter_dist         179
 iter_dist         180
 iter_dist         181
 iter_dist         182
 iter_dist         183
 iter_dist         184
 iter_dist         185
 iter_dist         186
 iter_dist         187
 iter_dist         188
 iter_dist         189
 iter_dist         190
 iter_dist         191
 iter_dist         192
 iter_dist         193
 iter_dist         194
 iter_dist         195
 iter_dist         196
 iter_dist         197
 iter_dist         198
 iter_dist         199
 iter_dist         200
 iter_dist         201
 iter_dist         202
 iter_dist         203
 iter_dist         204
 iter_dist         205
 iter_dist         206
 iter_dist         207
 iter_dist         208
 iter_dist         209
 iter_dist         210
 iter_dist         211
 iter_dist         212
 iter_dist         213
 iter_dist         214
 iter_dist         215
 iter_dist         216
 iter_dist         217
 iter_dist         218
 iter_dist         219
 iter_dist         220
 iter_dist         221
 iter_dist         222
 iter_dist         223
 iter_dist         224
 iter_dist         225
 iter_dist         226
 iter_dist         227
 iter_dist         228
 iter_dist         229
 iter_dist         230
 iter_dist         231
 iter_dist         232
 iter_dist         233
 iter_dist         234
 iter_dist         235
 iter_dist         236
 iter_dist         237
 iter_dist         238
 iter_dist         239
 iter_dist         240
 iter_dist         241
 iter_dist         242
 iter_dist         243
 iter_dist         244
 iter_dist         245
 iter_dist         246
 iter_dist         247
 iter_dist         248
 iter_dist         249
 iter_dist         250
 iter_dist         251
 iter_dist         252
 iter_dist         253
 iter_dist         254
 iter_dist         255
 iter_dist         256
 iter_dist         257
 iter_dist         258
 iter_dist         259
 iter_dist         260
 iter_dist         261
 iter_dist         262
 iter_dist         263
 iter_dist         264
 iter_dist         265
 iter_dist         266
 iter_dist         267
 iter_dist         268
 iter_dist         269
 iter_dist         270
 iter_dist         271
 iter_dist         272
 iter_dist         273
 iter_dist         274
 iter_dist         275
 iter_dist         276
 iter_dist         277
 iter_dist         278
 iter_dist         279
 iter_dist         280
 iter_dist         281
 iter_dist         282
 iter_dist         283
 iter_dist         284
 iter_dist         285
 iter_dist         286
 iter_dist         287
 iter_dist         288
 iter_dist         289
 iter_dist         290
 iter_dist         291
 iter_dist         292
 iter_dist         293
 iter_dist         294
 iter_dist         295
 iter_dist         296
 iter_dist         297
 iter_dist         298
 iter_dist         299
 iter_dist         300
 iter_dist         301
 iter_dist         302
 iter_dist         303
 iter_dist         304
 iter_dist         305
 iter_dist         306
 iter_dist         307
 iter_dist         308
 iter_dist         309
 iter_dist         310
 iter_dist         311
 iter_dist         312
 iter_dist         313
 iter_dist         314
 iter_dist         315
 iter_dist         316
 iter_dist         317
 iter_dist         318
 iter_dist         319
 iter_dist         320
 iter_dist         321
 iter_dist         322
 iter_dist         323
 iter_dist         324
 iter_dist         325
 iter_dist         326
 iter_dist         327
 iter_dist         328
 iter_dist         329
 iter_dist         330
 iter_dist         331
 iter_dist         332
 iter_dist         333
 iter_dist         334
 iter_dist         335
 iter_dist         336
 iter_dist         337
 iter_dist         338
 iter_dist         339
 iter_dist         340
 iter_dist         341
 iter_dist         342
 iter_dist         343
 iter_dist         344
 iter_dist         345
 iter_dist         346
 iter_dist         347
 iter_dist         348
 iter_dist         349
 iter_dist         350
 iter_dist         351
 iter_dist         352
 iter_dist         353
 iter_dist         354
 iter_dist         355
 iter_dist         356
 iter_dist         357
 iter_dist         358
 iter_dist         359
 iter_dist         360
 iter_dist         361
 iter_dist         362
 iter_dist         363
 iter_dist         364
 iter_dist         365
 iter_dist         366
 iter_dist         367
 iter_dist         368
 iter_dist         369
 iter_dist         370
 iter_dist         371
 iter_dist         372
 iter_dist         373
 iter_dist         374
 iter_dist         375
 iter_dist         376
 iter_dist         377
 iter_dist         378
 iter_dist         379
 iter_dist         380
 iter_dist         381
 iter_dist         382
 iter_dist         383
 iter_dist         384
 iter_dist         385
 iter_dist         386
 iter_dist         387
 iter_dist         388
 iter_dist         389
 iter_dist         390
 iter_dist         391
 iter_dist         392
 iter_dist         393
 iter_dist         394
 iter_dist         395
 iter_dist         396
 iter_dist         397
 iter_dist         398
 iter_dist         399
 iter_dist         400
 iter_dist         401
 iter_dist         402
 iter_dist         403
 iter_dist         404
 iter_dist         405
 iter_dist         406
 iter_dist         407
 iter_dist         408
 iter_dist         409
 iter_dist         410
 iter_dist         411
 iter_dist         412
 iter_dist         413
 iter_dist         414
 iter_dist         415
 iter_dist         416
 iter_dist         417
 iter_dist         418
 iter_dist         419
 iter_dist         420
 iter_dist         421
 iter_dist         422
 iter_dist         423
 iter_dist         424
 iter_dist         425
 iter_dist         426
 iter_dist         427
 iter_dist         428
 iter_dist         429
 iter_dist         430
 iter_dist         431
 iter_dist         432
 iter_dist         433
 iter_dist         434
 iter_dist         435
 iter_dist         436
 iter_dist         437
 iter_dist         438
 iter_dist         439
 iter_dist         440
 iter_dist         441
 iter_dist         442
 iter_dist         443
 iter_dist         444
 iter_dist         445
 iter_dist         446
 iter_dist         447
 iter_dist         448
 iter_dist         449
 iter_dist         450
 iter_dist         451
 iter_dist         452
 iter_dist         453
 iter_dist         454
 iter_dist         455
 iter_dist         456
 iter_dist         457
 iter_dist         458
 iter_dist         459
 iter_dist         460
 iter_dist         461
 iter_dist         462
 iter_dist         463
 iter_dist         464
 iter_dist         465
 iter_dist         466
 iter_dist         467
 iter_dist         468
 iter_dist         469
 iter_dist         470
 iter_dist         471
 iter_dist         472
 iter_dist         473
 iter_dist         474
 iter_dist         475
 iter_dist         476
 iter_dist         477
 iter_dist         478
 iter_dist         479
 iter_dist         480
 iter_dist         481
 iter_dist         482
 iter_dist         483
 iter_dist         484
 iter_dist         485
 iter_dist         486
 iter_dist         487
 iter_dist         488
 iter_dist         489
 iter_dist         490
 iter_dist         491
 iter_dist         492
 iter_dist         493
 iter_dist         494
 iter_dist         495
 iter_dist         496
 iter_dist         497
 iter_dist         498
 iter_dist         499
 iter_dist         500
 iter_dist         501
 iter_dist         502
 iter_dist         503
 iter_dist         504
 iter_dist         505
 iter_dist         506
 iter_dist         507
 iter_dist         508
 iter_dist         509
 iter_dist         510
 iter_dist         511
 iter_dist         512
 iter_dist         513
 iter_dist         514
 iter_dist         515
 iter_dist         516
 iter_dist         517
 iter_dist         518
 iter_dist         519
 iter_dist         520
 iter_dist         521
 iter_dist         522
 iter_dist         523
 iter_dist         524
 iter_dist         525
 iter_dist         526
 iter_dist         527
 iter_dist         528
 iter_dist         529
 iter_dist         530
 iter_dist         531
 iter_dist         532
 iter_dist         533
 iter_dist         534
 iter_dist         535
 iter_dist         536
 iter_dist         537
 iter_dist         538
 iter_dist         539
 iter_dist         540
 iter_dist         541
 iter_dist         542
 iter_dist         543
 iter_dist         544
 iter_dist         545
 iter_dist         546
 iter_dist         547
 iter_dist         548
 iter_dist         549
 iter_dist         550
 iter_dist         551
 iter_dist         552
 iter_dist         553
 iter_dist         554
 iter_dist         555
 iter_dist         556
 iter_dist         557
 iter_dist         558
 iter_dist         559
 iter_dist         560
 iter_dist         561
 iter_dist         562
 iter_dist         563
 iter_dist         564
 iter_dist         565
 iter_dist         566
 iter_dist         567
 iter_dist         568
 iter_dist         569
 iter_dist         570
 iter_dist         571
 iter_dist         572
 iter_dist         573
 iter_dist         574
 iter_dist         575
 iter_dist         576
 iter_dist         577
 iter_dist         578
 iter_dist         579
 iter_dist         580
 iter_dist         581
 iter_dist         582
 iter_dist         583
 iter_dist         584
 iter_dist         585
 iter_dist         586
 iter_dist         587
 iter_dist         588
 iter_dist         589
 iter_dist         590
 iter_dist         591
 iter_dist         592
 iter_dist         593
 iter_dist         594
 iter_dist         595
 iter_dist         596
 tot_cap_adjustment_cost/gdp  2.947998338396698E-003
 tot_binding  0.893477080014243     
 outliers_30  0.930020129296681     
 
 iter_cal            1   621610431899.714     
 theta firm_debt/gdp
     0.4035441     0.4050174     1.8395578     1.7737251
 psi employment
     0.7926370     0.7925460     1.0000000     0.9988515
 alpha labor share
     0.4462531     0.4467082     0.6452855     0.6518965
 var_eps std_dev_i_k 
     0.0058303     0.0003460     0.3370000**************
 var_eps std_dev_log_emp_19
     0.0058303     0.0003460     1.3000000     0.2215960
 var_iota std_dev_log_emp_0
     0.3000000     0.3000000     0.9000000     0.0522650
 k_e firms_5_firms0_5
    13.4831040    13.4831040     0.1180369     0.0921266
 f_o entry_rate
     0.7801890     0.7762509     0.1087989     0.1203867
 gamma i_k_inaction
     0.0090160     0.0090160     0.0810000     0.0994681
 lambda i_k_pos_high_spike
     0.0000000     0.0000000     0.0180000     0.0562000
 var_z exit_rate 26+
     0.0500000     0.0500000     0.0500000     0.0153659
 mu firms_21_plus
     0.1878183     0.1878183     0.2315106     0.2561405
 cut_off_model   1.60426726772651     
 
