 intbirth_k          10   1.88088580749730     
  
 iter_bi, w, d_bi
 maxval(a_un(1:neta*nz,:))   351.889717373041     
 sum g_binding_collateral   71
   1.0000000   1.2920997   0.0000004
 exdem, h  7.416866614905704E-003   1.00360240264334     
  0.997884720098227     
 sum(g_e_o)   16
 accidental_defaults  7.419271412068564E-003
 increase kmax, instst.f90   6.049183580543331E-004
 decrease amin, instst.f90   1.163893738995213E-002
 firm debt/gdp   1.86382431841681        1.86382431843501     
 outliers  2.617761563072918E-011
 spread  7.525989085059340E-003
 outliers_30  0.785410671375672     
  
 iter_bi, w, d_bi
 maxval(a_un(1:neta*nz,:))   351.889717373041     
 sum g_binding_collateral   68
   1.0000000   1.2920997   0.0000004
 exdem, h  7.419253696600236E-003   1.00360393479677     
  0.997884404845536     
 sum(g_e_o)   16
 accidental_defaults  7.419245277547152E-003
 increase kmax, fistst.f90   6.049185540763024E-004
 decrease amin, fistst.f90   1.163894092880064E-002
 firm debt/gdp   1.86382448304033        1.86382448305856     
  
 transition 
 g_i_o_t(1,ieps,ik,ia) .ne. g_i_o_t(t1,ieps,ik,ia)
 g_i_o_t(1,ieps,ik,ia) .ne. g_i_o_t(t1,ieps,ik,ia)
 g_i_o_t(1,ieps,ik,ia) .ne. g_i_o_t(t1,ieps,ik,ia)
 abs(g_i_a_t(1,ieps,ik,ia)-g_i_a_t(t1,ieps,ik,ia)) .ge. 1e-4
 abs(g_i_a_t(1,ieps,ik,ia)-g_i_a_t(t1,ieps,ik,ia)) .ge. 1e-4
 abs(g_i_a_t(1,ieps,ik,ia)-g_i_a_t(t1,ieps,ik,ia)) .ge. 1e-4
 abs(g_i_a_t(1,ieps,ik,ia)-g_i_a_t(t1,ieps,ik,ia)) .ge. 1e-4
 abs(g_i_a_t(1,ieps,ik,ia)-g_i_a_t(t1,ieps,ik,ia)) .ge. 1e-4
 abs(g_i_a_t(1,ieps,ik,ia)-g_i_a_t(t1,ieps,ik,ia)) .ge. 1e-4
 g_i_k_t(1,ieps,ik,ia) .ne. g_i_k_t(t1,ieps,ik,ia)
 g_i_k_t(1,ieps,ik,ia) .ne. g_i_k_t(t1,ieps,ik,ia)
 g_i_k_t(1,ieps,ik,ia) .ne. g_i_k_t(t1,ieps,ik,ia)
 g_i_k_t(1,ieps,ik,ia) .ne. g_i_k_t(t1,ieps,ik,ia)
 g_i_k_t(1,ieps,ik,ia) .ne. g_i_k_t(t1,ieps,ik,ia)
 g_i_k_t(1,ieps,ik,ia) .ne. g_i_k_t(t1,ieps,ik,ia)
 abs(g_q_t(1,ieps,ik,ia)-g_q_t(t1,ieps,ik,ia)) .ge. 1e-4
 abs(g_q_t(1,ieps,ik,ia)-g_q_t(t1,ieps,ik,ia)) .ge. 1e-4
 abs(g_q_t(1,ieps,ik,ia)-g_q_t(t1,ieps,ik,ia)) .ge. 1e-4
 abs(g_q_t(1,ieps,ik,ia)-g_q_t(t1,ieps,ik,ia)) .ge. 1e-4
 abs(g_q_t(1,ieps,ik,ia)-g_q_t(t1,ieps,ik,ia)) .ge. 1e-4
 abs(g_q_t(1,ieps,ik,ia)-g_q_t(t1,ieps,ik,ia)) .ge. 1e-4
 abs(g_q_t(1,ieps,ik,ia)-g_q_t(t1,ieps,ik,ia)) .ge. 1e-4
 abs(g_q_t(1,ieps,ik,ia)-g_q_t(t1,ieps,ik,ia)) .ge. 1e-4
 abs(g_q_t(1,ieps,ik,ia)-g_q_t(t1,ieps,ik,ia)) .ge. 1e-4
 abs(g_q_t(1,ieps,ik,ia)-g_q_t(t1,ieps,ik,ia)) .ge. 1e-4
 abs(g_q_t(1,ieps,ik,ia)-g_q_t(t1,ieps,ik,ia)) .ge. 1e-4
 abs(g_q_t(1,ieps,ik,ia)-g_q_t(t1,ieps,ik,ia)) .ge. 1e-4
 abs(g_q_t(1,ieps,ik,ia)-g_q_t(t1,ieps,ik,ia)) .ge. 1e-4
 abs(g_q_t(1,ieps,ik,ia)-g_q_t(t1,ieps,ik,ia)) .ge. 1e-4
 abs(g_q_t(1,ieps,ik,ia)-g_q_t(t1,ieps,ik,ia)) .ge. 1e-4
 abs(g_q_t(1,ieps,ik,ia)-g_q_t(t1,ieps,ik,ia)) .ge. 1e-4
 abs(g_q_t(1,ieps,ik,ia)-g_q_t(t1,ieps,ik,ia)) .ge. 1e-4
 abs(g_q_t(1,ieps,ik,ia)-g_q_t(t1,ieps,ik,ia)) .ge. 1e-4
 abs(g_q_t(1,ieps,ik,ia)-g_q_t(t1,ieps,ik,ia)) .ge. 1e-4
 abs(g_q_t(1,ieps,ik,ia)-g_q_t(t1,ieps,ik,ia)) .ge. 1e-4
 abs(g_q_t(1,ieps,ik,ia)-g_q_t(t1,ieps,ik,ia)) .ge. 1e-4
 abs(g_q_t(1,ieps,ik,ia)-g_q_t(t1,ieps,ik,ia)) .ge. 1e-4
 abs(g_q_t(1,ieps,ik,ia)-g_q_t(t1,ieps,ik,ia)) .ge. 1e-4
 abs(g_q_t(1,ieps,ik,ia)-g_q_t(t1,ieps,ik,ia)) .ge. 1e-4
 abs(g_q_t(1,ieps,ik,ia)-g_q_t(t1,ieps,ik,ia)) .ge. 1e-4
 abs(g_q_t(1,ieps,ik,ia)-g_q_t(t1,ieps,ik,ia)) .ge. 1e-4
 abs(g_q_t(1,ieps,ik,ia)-g_q_t(t1,ieps,ik,ia)) .ge. 1e-4
 abs(g_q_t(1,ieps,ik,ia)-g_q_t(t1,ieps,ik,ia)) .ge. 1e-4
 abs(g_q_t(1,ieps,ik,ia)-g_q_t(t1,ieps,ik,ia)) .ge. 1e-4
 abs(g_q_t(1,ieps,ik,ia)-g_q_t(t1,ieps,ik,ia)) .ge. 1e-4
 abs(g_q_t(1,ieps,ik,ia)-g_q_t(t1,ieps,ik,ia)) .ge. 1e-4
 abs(g_q_t(1,ieps,ik,ia)-g_q_t(t1,ieps,ik,ia)) .ge. 1e-4
 abs(g_q_t(1,ieps,ik,ia)-g_q_t(t1,ieps,ik,ia)) .ge. 1e-4
 abs(g_q_t(1,ieps,ik,ia)-g_q_t(t1,ieps,ik,ia)) .ge. 1e-4
 abs(g_q_t(1,ieps,ik,ia)-g_q_t(t1,ieps,ik,ia)) .ge. 1e-4
 abs(g_q_t(1,ieps,ik,ia)-g_q_t(t1,ieps,ik,ia)) .ge. 1e-4
 abs(g_q_t(1,ieps,ik,ia)-g_q_t(t1,ieps,ik,ia)) .ge. 1e-4
 abs(g_q_t(1,ieps,ik,ia)-g_q_t(t1,ieps,ik,ia)) .ge. 1e-4
 abs(g_q_t(1,ieps,ik,ia)-g_q_t(t1,ieps,ik,ia)) .ge. 1e-4
 abs(g_q_t(1,ieps,ik,ia)-g_q_t(t1,ieps,ik,ia)) .ge. 1e-4
 abs(g_q_t(1,ieps,ik,ia)-g_q_t(t1,ieps,ik,ia)) .ge. 1e-4
 abs(g_q_t(1,ieps,ik,ia)-g_q_t(t1,ieps,ik,ia)) .ge. 1e-4
 abs(g_q_t(1,ieps,ik,ia)-g_q_t(t1,ieps,ik,ia)) .ge. 1e-4
 abs(g_q_t(1,ieps,ik,ia)-g_q_t(t1,ieps,ik,ia)) .ge. 1e-4
 abs(g_q_t(1,ieps,ik,ia)-g_q_t(t1,ieps,ik,ia)) .ge. 1e-4
 abs(g_q_t(1,ieps,ik,ia)-g_q_t(t1,ieps,ik,ia)) .ge. 1e-4
 abs(g_q_t(1,ieps,ik,ia)-g_q_t(t1,ieps,ik,ia)) .ge. 1e-4
 abs(g_q_t(1,ieps,ik,ia)-g_q_t(t1,ieps,ik,ia)) .ge. 1e-4
 abs(g_q_t(1,ieps,ik,ia)-g_q_t(t1,ieps,ik,ia)) .ge. 1e-4
 abs(g_q_t(1,ieps,ik,ia)-g_q_t(t1,ieps,ik,ia)) .ge. 1e-4
 abs(g_q_t(1,ieps,ik,ia)-g_q_t(t1,ieps,ik,ia)) .ge. 1e-4
 abs(g_q_t(1,ieps,ik,ia)-g_q_t(t1,ieps,ik,ia)) .ge. 1e-4
 abs(g_q_t(1,ieps,ik,ia)-g_q_t(t1,ieps,ik,ia)) .ge. 1e-4
 abs(g_q_t(1,ieps,ik,ia)-g_q_t(t1,ieps,ik,ia)) .ge. 1e-4
 abs(g_q_t(1,ieps,ik,ia)-g_q_t(t1,ieps,ik,ia)) .ge. 1e-4
 abs(g_q_t(1,ieps,ik,ia)-g_q_t(t1,ieps,ik,ia)) .ge. 1e-4
 abs(g_q_t(1,ieps,ik,ia)-g_q_t(t1,ieps,ik,ia)) .ge. 1e-4
 abs(g_q_t(1,ieps,ik,ia)-g_q_t(t1,ieps,ik,ia)) .ge. 1e-4
 abs(g_q_t(1,ieps,ik,ia)-g_q_t(t1,ieps,ik,ia)) .ge. 1e-4
 abs(g_q_t(1,ieps,ik,ia)-g_q_t(t1,ieps,ik,ia)) .ge. 1e-4
 abs(g_q_t(1,ieps,ik,ia)-g_q_t(t1,ieps,ik,ia)) .ge. 1e-4
 abs(g_q_t(1,ieps,ik,ia)-g_q_t(t1,ieps,ik,ia)) .ge. 1e-4
 abs(g_q_t(1,ieps,ik,ia)-g_q_t(t1,ieps,ik,ia)) .ge. 1e-4
 abs(g_q_t(1,ieps,ik,ia)-g_q_t(t1,ieps,ik,ia)) .ge. 1e-4
 abs(g_q_t(1,ieps,ik,ia)-g_q_t(t1,ieps,ik,ia)) .ge. 1e-4
 abs(g_q_t(1,ieps,ik,ia)-g_q_t(t1,ieps,ik,ia)) .ge. 1e-4
 abs(g_q_t(1,ieps,ik,ia)-g_q_t(t1,ieps,ik,ia)) .ge. 1e-4
 abs(g_q_t(1,ieps,ik,ia)-g_q_t(t1,ieps,ik,ia)) .ge. 1e-4
 abs(g_q_t(1,ieps,ik,ia)-g_q_t(t1,ieps,ik,ia)) .ge. 1e-4
 abs(g_q_t(1,ieps,ik,ia)-g_q_t(t1,ieps,ik,ia)) .ge. 1e-4
 abs(g_q_t(1,ieps,ik,ia)-g_q_t(t1,ieps,ik,ia)) .ge. 1e-4
 abs(g_q_t(1,ieps,ik,ia)-g_q_t(t1,ieps,ik,ia)) .ge. 1e-4
 abs(g_q_t(1,ieps,ik,ia)-g_q_t(t1,ieps,ik,ia)) .ge. 1e-4
 abs(g_q_t(1,ieps,ik,ia)-g_q_t(t1,ieps,ik,ia)) .ge. 1e-4
 abs(g_q_t(1,ieps,ik,ia)-g_q_t(t1,ieps,ik,ia)) .ge. 1e-4
 abs(g_q_t(1,ieps,ik,ia)-g_q_t(t1,ieps,ik,ia)) .ge. 1e-4
 abs(g_q_t(1,ieps,ik,ia)-g_q_t(t1,ieps,ik,ia)) .ge. 1e-4
 abs(g_q_t(1,ieps,ik,ia)-g_q_t(t1,ieps,ik,ia)) .ge. 1e-4
 abs(g_q_t(1,ieps,ik,ia)-g_q_t(t1,ieps,ik,ia)) .ge. 1e-4
 abs(g_q_t(1,ieps,ik,ia)-g_q_t(t1,ieps,ik,ia)) .ge. 1e-4
 abs(g_q_t(1,ieps,ik,ia)-g_q_t(t1,ieps,ik,ia)) .ge. 1e-4
 abs(g_q_t(1,ieps,ik,ia)-g_q_t(t1,ieps,ik,ia)) .ge. 1e-4
 abs(g_q_t(1,ieps,ik,ia)-g_q_t(t1,ieps,ik,ia)) .ge. 1e-4
 abs(g_q_t(1,ieps,ik,ia)-g_q_t(t1,ieps,ik,ia)) .ge. 1e-4
 abs(g_q_t(1,ieps,ik,ia)-g_q_t(t1,ieps,ik,ia)) .ge. 1e-4
 abs(g_q_t(1,ieps,ik,ia)-g_q_t(t1,ieps,ik,ia)) .ge. 1e-4
 abs(g_q_t(1,ieps,ik,ia)-g_q_t(t1,ieps,ik,ia)) .ge. 1e-4
 abs(g_q_t(1,ieps,ik,ia)-g_q_t(t1,ieps,ik,ia)) .ge. 1e-4
 abs(g_q_t(1,ieps,ik,ia)-g_q_t(t1,ieps,ik,ia)) .ge. 1e-4
 abs(g_q_t(1,ieps,ik,ia)-g_q_t(t1,ieps,ik,ia)) .ge. 1e-4
 abs(g_q_t(1,ieps,ik,ia)-g_q_t(t1,ieps,ik,ia)) .ge. 1e-4
 abs(g_q_t(1,ieps,ik,ia)-g_q_t(t1,ieps,ik,ia)) .ge. 1e-4
 abs(g_q_t(1,ieps,ik,ia)-g_q_t(t1,ieps,ik,ia)) .ge. 1e-4
 abs(g_q_t(1,ieps,ik,ia)-g_q_t(t1,ieps,ik,ia)) .ge. 1e-4
 abs(g_q_t(1,ieps,ik,ia)-g_q_t(t1,ieps,ik,ia)) .ge. 1e-4
 abs(g_q_t(1,ieps,ik,ia)-g_q_t(t1,ieps,ik,ia)) .ge. 1e-4
 abs(g_q_t(1,ieps,ik,ia)-g_q_t(t1,ieps,ik,ia)) .ge. 1e-4
 abs(g_q_t(1,ieps,ik,ia)-g_q_t(t1,ieps,ik,ia)) .ge. 1e-4
 abs(g_q_t(1,ieps,ik,ia)-g_q_t(t1,ieps,ik,ia)) .ge. 1e-4
 abs(g_q_t(1,ieps,ik,ia)-g_q_t(t1,ieps,ik,ia)) .ge. 1e-4
 abs(g_q_t(1,ieps,ik,ia)-g_q_t(t1,ieps,ik,ia)) .ge. 1e-4
 abs(g_q_t(1,ieps,ik,ia)-g_q_t(t1,ieps,ik,ia)) .ge. 1e-4
 abs(g_q_t(1,ieps,ik,ia)-g_q_t(t1,ieps,ik,ia)) .ge. 1e-4
 abs(g_q_t(1,ieps,ik,ia)-g_q_t(t1,ieps,ik,ia)) .ge. 1e-4
 abs(g_q_t(1,ieps,ik,ia)-g_q_t(t1,ieps,ik,ia)) .ge. 1e-4
 abs(g_q_t(1,ieps,ik,ia)-g_q_t(t1,ieps,ik,ia)) .ge. 1e-4
 abs(g_q_t(1,ieps,ik,ia)-g_q_t(t1,ieps,ik,ia)) .ge. 1e-4
 abs(g_q_t(1,ieps,ik,ia)-g_q_t(t1,ieps,ik,ia)) .ge. 1e-4
 abs(g_q_t(1,ieps,ik,ia)-g_q_t(t1,ieps,ik,ia)) .ge. 1e-4
 abs(g_q_t(1,ieps,ik,ia)-g_q_t(t1,ieps,ik,ia)) .ge. 1e-4
 abs(g_q_t(1,ieps,ik,ia)-g_q_t(t1,ieps,ik,ia)) .ge. 1e-4
 abs(g_q_t(1,ieps,ik,ia)-g_q_t(t1,ieps,ik,ia)) .ge. 1e-4
 abs(g_q_t(1,ieps,ik,ia)-g_q_t(t1,ieps,ik,ia)) .ge. 1e-4
 abs(g_q_t(1,ieps,ik,ia)-g_q_t(t1,ieps,ik,ia)) .ge. 1e-4
 abs(g_q_t(1,ieps,ik,ia)-g_q_t(t1,ieps,ik,ia)) .ge. 1e-4
 abs(g_q_t(1,ieps,ik,ia)-g_q_t(t1,ieps,ik,ia)) .ge. 1e-4
 abs(g_q_t(1,ieps,ik,ia)-g_q_t(t1,ieps,ik,ia)) .ge. 1e-4
 abs(g_q_t(1,ieps,ik,ia)-g_q_t(t1,ieps,ik,ia)) .ge. 1e-4
  
 backward induction
 t, w         119   1.29227428936277     
 t, w         118   1.29227315147836     
 t, w         117   1.29226828682049     
 t, w         116   1.29225947877449     
 t, w         115   1.29224647169870     
 t, w         114   1.29221909514646     
 t, w         113   1.29218967726540     
 t, w         112   1.29218634168721     
 t, w         111   1.29218349189566     
 t, w         110   1.29218209711938     
 t, w         109   1.29217811895121     
 t, w         108   1.29217468711848     
 t, w         107   1.29217078447909     
 t, w         106   1.29216840447174     
 t, w         105   1.29216467752883     
 t, w         104   1.29216556040304     
 t, w         103   1.29215957690384     
 t, w         102   1.29215036695035     
 t, w         101   1.29214010938986     
 t, w         100   1.29212885804110     
 t, w          99   1.29212650046042     
 t, w          98   1.29212074747203     
 t, w          97   1.29211856747921     
 t, w          96   1.29212192414188     
 t, w          95   1.29212479331626     
 t, w          94   1.29213018989848     
 t, w          93   1.29213656238624     
 t, w          92   1.29214119036353     
 t, w          91   1.29214850767650     
 t, w          90   1.29215804546964     
 t, w          89   1.29216758177389     
 t, w          88   1.29217987335887     
 t, w          87   1.29219333352252     
 t, w          86   1.29220718585436     
 t, w          85   1.29222184320357     
 t, w          84   1.29224198436072     
 t, w          83   1.29226296149938     
 t, w          82   1.29228360344767     
 t, w          81   1.29230411471840     
 t, w          80   1.29232533533165     
 t, w          79   1.29234969621213     
 t, w          78   1.29237086676307     
 t, w          77   1.29239399818171     
 t, w          76   1.29242176760178     
 t, w          75   1.29245412326880     
 t, w          74   1.29248792966553     
 t, w          73   1.29252137649157     
 t, w          72   1.29255572286051     
 t, w          71   1.29258980085674     
 t, w          70   1.29262397287422     
 t, w          69   1.29265809613582     
 t, w          68   1.29269232530757     
 t, w          67   1.29272466370773     
 t, w          66   1.29275479954245     
 t, w          65   1.29278451824134     
 t, w          64   1.29281300930208     
 t, w          63   1.29283864505387     
 t, w          62   1.29286190704143     
 t, w          61   1.29288152891339     
 t, w          60   1.29289852384984     
 t, w          59   1.29290954295994     
 t, w          58   1.29291716015025     
 t, w          57   1.29291496505200     
 t, w          56   1.29290838945618     
 t, w          55   1.29289382801426     
 t, w          54   1.29287355101416     
 t, w          53   1.29284481048088     
 t, w          52   1.29280924807130     
 t, w          51   1.29276479087706     
 t, w          50   1.29271041090034     
 t, w          49   1.29264775867243     
 t, w          48   1.29258116343265     
 t, w          47   1.29249452764812     
 t, w          46   1.29239534852214     
 t, w          45   1.29228338019715     
 t, w          44   1.29216108570336     
 t, w          43   1.29202536537736     
 t, w          42   1.29187710853767     
 t, w          41   1.29171122341574     
 t, w          40   1.29153707266237     
 t, w          39   1.29135628591110     
 t, w          38   1.29117034101795     
 t, w          37   1.29097739119694     
 t, w          36   1.29077855238295     
 t, w          35   1.29055956619280     
 t, w          34   1.29031794685350     
 t, w          33   1.29006870713717     
 t, w          32   1.28980136665498     
 t, w          31   1.28951317948120     
 t, w          30   1.28921483321508     
 t, w          29   1.28890978293302     
 t, w          28   1.28857732032708     
 t, w          27   1.28822775922203     
 t, w          26   1.28788458976136     
 t, w          25   1.28753053750313     
 t, w          24   1.28714322662750     
 t, w          23   1.28675264250139     
 t, w          22   1.28635486753462     
 t, w          21   1.28594854472277     
 t, w          20   1.28554125712646     
 t, w          19   1.28512882009156     
 t, w          18   1.28471454965810     
 t, w          17   1.28428607554546     
 t, w          16   1.28385443950734     
 t, w          15   1.28341492275297     
 t, w          14   1.28295261073513     
 t, w          13   1.28248939767119     
 t, w          12   1.28201522878852     
 t, w          11   1.28154608312691     
 t, w          10   1.28105260321625     
 t, w           9   1.28056644715515     
 t, w           8   1.28010903117413     
 t, w           7   1.27962978148009     
 t, w           6   1.27930887231992     
 t, w           5   1.27900679230133     
 t, w           4   1.27891613908742     
 t, w           3   1.27915239278836     
 t, w           2   1.27965952729697     
 t, mu           2  0.223495381778853     
 t, mu           3  0.223495381778853     
 t, mu           4  0.223495381778853     
 t, mu           5  0.223495381778853     
 t, mu           6  0.223495381778853     
 t, mu           7  0.223495381778853     
 t, mu           8  0.223495381778853     
 t, mu           9  0.223495381778853     
 t, mu          10  0.223495381778853     
 t, mu          11  0.223495381778853     
 t, mu          12  0.223495381778853     
 t, mu          13  0.223495381778853     
 t, mu          14  0.223495381778853     
 t, mu          15  0.223495381778853     
 t, mu          16  0.223495381778853     
 t, mu          17  0.223495381778853     
 t, mu          18  0.223495381778853     
 t, mu          19  0.223495381778853     
 t, mu          20  0.223495381778853     
 t, mu          21  0.223495381778853     
 t, mu          22  0.223495381778853     
 t, mu          23  0.223495381778853     
 t, mu          24  0.223495381778853     
 t, mu          25  0.223495381778853     
 t, mu          26  0.223495381778853     
 t, mu          27  0.223495381778853     
 t, mu          28  0.223495381778853     
 t, mu          29  0.223495381778853     
 t, mu          30  0.223495381778853     
 t, mu          31  0.223495381778853     
 t, mu          32  0.223495381778853     
 t, mu          33  0.223495381778853     
 t, mu          34  0.223495381778853     
 t, mu          35  0.223495381778853     
 t, mu          36  0.223495381778853     
 t, mu          37  0.223495381778853     
 t, mu          38  0.223495381778853     
 t, mu          39  0.223495381778853     
 t, mu          40  0.223495381778853     
 t, mu          41  0.223495381778853     
 t, mu          42  0.223495381778853     
 t, mu          43  0.223495381778853     
 t, mu          44  0.223495381778853     
 t, mu          45  0.223495381778853     
 t, mu          46  0.223495381778853     
 t, mu          47  0.223495381778853     
 t, mu          48  0.223495381778853     
 t, mu          49  0.223495381778853     
 t, mu          50  0.223495381778853     
 t, mu          51  0.223495381778853     
 t, mu          52  0.223495381778853     
 t, mu          53  0.223495381778853     
 t, mu          54  0.223495381778853     
 t, mu          55  0.223495381778853     
 t, mu          56  0.223495381778853     
 t, mu          57  0.223495381778853     
 t, mu          58  0.223495381778853     
 t, mu          59  0.223495381778853     
 t, mu          60  0.223495381778853     
 t, mu          61  0.223495381778853     
 t, mu          62  0.223495381778853     
 t, mu          63  0.223495381778853     
 t, mu          64  0.223495381778853     
 t, mu          65  0.223495381778853     
 t, mu          66  0.223495381778853     
 t, mu          67  0.223495381778853     
 t, mu          68  0.223495381778853     
 t, mu          69  0.223495381778853     
 t, mu          70  0.223495381778853     
 t, mu          71  0.223495381778853     
 t, mu          72  0.223495381778853     
 t, mu          73  0.223495381778853     
 t, mu          74  0.223495381778853     
 t, mu          75  0.223495381778853     
 t, mu          76  0.223495381778853     
 t, mu          77  0.223495381778853     
 t, mu          78  0.223495381778853     
 t, mu          79  0.223495381778853     
 t, mu          80  0.223495381778853     
 t, mu          81  0.223495381778853     
 t, mu          82  0.223495381778853     
 t, mu          83  0.223495381778853     
 t, mu          84  0.223495381778853     
 t, mu          85  0.223495381778853     
 t, mu          86  0.223495381778853     
 t, mu          87  0.223495381778853     
 t, mu          88  0.223495381778853     
 t, mu          89  0.223495381778853     
 t, mu          90  0.223495381778853     
 t, mu          91  0.223495381778853     
 t, mu          92  0.223495381778853     
 t, mu          93  0.223495381778853     
 t, mu          94  0.223495381778853     
 t, mu          95  0.223495381778853     
 t, mu          96  0.223495381778853     
 t, mu          97  0.223495381778853     
 t, mu          98  0.223495381778853     
 t, mu          99  0.223495381778853     
 t, mu         100  0.223495381778853     
 t, mu         101  0.223495381778853     
 t, mu         102  0.223495381778853     
 t, mu         103  0.223495381778853     
 t, mu         104  0.223495381778853     
 t, mu         105  0.223495381778853     
 t, mu         106  0.223495381778853     
 t, mu         107  0.223495381778853     
 t, mu         108  0.223495381778853     
 t, mu         109  0.223495381778853     
 t, mu         110  0.223495381778853     
 t, mu         111  0.223495381778853     
 t, mu         112  0.223495381778853     
 t, mu         113  0.223495381778853     
 t, mu         114  0.223495381778853     
 t, mu         115  0.223495381778853     
 t, mu         116  0.223495381778853     
 t, mu         117  0.223495381778853     
 t, mu         118  0.223495381778853     
 t, mu         119  0.223495381778853     
 iter_tr, d_tr            1  4.798697507274116E-003
  
 backward induction
 t, w         119   1.29228011669424     
 t, w         118   1.29228036832143     
 t, w         117   1.29227697149488     
 t, w         116   1.29226929698612     
 t, w         115   1.29225692778186     
 t, w         114   1.29223004992778     
 t, w         113   1.29219914197104     
 t, w         112   1.29219564824062     
 t, w         111   1.29219268784974     
 t, w         110   1.29219089756116     
 t, w         109   1.29218671626290     
 t, w         108   1.29218239522590     
 t, w         107   1.29217769717491     
 t, w         106   1.29217449186131     
 t, w         105   1.29217006926658     
 t, w         104   1.29217008236017     
 t, w         103   1.29216372394678     
 t, w         102   1.29215429031697     
 t, w         101   1.29214378155498     
 t, w         100   1.29213200807721     
 t, w          99   1.29212866232873     
 t, w          98   1.29212349951897     
 t, w          97   1.29211865349481     
 t, w          96   1.29211912563552     
 t, w          95   1.29211971884838     
 t, w          94   1.29212303619563     
 t, w          93   1.29212752462132     
 t, w          92   1.29213042151710     
 t, w          91   1.29213594526040     
 t, w          90   1.29214355305189     
 t, w          89   1.29215094226680     
 t, w          88   1.29216185771499     
 t, w          87   1.29217434314856     
 t, w          86   1.29218732813464     
 t, w          85   1.29220089296336     
 t, w          84   1.29221933008884     
 t, w          83   1.29223689956930     
 t, w          82   1.29225711342682     
 t, w          81   1.29227712606065     
 t, w          80   1.29229777350337     
 t, w          79   1.29232128101617     
 t, w          78   1.29234174169213     
 t, w          77   1.29236371379286     
 t, w          76   1.29238975585207     
 t, w          75   1.29241817346009     
 t, w          74   1.29245162272629     
 t, w          73   1.29248482917942     
 t, w          72   1.29251896323481     
 t, w          71   1.29255286655421     
 t, w          70   1.29258719163558     
 t, w          69   1.29262166169854     
 t, w          68   1.29265620314419     
 t, w          67   1.29268894741829     
 t, w          66   1.29271959762785     
 t, w          65   1.29274987720496     
 t, w          64   1.29277911912050     
 t, w          63   1.29280567907842     
 t, w          62   1.29282999756288     
 t, w          61   1.29285094165949     
 t, w          60   1.29286931506663     
 t, w          59   1.29288211425986     
 t, w          58   1.29289156010511     
 t, w          57   1.29289168779745     
 t, w          56   1.29288762598430     
 t, w          55   1.29287586948853     
 t, w          54   1.29285859545932     
 t, w          53   1.29283325537096     
 t, w          52   1.29280127066741     
 t, w          51   1.29276064490165     
 t, w          50   1.29271027151302     
 t, w          49   1.29265151126393     
 t, w          48   1.29258820104148     
 t, w          47   1.29250503206482     
 t, w          46   1.29240894308571     
 t, w          45   1.29229978903384     
 t, w          44   1.29217987035417     
 t, w          43   1.29204654060260     
 t, w          42   1.29190035061548     
 t, w          41   1.29173709642520     
 t, w          40   1.29156486209854     
 t, w          39   1.29138582042241     
 t, w          38   1.29120192540694     
 t, w          37   1.29101174655705     
 t, w          36   1.29081581446852     
 t, w          35   1.29060271515482     
 t, w          34   1.29036141562192     
 t, w          33   1.29011204038612     
 t, w          32   1.28984628790393     
 t, w          31   1.28955743382461     
 t, w          30   1.28925862105333     
 t, w          29   1.28895369201996     
 t, w          28   1.28862492511474     
 t, w          27   1.28827695018524     
 t, w          26   1.28793567606932     
 t, w          25   1.28759092209249     
 t, w          24   1.28720065084929     
 t, w          23   1.28680693394800     
 t, w          22   1.28640661497537     
 t, w          21   1.28599840542914     
 t, w          20   1.28558904062000     
 t, w          19   1.28517471780837     
 t, w          18   1.28475833663093     
 t, w          17   1.28432808271748     
 t, w          16   1.28389570035849     
 t, w          15   1.28345616241026     
 t, w          14   1.28299430691011     
 t, w          13   1.28253275883708     
 t, w          12   1.28206021607225     
 t, w          11   1.28159008307700     
 t, w          10   1.28108896116542     
 t, w           9   1.28060641484733     
 t, w           8   1.28014948435436     
 t, w           7   1.27966617412314     
 t, w           6   1.27934305599983     
 t, w           5   1.27903274769152     
 t, w           4   1.27893045429546     
 t, w           3   1.27915545933831     
 t, w           2   1.27963426847437     
 t, mu           2  0.223495381778853     
 t, mu           3  0.223495381778853     
 t, mu           4  0.223495381778853     
 t, mu           5  0.223495381778853     
 t, mu           6  0.223495381778853     
 t, mu           7  0.223495381778853     
 t, mu           8  0.223495381778853     
 t, mu           9  0.223495381778853     
 t, mu          10  0.223495381778853     
 t, mu          11  0.223495381778853     
 t, mu          12  0.223495381778853     
 t, mu          13  0.223495381778853     
 t, mu          14  0.223495381778853     
 t, mu          15  0.223495381778853     
 t, mu          16  0.223495381778853     
 t, mu          17  0.223495381778853     
 t, mu          18  0.223495381778853     
 t, mu          19  0.223495381778853     
 t, mu          20  0.223495381778853     
 t, mu          21  0.223495381778853     
 t, mu          22  0.223495381778853     
 t, mu          23  0.223495381778853     
 t, mu          24  0.223495381778853     
 t, mu          25  0.223495381778853     
 t, mu          26  0.223495381778853     
 t, mu          27  0.223495381778853     
 t, mu          28  0.223495381778853     
 t, mu          29  0.223495381778853     
 t, mu          30  0.223495381778853     
 t, mu          31  0.223495381778853     
 t, mu          32  0.223495381778853     
 t, mu          33  0.223495381778853     
 t, mu          34  0.223495381778853     
 t, mu          35  0.223495381778853     
 t, mu          36  0.223495381778853     
 t, mu          37  0.223495381778853     
 t, mu          38  0.223495381778853     
 t, mu          39  0.223495381778853     
 t, mu          40  0.223495381778853     
 t, mu          41  0.223495381778853     
 t, mu          42  0.223495381778853     
 t, mu          43  0.223495381778853     
 t, mu          44  0.223495381778853     
 t, mu          45  0.223495381778853     
 t, mu          46  0.223495381778853     
 t, mu          47  0.223495381778853     
 t, mu          48  0.223495381778853     
 t, mu          49  0.223495381778853     
 t, mu          50  0.223495381778853     
 t, mu          51  0.223495381778853     
 t, mu          52  0.223495381778853     
 t, mu          53  0.223495381778853     
 t, mu          54  0.223495381778853     
 t, mu          55  0.223495381778853     
 t, mu          56  0.223495381778853     
 t, mu          57  0.223495381778853     
 t, mu          58  0.223495381778853     
 t, mu          59  0.223495381778853     
 t, mu          60  0.223495381778853     
 t, mu          61  0.223495381778853     
 t, mu          62  0.223495381778853     
 t, mu          63  0.223495381778853     
 t, mu          64  0.223495381778853     
 t, mu          65  0.223495381778853     
 t, mu          66  0.223495381778853     
 t, mu          67  0.223495381778853     
 t, mu          68  0.223495381778853     
 t, mu          69  0.223495381778853     
 t, mu          70  0.223495381778853     
 t, mu          71  0.223495381778853     
 t, mu          72  0.223495381778853     
 t, mu          73  0.223495381778853     
 t, mu          74  0.223495381778853     
 t, mu          75  0.223495381778853     
 t, mu          76  0.223495381778853     
 t, mu          77  0.223495381778853     
 t, mu          78  0.223495381778853     
 t, mu          79  0.223495381778853     
 t, mu          80  0.223495381778853     
 t, mu          81  0.223495381778853     
 t, mu          82  0.223495381778853     
 t, mu          83  0.223495381778853     
 t, mu          84  0.223495381778853     
 t, mu          85  0.223495381778853     
 t, mu          86  0.223495381778853     
 t, mu          87  0.223495381778853     
 t, mu          88  0.223495381778853     
 t, mu          89  0.223495381778853     
 t, mu          90  0.223495381778853     
 t, mu          91  0.223495381778853     
 t, mu          92  0.223495381778853     
 t, mu          93  0.223495381778853     
 t, mu          94  0.223495381778853     
 t, mu          95  0.223495381778853     
 t, mu          96  0.223495381778853     
 t, mu          97  0.223495381778853     
 t, mu          98  0.223495381778853     
 t, mu          99  0.223495381778853     
 t, mu         100  0.223495381778853     
 t, mu         101  0.223495381778853     
 t, mu         102  0.223495381778853     
 t, mu         103  0.223495381778853     
 t, mu         104  0.223495381778853     
 t, mu         105  0.223495381778853     
 t, mu         106  0.223495381778853     
 t, mu         107  0.223495381778853     
 t, mu         108  0.223495381778853     
 t, mu         109  0.223495381778853     
 t, mu         110  0.223495381778853     
 t, mu         111  0.223495381778853     
 t, mu         112  0.223495381778853     
 t, mu         113  0.223495381778853     
 t, mu         114  0.223495381778853     
 t, mu         115  0.223495381778853     
 t, mu         116  0.223495381778853     
 t, mu         117  0.223495381778853     
 t, mu         118  0.223495381778853     
 t, mu         119  0.223495381778853     
 iter_tr, d_tr            2  4.123731368140371E-003
  
 backward induction
 t, w         119   1.29228010380394     
 t, w         118   1.29228143598402     
 t, w         117   1.29227939352694     
 t, w         116   1.29227323470283     
 t, w         115   1.29226228338610     
 t, w         114   1.29223679240665     
 t, w         113   1.29220537912363     
 t, w         112   1.29220254453201     
 t, w         111   1.29219980028918     
 t, w         110   1.29219799978645     
 t, w         109   1.29219370753611     
 t, w         108   1.29218913559531     
 t, w         107   1.29218436840513     
 t, w         106   1.29218048319223     
 t, w         105   1.29217547494550     
 t, w         104   1.29217473165837     
 t, w         103   1.29216804574406     
 t, w         102   1.29215837892858     
 t, w         101   1.29214749838843     
 t, w         100   1.29213495973390     
 t, w          99   1.29213042703714     
 t, w          98   1.29212403612974     
 t, w          97   1.29211795315438     
 t, w          96   1.29211834961795     
 t, w          95   1.29211635677557     
 t, w          94   1.29211742191184     
 t, w          93   1.29211999936914     
 t, w          92   1.29212126148442     
 t, w          91   1.29212518414363     
 t, w          90   1.29213109793008     
 t, w          89   1.29213684678935     
 t, w          88   1.29214554820084     
 t, w          87   1.29215650215136     
 t, w          86   1.29216802066772     
 t, w          85   1.29218045520420     
 t, w          84   1.29219759024620     
 t, w          83   1.29221361782761     
 t, w          82   1.29223039044316     
 t, w          81   1.29224994108235     
 t, w          80   1.29227002601600     
 t, w          79   1.29229282017674     
 t, w          78   1.29231261778707     
 t, w          77   1.29233365285607     
 t, w          76   1.29235837330626     
 t, w          75   1.29238495517697     
 t, w          74   1.29241433011100     
 t, w          73   1.29244711677351     
 t, w          72   1.29248091056446     
 t, w          71   1.29251449994718     
 t, w          70   1.29254857004592     
 t, w          69   1.29258310122939     
 t, w          68   1.29261790534077     
 t, w          67   1.29265092491330     
 t, w          66   1.29268192735065     
 t, w          65   1.29271257881525     
 t, w          64   1.29274228445787     
 t, w          63   1.29276952484566     
 t, w          62   1.29279469936002     
 t, w          61   1.29281670772914     
 t, w          60   1.29283625927263     
 t, w          59   1.29285051170620     
 t, w          58   1.29286164431998     
 t, w          57   1.29286380864870     
 t, w          56   1.29286197462529     
 t, w          55   1.29285276623704     
 t, w          54   1.29283822231726     
 t, w          53   1.29281589817668     
 t, w          52   1.29278718616433     
 t, w          51   1.29275011562570     
 t, w          50   1.29270350206334     
 t, w          49   1.29264836948927     
 t, w          48   1.29258806278648     
 t, w          47   1.29250816652917     
 t, w          46   1.29241511263742     
 t, w          45   1.29230874231142     
 t, w          44   1.29219121668963     
 t, w          43   1.29206015814573     
 t, w          42   1.29191628709764     
 t, w          41   1.29175548772025     
 t, w          40   1.29158495578492     
 t, w          39   1.29140739487891     
 t, w          38   1.29122492871257     
 t, w          37   1.29103669115791     
 t, w          36   1.29084329427673     
 t, w          35   1.29063531477098     
 t, w          34   1.29039680721182     
 t, w          33   1.29014769568620     
 t, w          32   1.28988350683646     
 t, w          31   1.28959370966236     
 t, w          30   1.28929421899095     
 t, w          29   1.28898860670048     
 t, w          28   1.28866063362605     
 t, w          27   1.28831639941427     
 t, w          26   1.28797574768974     
 t, w          25   1.28763220813715     
 t, w          24   1.28725241937918     
 t, w          23   1.28685614583330     
 t, w          22   1.28645350805717     
 t, w          21   1.28604367112804     
 t, w          20   1.28563232145053     
 t, w          19   1.28521628511532     
 t, w          18   1.28479799611561     
 t, w          17   1.28436618417667     
 t, w          16   1.28393315019101     
 t, w          15   1.28349355562679     
 t, w          14   1.28303232234687     
 t, w          13   1.28257246282869     
 t, w          12   1.28210155463548     
 t, w          11   1.28163056322297     
 t, w          10   1.28112229713631     
 t, w           9   1.28064321393820     
 t, w           8   1.28018657383633     
 t, w           7   1.27969933311225     
 t, w           6   1.27937404993193     
 t, w           5   1.27905584952366     
 t, w           4   1.27894229039320     
 t, w           3   1.27915644401442     
 t, w           2   1.27960860552150     
 t, mu           2  0.223495381778853     
 t, mu           3  0.223495381778853     
 t, mu           4  0.223495381778853     
 t, mu           5  0.223495381778853     
 t, mu           6  0.223495381778853     
 t, mu           7  0.223495381778853     
 t, mu           8  0.223495381778853     
 t, mu           9  0.223495381778853     
 t, mu          10  0.223495381778853     
 t, mu          11  0.223495381778853     
 t, mu          12  0.223495381778853     
 t, mu          13  0.223495381778853     
 t, mu          14  0.223495381778853     
 t, mu          15  0.223495381778853     
 t, mu          16  0.223495381778853     
 t, mu          17  0.223495381778853     
 t, mu          18  0.223495381778853     
 t, mu          19  0.223495381778853     
 t, mu          20  0.223495381778853     
 t, mu          21  0.223495381778853     
 t, mu          22  0.223495381778853     
 t, mu          23  0.223495381778853     
 t, mu          24  0.223495381778853     
 t, mu          25  0.223495381778853     
 t, mu          26  0.223495381778853     
 t, mu          27  0.223495381778853     
 t, mu          28  0.223495381778853     
 t, mu          29  0.223495381778853     
 t, mu          30  0.223495381778853     
 t, mu          31  0.223495381778853     
 t, mu          32  0.223495381778853     
 t, mu          33  0.223495381778853     
 t, mu          34  0.223495381778853     
 t, mu          35  0.223495381778853     
 t, mu          36  0.223495381778853     
 t, mu          37  0.223495381778853     
 t, mu          38  0.223495381778853     
 t, mu          39  0.223495381778853     
 t, mu          40  0.223495381778853     
 t, mu          41  0.223495381778853     
 t, mu          42  0.223495381778853     
 t, mu          43  0.223495381778853     
 t, mu          44  0.223495381778853     
 t, mu          45  0.223495381778853     
 t, mu          46  0.223495381778853     
 t, mu          47  0.223495381778853     
 t, mu          48  0.223495381778853     
 t, mu          49  0.223495381778853     
 t, mu          50  0.223495381778853     
 t, mu          51  0.223495381778853     
 t, mu          52  0.223495381778853     
 t, mu          53  0.223495381778853     
 t, mu          54  0.223495381778853     
 t, mu          55  0.223495381778853     
 t, mu          56  0.223495381778853     
 t, mu          57  0.223495381778853     
 t, mu          58  0.223495381778853     
 t, mu          59  0.223495381778853     
 t, mu          60  0.223495381778853     
 t, mu          61  0.223495381778853     
 t, mu          62  0.223495381778853     
 t, mu          63  0.223495381778853     
 t, mu          64  0.223495381778853     
 t, mu          65  0.223495381778853     
 t, mu          66  0.223495381778853     
 t, mu          67  0.223495381778853     
 t, mu          68  0.223495381778853     
 t, mu          69  0.223495381778853     
 t, mu          70  0.223495381778853     
 t, mu          71  0.223495381778853     
 t, mu          72  0.223495381778853     
 t, mu          73  0.223495381778853     
 t, mu          74  0.223495381778853     
 t, mu          75  0.223495381778853     
 t, mu          76  0.223495381778853     
 t, mu          77  0.223495381778853     
 t, mu          78  0.223495381778853     
 t, mu          79  0.223495381778853     
 t, mu          80  0.223495381778853     
 t, mu          81  0.223495381778853     
 t, mu          82  0.223495381778853     
 t, mu          83  0.223495381778853     
 t, mu          84  0.223495381778853     
 t, mu          85  0.223495381778853     
 t, mu          86  0.223495381778853     
 t, mu          87  0.223495381778853     
 t, mu          88  0.223495381778853     
 t, mu          89  0.223495381778853     
 t, mu          90  0.223495381778853     
 t, mu          91  0.223495381778853     
 t, mu          92  0.223495381778853     
 t, mu          93  0.223495381778853     
 t, mu          94  0.223495381778853     
 t, mu          95  0.223495381778853     
 t, mu          96  0.223495381778853     
 t, mu          97  0.223495381778853     
 t, mu          98  0.223495381778853     
 t, mu          99  0.223495381778853     
 t, mu         100  0.223495381778853     
 t, mu         101  0.223495381778853     
 t, mu         102  0.223495381778853     
 t, mu         103  0.223495381778853     
 t, mu         104  0.223495381778853     
 t, mu         105  0.223495381778853     
 t, mu         106  0.223495381778853     
 t, mu         107  0.223495381778853     
 t, mu         108  0.223495381778853     
 t, mu         109  0.223495381778853     
 t, mu         110  0.223495381778853     
 t, mu         111  0.223495381778853     
 t, mu         112  0.223495381778853     
 t, mu         113  0.223495381778853     
 t, mu         114  0.223495381778853     
 t, mu         115  0.223495381778853     
 t, mu         116  0.223495381778853     
 t, mu         117  0.223495381778853     
 t, mu         118  0.223495381778853     
 t, mu         119  0.223495381778853     
 iter_tr, d_tr            3  3.471709373151530E-003
  
 backward induction
 t, w         119   1.29228011966997     
 t, w         118   1.29228240860308     
 t, w         117   1.29228154569266     
 t, w         116   1.29227676527327     
 t, w         115   1.29226725416523     
 t, w         114   1.29224348169814     
 t, w         113   1.29221213023496     
 t, w         112   1.29221045870868     
 t, w         111   1.29220832354702     
 t, w         110   1.29220689052324     
 t, w         109   1.29220280627280     
 t, w         108   1.29219828911682     
 t, w         107   1.29219338030811     
 t, w         106   1.29218954210337     
 t, w         105   1.29218401217079     
 t, w         104   1.29218258965421     
 t, w         103   1.29217556652653     
 t, w         102   1.29216584993334     
 t, w         101   1.29215493728767     
 t, w         100   1.29214230940603     
 t, w          99   1.29213683918927     
 t, w          98   1.29212956304308     
 t, w          97   1.29212249406818     
 t, w          96   1.29212157101233     
 t, w          95   1.29211965820217     
 t, w          94   1.29211779966316     
 t, w          93   1.29211770901522     
 t, w          92   1.29211678801434     
 t, w          91   1.29211864132760     
 t, w          90   1.29212261477259     
 t, w          89   1.29212672637499     
 t, w          88   1.29213361145807     
 t, w          87   1.29214261673191     
 t, w          86   1.29215190024916     
 t, w          85   1.29216298747120     
 t, w          84   1.29217900579084     
 t, w          83   1.29219410480094     
 t, w          82   1.29220967544896     
 t, w          81   1.29222747944116     
 t, w          80   1.29224421649775     
 t, w          79   1.29226642031684     
 t, w          78   1.29228578533943     
 t, w          77   1.29230622751485     
 t, w          76   1.29233009355954     
 t, w          75   1.29235565651168     
 t, w          74   1.29238345723881     
 t, w          73   1.29241428692656     
 t, w          72   1.29244392383999     
 t, w          71   1.29247713566360     
 t, w          70   1.29251082210653     
 t, w          69   1.29254504616466     
 t, w          68   1.29257993682149     
 t, w          67   1.29261318414681     
 t, w          66   1.29264449852554     
 t, w          65   1.29267544457318     
 t, w          64   1.29270541432449     
 t, w          63   1.29273311708079     
 t, w          62   1.29275889758875     
 t, w          61   1.29278176908904     
 t, w          60   1.29280231591474     
 t, w          59   1.29281776235897     
 t, w          58   1.29283027852188     
 t, w          57   1.29283424604278     
 t, w          56   1.29283437603245     
 t, w          55   1.29282739193457     
 t, w          54   1.29281527499804     
 t, w          53   1.29279551204895     
 t, w          52   1.29276965005271     
 t, w          51   1.29273561635924     
 t, w          50   1.29269234596427     
 t, w          49   1.29264061518866     
 t, w          48   1.29258339434776     
 t, w          47   1.29250690300467     
 t, w          46   1.29241708665787     
 t, w          45   1.29231349564211     
 t, w          44   1.29219838828379     
 t, w          43   1.29206947704270     
 t, w          42   1.29192781027196     
 t, w          41   1.29176906224703     
 t, w          40   1.29160069143433     
 t, w          39   1.29142446833077     
 t, w          38   1.29124327285632     
 t, w          37   1.29105662282618     
 t, w          36   1.29086540260067     
 t, w          35   1.29066207465017     
 t, w          34   1.29042591611969     
 t, w          33   1.29017676669848     
 t, w          32   1.28991212272039     
 t, w          31   1.28962414150159     
 t, w          30   1.28932354617079     
 t, w          29   1.28901718003756     
 t, w          28   1.28868970894036     
 t, w          27   1.28834879378875     
 t, w          26   1.28800845473472     
 t, w          25   1.28766605797162     
 t, w          24   1.28729667247598     
 t, w          23   1.28689857332435     
 t, w          22   1.28649421721498     
 t, w          21   1.28608322155506     
 t, w          20   1.28567042269047     
 t, w          19   1.28525288504574     
 t, w          18   1.28483305289292     
 t, w          17   1.28439958078542     
 t, w          16   1.28396677464214     
 t, w          15   1.28352723275697     
 t, w          14   1.28306671460363     
 t, w          13   1.28260848447021     
 t, w          12   1.28213926160779     
 t, w          11   1.28166744868816     
 t, w          10   1.28115236517886     
 t, w           9   1.28067641693854     
 t, w           8   1.28022000476409     
 t, w           7   1.27972910574147     
 t, w           6   1.27940176478579     
 t, w           5   1.27907600587546     
 t, w           4   1.27895149408847     
 t, w           3   1.27915539013848     
 t, w           2   1.27958265183267     
 t, mu           2  0.223495381778853     
 t, mu           3  0.223495381778853     
 t, mu           4  0.223495381778853     
 t, mu           5  0.223495381778853     
 t, mu           6  0.223495381778853     
 t, mu           7  0.223495381778853     
 t, mu           8  0.223495381778853     
 t, mu           9  0.223495381778853     
 t, mu          10  0.223495381778853     
 t, mu          11  0.223495381778853     
 t, mu          12  0.223495381778853     
 t, mu          13  0.223495381778853     
 t, mu          14  0.223495381778853     
 t, mu          15  0.223495381778853     
 t, mu          16  0.223495381778853     
 t, mu          17  0.223495381778853     
 t, mu          18  0.223495381778853     
 t, mu          19  0.223495381778853     
 t, mu          20  0.223495381778853     
 t, mu          21  0.223495381778853     
 t, mu          22  0.223495381778853     
 t, mu          23  0.223495381778853     
 t, mu          24  0.223495381778853     
 t, mu          25  0.223495381778853     
 t, mu          26  0.223495381778853     
 t, mu          27  0.223495381778853     
 t, mu          28  0.223495381778853     
 t, mu          29  0.223495381778853     
 t, mu          30  0.223495381778853     
 t, mu          31  0.223495381778853     
 t, mu          32  0.223495381778853     
 t, mu          33  0.223495381778853     
 t, mu          34  0.223495381778853     
 t, mu          35  0.223495381778853     
 t, mu          36  0.223495381778853     
 t, mu          37  0.223495381778853     
 t, mu          38  0.223495381778853     
 t, mu          39  0.223495381778853     
 t, mu          40  0.223495381778853     
 t, mu          41  0.223495381778853     
 t, mu          42  0.223495381778853     
 t, mu          43  0.223495381778853     
 t, mu          44  0.223495381778853     
 t, mu          45  0.223495381778853     
 t, mu          46  0.223495381778853     
 t, mu          47  0.223495381778853     
 t, mu          48  0.223495381778853     
 t, mu          49  0.223495381778853     
 t, mu          50  0.223495381778853     
 t, mu          51  0.223495381778853     
 t, mu          52  0.223495381778853     
 t, mu          53  0.223495381778853     
 t, mu          54  0.223495381778853     
 t, mu          55  0.223495381778853     
 t, mu          56  0.223495381778853     
 t, mu          57  0.223495381778853     
 t, mu          58  0.223495381778853     
 t, mu          59  0.223495381778853     
 t, mu          60  0.223495381778853     
 t, mu          61  0.223495381778853     
 t, mu          62  0.223495381778853     
 t, mu          63  0.223495381778853     
 t, mu          64  0.223495381778853     
 t, mu          65  0.223495381778853     
 t, mu          66  0.223495381778853     
 t, mu          67  0.223495381778853     
 t, mu          68  0.223495381778853     
 t, mu          69  0.223495381778853     
 t, mu          70  0.223495381778853     
 t, mu          71  0.223495381778853     
 t, mu          72  0.223495381778853     
 t, mu          73  0.223495381778853     
 t, mu          74  0.223495381778853     
 t, mu          75  0.223495381778853     
 t, mu          76  0.223495381778853     
 t, mu          77  0.223495381778853     
 t, mu          78  0.223495381778853     
 t, mu          79  0.223495381778853     
 t, mu          80  0.223495381778853     
 t, mu          81  0.223495381778853     
 t, mu          82  0.223495381778853     
 t, mu          83  0.223495381778853     
 t, mu          84  0.223495381778853     
 t, mu          85  0.223495381778853     
 t, mu          86  0.223495381778853     
 t, mu          87  0.223495381778853     
 t, mu          88  0.223495381778853     
 t, mu          89  0.223495381778853     
 t, mu          90  0.223495381778853     
 t, mu          91  0.223495381778853     
 t, mu          92  0.223495381778853     
 t, mu          93  0.223495381778853     
 t, mu          94  0.223495381778853     
 t, mu          95  0.223495381778853     
 t, mu          96  0.223495381778853     
 t, mu          97  0.223495381778853     
 t, mu          98  0.223495381778853     
 t, mu          99  0.223495381778853     
 t, mu         100  0.223495381778853     
 t, mu         101  0.223495381778853     
 t, mu         102  0.223495381778853     
 t, mu         103  0.223495381778853     
 t, mu         104  0.223495381778853     
 t, mu         105  0.223495381778853     
 t, mu         106  0.223495381778853     
 t, mu         107  0.223495381778853     
 t, mu         108  0.223495381778853     
 t, mu         109  0.223495381778853     
 t, mu         110  0.223495381778853     
 t, mu         111  0.223495381778853     
 t, mu         112  0.223495381778853     
 t, mu         113  0.223495381778853     
 t, mu         114  0.223495381778853     
 t, mu         115  0.223495381778853     
 t, mu         116  0.223495381778853     
 t, mu         117  0.223495381778853     
 t, mu         118  0.223495381778853     
 t, mu         119  0.223495381778853     
 iter_tr, d_tr            4  3.439528673818455E-003
  
 backward induction
 t, w         119   1.29227613063207     
 t, w         118   1.29227901122957     
 t, w         117   1.29227874921735     
 t, w         116   1.29227468218287     
 t, w         115   1.29226609942095     
 t, w         114   1.29224226455635     
 t, w         113   1.29221438272612     
 t, w         112   1.29221457443590     
 t, w         111   1.29221410373001     
 t, w         110   1.29221385416699     
 t, w         109   1.29221065391700     
 t, w         108   1.29220675985674     
 t, w         107   1.29220219409180     
 t, w         106   1.29219843625401     
 t, w         105   1.29219305877393     
 t, w         104   1.29219181945550     
 t, w         103   1.29218451454626     
 t, w         102   1.29217484739075     
 t, w         101   1.29216395335001     
 t, w         100   1.29215125067978     
 t, w          99   1.29214490570696     
 t, w          98   1.29213673916261     
 t, w          97   1.29212849362570     
 t, w          96   1.29212604082568     
 t, w          95   1.29212237047833     
 t, w          94   1.29211903780259     
 t, w          93   1.29211907473561     
 t, w          92   1.29211563747304     
 t, w          91   1.29211524265934     
 t, w          90   1.29211716741917     
 t, w          89   1.29211957780329     
 t, w          88   1.29212480125373     
 t, w          87   1.29213200436988     
 t, w          86   1.29213942178166     
 t, w          85   1.29214837350226     
 t, w          84   1.29216289639113     
 t, w          83   1.29217699003920     
 t, w          82   1.29219165116942     
 t, w          81   1.29220826912321     
 t, w          80   1.29222342028770     
 t, w          79   1.29224223597837     
 t, w          78   1.29226124414368     
 t, w          77   1.29228117591009     
 t, w          76   1.29230434539831     
 t, w          75   1.29232901572041     
 t, w          74   1.29235572897790     
 t, w          73   1.29238494248723     
 t, w          72   1.29241275653725     
 t, w          71   1.29244190404222     
 t, w          70   1.29247512408272     
 t, w          69   1.29250901558351     
 t, w          68   1.29254357522365     
 t, w          67   1.29257698430326     
 t, w          66   1.29260855237922     
 t, w          65   1.29263975657315     
 t, w          64   1.29266996368096     
 t, w          63   1.29269798641714     
 t, w          62   1.29272431239580     
 t, w          61   1.29274789544174     
 t, w          60   1.29276932367812     
 t, w          59   1.29278587701073     
 t, w          58   1.29279957506449     
 t, w          57   1.29280520923762     
 t, w          56   1.29280715660390     
 t, w          55   1.29280220476655     
 t, w          54   1.29279232247550     
 t, w          53   1.29277497334411     
 t, w          52   1.29275174393208     
 t, w          51   1.29272053498311     
 t, w          50   1.29268032029246     
 t, w          49   1.29263174991005     
 t, w          48   1.29257729897160     
 t, w          47   1.29250382592228     
 t, w          46   1.29241682114394     
 t, w          45   1.29231572152031     
 t, w          44   1.29220283982730     
 t, w          43   1.29207586290777     
 t, w          42   1.29193612377382     
 t, w          41   1.29177921509617     
 t, w          40   1.29161272936152     
 t, w          39   1.29143765273471     
 t, w          38   1.29125745973502     
 t, w          37   1.29107205749883     
 t, w          36   1.29088266845040     
 t, w          35   1.29068345370843     
 t, w          34   1.29044963134558     
 t, w          33   1.29020076939772     
 t, w          32   1.28993614026962     
 t, w          31   1.28965005658695     
 t, w          30   1.28934844733718     
 t, w          29   1.28904127320278     
 t, w          28   1.28871430097366     
 t, w          27   1.28837648115317     
 t, w          26   1.28803641581387     
 t, w          25   1.28769514080091     
 t, w          24   1.28733604059658     
 t, w          23   1.28693613632090     
 t, w          22   1.28653021226981     
 t, w          21   1.28611809746089     
 t, w          20   1.28570376280778     
 t, w          19   1.28528468470562     
 t, w          18   1.28486335106441     
 t, w          17   1.28442953936231     
 t, w          16   1.28399698557449     
 t, w          15   1.28355754559353     
 t, w          14   1.28309777799054     
 t, w          13   1.28264110572151     
 t, w          12   1.28217352328337     
 t, w          11   1.28170096624824     
 t, w          10   1.28117933605219     
 t, w           9   1.28070632839342     
 t, w           8   1.28025006489389     
 t, w           7   1.27975574913851     
 t, w           6   1.27942651145839     
 t, w           5   1.27909344219794     
 t, w           4   1.27895827216727     
 t, w           3   1.27915268327417     
 t, w           2   1.27955649802440     
 t, mu           2  0.223495381778853     
 t, mu           3  0.223495381778853     
 t, mu           4  0.223495381778853     
 t, mu           5  0.223495381778853     
 t, mu           6  0.223495381778853     
 t, mu           7  0.223495381778853     
 t, mu           8  0.223495381778853     
 t, mu           9  0.223495381778853     
 t, mu          10  0.223495381778853     
 t, mu          11  0.223495381778853     
 t, mu          12  0.223495381778853     
 t, mu          13  0.223495381778853     
 t, mu          14  0.223495381778853     
 t, mu          15  0.223495381778853     
 t, mu          16  0.223495381778853     
 t, mu          17  0.223495381778853     
 t, mu          18  0.223495381778853     
 t, mu          19  0.223495381778853     
 t, mu          20  0.223495381778853     
 t, mu          21  0.223495381778853     
 t, mu          22  0.223495381778853     
 t, mu          23  0.223495381778853     
 t, mu          24  0.223495381778853     
 t, mu          25  0.223495381778853     
 t, mu          26  0.223495381778853     
 t, mu          27  0.223495381778853     
 t, mu          28  0.223495381778853     
 t, mu          29  0.223495381778853     
 t, mu          30  0.223495381778853     
 t, mu          31  0.223495381778853     
 t, mu          32  0.223495381778853     
 t, mu          33  0.223495381778853     
 t, mu          34  0.223495381778853     
 t, mu          35  0.223495381778853     
 t, mu          36  0.223495381778853     
 t, mu          37  0.223495381778853     
 t, mu          38  0.223495381778853     
 t, mu          39  0.223495381778853     
 t, mu          40  0.223495381778853     
 t, mu          41  0.223495381778853     
 t, mu          42  0.223495381778853     
 t, mu          43  0.223495381778853     
 t, mu          44  0.223495381778853     
 t, mu          45  0.223495381778853     
 t, mu          46  0.223495381778853     
 t, mu          47  0.223495381778853     
 t, mu          48  0.223495381778853     
 t, mu          49  0.223495381778853     
 t, mu          50  0.223495381778853     
 t, mu          51  0.223495381778853     
 t, mu          52  0.223495381778853     
 t, mu          53  0.223495381778853     
 t, mu          54  0.223495381778853     
 t, mu          55  0.223495381778853     
 t, mu          56  0.223495381778853     
 t, mu          57  0.223495381778853     
 t, mu          58  0.223495381778853     
 t, mu          59  0.223495381778853     
 t, mu          60  0.223495381778853     
 t, mu          61  0.223495381778853     
 t, mu          62  0.223495381778853     
 t, mu          63  0.223495381778853     
 t, mu          64  0.223495381778853     
 t, mu          65  0.223495381778853     
 t, mu          66  0.223495381778853     
 t, mu          67  0.223495381778853     
 t, mu          68  0.223495381778853     
 t, mu          69  0.223495381778853     
 t, mu          70  0.223495381778853     
 t, mu          71  0.223495381778853     
 t, mu          72  0.223495381778853     
 t, mu          73  0.223495381778853     
 t, mu          74  0.223495381778853     
 t, mu          75  0.223495381778853     
 t, mu          76  0.223495381778853     
 t, mu          77  0.223495381778853     
 t, mu          78  0.223495381778853     
 t, mu          79  0.223495381778853     
 t, mu          80  0.223495381778853     
 t, mu          81  0.223495381778853     
 t, mu          82  0.223495381778853     
 t, mu          83  0.223495381778853     
 t, mu          84  0.223495381778853     
 t, mu          85  0.223495381778853     
 t, mu          86  0.223495381778853     
 t, mu          87  0.223495381778853     
 t, mu          88  0.223495381778853     
 t, mu          89  0.223495381778853     
 t, mu          90  0.223495381778853     
 t, mu          91  0.223495381778853     
 t, mu          92  0.223495381778853     
 t, mu          93  0.223495381778853     
 t, mu          94  0.223495381778853     
 t, mu          95  0.223495381778853     
 t, mu          96  0.223495381778853     
 t, mu          97  0.223495381778853     
 t, mu          98  0.223495381778853     
 t, mu          99  0.223495381778853     
 t, mu         100  0.223495381778853     
 t, mu         101  0.223495381778853     
 t, mu         102  0.223495381778853     
 t, mu         103  0.223495381778853     
 t, mu         104  0.223495381778853     
 t, mu         105  0.223495381778853     
 t, mu         106  0.223495381778853     
 t, mu         107  0.223495381778853     
 t, mu         108  0.223495381778853     
 t, mu         109  0.223495381778853     
 t, mu         110  0.223495381778853     
 t, mu         111  0.223495381778853     
 t, mu         112  0.223495381778853     
 t, mu         113  0.223495381778853     
 t, mu         114  0.223495381778853     
 t, mu         115  0.223495381778853     
 t, mu         116  0.223495381778853     
 t, mu         117  0.223495381778853     
 t, mu         118  0.223495381778853     
 t, mu         119  0.223495381778853     
 iter_tr, d_tr            5  2.965250047378963E-003
 completed transition
 iter_shock           1
 shock gdp_drop_data1 gdp_t(2)/gdp_t(1)
      0.9682      0.9594      0.9596
 rho_shock gdp_drop_data2 gdp_t(5)/gdp_t(1)
      0.8963      0.9797      0.9800
