 intbirth_k          13   3.20075149453072     
  
 iter_bi, w, d_bi
 maxval(a_un(1:neta*nz,:))   318.175672828155     
 sum g_binding_collateral   62
   1.0000000   1.6726809   0.0002470
 exdem, h  2.140029713987524E-003   1.00494931724267     
   1.00624564522877     
 sum(g_e_o)   12
 maxval(a_un(1:neta*nz,:))   318.198698752934     
 sum g_binding_collateral   54
   2.0000000   1.6725574   0.0001235
 exdem, h  4.806956260594575E-005   1.00606629506588     
   1.00605453155003     
 sum(g_e_o)   12
 maxval(a_un(1:neta*nz,:))   318.203216116839     
 sum g_binding_collateral   54
   3.0000000   1.6726191   0.0000618
 exdem, h  5.864371689425774E-004   1.00575456486568     
   1.00612214230932     
 sum(g_e_o)   12
 maxval(a_un(1:neta*nz,:))   318.200957476678     
 sum g_binding_collateral   54
   4.0000000   1.6725883   0.0000309
 exdem, h  2.861964766980307E-004   1.00590172919650     
   1.00608981167898     
 sum(g_e_o)   12
 maxval(a_un(1:neta*nz,:))   318.199828125255     
 sum g_binding_collateral   54
   5.0000000   1.6725728   0.0000154
 exdem, h  1.355659696620215E-004   1.00597559936612     
   1.00607362668961     
 sum(g_e_o)   12
 maxval(a_un(1:neta*nz,:))   318.199263441707     
 sum g_binding_collateral   54
   6.0000000   1.6725651   0.0000077
 exdem, h  5.656377952867331E-005   1.00601431583184     
   1.00606511067599     
 sum(g_e_o)   12
 maxval(a_un(1:neta*nz,:))   318.198981097974     
 sum g_binding_collateral   54
   7.0000000   1.6725612   0.0000039
 exdem, h  1.633317626481556E-005   1.00605099536772     
   1.00605820631608     
 sum(g_e_o)   12
 maxval(a_un(1:neta*nz,:))   318.198839925617     
 sum g_binding_collateral   54
   8.0000000   1.6725593   0.0000019
 exdem, h  3.113444767333107E-005   1.00605809521153     
   1.00605645682663     
 sum(g_e_o)   12
 maxval(a_un(1:neta*nz,:))   318.198910511836     
 sum g_binding_collateral   54
   9.0000000   1.6725603   0.0000010
 exdem, h  2.362630582553038E-005   1.00605450404182     
   1.00605735462159     
 sum(g_e_o)   12
 accidental_defaults  6.212931578905839E-003
 increase kmax, instst.f90   6.449499915200031E-004
 decrease amin, instst.f90   8.538855044642246E-003
 firm debt/gdp   1.70277750792446        1.70277750793814     
 outliers  3.341771304121721E-014
 spread  7.243844362378052E-003
 outliers_30  0.840218421227994     
 
 iter_cal            1  0.136780258989907     
 k_e firm debt to GDP
     3.2007515     3.2758093     1.8395578     1.7027775
 psi employment
     0.8078366     0.8093015     1.0000000     1.0060574
 alpha labor share
     0.3541539     0.3552098     0.6452855     0.6517211
 var_eps std_dev_i_k 
     0.0125622     0.0128225     0.3370000     0.3147393
 f_o entry_rate
     0.3449642     0.3420897     0.1087989     0.1150409
 gamma i_k_inaction
     0.0592540     0.0592540     0.0810000     0.0733871
 lambda i_k_pos_high_spike
     9.2535972     9.2535972     0.0180000     0.0292067
 mu firms_21_plus
     0.5055283     0.5055283     0.2315106     0.1968733
 chi spread
     0.5587786     0.5587786     1.0233999     1.0292917
 cut_off_model   2.35685920910445     
 
