 intbirth_k          43   13.4831040296833     
  
 iter_bi, w, d_bi
 maxval(a_un(1:neta*nz,:))   391.701216465483     
 sum g_binding_collateral   -4
   1.0000000   2.0397062   0.0000001
 exdem, h  1.786167288853058E-005  0.997817966344278     
  0.997818105854094     
 sum(g_e_o)   16
 accidental_defaults  0.000000000000000E+000
 increase kmax, instst.f90   1.144868792880919E-002
 decrease amin, instst.f90   3.687062697692586E-003
 firm debt/gdp   1.79871588479203        1.79871588480436     
 outliers  1.188414922026482E-010
 outliers_30  0.943988698170296     
  
 iter_bi, w, d_bi
 maxval(a_un(1:neta*nz,:))   391.701216465483     
 sum g_binding_collateral   -4
   1.0000000   2.0397062   0.0000001
 exdem, h  1.786167288853058E-005  0.997817966344278     
  0.997818105854094     
 sum(g_e_o)   16
 accidental_defaults  0.000000000000000E+000
 increase kmax, fistst.f90   1.144868792880919E-002
 decrease amin, fistst.f90   3.687062697692586E-003
 firm debt/gdp   1.79871588479203        1.79871588480436     
  
 transition 
  
 backward induction
 t, w         119   2.03985273112883     
 t, w         118   2.03985760535169     
 t, w         117   2.03985503510016     
 t, w         116   2.03985147029288     
 t, w         115   2.03984720804703     
 t, w         114   2.03984256262461     
 t, w         113   2.03983716778838     
 t, w         112   2.03983131880173     
 t, w         111   2.03982489569102     
 t, w         110   2.03981749124962     
 t, w         109   2.03981004448814     
 t, w         108   2.03980221697796     
 t, w         107   2.03979408811845     
 t, w         106   2.03978566476609     
 t, w         105   2.03977704725500     
 t, w         104   2.03976804880224     
 t, w         103   2.03975865926164     
 t, w         102   2.03974923696869     
 t, w         101   2.03973958199856     
 t, w         100   2.03972946543771     
 t, w          99   2.03971928409769     
 t, w          98   2.03970873623784     
 t, w          97   2.03969795300626     
 t, w          96   2.03968689056461     
 t, w          95   2.03967551803678     
 t, w          94   2.03966408737289     
 t, w          93   2.03965264679990     
 t, w          92   2.03964091932833     
 t, w          91   2.03962907190884     
 t, w          90   2.03961546473293     
 t, w          89   2.03960364624946     
 t, w          88   2.03959160242607     
 t, w          87   2.03957843595636     
 t, w          86   2.03956610451448     
 t, w          85   2.03955342187388     
 t, w          84   2.03954169560725     
 t, w          83   2.03952819905587     
 t, w          82   2.03951607780775     
 t, w          81   2.03950299068767     
 t, w          80   2.03949152279866     
 t, w          79   2.03947715797768     
 t, w          78   2.03946363702032     
 t, w          77   2.03945230473810     
 t, w          76   2.03944175376837     
 t, w          75   2.03943025690745     
 t, w          74   2.03941707728735     
 t, w          73   2.03940682769920     
 t, w          72   2.03939901511541     
 t, w          71   2.03938594515659     
 t, w          70   2.03937061417407     
 t, w          69   2.03935077588431     
 t, w          68   2.03932665213861     
 t, w          67   2.03929620885701     
 t, w          66   2.03925717528804     
 t, w          65   2.03920508230424     
 t, w          64   2.03915296780982     
 t, w          63   2.03910185214753     
 t, w          62   2.03905222734265     
 t, w          61   2.03899947176115     
 t, w          60   2.03892920812439     
 t, w          59   2.03884331555206     
 t, w          58   2.03875396277654     
 t, w          57   2.03866025169357     
 t, w          56   2.03856267974311     
 t, w          55   2.03846088167081     
 t, w          54   2.03835468791410     
 t, w          53   2.03824463101846     
 t, w          52   2.03813052216052     
 t, w          51   2.03801231422490     
 t, w          50   2.03788996903087     
 t, w          49   2.03776412777084     
 t, w          48   2.03763445732152     
 t, w          47   2.03750181216041     
 t, w          46   2.03736709814749     
 t, w          45   2.03723156487159     
 t, w          44   2.03709560304464     
 t, w          43   2.03696167212959     
 t, w          42   2.03683209683466     
 t, w          41   2.03670878453820     
 t, w          40   2.03659364262263     
 t, w          39   2.03649029172650     
 t, w          38   2.03639527161116     
 t, w          37   2.03625399613736     
 t, w          36   2.03605600054274     
 t, w          35   2.03580772177236     
 t, w          34   2.03552339469561     
 t, w          33   2.03517060820547     
 t, w          32   2.03470291162076     
 t, w          31   2.03421639291479     
 t, w          30   2.03370901954701     
 t, w          29   2.03318353909304     
 t, w          28   2.03263637765973     
 t, w          27   2.03206826287210     
 t, w          26   2.03148038051035     
 t, w          25   2.03087256370155     
 t, w          24   2.03024434122702     
 t, w          23   2.02959602627809     
 t, w          22   2.02892697367861     
 t, w          21   2.02823865972606     
 t, w          20   2.02753419656624     
 t, w          19   2.02680465011724     
 t, w          18   2.02604305651368     
 t, w          17   2.02525871567513     
 t, w          16   2.02445248216702     
 t, w          15   2.02360605021222     
 t, w          14   2.02271835171523     
 t, w          13   2.02181577543063     
 t, w          12   2.02091978242831     
 t, w          11   2.01989835455485     
 t, w          10   2.01897135185343     
 t, w           9   2.01837778605999     
 t, w           8   2.01781708223005     
 t, w           7   2.01721482458458     
 t, w           6   2.01694763670558     
 t, w           5   2.01660670490124     
 t, w           4   2.01673750046357     
 t, w           3   2.01685622831837     
 t, w           2   2.01683165596189     
 t, mu           2  0.191607674523801     
 t, mu           3  0.191607674523801     
 t, mu           4  0.191607674523801     
 t, mu           5  0.191607674523801     
 t, mu           6  0.191607674523801     
 t, mu           7  0.191607674523801     
 t, mu           8  0.191607674523801     
 t, mu           9  0.191607674523801     
 t, mu          10  0.191607674523801     
 t, mu          11  0.191607674523801     
 t, mu          12  0.191607674523801     
 t, mu          13  0.191607674523801     
 t, mu          14  0.191607674523801     
 t, mu          15  0.191607674523801     
 t, mu          16  0.191607674523801     
 t, mu          17  0.191607674523801     
 t, mu          18  0.191607674523801     
 t, mu          19  0.191607674523801     
 t, mu          20  0.191607674523801     
 t, mu          21  0.191607674523801     
 t, mu          22  0.191607674523801     
 t, mu          23  0.191607674523801     
 t, mu          24  0.191607674523801     
 t, mu          25  0.191607674523801     
 t, mu          26  0.191607674523801     
 t, mu          27  0.191607674523801     
 t, mu          28  0.191607674523801     
 t, mu          29  0.191607674523801     
 t, mu          30  0.191607674523801     
 t, mu          31  0.191607674523801     
 t, mu          32  0.191607674523801     
 t, mu          33  0.191607674523801     
 t, mu          34  0.191607674523801     
 t, mu          35  0.191607674523801     
 t, mu          36  0.191607674523801     
 t, mu          37  0.191607674523801     
 t, mu          38  0.191607674523801     
 t, mu          39  0.191607674523801     
 t, mu          40  0.191607674523801     
 t, mu          41  0.191607674523801     
 t, mu          42  0.191607674523801     
 t, mu          43  0.191607674523801     
 t, mu          44  0.191607674523801     
 t, mu          45  0.191607674523801     
 t, mu          46  0.191607674523801     
 t, mu          47  0.191607674523801     
 t, mu          48  0.191607674523801     
 t, mu          49  0.191607674523801     
 t, mu          50  0.191607674523801     
 t, mu          51  0.191607674523801     
 t, mu          52  0.191607674523801     
 t, mu          53  0.191607674523801     
 t, mu          54  0.191607674523801     
 t, mu          55  0.191607674523801     
 t, mu          56  0.191607674523801     
 t, mu          57  0.191607674523801     
 t, mu          58  0.191607674523801     
 t, mu          59  0.191607674523801     
 t, mu          60  0.191607674523801     
 t, mu          61  0.191607674523801     
 t, mu          62  0.191607674523801     
 t, mu          63  0.191607674523801     
 t, mu          64  0.191607674523801     
 t, mu          65  0.191607674523801     
 t, mu          66  0.191607674523801     
 t, mu          67  0.191607674523801     
 t, mu          68  0.191607674523801     
 t, mu          69  0.191607674523801     
 t, mu          70  0.191607674523801     
 t, mu          71  0.191607674523801     
 t, mu          72  0.191607674523801     
 t, mu          73  0.191607674523801     
 t, mu          74  0.191607674523801     
 t, mu          75  0.191607674523801     
 t, mu          76  0.191607674523801     
 t, mu          77  0.191607674523801     
 t, mu          78  0.191607674523801     
 t, mu          79  0.191607674523801     
 t, mu          80  0.191607674523801     
 t, mu          81  0.191607674523801     
 t, mu          82  0.191607674523801     
 t, mu          83  0.191607674523801     
 t, mu          84  0.191607674523801     
 t, mu          85  0.191607674523801     
 t, mu          86  0.191607674523801     
 t, mu          87  0.191607674523801     
 t, mu          88  0.191607674523801     
 t, mu          89  0.191607674523801     
 t, mu          90  0.191607674523801     
 t, mu          91  0.191607674523801     
 t, mu          92  0.191607674523801     
 t, mu          93  0.191607674523801     
 t, mu          94  0.191607674523801     
 t, mu          95  0.191607674523801     
 t, mu          96  0.191607674523801     
 t, mu          97  0.191607674523801     
 t, mu          98  0.191607674523801     
 t, mu          99  0.191607674523801     
 t, mu         100  0.191607674523801     
 t, mu         101  0.191607674523801     
 t, mu         102  0.191607674523801     
 t, mu         103  0.191607674523801     
 t, mu         104  0.191607674523801     
 t, mu         105  0.191607674523801     
 t, mu         106  0.191607674523801     
 t, mu         107  0.191607674523801     
 t, mu         108  0.191607674523801     
 t, mu         109  0.191607674523801     
 t, mu         110  0.191607674523801     
 t, mu         111  0.191607674523801     
 t, mu         112  0.191607674523801     
 t, mu         113  0.191607674523801     
 t, mu         114  0.191607674523801     
 t, mu         115  0.191607674523801     
 t, mu         116  0.191607674523801     
 t, mu         117  0.191607674523801     
 t, mu         118  0.191607674523801     
 t, mu         119  0.191607674523801     
 iter_tr, d_tr            1  3.453811237299147E-003
  
 backward induction
 t, w         119   2.03985550479461     
 t, w         118   2.03986046100226     
 t, w         117   2.03985799313631     
 t, w         116   2.03985453477993     
 t, w         115   2.03985038093426     
 t, w         114   2.03984584063648     
 t, w         113   2.03984052916831     
 t, w         112   2.03983477496078     
 t, w         111   2.03982843977366     
 t, w         110   2.03982111479855     
 t, w         109   2.03981376493720     
 t, w         108   2.03980601968477     
 t, w         107   2.03979799458132     
 t, w         106   2.03978965959847     
 t, w         105   2.03978112632708     
 t, w         104   2.03977220632683     
 t, w         103   2.03976289377186     
 t, w         102   2.03975356165869     
 t, w         101   2.03974396872665     
 t, w         100   2.03973392428025     
 t, w          99   2.03972382696477     
 t, w          98   2.03971331883841     
 t, w          97   2.03970256690679     
 t, w          96   2.03969153378956     
 t, w          95   2.03968016891968     
 t, w          94   2.03966871393310     
 t, w          93   2.03965722004301     
 t, w          92   2.03964543288277     
 t, w          91   2.03963349821454     
 t, w          90   2.03961983441537     
 t, w          89   2.03960790693385     
 t, w          88   2.03959572379650     
 t, w          87   2.03958244964043     
 t, w          86   2.03956998169178     
 t, w          85   2.03955715756102     
 t, w          84   2.03954520831448     
 t, w          83   2.03953152924718     
 t, w          82   2.03951912876924     
 t, w          81   2.03950576347320     
 t, w          80   2.03949394218621     
 t, w          79   2.03947932636925     
 t, w          78   2.03946549873524     
 t, w          77   2.03945377073636     
 t, w          76   2.03944282596308     
 t, w          75   2.03943100684816     
 t, w          74   2.03941762484058     
 t, w          73   2.03940712247046     
 t, w          72   2.03939912673101     
 t, w          71   2.03938635898344     
 t, w          70   2.03937209561991     
 t, w          69   2.03935698076638     
 t, w          68   2.03932747797781     
 t, w          67   2.03930285337458     
 t, w          66   2.03926264538327     
 t, w          65   2.03921006474505     
 t, w          64   2.03915759990880     
 t, w          63   2.03910606442060     
 t, w          62   2.03905607012423     
 t, w          61   2.03900393045024     
 t, w          60   2.03893416712741     
 t, w          59   2.03884802076014     
 t, w          58   2.03875838361515     
 t, w          57   2.03866434947308     
 t, w          56   2.03856642523115     
 t, w          55   2.03846426795494     
 t, w          54   2.03835770047911     
 t, w          53   2.03824724730702     
 t, w          52   2.03813269655834     
 t, w          51   2.03801402297615     
 t, w          50   2.03789120592270     
 t, w          49   2.03776475961807     
 t, w          48   2.03763447886853     
 t, w          47   2.03750128226917     
 t, w          46   2.03736597263502     
 t, w          45   2.03722988054120     
 t, w          44   2.03709332444933     
 t, w          43   2.03695882100050     
 t, w          42   2.03682884904972     
 t, w          41   2.03670520435448     
 t, w          40   2.03658993281589     
 t, w          39   2.03648690781806     
 t, w          38   2.03639194031952     
 t, w          37   2.03625282777537     
 t, w          36   2.03606762299022     
 t, w          35   2.03581080634840     
 t, w          34   2.03551929255033     
 t, w          33   2.03516186627514     
 t, w          32   2.03469375879316     
 t, w          31   2.03420656234213     
 t, w          30   2.03369875721466     
 t, w          29   2.03317277449461     
 t, w          28   2.03262510093623     
 t, w          27   2.03205660631967     
 t, w          26   2.03146841464400     
 t, w          25   2.03086035447598     
 t, w          24   2.03023206581081     
 t, w          23   2.02958388956856     
 t, w          22   2.02891512995933     
 t, w          21   2.02822768747981     
 t, w          20   2.02752789567633     
 t, w          19   2.02679505038125     
 t, w          18   2.02602647317681     
 t, w          17   2.02524251721099     
 t, w          16   2.02443641510046     
 t, w          15   2.02358960084586     
 t, w          14   2.02270227838699     
 t, w          13   2.02179937675352     
 t, w          12   2.02090325856620     
 t, w          11   2.01988485793164     
 t, w          10   2.01894523772928     
 t, w           9   2.01834928018287     
 t, w           8   2.01779117000671     
 t, w           7   2.01718300993737     
 t, w           6   2.01691378420189     
 t, w           5   2.01657133180310     
 t, w           4   2.01669849008400     
 t, w           3   2.01681904009846     
 t, w           2   2.01678564306768     
 t, mu           2  0.191607674523801     
 t, mu           3  0.191607674523801     
 t, mu           4  0.191607674523801     
 t, mu           5  0.191607674523801     
 t, mu           6  0.191607674523801     
 t, mu           7  0.191607674523801     
 t, mu           8  0.191607674523801     
 t, mu           9  0.191607674523801     
 t, mu          10  0.191607674523801     
 t, mu          11  0.191607674523801     
 t, mu          12  0.191607674523801     
 t, mu          13  0.191607674523801     
 t, mu          14  0.191607674523801     
 t, mu          15  0.191607674523801     
 t, mu          16  0.191607674523801     
 t, mu          17  0.191607674523801     
 t, mu          18  0.191607674523801     
 t, mu          19  0.191607674523801     
 t, mu          20  0.191607674523801     
 t, mu          21  0.191607674523801     
 t, mu          22  0.191607674523801     
 t, mu          23  0.191607674523801     
 t, mu          24  0.191607674523801     
 t, mu          25  0.191607674523801     
 t, mu          26  0.191607674523801     
 t, mu          27  0.191607674523801     
 t, mu          28  0.191607674523801     
 t, mu          29  0.191607674523801     
 t, mu          30  0.191607674523801     
 t, mu          31  0.191607674523801     
 t, mu          32  0.191607674523801     
 t, mu          33  0.191607674523801     
 t, mu          34  0.191607674523801     
 t, mu          35  0.191607674523801     
 t, mu          36  0.191607674523801     
 t, mu          37  0.191607674523801     
 t, mu          38  0.191607674523801     
 t, mu          39  0.191607674523801     
 t, mu          40  0.191607674523801     
 t, mu          41  0.191607674523801     
 t, mu          42  0.191607674523801     
 t, mu          43  0.191607674523801     
 t, mu          44  0.191607674523801     
 t, mu          45  0.191607674523801     
 t, mu          46  0.191607674523801     
 t, mu          47  0.191607674523801     
 t, mu          48  0.191607674523801     
 t, mu          49  0.191607674523801     
 t, mu          50  0.191607674523801     
 t, mu          51  0.191607674523801     
 t, mu          52  0.191607674523801     
 t, mu          53  0.191607674523801     
 t, mu          54  0.191607674523801     
 t, mu          55  0.191607674523801     
 t, mu          56  0.191607674523801     
 t, mu          57  0.191607674523801     
 t, mu          58  0.191607674523801     
 t, mu          59  0.191607674523801     
 t, mu          60  0.191607674523801     
 t, mu          61  0.191607674523801     
 t, mu          62  0.191607674523801     
 t, mu          63  0.191607674523801     
 t, mu          64  0.191607674523801     
 t, mu          65  0.191607674523801     
 t, mu          66  0.191607674523801     
 t, mu          67  0.191607674523801     
 t, mu          68  0.191607674523801     
 t, mu          69  0.191607674523801     
 t, mu          70  0.191607674523801     
 t, mu          71  0.191607674523801     
 t, mu          72  0.191607674523801     
 t, mu          73  0.191607674523801     
 t, mu          74  0.191607674523801     
 t, mu          75  0.191607674523801     
 t, mu          76  0.191607674523801     
 t, mu          77  0.191607674523801     
 t, mu          78  0.191607674523801     
 t, mu          79  0.191607674523801     
 t, mu          80  0.191607674523801     
 t, mu          81  0.191607674523801     
 t, mu          82  0.191607674523801     
 t, mu          83  0.191607674523801     
 t, mu          84  0.191607674523801     
 t, mu          85  0.191607674523801     
 t, mu          86  0.191607674523801     
 t, mu          87  0.191607674523801     
 t, mu          88  0.191607674523801     
 t, mu          89  0.191607674523801     
 t, mu          90  0.191607674523801     
 t, mu          91  0.191607674523801     
 t, mu          92  0.191607674523801     
 t, mu          93  0.191607674523801     
 t, mu          94  0.191607674523801     
 t, mu          95  0.191607674523801     
 t, mu          96  0.191607674523801     
 t, mu          97  0.191607674523801     
 t, mu          98  0.191607674523801     
 t, mu          99  0.191607674523801     
 t, mu         100  0.191607674523801     
 t, mu         101  0.191607674523801     
 t, mu         102  0.191607674523801     
 t, mu         103  0.191607674523801     
 t, mu         104  0.191607674523801     
 t, mu         105  0.191607674523801     
 t, mu         106  0.191607674523801     
 t, mu         107  0.191607674523801     
 t, mu         108  0.191607674523801     
 t, mu         109  0.191607674523801     
 t, mu         110  0.191607674523801     
 t, mu         111  0.191607674523801     
 t, mu         112  0.191607674523801     
 t, mu         113  0.191607674523801     
 t, mu         114  0.191607674523801     
 t, mu         115  0.191607674523801     
 t, mu         116  0.191607674523801     
 t, mu         117  0.191607674523801     
 t, mu         118  0.191607674523801     
 t, mu         119  0.191607674523801     
 iter_tr, d_tr            2  2.666129970714665E-003
 begin loss_entry_t and gain_entry_t
 end loss_entry_t and gain_entry_t
 begin loss_and_gain_exit_and_incumbent_t
 sum           2
   0.3772815   0.3772815
 sum           3
   0.3647598   0.3647598
 sum           4
   0.3596872   0.3596872
 sum           5
   0.3538231   0.3538231
 sum           6
   0.3646582   0.3646582
 sum           7
   0.3689220   0.3682098
 sum           8
   0.3708794   0.3697289
 sum           9
   0.3721239   0.3708057
 sum          10
   0.3730267   0.3714634
 sum          11
   0.3737052   0.3722204
 sum          12
   0.3742361   0.3726948
 sum          13
   0.3746582   0.3730738
 sum          14
   0.3749997   0.3733707
 sum          15
   0.3752815   0.3736588
 sum          16
   0.3755173   0.3739173
 sum          17
   0.3757173   0.3741567
 sum          18
   0.3758886   0.3743545
 sum          19
   0.3760369   0.3747145
 sum          20
   0.3761662   0.3749490
 sum          21
   0.3762799   0.3749708
 sum          22
   0.3763805   0.3750865
 sum          23
   0.3764702   0.3752100
 sum          24
   0.3765505   0.3753368
 sum          25
   0.3766230   0.3754595
 sum          26
   0.3766886   0.3755789
 sum          27
   0.3767484   0.3756931
 sum          28
   0.3768031   0.3758039
 sum          29
   0.3768533   0.3759110
 sum          30
   0.3768997   0.3760131
 sum          31
   0.3769425   0.3761069
 sum          32
   0.3769824   0.3761990
 sum          33
   0.3770195   0.3762889
 sum          34
   0.3770541   0.3763672
 sum          35
   0.3770866   0.3764474
 sum          36
   0.3771171   0.3765229
 sum          37
   0.3771458   0.3765948
 sum          38
   0.3771728   0.3766652
 sum          39
   0.3771984   0.3767410
 sum          40
   0.3772227   0.3768091
 sum          41
   0.3772457   0.3768730
 sum          42
   0.3772676   0.3769359
 sum          43
   0.3772884   0.3769964
 sum          44
   0.3773083   0.3770552
 sum          45
   0.3773272   0.3771126
 sum          46
   0.3773454   0.3771686
 sum          47
   0.3773627   0.3772231
 sum          48
   0.3773793   0.3772757
 sum          49
   0.3773953   0.3773263
 sum          50
   0.3774106   0.3773749
 sum          51
   0.3774253   0.3774217
 sum          52
   0.3774394   0.3774681
 sum          53
   0.3774531   0.3775119
 sum          54
   0.3774662   0.3775538
 sum          55
   0.3774789   0.3775942
 sum          56
   0.3774912   0.3776329
 sum          57
   0.3775030   0.3776699
 sum          58
   0.3775145   0.3777052
 sum          59
   0.3775256   0.3777394
 sum          60
   0.3775364   0.3777716
 sum          61
   0.3775468   0.3778020
 sum          62
   0.3775570   0.3777967
 sum          63
   0.3775669   0.3777709
 sum          64
   0.3775765   0.3777751
 sum          65
   0.3775859   0.3777870
 sum          66
   0.3775950   0.3778017
 sum          67
   0.3776039   0.3778167
 sum          68
   0.3776126   0.3778336
 sum          69
   0.3776211   0.3778503
 sum          70
   0.3776294   0.3776822
 sum          71
   0.3776375   0.3776187
 sum          72
   0.3776455   0.3775809
 sum          73
   0.3776533   0.3775570
 sum          74
   0.3776609   0.3775418
 sum          75
   0.3776684   0.3775321
 sum          76
   0.3776757   0.3775265
 sum          77
   0.3776829   0.3775238
 sum          78
   0.3776900   0.3775234
 sum          79
   0.3776969   0.3775246
 sum          80
   0.3777038   0.3775271
 sum          81
   0.3777105   0.3775312
 sum          82
   0.3777171   0.3775356
 sum          83
   0.3777235   0.3775407
 sum          84
   0.3777299   0.3775463
 sum          85
   0.3777362   0.3775523
 sum          86
   0.3777423   0.3775585
 sum          87
   0.3777484   0.3775650
 sum          88
   0.3777544   0.3775716
 sum          89
   0.3777603   0.3775783
 sum          90
   0.3777661   0.3775851
 sum          91
   0.3777718   0.3775918
 sum          92
   0.3777775   0.3775986
 sum          93
   0.3777830   0.3776053
 sum          94
   0.3777885   0.3776119
 sum          95
   0.3777939   0.3776185
 sum          96
   0.3777992   0.3776251
 sum          97
   0.3778044   0.3776315
 sum          98
   0.3778096   0.3776379
 sum          99
   0.3778147   0.3776441
 sum         100
   0.3778197   0.3776502
 sum         101
   0.3778246   0.3776562
 sum         102
   0.3778295   0.3776620
 sum         103
   0.3778343   0.3776678
 sum         104
   0.3778391   0.3776734
 sum         105
   0.3778438   0.3776789
 sum         106
   0.3778484   0.3776843
 sum         107
   0.3778529   0.3776895
 sum         108
   0.3778574   0.3776946
 sum         109
   0.3778618   0.3776996
 sum         110
   0.3778662   0.3777045
 sum         111
   0.3778705   0.3777093
 sum         112
   0.3778747   0.3777143
 sum         113
   0.3778789   0.3777190
 sum         114
   0.3778831   0.3777237
 sum         115
   0.3778871   0.3777282
 sum         116
   0.3778912   0.3777325
 sum         117
   0.3778951   0.3777369
 sum         118
   0.3778990   0.3777411
 sum         119
   0.3779029   0.3777454
 end output_loss_exit_t
 completed transition
 iter_shock           1
 shock gdp_drop_data1 gdp_t(2)/gdp_t(1)
      0.9588      0.9594      0.9603
 rho_shock gdp_drop_data2 gdp_t(5)/gdp_t(1)
      0.8991      0.9797      0.9840
