 intbirth_k          43   13.4831040296833     
  
 iter_bi, w, d_bi
 maxval(a_un(1:neta*nz,:))   391.527921428305     
 sum g_binding_collateral  114
   1.0000000   2.0018584   0.0000004
 exdem, h  8.741753879562109E-003   1.00190871944925     
  0.997550959698856     
 sum(g_e_o)   15
 accidental_defaults  0.000000000000000E+000
 increase kmax, instst.f90   1.240209418439257E-002
 decrease amin, instst.f90   4.590234810181132E-003
 firm debt/gdp   1.86028591545634        1.86028591548914     
 outliers  9.201817086079700E-011
 outliers_30  0.943443226594854     
  
 iter_bi, w, d_bi
 maxval(a_un(1:neta*nz,:))   391.527921428305     
 sum g_binding_collateral  114
   1.0000000   2.0018584   0.0000004
 exdem, h  8.741753879562109E-003   1.00190871944925     
  0.997550959698856     
 sum(g_e_o)   15
 accidental_defaults  0.000000000000000E+000
 increase kmax, fistst.f90   1.240209418439257E-002
 decrease amin, fistst.f90   4.590234810181132E-003
 firm debt/gdp   1.86028591545634        1.86028591548914     
  
 transition 
  
 backward induction
 t, w         119   2.00180152080116     
 t, w         118   2.00160624633841     
 t, w         117   2.00148194854895     
 t, w         116   2.00137292448911     
 t, w         115   2.00128671257598     
 t, w         114   2.00120311055888     
 t, w         113   2.00111378652226     
 t, w         112   2.00100963723358     
 t, w         111   2.00090293027323     
 t, w         110   2.00079737996056     
 t, w         109   2.00069398764536     
 t, w         108   2.00059268695364     
 t, w         107   2.00049529237246     
 t, w         106   2.00040026378059     
 t, w         105   2.00032559244400     
 t, w         104   2.00019802681831     
 t, w         103   2.00002566439494     
 t, w         102   1.99982831409241     
 t, w         101   1.99962821162822     
 t, w         100   1.99942165146121     
 t, w          99   1.99920416315432     
 t, w          98   1.99901177912027     
 t, w          97   1.99872031504845     
 t, w          96   1.99843470281064     
 t, w          95   1.99810593364581     
 t, w          94   1.99771748710923     
 t, w          93   1.99720845961276     
 t, w          92   1.99658491272719     
 t, w          91   1.99561042447751     
 t, w          90   1.99555670590933     
 t, w          89   1.99546589432979     
 t, w          88   1.99512682107921     
 t, w          87   1.99475632464926     
 t, w          86   1.99455476216522     
 t, w          85   1.99439747484185     
 t, w          84   1.99417882073625     
 t, w          83   1.99398465389004     
 t, w          82   1.99380283010903     
 t, w          81   1.99360105294874     
 t, w          80   1.99336805000795     
 t, w          79   1.99315025365327     
 t, w          78   1.99291164849851     
 t, w          77   1.99267324279952     
 t, w          76   1.99243197918824     
 t, w          75   1.99218324458733     
 t, w          74   1.99195962802076     
 t, w          73   1.99171036210700     
 t, w          72   1.99149823714369     
 t, w          71   1.99125367355837     
 t, w          70   1.99105877063649     
 t, w          69   1.99105308092222     
 t, w          68   1.99090560413602     
 t, w          67   1.99077182917226     
 t, w          66   1.99061725141422     
 t, w          65   1.99041008009306     
 t, w          64   1.99026362168981     
 t, w          63   1.99012183682756     
 t, w          62   1.98993478210796     
 t, w          61   1.98971474240080     
 t, w          60   1.98949825849244     
 t, w          59   1.98932788955284     
 t, w          58   1.98915554101132     
 t, w          57   1.98896096297395     
 t, w          56   1.98877925547501     
 t, w          55   1.98863485084316     
 t, w          54   1.98841495848034     
 t, w          53   1.98822243174073     
 t, w          52   1.98799444957816     
 t, w          51   1.98775629342577     
 t, w          50   1.98762068745413     
 t, w          49   1.98742318304608     
 t, w          48   1.98727266436693     
 t, w          47   1.98711276757726     
 t, w          46   1.98695731474185     
 t, w          45   1.98679149926825     
 t, w          44   1.98660960031313     
 t, w          43   1.98637005967588     
 t, w          42   1.98619977638025     
 t, w          41   1.98557509295816     
 t, w          40   1.98551928413103     
 t, w          39   1.98404814117342     
 t, w          38   1.98576019619302     
 t, w          37   1.98577208138742     
 t, w          36   1.98416878423372     
 t, w          35   1.98393354107945     
 t, w          34   1.98534724884304     
 t, w          33   1.98533425342506     
 t, w          32   1.98895352646495     
 t, w          31   1.98838060569936     
 t, w          30   1.98725946010030     
 t, w          29   1.98364487392183     
 t, w          28   1.98678965316482     
 t, w          27   1.98295974512261     
 t, w          26   1.97917678989592     
 t, w          25   1.98536271935589     
 t, w          24   1.98262411814941     
 t, w          23   1.98180338600991     
 t, w          22   1.98497829423230     
 t, w          21   1.98357453600418     
 t, w          20   1.98680861767725     
 t, w          19   1.98928722026590     
 t, w          18   1.98831519111588     
 t, w          17   1.98803834158083     
 t, w          16   1.98654104929112     
 t, w          15   1.99027898216340     
 t, w          14   1.99111374275481     
 t, w          13   1.99607240594621     
 t, w          12   1.99579717118248     
 t, w          11   1.99481943182362     
 t, w          10   1.99530493269974     
 t, w           9   1.99474228120044     
 t, w           8   1.98997096165257     
 t, w           7   1.98530000227735     
 t, w           6   1.97837280685229     
 t, w           5   1.97786899993125     
 t, w           4   1.98657056303706     
 t, w           3   1.99171384834129     
 t, w           2   1.99681943087204     
 t, mu           2  0.185929034454750     
 t, mu           3  0.185929034454750     
 t, mu           4  0.185929034454750     
 t, mu           5  0.185929034454750     
 t, mu           6  0.185929034454750     
 t, mu           7  0.185929034454750     
 t, mu           8  0.185929034454750     
 t, mu           9  0.185929034454750     
 t, mu          10  0.185929034454750     
 t, mu          11  0.185929034454750     
 t, mu          12  0.185929034454750     
 t, mu          13  0.185929034454750     
 t, mu          14  0.185929034454750     
 t, mu          15  0.185929034454750     
 t, mu          16  0.185929034454750     
 t, mu          17  0.185929034454750     
 t, mu          18  0.185929034454750     
 t, mu          19  0.185929034454750     
 t, mu          20  0.185929034454750     
 t, mu          21  0.185929034454750     
 t, mu          22  0.185929034454750     
 t, mu          23  0.185929034454750     
 t, mu          24  0.185929034454750     
 t, mu          25  0.185929034454750     
 t, mu          26  0.185929034454750     
 t, mu          27  0.185929034454750     
 t, mu          28  0.185929034454750     
 t, mu          29  0.185929034454750     
 t, mu          30  0.185929034454750     
 t, mu          31  0.185929034454750     
 t, mu          32  0.185929034454750     
 t, mu          33  0.185929034454750     
 t, mu          34  0.185929034454750     
 t, mu          35  0.185929034454750     
 t, mu          36  0.185929034454750     
 t, mu          37  0.185929034454750     
 t, mu          38  0.185929034454750     
 t, mu          39  0.185929034454750     
 t, mu          40  0.185929034454750     
 t, mu          41  0.185929034454750     
 t, mu          42  0.185929034454750     
 t, mu          43  0.185929034454750     
 t, mu          44  0.185929034454750     
 t, mu          45  0.185929034454750     
 t, mu          46  0.185929034454750     
 t, mu          47  0.185929034454750     
 t, mu          48  0.185929034454750     
 t, mu          49  0.185929034454750     
 t, mu          50  0.185929034454750     
 t, mu          51  0.185929034454750     
 t, mu          52  0.185929034454750     
 t, mu          53  0.185929034454750     
 t, mu          54  0.185929034454750     
 t, mu          55  0.185929034454750     
 t, mu          56  0.185929034454750     
 t, mu          57  0.185929034454750     
 t, mu          58  0.185929034454750     
 t, mu          59  0.185929034454750     
 t, mu          60  0.185929034454750     
 t, mu          61  0.185929034454750     
 t, mu          62  0.185929034454750     
 t, mu          63  0.185929034454750     
 t, mu          64  0.185929034454750     
 t, mu          65  0.185929034454750     
 t, mu          66  0.185929034454750     
 t, mu          67  0.185929034454750     
 t, mu          68  0.185929034454750     
 t, mu          69  0.185929034454750     
 t, mu          70  0.185929034454750     
 t, mu          71  0.185929034454750     
 t, mu          72  0.185929034454750     
 t, mu          73  0.185929034454750     
 t, mu          74  0.185929034454750     
 t, mu          75  0.185929034454750     
 t, mu          76  0.185929034454750     
 t, mu          77  0.185929034454750     
 t, mu          78  0.185929034454750     
 t, mu          79  0.185929034454750     
 t, mu          80  0.185929034454750     
 t, mu          81  0.185929034454750     
 t, mu          82  0.185929034454750     
 t, mu          83  0.185929034454750     
 t, mu          84  0.185929034454750     
 t, mu          85  0.185929034454750     
 t, mu          86  0.185929034454750     
 t, mu          87  0.185929034454750     
 t, mu          88  0.185929034454750     
 t, mu          89  0.185929034454750     
 t, mu          90  0.185929034454750     
 t, mu          91  0.185929034454750     
 t, mu          92  0.185929034454750     
 t, mu          93  0.185929034454750     
 t, mu          94  0.185929034454750     
 t, mu          95  0.185929034454750     
 t, mu          96  0.185929034454750     
 t, mu          97  0.185929034454750     
 t, mu          98  0.185929034454750     
 t, mu          99  0.185929034454750     
 t, mu         100  0.185929034454750     
 t, mu         101  0.185929034454750     
 t, mu         102  0.185929034454750     
 t, mu         103  0.185929034454750     
 t, mu         104  0.185929034454750     
 t, mu         105  0.185929034454750     
 t, mu         106  0.185929034454750     
 t, mu         107  0.185929034454750     
 t, mu         108  0.185929034454750     
 t, mu         109  0.185929034454750     
 t, mu         110  0.185929034454750     
 t, mu         111  0.185929034454750     
 t, mu         112  0.185929034454750     
 t, mu         113  0.185929034454750     
 t, mu         114  0.185929034454750     
 t, mu         115  0.185929034454750     
 t, mu         116  0.185929034454750     
 t, mu         117  0.185929034454750     
 t, mu         118  0.185929034454750     
 t, mu         119  0.185929034454750     
 iter_tr, d_tr            1  1.905383496929720E-003
 begin loss_entry_t and gain_entry_t
 end loss_entry_t and gain_entry_t
 begin loss_and_gain_exit_and_incumbent_t
 end output_loss_exit_t
 completed transition
 iter_shock           1
 shock firm_debt_gdp_peak_to_trough
      0.3393      0.8400      0.8410
 rho_shock firm_debt_gdp_15th_quarter
      0.9765      0.8584      0.8587
