 intbirth_k          47   15.3035537057567     
  
 iter_bi, w, d_bi
 maxval(a_un(1:neta*nz,:))   401.510516562265     
 sum g_binding_collateral  103
   1.0000000   2.0615948   0.0000003
 exdem, h  3.042884100259435E-004   1.01456996163775     
   1.01472798548546     
 sum(g_e_o)   13
 accidental_defaults  0.000000000000000E+000
 increase kmax, instst.f90   1.500062451409693E-002
 decrease amin, instst.f90   4.890249541779879E-003
 firm debt/gdp   1.76603041926064        1.76603041928872     
 outliers  1.343369859796439E-013
 outliers_30  0.946687732092514     
  
 iter_bi, w, d_bi
 maxval(a_un(1:neta*nz,:))   401.510516562265     
 sum g_binding_collateral  103
   1.0000000   2.0615948   0.0000003
 exdem, h  3.042884100259435E-004   1.01456996163775     
   1.01472798548546     
 sum(g_e_o)   13
 accidental_defaults  0.000000000000000E+000
 increase kmax, fistst.f90   1.500062451409693E-002
 decrease amin, fistst.f90   4.890249541779879E-003
 firm debt/gdp   1.76603041926064        1.76603041928872     
  
 transition 
  
 backward induction
 t, w         119   2.06155525155381     
 t, w         118   2.06153829098454     
 t, w         117   2.06151878494745     
 t, w         116   2.06150422205584     
 t, w         115   2.06149038736449     
 t, w         114   2.06147732144858     
 t, w         113   2.06146632198459     
 t, w         112   2.06145664346664     
 t, w         111   2.06144752280618     
 t, w         110   2.06143668201509     
 t, w         109   2.06142686472234     
 t, w         108   2.06141524604892     
 t, w         107   2.06140298943786     
 t, w         106   2.06138952431369     
 t, w         105   2.06137537168863     
 t, w         104   2.06136052585056     
 t, w         103   2.06134537460365     
 t, w         102   2.06133028919700     
 t, w         101   2.06131561638715     
 t, w         100   2.06130123030427     
 t, w          99   2.06128570056056     
 t, w          98   2.06126960679281     
 t, w          97   2.06125348464392     
 t, w          96   2.06123703980507     
 t, w          95   2.06122092151041     
 t, w          94   2.06120478776900     
 t, w          93   2.06118896110908     
 t, w          92   2.06117305328908     
 t, w          91   2.06115737953836     
 t, w          90   2.06114225182487     
 t, w          89   2.06112773627446     
 t, w          88   2.06111431616078     
 t, w          87   2.06110179977979     
 t, w          86   2.06108991534222     
 t, w          85   2.06107925573239     
 t, w          84   2.06106970955822     
 t, w          83   2.06106138932929     
 t, w          82   2.06105829883836     
 t, w          81   2.06104529707151     
 t, w          80   2.06102311576804     
 t, w          79   2.06100067317157     
 t, w          78   2.06098224631166     
 t, w          77   2.06095760834146     
 t, w          76   2.06093399540020     
 t, w          75   2.06091198053977     
 t, w          74   2.06088786964206     
 t, w          73   2.06086798987936     
 t, w          72   2.06083752683905     
 t, w          71   2.06080725858652     
 t, w          70   2.06077827409727     
 t, w          69   2.06075115552185     
 t, w          68   2.06071882018833     
 t, w          67   2.06067870662083     
 t, w          66   2.06064075560897     
 t, w          65   2.06060247458775     
 t, w          64   2.06056760361010     
 t, w          63   2.06054962031037     
 t, w          62   2.06051299883462     
 t, w          61   2.06046522773339     
 t, w          60   2.06041475771102     
 t, w          59   2.06036187158027     
 t, w          58   2.06030019079282     
 t, w          57   2.06023580013052     
 t, w          56   2.06021081066583     
 t, w          55   2.06016821625903     
 t, w          54   2.06011258798338     
 t, w          53   2.06004979183967     
 t, w          52   2.05995343997819     
 t, w          51   2.05983438845666     
 t, w          50   2.05969960190588     
 t, w          49   2.05953080807409     
 t, w          48   2.05935452650493     
 t, w          47   2.05917689088882     
 t, w          46   2.05898169839203     
 t, w          45   2.05879216104172     
 t, w          44   2.05861865850145     
 t, w          43   2.05842318147079     
 t, w          42   2.05821503586032     
 t, w          41   2.05798838379906     
 t, w          40   2.05773531053054     
 t, w          39   2.05750584207368     
 t, w          38   2.05729079004745     
 t, w          37   2.05705261157958     
 t, w          36   2.05677749287759     
 t, w          35   2.05648583574486     
 t, w          34   2.05620862319618     
 t, w          33   2.05592451346763     
 t, w          32   2.05568148545075     
 t, w          31   2.05542583719764     
 t, w          30   2.05516081253795     
 t, w          29   2.05486538092039     
 t, w          28   2.05457015690734     
 t, w          27   2.05425554969375     
 t, w          26   2.05403192055115     
 t, w          25   2.05366599420300     
 t, w          24   2.05329911074510     
 t, w          23   2.05293669484618     
 t, w          22   2.05249589359938     
 t, w          21   2.05187882172766     
 t, w          20   2.05128018769914     
 t, w          19   2.05066088651737     
 t, w          18   2.05003945180865     
 t, w          17   2.04935839391477     
 t, w          16   2.04862279705836     
 t, w          15   2.04784499964105     
 t, w          14   2.04722025303733     
 t, w          13   2.04642990957177     
 t, w          12   2.04554323348644     
 t, w          11   2.04428758729229     
 t, w          10   2.04354240911653     
 t, w           9   2.04257066052994     
 t, w           8   2.04173483748317     
 t, w           7   2.04081535286872     
 t, w           6   2.03946283435974     
 t, w           5   2.03877312324893     
 t, w           4   2.03885486946242     
 t, w           3   2.04154710541271     
 t, w           2   2.06088807870981     
 t, mu           2  0.156933873016788     
 t, mu           3  0.156933873016788     
 t, mu           4  0.156933873016788     
 t, mu           5  0.156933873016788     
 t, mu           6  0.156933873016788     
 t, mu           7  0.156933873016788     
 t, mu           8  0.156933873016788     
 t, mu           9  0.156933873016788     
 t, mu          10  0.156933873016788     
 t, mu          11  0.156933873016788     
 t, mu          12  0.156933873016788     
 t, mu          13  0.156933873016788     
 t, mu          14  0.156933873016788     
 t, mu          15  0.156933873016788     
 t, mu          16  0.156933873016788     
 t, mu          17  0.156933873016788     
 t, mu          18  0.156933873016788     
 t, mu          19  0.156933873016788     
 t, mu          20  0.156933873016788     
 t, mu          21  0.156933873016788     
 t, mu          22  0.156933873016788     
 t, mu          23  0.156933873016788     
 t, mu          24  0.156933873016788     
 t, mu          25  0.156933873016788     
 t, mu          26  0.156933873016788     
 t, mu          27  0.156933873016788     
 t, mu          28  0.156933873016788     
 t, mu          29  0.156933873016788     
 t, mu          30  0.156933873016788     
 t, mu          31  0.156933873016788     
 t, mu          32  0.156933873016788     
 t, mu          33  0.156933873016788     
 t, mu          34  0.156933873016788     
 t, mu          35  0.156933873016788     
 t, mu          36  0.156933873016788     
 t, mu          37  0.156933873016788     
 t, mu          38  0.156933873016788     
 t, mu          39  0.156933873016788     
 t, mu          40  0.156933873016788     
 t, mu          41  0.156933873016788     
 t, mu          42  0.156933873016788     
 t, mu          43  0.156933873016788     
 t, mu          44  0.156933873016788     
 t, mu          45  0.156933873016788     
 t, mu          46  0.156933873016788     
 t, mu          47  0.156933873016788     
 t, mu          48  0.156933873016788     
 t, mu          49  0.156933873016788     
 t, mu          50  0.156933873016788     
 t, mu          51  0.156933873016788     
 t, mu          52  0.156933873016788     
 t, mu          53  0.156933873016788     
 t, mu          54  0.156933873016788     
 t, mu          55  0.156933873016788     
 t, mu          56  0.156933873016788     
 t, mu          57  0.156933873016788     
 t, mu          58  0.156933873016788     
 t, mu          59  0.156933873016788     
 t, mu          60  0.156933873016788     
 t, mu          61  0.156933873016788     
 t, mu          62  0.156933873016788     
 t, mu          63  0.156933873016788     
 t, mu          64  0.156933873016788     
 t, mu          65  0.156933873016788     
 t, mu          66  0.156933873016788     
 t, mu          67  0.156933873016788     
 t, mu          68  0.156933873016788     
 t, mu          69  0.156933873016788     
 t, mu          70  0.156933873016788     
 t, mu          71  0.156933873016788     
 t, mu          72  0.156933873016788     
 t, mu          73  0.156933873016788     
 t, mu          74  0.156933873016788     
 t, mu          75  0.156933873016788     
 t, mu          76  0.156933873016788     
 t, mu          77  0.156933873016788     
 t, mu          78  0.156933873016788     
 t, mu          79  0.156933873016788     
 t, mu          80  0.156933873016788     
 t, mu          81  0.156933873016788     
 t, mu          82  0.156933873016788     
 t, mu          83  0.156933873016788     
 t, mu          84  0.156933873016788     
 t, mu          85  0.156933873016788     
 t, mu          86  0.156933873016788     
 t, mu          87  0.156933873016788     
 t, mu          88  0.156933873016788     
 t, mu          89  0.156933873016788     
 t, mu          90  0.156933873016788     
 t, mu          91  0.156933873016788     
 t, mu          92  0.156933873016788     
 t, mu          93  0.156933873016788     
 t, mu          94  0.156933873016788     
 t, mu          95  0.156933873016788     
 t, mu          96  0.156933873016788     
 t, mu          97  0.156933873016788     
 t, mu          98  0.156933873016788     
 t, mu          99  0.156933873016788     
 t, mu         100  0.156933873016788     
 t, mu         101  0.156933873016788     
 t, mu         102  0.156933873016788     
 t, mu         103  0.156933873016788     
 t, mu         104  0.156933873016788     
 t, mu         105  0.156933873016788     
 t, mu         106  0.156933873016788     
 t, mu         107  0.156933873016788     
 t, mu         108  0.156933873016788     
 t, mu         109  0.156933873016788     
 t, mu         110  0.156933873016788     
 t, mu         111  0.156933873016788     
 t, mu         112  0.156933873016788     
 t, mu         113  0.156933873016788     
 t, mu         114  0.156933873016788     
 t, mu         115  0.156933873016788     
 t, mu         116  0.156933873016788     
 t, mu         117  0.156933873016788     
 t, mu         118  0.156933873016788     
 t, mu         119  0.156933873016788     
 iter_tr, d_tr            1  4.104733079436788E-003
  
 backward induction
 t, w         119   2.06152772197591     
 t, w         118   2.06151027631318     
 t, w         117   2.06149047460255     
 t, w         116   2.06147536882794     
 t, w         115   2.06146093564966     
 t, w         114   2.06144726522983     
 t, w         113   2.06143562033256     
 t, w         112   2.06142525775050     
 t, w         111   2.06141546648592     
 t, w         110   2.06140405139681     
 t, w         109   2.06139370558891     
 t, w         108   2.06138162894021     
 t, w         107   2.06136892453569     
 t, w         106   2.06135516108708     
 t, w         105   2.06134088474962     
 t, w         104   2.06132604395007     
 t, w         103   2.06131114460464     
 t, w         102   2.06129644623185     
 t, w         101   2.06128120505259     
 t, w         100   2.06126628218733     
 t, w          99   2.06125027404041     
 t, w          98   2.06123365637201     
 t, w          97   2.06121699731127     
 t, w          96   2.06120005852393     
 t, w          95   2.06118336651972     
 t, w          94   2.06116667305100     
 t, w          93   2.06115024280853     
 t, w          92   2.06113370250598     
 t, w          91   2.06111737568356     
 t, w          90   2.06110154715588     
 t, w          89   2.06108630479005     
 t, w          88   2.06107200961731     
 t, w          87   2.06105857190494     
 t, w          86   2.06104572728584     
 t, w          85   2.06103404506004     
 t, w          84   2.06102327316297     
 t, w          83   2.06101364309246     
 t, w          82   2.06100951137175     
 t, w          81   2.06099573319440     
 t, w          80   2.06097307779324     
 t, w          79   2.06095011020728     
 t, w          78   2.06093098361597     
 t, w          77   2.06090586537223     
 t, w          76   2.06088171097637     
 t, w          75   2.06085904373656     
 t, w          74   2.06083432629544     
 t, w          73   2.06081366504274     
 t, w          72   2.06078288356198     
 t, w          71   2.06075231735653     
 t, w          70   2.06072297781010     
 t, w          69   2.06069536309549     
 t, w          68   2.06066267195271     
 t, w          67   2.06062260452610     
 t, w          66   2.06058459585586     
 t, w          65   2.06054629802807     
 t, w          64   2.06051162866647     
 t, w          63   2.06049317297756     
 t, w          62   2.06045727324810     
 t, w          61   2.06041090993205     
 t, w          60   2.06036232644793     
 t, w          59   2.06031163659264     
 t, w          58   2.06025270385467     
 t, w          57   2.06019192809921     
 t, w          56   2.06016899211209     
 t, w          55   2.06012936874071     
 t, w          54   2.06007809800896     
 t, w          53   2.06002022521174     
 t, w          52   2.05993034980279     
 t, w          51   2.05982375141726     
 t, w          50   2.05968778623005     
 t, w          49   2.05951909756365     
 t, w          48   2.05934301061970     
 t, w          47   2.05916551778658     
 t, w          46   2.05897048167641     
 t, w          45   2.05878286204319     
 t, w          44   2.05860892124059     
 t, w          43   2.05841349725859     
 t, w          42   2.05820548550650     
 t, w          41   2.05797948213655     
 t, w          40   2.05772660967438     
 t, w          39   2.05749827262411     
 t, w          38   2.05728412618073     
 t, w          37   2.05704585873049     
 t, w          36   2.05677129388402     
 t, w          35   2.05648035421730     
 t, w          34   2.05620385701883     
 t, w          33   2.05592054539664     
 t, w          32   2.05567838941344     
 t, w          31   2.05542369521722     
 t, w          30   2.05515970851089     
 t, w          29   2.05486522765916     
 t, w          28   2.05457104854470     
 t, w          27   2.05425731162264     
 t, w          26   2.05403503412886     
 t, w          25   2.05366993325308     
 t, w          24   2.05330412073000     
 t, w          23   2.05294282536659     
 t, w          22   2.05250268554366     
 t, w          21   2.05188725821503     
 t, w          20   2.05128895110896     
 t, w          19   2.05067027026737     
 t, w          18   2.05004942092610     
 t, w          17   2.04936891429795     
 t, w          16   2.04863350287725     
 t, w          15   2.04785568850478     
 t, w          14   2.04723096508704     
 t, w          13   2.04643911865434     
 t, w          12   2.04555368457186     
 t, w          11   2.04429573405962     
 t, w          10   2.04355034713261     
 t, w           9   2.04257723141730     
 t, w           8   2.04173734228099     
 t, w           7   2.04081926727429     
 t, w           6   2.03946324381079     
 t, w           5   2.03877059541931     
 t, w           4   2.03884998017943     
 t, w           3   2.04153985451569     
 t, w           2   2.06088855355432     
 t, mu           2  0.156933873016788     
 t, mu           3  0.156933873016788     
 t, mu           4  0.156933873016788     
 t, mu           5  0.156933873016788     
 t, mu           6  0.156933873016788     
 t, mu           7  0.156933873016788     
 t, mu           8  0.156933873016788     
 t, mu           9  0.156933873016788     
 t, mu          10  0.156933873016788     
 t, mu          11  0.156933873016788     
 t, mu          12  0.156933873016788     
 t, mu          13  0.156933873016788     
 t, mu          14  0.156933873016788     
 t, mu          15  0.156933873016788     
 t, mu          16  0.156933873016788     
 t, mu          17  0.156933873016788     
 t, mu          18  0.156933873016788     
 t, mu          19  0.156933873016788     
 t, mu          20  0.156933873016788     
 t, mu          21  0.156933873016788     
 t, mu          22  0.156933873016788     
 t, mu          23  0.156933873016788     
 t, mu          24  0.156933873016788     
 t, mu          25  0.156933873016788     
 t, mu          26  0.156933873016788     
 t, mu          27  0.156933873016788     
 t, mu          28  0.156933873016788     
 t, mu          29  0.156933873016788     
 t, mu          30  0.156933873016788     
 t, mu          31  0.156933873016788     
 t, mu          32  0.156933873016788     
 t, mu          33  0.156933873016788     
 t, mu          34  0.156933873016788     
 t, mu          35  0.156933873016788     
 t, mu          36  0.156933873016788     
 t, mu          37  0.156933873016788     
 t, mu          38  0.156933873016788     
 t, mu          39  0.156933873016788     
 t, mu          40  0.156933873016788     
 t, mu          41  0.156933873016788     
 t, mu          42  0.156933873016788     
 t, mu          43  0.156933873016788     
 t, mu          44  0.156933873016788     
 t, mu          45  0.156933873016788     
 t, mu          46  0.156933873016788     
 t, mu          47  0.156933873016788     
 t, mu          48  0.156933873016788     
 t, mu          49  0.156933873016788     
 t, mu          50  0.156933873016788     
 t, mu          51  0.156933873016788     
 t, mu          52  0.156933873016788     
 t, mu          53  0.156933873016788     
 t, mu          54  0.156933873016788     
 t, mu          55  0.156933873016788     
 t, mu          56  0.156933873016788     
 t, mu          57  0.156933873016788     
 t, mu          58  0.156933873016788     
 t, mu          59  0.156933873016788     
 t, mu          60  0.156933873016788     
 t, mu          61  0.156933873016788     
 t, mu          62  0.156933873016788     
 t, mu          63  0.156933873016788     
 t, mu          64  0.156933873016788     
 t, mu          65  0.156933873016788     
 t, mu          66  0.156933873016788     
 t, mu          67  0.156933873016788     
 t, mu          68  0.156933873016788     
 t, mu          69  0.156933873016788     
 t, mu          70  0.156933873016788     
 t, mu          71  0.156933873016788     
 t, mu          72  0.156933873016788     
 t, mu          73  0.156933873016788     
 t, mu          74  0.156933873016788     
 t, mu          75  0.156933873016788     
 t, mu          76  0.156933873016788     
 t, mu          77  0.156933873016788     
 t, mu          78  0.156933873016788     
 t, mu          79  0.156933873016788     
 t, mu          80  0.156933873016788     
 t, mu          81  0.156933873016788     
 t, mu          82  0.156933873016788     
 t, mu          83  0.156933873016788     
 t, mu          84  0.156933873016788     
 t, mu          85  0.156933873016788     
 t, mu          86  0.156933873016788     
 t, mu          87  0.156933873016788     
 t, mu          88  0.156933873016788     
 t, mu          89  0.156933873016788     
 t, mu          90  0.156933873016788     
 t, mu          91  0.156933873016788     
 t, mu          92  0.156933873016788     
 t, mu          93  0.156933873016788     
 t, mu          94  0.156933873016788     
 t, mu          95  0.156933873016788     
 t, mu          96  0.156933873016788     
 t, mu          97  0.156933873016788     
 t, mu          98  0.156933873016788     
 t, mu          99  0.156933873016788     
 t, mu         100  0.156933873016788     
 t, mu         101  0.156933873016788     
 t, mu         102  0.156933873016788     
 t, mu         103  0.156933873016788     
 t, mu         104  0.156933873016788     
 t, mu         105  0.156933873016788     
 t, mu         106  0.156933873016788     
 t, mu         107  0.156933873016788     
 t, mu         108  0.156933873016788     
 t, mu         109  0.156933873016788     
 t, mu         110  0.156933873016788     
 t, mu         111  0.156933873016788     
 t, mu         112  0.156933873016788     
 t, mu         113  0.156933873016788     
 t, mu         114  0.156933873016788     
 t, mu         115  0.156933873016788     
 t, mu         116  0.156933873016788     
 t, mu         117  0.156933873016788     
 t, mu         118  0.156933873016788     
 t, mu         119  0.156933873016788     
 iter_tr, d_tr            2  3.888686815992859E-003
 begin loss_entry_t and gain_entry_t
 end loss_entry_t and gain_entry_t
 begin loss_and_gain_exit_and_incumbent_t
 sum           2
   0.3545457   0.3545457
 sum           3
   0.3362785   0.3362785
 sum           4
   0.3312165   0.3312165
 sum           5
   0.3257187   0.3257187
 sum           6
   0.3345371   0.3345371
 sum           7
   0.3401248   0.3387849
 sum           8
   0.3432048   0.3411103
 sum           9
   0.3452253   0.3425477
 sum          10
   0.3466681   0.3436482
 sum          11
   0.3477544   0.3446393
 sum          12
   0.3486027   0.3453116
 sum          13
   0.3492816   0.3461666
 sum          14
   0.3498358   0.3467004
 sum          15
   0.3502957   0.3471663
 sum          16
   0.3506825   0.3474351
 sum          17
   0.3510118   0.3478769
 sum          18
   0.3512950   0.3482701
 sum          19
   0.3515407   0.3486885
 sum          20
   0.3517557   0.3489906
 sum          21
   0.3519450   0.3493253
 sum          22
   0.3521129   0.3496624
 sum          23
   0.3522625   0.3500504
 sum          24
   0.3523967   0.3502004
 sum          25
   0.3525176   0.3502648
 sum          26
   0.3526271   0.3503458
 sum          27
   0.3527267   0.3504694
 sum          28
   0.3528177   0.3504334
 sum          29
   0.3529011   0.3505181
 sum          30
   0.3529780   0.3505716
 sum          31
   0.3530489   0.3506444
 sum          32
   0.3531147   0.3506819
 sum          33
   0.3531758   0.3507265
 sum          34
   0.3532328   0.3507612
 sum          35
   0.3532861   0.3508554
 sum          36
   0.3533361   0.3509493
 sum          37
   0.3533831   0.3510550
 sum          38
   0.3534274   0.3511535
 sum          39
   0.3534693   0.3512370
 sum          40
   0.3535091   0.3512677
 sum          41
   0.3535469   0.3513176
 sum          42
   0.3535830   0.3514231
 sum          43
   0.3536175   0.3514917
 sum          44
   0.3536505   0.3515558
 sum          45
   0.3536822   0.3516225
 sum          46
   0.3537126   0.3516644
 sum          47
   0.3537420   0.3516714
 sum          48
   0.3537703   0.3517318
 sum          49
   0.3537977   0.3517820
 sum          50
   0.3538242   0.3518355
 sum          51
   0.3538499   0.3518868
 sum          52
   0.3538747   0.3519394
 sum          53
   0.3538988   0.3519921
 sum          54
   0.3539222   0.3520476
 sum          55
   0.3539449   0.3520975
 sum          56
   0.3539670   0.3521467
 sum          57
   0.3539884   0.3521922
 sum          58
   0.3540092   0.3522335
 sum          59
   0.3540294   0.3522659
 sum          60
   0.3540491   0.3523066
 sum          61
   0.3540682   0.3523391
 sum          62
   0.3540867   0.3523732
 sum          63
   0.3541047   0.3524138
 sum          64
   0.3541223   0.3524521
 sum          65
   0.3541393   0.3525049
 sum          66
   0.3541558   0.3525562
 sum          67
   0.3541719   0.3526052
 sum          68
   0.3541876   0.3526524
 sum          69
   0.3542028   0.3526979
 sum          70
   0.3542175   0.3527406
 sum          71
   0.3542319   0.3527829
 sum          72
   0.3542459   0.3528234
 sum          73
   0.3542595   0.3528448
 sum          74
   0.3542727   0.3528758
 sum          75
   0.3542855   0.3529076
 sum          76
   0.3542980   0.3529402
 sum          77
   0.3543101   0.3529730
 sum          78
   0.3543220   0.3530055
 sum          79
   0.3543335   0.3530381
 sum          80
   0.3543447   0.3530701
 sum          81
   0.3543555   0.3531018
 sum          82
   0.3543662   0.3531328
 sum          83
   0.3543765   0.3531635
 sum          84
   0.3543866   0.3531938
 sum          85
   0.3543964   0.3532237
 sum          86
   0.3544059   0.3532530
 sum          87
   0.3544152   0.3532829
 sum          88
   0.3544243   0.3533132
 sum          89
   0.3544332   0.3533439
 sum          90
   0.3544418   0.3533744
 sum          91
   0.3544503   0.3534046
 sum          92
   0.3544585   0.3534342
 sum          93
   0.3544665   0.3534635
 sum          94
   0.3544744   0.3534924
 sum          95
   0.3544821   0.3535205
 sum          96
   0.3544896   0.3535481
 sum          97
   0.3544969   0.3535752
 sum          98
   0.3545041   0.3536017
 sum          99
   0.3545111   0.3536277
 sum         100
   0.3545179   0.3536536
 sum         101
   0.3545247   0.3536789
 sum         102
   0.3545312   0.3537035
 sum         103
   0.3545377   0.3537282
 sum         104
   0.3545440   0.3537522
 sum         105
   0.3545501   0.3537761
 sum         106
   0.3545562   0.3537996
 sum         107
   0.3545621   0.3538222
 sum         108
   0.3545680   0.3538445
 sum         109
   0.3545737   0.3538660
 sum         110
   0.3545793   0.3538666
 sum         111
   0.3545848   0.3538683
 sum         112
   0.3545902   0.3538759
 sum         113
   0.3545955   0.3538857
 sum         114
   0.3546007   0.3538980
 sum         115
   0.3546058   0.3539118
 sum         116
   0.3546108   0.3539263
 sum         117
   0.3546157   0.3539419
 sum         118
   0.3546206   0.3539564
 sum         119
   0.3546253   0.3539706
 end output_loss_exit_t
 completed transition
 iter_shock           1
 shock gdp_drop_data1 minval(gdp_t(2:t1-1))/gdp_t(1)
      0.1876      0.9594      0.9661
 rho_shock gdp_drop_data2 gdp_t(5)/gdp_t(1)
      0.8765      0.9797      0.9800
