 intbirth_k          33   13.4831040296833     
  
 iter_bi, w, d_bi
 maxval(a_un)   391.368870632332     
   1.0000000   1.9362950   0.0000004
 exdem, h  1.061182106498748E-005  0.997817842814866     
  0.997833483386785     
 sum(g_e_o)   19
 increase kmax, instst.f90   9.048166908909526E-003
 decrease amin, instst.f90   2.229363631716745E-003
 firm debt/gdp   1.81321619822259        1.81321619824843     
 outliers  4.918287999089443E-014
 tot_cap_adjustment_cost/gdp  1.635415120773901E-002
 tot_binding  0.907323484505660     
 outliers_30  0.943111426048563     
 
 iter_cal            1  4.962792628159837E-002
 theta firm_debt/gdp
     0.3680596     0.3691228     1.8395578     1.8132162
 psi employment
     0.7772540     0.7769170     1.0000000     0.9978335
 alpha labor share
     0.4439083     0.4421017     0.6452855     0.6322613
 var_eps std_dev_i_k 
     0.0071497     0.0072781     0.3370000     0.3083005
 k_e firms_5_firms0_5
    13.4831040    13.4831040     0.1180369     0.1073826
 f_o entry_rate
     0.6319340     0.6336169     0.1087989     0.1073617
 gamma i_k_inaction
     0.0117606     0.0117606     0.0810000     0.0631072
 lambda i_k_pos_high_spike
     3.0044624     3.0044624     0.0180000     0.0299945
 var_z exit_rate 26+
     0.0500000     0.0500000     0.0500000     0.0203037
 mu firms_21_plus
     0.0610359     0.0610359     0.2315106     0.1818827
 
