 intbirth_k          47   15.3035537057567     
  
 iter_bi, w, d_bi
 maxval(a_un(1:neta*nz,:))   401.509475766843     
 sum g_binding_collateral  103
   1.0000000   2.0615605   0.0003283
 exdem, h  7.251614843406529E-004   1.01503553163813     
   1.01469421474378     
 sum(g_e_o)   13
 maxval(a_un(1:neta*nz,:))   401.514455821492     
 sum g_binding_collateral   41
   2.0000000   2.0617247   0.0001642
 exdem, h  2.895554932547562E-003   1.01344103112964     
   1.01485581440985     
 sum(g_e_o)   13
 maxval(a_un(1:neta*nz,:))   401.511965857401     
 sum g_binding_collateral  103
   3.0000000   2.0616426   0.0000821
 exdem, h  1.202418202085553E-003   1.01418138659614     
   1.01477501296843     
 sum(g_e_o)   13
 maxval(a_un(1:neta*nz,:))   401.510720827931     
 sum g_binding_collateral  103
   4.0000000   2.0616016   0.0000410
 exdem, h  4.865208774078589E-004   1.01448821398157     
   1.01473461345401     
 sum(g_e_o)   13
 maxval(a_un(1:neta*nz,:))   401.510098301340     
 sum g_binding_collateral  103
   5.0000000   2.0615811   0.0000205
 exdem, h  2.389449485500350E-004   1.01481988873707     
   1.01471441399837     
 sum(g_e_o)   13
 maxval(a_un(1:neta*nz,:))   401.510409565624     
 sum g_binding_collateral  103
   6.0000000   2.0615913   0.0000103
 exdem, h  8.989799594205650E-005   1.01475769217756     
   1.01472451370106     
 sum(g_e_o)   13
 maxval(a_un(1:neta*nz,:))   401.510565197025     
 sum g_binding_collateral  103
   7.0000000   2.0615964   0.0000051
 exdem, h  3.296970084822881E-004   1.01455921539453     
   1.01472956357125     
 sum(g_e_o)   13
 maxval(a_un(1:neta*nz,:))   401.510487381386     
 sum g_binding_collateral  103
   8.0000000   2.0615939   0.0000026
 exdem, h  3.412099538158131E-005   1.01473316249202     
   1.01472703863458     
 sum(g_e_o)   13
 maxval(a_un(1:neta*nz,:))   401.510526289221     
 sum g_binding_collateral  103
   9.0000000   2.0615952   0.0000013
 exdem, h  3.099484806234898E-004   1.01456753188618     
   1.01472830110252     
 sum(g_e_o)   13
 maxval(a_un(1:neta*nz,:))   401.510506835307     
 sum g_binding_collateral  103
  10.0000000   2.0615945   0.0000006
 exdem, h  2.833889630382558E-005   1.01473098907478     
   1.01472766986846     
 sum(g_e_o)   13
 accidental_defaults  0.000000000000000E+000
 increase kmax, instst.f90   1.499924711205348E-002
 decrease amin, instst.f90   4.889742033962084E-003
 firm debt/gdp   1.76601078259163        1.76601078261984     
 outliers  8.293365993949919E-014
 outliers_30  0.946687725870339     
 
 iter_cal            1  7.354698432274187E-002
 theta firm_debt/gdp
     0.3887792     0.3895732     1.8395578     1.7660108
 psi employment
     2.0465789     2.0495733     1.0000000     1.0147277
 alpha labor share
     0.4420635     0.4419152     0.6452855     0.6431244
 var_eps std_dev_i_k 
     0.0084472     0.0085428     0.3370000     0.3011556
 var_eps std_dev_log_emp_19
    15.3035537    15.3035537     0.1180369     0.1074045
 f_o entry_rate
     0.7913578     0.7939297     0.1087989     0.1019627
 gamma i_k_inaction
     0.0135566     0.0135566     0.0810000     0.0687178
 lambda i_k_pos_high_spike
     4.5933563     4.5933563     0.0180000     0.0247771
 mu old_firms
     0.1563878     0.1563878     0.2315106     0.2159199
 
