 intbirth_k          38   13.4831040000000     
  
 iter_bi, w, d_bi
 maxval(a_un(1:neta*nz,:))   387.699731346891     
 sum g_binding_collateral -104
   1.0000000   1.6540447   0.0019525
 exdem, h  9.788213333458495E-002  0.948509648249612     
  0.998560887761414     
 sum(g_e_o)   11
 maxval(a_un(1:neta*nz,:))   387.673918284366     
 sum g_binding_collateral   11
   2.0000000   1.6530685   0.0009762
 exdem, h  2.112369930698432E-002  0.988877118867497     
  0.991884834133089     
 sum(g_e_o)   12
 maxval(a_un(1:neta*nz,:))   387.661376591813     
 sum g_binding_collateral   11
   3.0000000   1.6525804   0.0004881
 exdem, h  1.402777883669837E-002  0.992356326169976     
  0.991070699412376     
 sum(g_e_o)   12
 maxval(a_un(1:neta*nz,:))   387.667460324627     
 sum g_binding_collateral   11
   4.0000000   1.6528244   0.0002441
 exdem, h  1.740987569521546E-002  0.990683073540179     
  0.991443864768371     
 sum(g_e_o)   12
 maxval(a_un(1:neta*nz,:))   387.664606719340     
 sum g_binding_collateral   11
   5.0000000   1.6527024   0.0001220
 exdem, h  1.551426879538764E-002  0.991642914788921     
  0.991256800480187     
 sum(g_e_o)   12
 maxval(a_un(1:neta*nz,:))   387.665845541086     
 sum g_binding_collateral   11
   6.0000000   1.6527634   0.0000610
 exdem, h  1.627287689138013E-002  0.991277958868267     
  0.991350845433772     
 sum(g_e_o)   12
 maxval(a_un(1:neta*nz,:))   387.665038105265     
 sum g_binding_collateral   11
   7.0000000   1.6527329   0.0000305
 exdem, h  1.579441346993882E-002  0.991511042459589     
  0.991294437553734     
 sum(g_e_o)   12
 maxval(a_un(1:neta*nz,:))   387.665441826846     
 sum g_binding_collateral   11
   8.0000000   1.6527481   0.0000153
 exdem, h  1.593494662733808E-002  0.991444893552500     
  0.991313320118934     
 sum(g_e_o)   12
 maxval(a_un(1:neta*nz,:))   387.665643684884     
 sum g_binding_collateral   11
   9.0000000   1.6527558   0.0000076
 exdem, h  1.603220286863127E-002  0.991398067614803     
  0.991325338836759     
 sum(g_e_o)   12
 maxval(a_un(1:neta*nz,:))   387.665744613214     
 sum g_binding_collateral   11
  10.0000000   1.6527596   0.0000038
 exdem, h  1.607673675234855E-002  0.991376716446684     
  0.991330932592973     
 sum(g_e_o)   12
 maxval(a_un(1:neta*nz,:))   387.665795077207     
 sum g_binding_collateral   11
  11.0000000   1.6527615   0.0000019
 exdem, h  1.625526391893251E-002  0.991286238646579     
  0.991348468698561     
 sum(g_e_o)   12
 maxval(a_un(1:neta*nz,:))   387.665769845225     
 sum g_binding_collateral   11
  12.0000000   1.6527605   0.0000010
 exdem, h  1.624722514019694E-002  0.991290007175194     
  0.991347373463213     
 sum(g_e_o)   12
 accidental_defaults  0.000000000000000E+000
 increase kmax, instst.f90   8.827129071924978E-003
 decrease amin, instst.f90   1.614367729265009E-003
 firm debt/gdp   1.80085872165084        1.80085872168492     
 outliers  2.142730437526552E-014
 outliers_30  0.942643430769067     
 
 iter_cal            1  4.132708330680923E-002
 theta firm_debt/gdp
     0.3592106     0.3607413     1.8395578     1.8008587
 psi employment
     0.7676643     0.7663312     1.0000000     0.9913474
 alpha labor share
     0.4110570     0.4056515     0.6452855     0.6039585
 var_eps std_dev_i_k 
     0.0061901     0.0063228     0.3370000     0.3030785
 k_e firms_5_firms0_5
    13.4831040    13.4831040     0.1180369     0.1031582
 f_o_good entry_rate
     1.5458050     1.5458050     0.1087989     0.1056185
 gamma i_k_inaction
     0.0124220     0.0124220     0.0810000     0.0710855
 lambda i_k_pos_high_spike
     3.3228970     3.3228970     0.0180000     0.0234063
 mu share_of_old_firms
     0.1888429     0.1888429     0.2315106     0.2317460
 
