 intbirth_k          33   13.4831040296833     
 instst 
 iter_bi, w, d_bi 
 maxval(a_un)   394.702892740326     
   1.0000000   1.5363106  15.0204967  15.0194146
 maxval(a_un)   394.702775011350     
   2.0000000   1.7284374  12.2160110  15.2115415
 maxval(a_un)   394.527064980445     
   3.0000000   1.6323740  12.8150375  15.1154780
 maxval(a_un)   394.779510307309     
   4.0000000   1.5843423  13.5831901  15.0674463
 maxval(a_un)   394.918289489001     
   5.0000000   1.5603264  14.1842121  15.0434304
 maxval(a_un)   394.797374368449     
   6.0000000   1.5483185  14.5625131  15.0314225
 maxval(a_un)   394.785087020454     
   7.0000000   1.5423145  14.7865161  15.0254186
 maxval(a_un)   394.775463451632     
   8.0000000   1.5393125  14.9017648  15.0224166
 maxval(a_un)   394.739201045091     
   9.0000000   1.5378115  14.9603105  15.0209156
 maxval(a_un)   394.721052638168     
  10.0000000   1.5370611  14.9898299  15.0201651
 maxval(a_un)   394.711974126636     
  11.0000000   1.5366858  15.0050133  15.0197898
 maxval(a_un)   394.707433792956     
  12.0000000   1.5364982  15.0130448  15.0196022
 maxval(a_un)   394.705163356526     
  13.0000000   1.5364044  15.0167518  15.0195084
 maxval(a_un)   394.704028070899     
  14.0000000   1.5363575  15.0185785  15.0194615
 maxval(a_un)   394.703460411231     
  15.0000000   1.5363340  15.0194949  15.0194380
 maxval(a_un)   394.703744242470     
  16.0000000   1.5363457  15.0190372  15.0194498
 maxval(a_un)   394.703602327201     
  17.0000000   1.5363399  15.0192656  15.0194439
 maxval(a_un)   394.703531369304     
  18.0000000   1.5363369  15.0193807  15.0194410
 maxval(a_un)   394.703495890289     
  19.0000000   1.5363355  15.0194378  15.0194395
 maxval(a_un)   394.703478150766     
  20.0000000   1.5363347  15.0194663  15.0194388
 maxval(a_un)   394.703487020529     
  21.0000000   1.5363351  15.0194523  15.0194391
 maxval(a_un)   394.703491455410     
  22.0000000   1.5363353  15.0194449  15.0194393
 maxval(a_un)   394.703493672849     
  23.0000000   1.5363354  15.0194413  15.0194394
 maxval(a_un)   394.703494781569     
  24.0000000   1.5363354  15.0194395  15.0194395
  
 iter_bi, mu, d_bi
   1.0000000   0.0396830   0.9484721
 exdem, h   1.45718611566904        1.83616918297156     
  0.887697114609182     
   2.0000000   0.0209285   0.0427687
 exdem, h  6.569216122036203E-002  0.968347666367801     
   1.01111635332927     
   3.0000000   0.0303058   0.4540675
 exdem, h  0.697614782274146        1.40225856357451     
  0.948191101662815     
   4.0000000   0.0256171   0.2059462
 exdem, h  0.316417394487812        1.18530295361359     
  0.979356721974909     
   5.0000000   0.0232728   0.0816620
 exdem, h  0.125475160022662        1.07682520595731     
  0.995163192506880     
   6.0000000   0.0221007   0.0194648
 exdem, h  2.991930906351636E-002   1.02258632947407     
   1.00312157860026     
   7.0000000   0.0215146   0.0116471
 exdem, h  1.787896004451439E-002  0.995467251602849     
   1.00711432751268     
   8.0000000   0.0218077   0.0039104
 exdem, h  6.022447293564603E-003   1.00902706526078     
   1.00511671323329     
   9.0000000   0.0216611   0.0038681
 exdem, h  5.927822262020488E-003   1.00224715672394     
   1.00611523631960     
  10.0000000   0.0217344   0.0000733
 exdem, h  4.688341134118090E-005   1.00563682910721     
   1.00561600830406     
  11.0000000   0.0216978   0.0019236
 exdem, h  2.940442239654839E-003   1.00394199291562     
   1.00586560461670     
  12.0000000   0.0217161   0.0009514
 exdem, h  1.446772260032203E-003   1.00478941101140     
   1.00574080180377     
  13.0000000   0.0217252   0.0004653
 exdem, h  6.999437088761606E-004   1.00521312005932     
   1.00567840458825     
  14.0000000   0.0217298   0.0002222
 exdem, h  3.265290755489758E-004   1.00542497458327     
   1.00564720574766     
  15.0000000   0.0217321   0.0001007
 exdem, h  1.398235475347231E-004   1.00553090184520     
   1.00563160749152     
  16.0000000   0.0217332   0.0000399
 exdem, h  4.646971036814662E-005   1.00558386547621     
   1.00562380766496     
  17.0000000   0.0217338   0.0000096
 exdem, h  2.064929083278599E-007   1.00561034729170     
   1.00561990821734     
  18.0000000   0.0217341   0.0000056
 exdem, h  2.354459438236312E-005   1.00562358819946     
   1.00561795849353     
  19.0000000   0.0217340   0.0000020
 exdem, h  1.187590133566729E-005   1.00561696774557     
   1.00561893312261     
  20.0000000   0.0217340   0.0000018
 exdem, h  1.770989021254721E-005   1.00562027797251     
   1.00561844604090     
  21.0000000   0.0217340   0.0000001
 exdem, h  1.479325336073423E-005   1.00561862285904     
   1.00561868934892     
 increase kmax, instst.f90   4.614187629485684E-002
 decrease amin, instst.f90   2.896525151880888E-002
 firm debt/gdp   1.83806241603780        1.83806241610144     
 outliers  1.502290514210358E-009
 tot_cap_adjustment_cost/gdp  1.488953170868449E-002
 tot_binding  0.744473527167622     
 outliers_30  0.937772403617808     
 
 iter_cal            1  2.376363636436742E-002
 theta firm_debt/gdp
     0.6453138     0.6453925     1.8395578     1.8380624
 psi employment
     0.8007070     0.8011558     1.0000000     1.0056187
 alpha labor share
     0.4268282     0.4268054     0.6452855     0.6449405
 var_eps std_dev_i_k 
     0.0055472     0.0055437     0.3370000     0.3391100
 k_e firms_5_firms0_5
    13.4831040    13.4831040     0.1180369     0.0942733
 f_o entry_rate
     1.3434523     1.3434523     0.1087989     0.0906423
 gamma i_k_inaction
     0.0108738     0.0108738     0.0810000     0.0775228
 lambda i_k_pos_high_spike
     1.0800000     1.0800000     0.0180000     0.0383560
 
