 intbirth_k          43   13.4831040296833     
  
 iter_bi, w, d_bi
 maxval(a_un(1:neta*nz,:))   391.527921428305     
 sum g_binding_collateral  114
   1.0000000   2.0018584   0.0000004
 exdem, h  8.741753879562109E-003   1.00190871944925     
  0.997550959698856     
 sum(g_e_o)   15
 accidental_defaults  0.000000000000000E+000
 increase kmax, instst.f90   1.240209418439257E-002
 decrease amin, instst.f90   4.590234810181132E-003
 firm debt/gdp   1.86028591545634        1.86028591548914     
 outliers  9.201817086079700E-011
 outliers_30  0.943443226594854     
  
 iter_bi, w, d_bi
 maxval(a_un(1:neta*nz,:))   391.527921428305     
 sum g_binding_collateral  114
   1.0000000   2.0018584   0.0000004
 exdem, h  8.741753879562109E-003   1.00190871944925     
  0.997550959698856     
 sum(g_e_o)   15
 accidental_defaults  0.000000000000000E+000
 increase kmax, fistst.f90   1.240209418439257E-002
 decrease amin, fistst.f90   4.590234810181132E-003
 firm debt/gdp   1.86028591545634        1.86028591548914     
  
 transition 
  
 backward induction
 t, w         119   2.00206975836132     
 t, w         118   2.00207407035266     
 t, w         117   2.00206652972360     
 t, w         116   2.00206490987003     
 t, w         115   2.00206150726753     
 t, w         114   2.00205722063437     
 t, w         113   2.00205290785054     
 t, w         112   2.00204732359897     
 t, w         111   2.00204118274282     
 t, w         110   2.00203515413202     
 t, w         109   2.00202748267953     
 t, w         108   2.00201940842285     
 t, w         107   2.00201191917417     
 t, w         106   2.00200246734675     
 t, w         105   2.00199405063535     
 t, w         104   2.00198444594374     
 t, w         103   2.00197487796570     
 t, w         102   2.00196415370610     
 t, w         101   2.00195251227899     
 t, w         100   2.00194014685185     
 t, w          99   2.00192791906831     
 t, w          98   2.00191463769490     
 t, w          97   2.00190047400213     
 t, w          96   2.00188642493435     
 t, w          95   2.00187141979783     
 t, w          94   2.00185624910185     
 t, w          93   2.00184082731601     
 t, w          92   2.00182465426712     
 t, w          91   2.00180859497547     
 t, w          90   2.00179241680001     
 t, w          89   2.00177566380079     
 t, w          88   2.00175981776987     
 t, w          87   2.00174304835549     
 t, w          86   2.00172728041682     
 t, w          85   2.00171161751384     
 t, w          84   2.00169840640228     
 t, w          83   2.00168521961789     
 t, w          82   2.00167150320214     
 t, w          81   2.00165849846108     
 t, w          80   2.00164656145782     
 t, w          79   2.00163682466213     
 t, w          78   2.00162912965257     
 t, w          77   2.00162477450985     
 t, w          76   2.00162331598730     
 t, w          75   2.00162554598339     
 t, w          74   2.00163543791971     
 t, w          73   2.00164220269055     
 t, w          72   2.00163772141059     
 t, w          71   2.00160770628730     
 t, w          70   2.00155756158471     
 t, w          69   2.00150280494668     
 t, w          68   2.00144501467702     
 t, w          67   2.00138208984964     
 t, w          66   2.00131971537446     
 t, w          65   2.00125388686803     
 t, w          64   2.00118892509407     
 t, w          63   2.00112140726830     
 t, w          62   2.00105371831806     
 t, w          61   2.00098199456453     
 t, w          60   2.00091001762267     
 t, w          59   2.00083449194627     
 t, w          58   2.00075943563440     
 t, w          57   2.00067780715780     
 t, w          56   2.00058686149588     
 t, w          55   2.00048177357242     
 t, w          54   2.00034381360592     
 t, w          53   2.00018890489414     
 t, w          52   2.00002452566362     
 t, w          51   1.99984953592840     
 t, w          50   1.99966392042273     
 t, w          49   1.99946709886723     
 t, w          48   1.99925950417770     
 t, w          47   1.99903899454395     
 t, w          46   1.99880869670519     
 t, w          45   1.99856595836258     
 t, w          44   1.99832314886276     
 t, w          43   1.99805009283669     
 t, w          42   1.99775318143999     
 t, w          41   1.99743444108577     
 t, w          40   1.99709469490098     
 t, w          39   1.99671774011004     
 t, w          38   1.99628666298326     
 t, w          37   1.99563122406665     
 t, w          36   1.99492739129643     
 t, w          35   1.99419352049123     
 t, w          34   1.99340175832622     
 t, w          33   1.99256800470070     
 t, w          32   1.99175941529880     
 t, w          31   1.99097636851163     
 t, w          30   1.98996914931091     
 t, w          29   1.98252605981561     
 t, w          28   1.98250131812189     
 t, w          27   1.97847473133888     
 t, w          26   1.97927417822110     
 t, w          25   1.97999274764764     
 t, w          24   1.98135919803677     
 t, w          23   1.98100492593120     
 t, w          22   1.97992621880294     
 t, w          21   1.98016449051402     
 t, w          20   1.97924402886753     
 t, w          19   1.97866891317753     
 t, w          18   1.97002493316474     
 t, w          17   1.96619704279297     
 t, w          16   1.96520230058003     
 t, w          15   1.96751194675228     
 t, w          14   1.97066630297440     
 t, w          13   1.97575594386950     
 t, w          12   1.98349066918999     
 t, w          11   1.98086074693327     
 t, w          10   1.98912728628335     
 t, w           9   1.98345773340310     
 t, w           8   1.98041670233329     
 t, w           7   1.98144317662888     
 t, w           6   1.98917123955273     
 t, w           5   1.98944573992980     
 t, w           4   1.99267864655797     
 t, w           3   1.99619319194227     
 t, w           2   2.00023573876633     
 t, mu           2  0.185929034454750     
 t, mu           3  0.185929034454750     
 t, mu           4  0.185929034454750     
 t, mu           5  0.185929034454750     
 t, mu           6  0.185929034454750     
 t, mu           7  0.185929034454750     
 t, mu           8  0.185929034454750     
 t, mu           9  0.185929034454750     
 t, mu          10  0.185929034454750     
 t, mu          11  0.185929034454750     
 t, mu          12  0.185929034454750     
 t, mu          13  0.185929034454750     
 t, mu          14  0.185929034454750     
 t, mu          15  0.185929034454750     
 t, mu          16  0.185929034454750     
 t, mu          17  0.185929034454750     
 t, mu          18  0.185929034454750     
 t, mu          19  0.185929034454750     
 t, mu          20  0.185929034454750     
 t, mu          21  0.185929034454750     
 t, mu          22  0.185929034454750     
 t, mu          23  0.185929034454750     
 t, mu          24  0.185929034454750     
 t, mu          25  0.185929034454750     
 t, mu          26  0.185929034454750     
 t, mu          27  0.185929034454750     
 t, mu          28  0.185929034454750     
 t, mu          29  0.185929034454750     
 t, mu          30  0.185929034454750     
 t, mu          31  0.185929034454750     
 t, mu          32  0.185929034454750     
 t, mu          33  0.185929034454750     
 t, mu          34  0.185929034454750     
 t, mu          35  0.185929034454750     
 t, mu          36  0.185929034454750     
 t, mu          37  0.185929034454750     
 t, mu          38  0.185929034454750     
 t, mu          39  0.185929034454750     
 t, mu          40  0.185929034454750     
 t, mu          41  0.185929034454750     
 t, mu          42  0.185929034454750     
 t, mu          43  0.185929034454750     
 t, mu          44  0.185929034454750     
 t, mu          45  0.185929034454750     
 t, mu          46  0.185929034454750     
 t, mu          47  0.185929034454750     
 t, mu          48  0.185929034454750     
 t, mu          49  0.185929034454750     
 t, mu          50  0.185929034454750     
 t, mu          51  0.185929034454750     
 t, mu          52  0.185929034454750     
 t, mu          53  0.185929034454750     
 t, mu          54  0.185929034454750     
 t, mu          55  0.185929034454750     
 t, mu          56  0.185929034454750     
 t, mu          57  0.185929034454750     
 t, mu          58  0.185929034454750     
 t, mu          59  0.185929034454750     
 t, mu          60  0.185929034454750     
 t, mu          61  0.185929034454750     
 t, mu          62  0.185929034454750     
 t, mu          63  0.185929034454750     
 t, mu          64  0.185929034454750     
 t, mu          65  0.185929034454750     
 t, mu          66  0.185929034454750     
 t, mu          67  0.185929034454750     
 t, mu          68  0.185929034454750     
 t, mu          69  0.185929034454750     
 t, mu          70  0.185929034454750     
 t, mu          71  0.185929034454750     
 t, mu          72  0.185929034454750     
 t, mu          73  0.185929034454750     
 t, mu          74  0.185929034454750     
 t, mu          75  0.185929034454750     
 t, mu          76  0.185929034454750     
 t, mu          77  0.185929034454750     
 t, mu          78  0.185929034454750     
 t, mu          79  0.185929034454750     
 t, mu          80  0.185929034454750     
 t, mu          81  0.185929034454750     
 t, mu          82  0.185929034454750     
 t, mu          83  0.185929034454750     
 t, mu          84  0.185929034454750     
 t, mu          85  0.185929034454750     
 t, mu          86  0.185929034454750     
 t, mu          87  0.185929034454750     
 t, mu          88  0.185929034454750     
 t, mu          89  0.185929034454750     
 t, mu          90  0.185929034454750     
 t, mu          91  0.185929034454750     
 t, mu          92  0.185929034454750     
 t, mu          93  0.185929034454750     
 t, mu          94  0.185929034454750     
 t, mu          95  0.185929034454750     
 t, mu          96  0.185929034454750     
 t, mu          97  0.185929034454750     
 t, mu          98  0.185929034454750     
 t, mu          99  0.185929034454750     
 t, mu         100  0.185929034454750     
 t, mu         101  0.185929034454750     
 t, mu         102  0.185929034454750     
 t, mu         103  0.185929034454750     
 t, mu         104  0.185929034454750     
 t, mu         105  0.185929034454750     
 t, mu         106  0.185929034454750     
 t, mu         107  0.185929034454750     
 t, mu         108  0.185929034454750     
 t, mu         109  0.185929034454750     
 t, mu         110  0.185929034454750     
 t, mu         111  0.185929034454750     
 t, mu         112  0.185929034454750     
 t, mu         113  0.185929034454750     
 t, mu         114  0.185929034454750     
 t, mu         115  0.185929034454750     
 t, mu         116  0.185929034454750     
 t, mu         117  0.185929034454750     
 t, mu         118  0.185929034454750     
 t, mu         119  0.185929034454750     
 iter_tr, d_tr            1  1.880725868816935E-003
 begin loss_entry_t and gain_entry_t
 end loss_entry_t and gain_entry_t
 begin loss_and_gain_exit_and_incumbent_t
 end output_loss_exit_t
 completed transition
 iter_shock           1
 shock firm_debt_gdp_12th_quarter
      0.3251      1.6338      1.8696
 rho_shock firm_debt_gdp_40th_quarter
      0.9872      1.6604      1.8406
 z_t labor productivity
      2.0000      0.9888      0.9888      0.9925
      3.0000      0.9849      0.9849      0.9912
      4.0000      0.9816      0.9816      0.9897
      5.0000      0.9787      0.9787      0.9883
      6.0000      0.9816      0.9816      0.9894
      7.0000      0.9694      0.9694      0.9838
      8.0000      0.9714      0.9714      0.9843
      9.0000      0.9793      0.9793      0.9868
     10.0000      0.9923      0.9923      0.9922
     11.0000      0.9768      0.9768      0.9852
     12.0000      0.9838      0.9838      0.9879
     13.0000      0.9704      0.9704      0.9819
     14.0000      0.9627      0.9627      0.9778
     15.0000      0.9594      0.9594      0.9756
     16.0000      0.9576      0.9576      0.9739
     17.0000      0.9620      0.9620      0.9750
     18.0000      0.9706      0.9706      0.9777
     19.0000      0.9875      0.9875      0.9844
     20.0000      0.9873      0.9873      0.9841
     21.0000      0.9879      0.9879      0.9841
     22.0000      0.9868      0.9868      0.9834
     23.0000      0.9878      0.9878      0.9837
     24.0000      0.9873      0.9873      0.9834
     25.0000      0.9835      0.9835      0.9816
     26.0000      0.9815      0.9815      0.9806
     27.0000      0.9797      0.9797      0.9796
     28.0000      0.9874      0.9874      0.9827
     29.0000      0.9866      0.9866      0.9822
     30.0000      1.0000      1.0000      0.9879
     31.0000      1.0000      1.0000      0.9882
     32.0000      1.0000      1.0000      0.9885
     33.0000      1.0000      1.0000      0.9889
     34.0000      1.0000      1.0000      0.9891
     35.0000      1.0000      1.0000      0.9894
     36.0000      1.0000      1.0000      0.9896
     37.0000      1.0000      1.0000      0.9898
     38.0000      1.0000      1.0000      0.9900
     39.0000      1.0000      1.0000      0.9905
     40.0000      1.0000      1.0000      0.9908
     41.0000      1.0000      1.0000      0.9912
