 intbirth_k          10   1.88088580749730     
  
 iter_bi, w, d_bi
 maxval(a_un(1:neta*nz,:))   351.889334301675     
 sum g_binding_collateral   71
   1.0000000   1.2920941   0.0000059
 exdem, h  7.470999900130781E-003   1.00363614868502     
  0.997876546345651     
 sum(g_e_o)   16
 maxval(a_un(1:neta*nz,:))   351.889538606834     
 sum g_binding_collateral   68
   2.0000000   1.2920971   0.0000030
 exdem, h  7.443078317641794E-003   1.00361876373498     
  0.997880783863366     
 sum(g_e_o)   16
 maxval(a_un(1:neta*nz,:))   351.889640759045     
 sum g_binding_collateral   68
   3.0000000   1.2920986   0.0000015
 exdem, h  7.429416508765829E-003   1.00361024592343     
  0.997882845811546     
 sum(g_e_o)   16
 maxval(a_un(1:neta*nz,:))   351.889691835058     
 sum g_binding_collateral   68
   4.0000000   1.2920993   0.0000007
 exdem, h  7.422533951866983E-003   1.00360596659832     
  0.997883896343410     
 sum(g_e_o)   16
 accidental_defaults  7.419227373097119E-003
 increase kmax, instst.f90   6.049190948306600E-004
 decrease amin, instst.f90   1.163891216862836E-002
 firm debt/gdp   1.86382379878738        1.86382379880557     
 outliers  2.623157246972596E-011
 spread  7.525967040967298E-003
 outliers_30  0.785410686403182     
 
 iter_cal            1  3.234713778162909E-002
 k_e firm debt to GDP
     1.8808858     1.8735056     1.8395578     1.8638238
 psi employment
     0.7887785     0.7882774     1.0000000     0.9978839
 alpha labor share
     0.3379793     0.3362953     0.6452855     0.6346310
 var_eps std_dev_i_k 
     0.0082483     0.0083081     0.3370000     0.3289813
 f_o entry_rate
     0.3509004     0.3509004     0.1087989     0.1341578
 gamma i_k_inaction
     0.0447161     0.0447161     0.0810000     0.0715203
 lambda i_k_pos_high_spike
     3.4424242     3.4424242     0.0180000     0.0368236
 mu firms_21_plus
     0.2234954     0.2234954     0.2315106     0.2629215
 chi spread
     0.5666781     0.5666781     1.0233999     1.0304454
 cut_off_model   1.75795764888043     
 
