 intbirth_k          43   13.4831040296833     
  
 iter_bi, w, d_bi
 maxval(a_un(1:neta*nz,:))   391.527921428305     
 sum g_binding_collateral  -28
   1.0000000   2.0018584   0.0000004
 exdem, h  8.741753879560443E-003   1.00190871944925     
  0.997550959698856     
 sum(g_e_o)   30
 accidental_defaults  0.000000000000000E+000
 increase kmax, instst.f90   1.240209418439258E-002
 decrease amin, instst.f90   4.590234810181113E-003
 firm debt/gdp   1.86028591545634        1.86028591548914     
 outliers  9.201817086079700E-011
 outliers_30  0.943443226594855     
  
 iter_bi, w, d_bi
 maxval(a_un(1:neta*nz,:))   391.527921428305     
 sum g_binding_collateral  -28
   1.0000000   2.0018584   0.0000004
 exdem, h  8.741753879560443E-003   1.00190871944925     
  0.997550959698856     
 sum(g_e_o)   30
 accidental_defaults  0.000000000000000E+000
 increase kmax, fistst.f90   1.240209418439258E-002
 decrease amin, fistst.f90   4.590234810181113E-003
 firm debt/gdp   1.86028591545634        1.86028591548914     
  
 transition 
  
 backward induction
 t, w          39   1.99950513410920     
 t, w          38   1.99938279205973     
 t, w          37   1.99935623195456     
 t, w          36   1.99919520938341     
 t, w          35   1.99903551528914     
 t, w          34   1.99887678080934     
 t, w          33   1.99872110903914     
 t, w          32   1.99858048260758     
 t, w          31   1.99844618114442     
 t, w          30   1.99831457192916     
 t, w          29   1.99818148683460     
 t, w          28   1.99806549463438     
 t, w          27   1.99796211047502     
 t, w          26   1.99792646022543     
 t, w          25   1.99783738933044     
 t, w          24   1.99743092011394     
 t, w          23   1.99697976363771     
 t, w          22   1.99647644921860     
 t, w          21   1.99595340839105     
 t, w          20   1.99540867746057     
 t, w          19   1.99484243634767     
 t, w          18   1.99426977194680     
 t, w          17   1.99367656313161     
 t, w          16   1.99298793158539     
 t, w          15   1.99224913027542     
 t, w          14   1.99155884471557     
 t, w          13   1.99094519092614     
 t, w          12   1.99030461344058     
 t, w          11   1.98969491584191     
 t, w          10   1.98933313173323     
 t, w           9   1.98951110054069     
 t, w           8   1.99077588962471     
 t, w           7   1.99443052099238     
 t, w           6   2.00312972587350     
 t, w           5   2.02135163613633     
 t, w           4   2.05733428432247     
 t, w           3   2.13047973511335     
 t, w           2   2.27416861187153     
 t, mu           2  0.185929034454750     
 t, mu           3  0.185929034454750     
 t, mu           4  0.185929034454750     
 t, mu           5  0.185929034454750     
 t, mu           6  0.185929034454750     
 t, mu           7  0.185929034454750     
 t, mu           8  0.185929034454750     
 t, mu           9  0.185929034454750     
 t, mu          10  0.185929034454750     
 t, mu          11  0.185929034454750     
 t, mu          12  0.185929034454750     
 t, mu          13  0.185929034454750     
 t, mu          14  0.185929034454750     
 t, mu          15  0.185929034454750     
 t, mu          16  0.185929034454750     
 t, mu          17  0.185929034454750     
 t, mu          18  0.185929034454750     
 t, mu          19  0.185929034454750     
 t, mu          20  0.185929034454750     
 t, mu          21  0.185929034454750     
 t, mu          22  0.185929034454750     
 t, mu          23  0.185929034454750     
 t, mu          24  0.185929034454750     
 t, mu          25  0.185929034454750     
 t, mu          26  0.185929034454750     
 t, mu          27  0.185929034454750     
 t, mu          28  0.185929034454750     
 t, mu          29  0.185929034454750     
 t, mu          30  0.185929034454750     
 t, mu          31  0.185929034454750     
 t, mu          32  0.185929034454750     
 t, mu          33  0.185929034454750     
 t, mu          34  0.185929034454750     
 t, mu          35  0.185929034454750     
 t, mu          36  0.185929034454750     
 t, mu          37  0.185929034454750     
 t, mu          38  0.185929034454750     
 t, mu          39  0.185929034454750     
 iter_tr, d_tr            1  9.326852818007936E-004
 begin loss_entry_t and gain_entry_t
 end loss_entry_t and gain_entry_t
 begin loss_and_gain_exit_and_incumbent_t
 end output_loss_exit_t
 completed transition
 iter_shock           1
 psi_t(2) hours_drop_data hours_drop_model
      1.0000      0.8521      0.8134
 psi_c_t(2) c_drop_data hours_drop_model
      1.0000      0.8983      0.9829
