 intbirth_k          43   13.4831040296833     
  
 iter_bi, w, d_bi
 maxval(a_un)   391.701217683304     
   1.0000000   2.0397063   0.0000001
 exdem, h  1.705228824810945E-005  0.997817655214653     
  0.997818191535771     
 sum(g_e_o)   16
 increase kmax, instst.f90   1.144868472320333E-002
 decrease amin, instst.f90   3.687064621289099E-003
 firm debt/gdp   1.79871602920068        1.79871602921299     
 outliers  1.188580345257151E-010
 tot_cap_adjustment_cost/gdp  7.532093691826360E-003
 tot_binding  0.876666878199917     
 outliers_30  0.943988698152580     
 
 iter_cal            1  4.084173771368760E-002
 theta firm_debt/gdp
     0.4389172     0.4394102     1.8395578     1.7987160
 psi employment
     0.7900555     0.7900555     1.0000000     0.9978182
 alpha labor share
     0.4481363     0.4481363     0.6452855     0.6476135
 var_eps std_dev_i_k 
     0.0059963     0.0059963     0.3370000     0.3295036
 k_e firms_5_firms0_5
    13.4831040    13.4831040     0.1180369     0.0974067
 f_o entry_rate
     0.7648948     0.7648948     0.1087989     0.1134924
 gamma i_k_inaction
     0.0093321     0.0093321     0.0810000     0.0801027
 lambda i_k_pos_high_spike
     1.0800000     1.0800000     0.0180000     0.0289757
 mu firms_21_plus
     0.1916077     0.1916077     0.2315106     0.2333105
 
