 intbirth_k          33   13.4831040296833     
 instst 
 iter_bi, w, d_bi 
 maxval(a_un(1:neta*nz,:))   394.703511543795     
 sum g_binding_collateral  -82
   1.0000000   1.5363361  15.0194405  15.0194402
  
 iter_bi, mu, d_bi
   1.0000000   0.0217339   0.0000030
 exdem, h  1.934231428835087E-005   1.00562085486480     
   1.00561782298610     
   2.0000000   0.0217339   0.0000013
 exdem, h  1.663711670363277E-005   1.00561932037977     
   1.00561804929748     
   3.0000000   0.0217339   0.0000004
 exdem, h  1.528523334992649E-005   1.00561855313731     
   1.00561816198751     
 accidental_defaults  0.000000000000000E+000
 increase kmax, instst.f90   4.650650529203181E-002
 decrease amin, instst.f90   2.896389810138271E-002
 firm debt/gdp   1.83794989571928        1.83794989579485     
 outliers  1.530908178004609E-009
 outliers_30  0.937842977941158     
  
 fistst 
 iter_bi, w, d_bi 
 maxval(a_un(1:neta*nz,:))   394.703511543795     
 sum g_binding_collateral  -82
   1.0000000   1.5363361   0.0000004
  
 iter_bi, mu, d_bi
   1.0000000   0.0217339   0.0000030
 exdem, h  1.934231428835087E-005   1.00562085486480     
   1.00561782298610     
   2.0000000   0.0217339   0.0000013
 exdem, h  1.663711670363277E-005   1.00561932037977     
   1.00561804929748     
   3.0000000   0.0217339   0.0000004
 exdem, h  1.528523334992649E-005   1.00561855313731     
   1.00561816198751     
 accidental_defaults  0.000000000000000E+000
 increase kmax, fistst.f90   4.274458554399490E-002
 decrease amin, fistst.f90   2.662100306845085E-002
 firm debt/gdp   1.83794989571928        1.83794989579485     
  
 transition 
  
 backward induction
 t, w         119   1.53635751538344     
 t, w         118   1.53639180024034     
 t, w         117   1.53637773465802     
 t, w         116   1.53636513424053     
 t, w         115   1.53635517111972     
 t, w         114   1.53635868751530     
 t, w         113   1.53634374283408     
 t, w         112   1.53634169160333     
 t, w         111   1.53634139857036     
 t, w         110   1.53634110553740     
 t, w         109   1.53634051947146     
 t, w         108   1.53634051947146     
 t, w         107   1.53634051947146     
 t, w         106   1.53634022643850     
 t, w         105   1.53634022643850     
 t, w         104   1.53634022643850     
 t, w         103   1.53634022643850     
 t, w         102   1.53634022643850     
 t, w         101   1.53633934733960     
 t, w         100   1.53633934733960     
 t, w          99   1.53633905430664     
 t, w          98   1.53633905430664     
 t, w          97   1.53633817520774     
 t, w          96   1.53633788217478     
 t, w          95   1.53633788217478     
 t, w          94   1.53633700307588     
 t, w          93   1.53633671004292     
 t, w          92   1.53633553791106     
 t, w          91   1.53633553791106     
 t, w          90   1.53633436577920     
 t, w          89   1.53633348668030     
 t, w          88   1.53633319364734     
 t, w          87   1.53633202151548     
 t, w          86   1.53633055635065     
 t, w          85   1.53632967725176     
 t, w          84   1.53632821208693     
 t, w          83   1.53632703995507     
 t, w          82   1.53632616085618     
 t, w          81   1.53632410962542     
 t, w          80   1.53632264446060     
 t, w          79   1.53632147232874     
 t, w          78   1.53632000716391     
 t, w          77   1.53631795593316     
 t, w          76   1.53631590470240     
 t, w          75   1.53631443953758     
 t, w          74   1.53630945797717     
 t, w          73   1.53630711371345     
 t, w          72   1.53630506248270     
 t, w          71   1.53630301125194     
 t, w          70   1.53629920182340     
 t, w          69   1.53629685755968     
 t, w          68   1.53629246206520     
 t, w          67   1.53628953173555     
 t, w          66   1.53628630837294     
 t, w          65   1.53624147432929     
 t, w          64   1.53623707883482     
 t, w          63   1.53623942309854     
 t, w          62   1.53624059523040     
 t, w          61   1.53623942309854     
 t, w          60   1.53623356243924     
 t, w          59   1.53622652964808     
 t, w          58   1.53621715259320     
 t, w          57   1.53620924070314     
 t, w          56   1.53620191487902     
 t, w          55   1.53619341692303     
 t, w          54   1.53617935134071     
 t, w          53   1.53616880215397     
 t, w          52   1.53616792305508     
 t, w          51   1.53616557879136     
 t, w          50   1.53616089026392     
 t, w          49   1.53609964637423     
 t, w          48   1.53608352956115     
 t, w          47   1.53607532463813     
 t, w          46   1.53602023444071     
 t, w          45   1.53600587582543     
 t, w          44   1.53599444753979     
 t, w          43   1.53586434090333     
 t, w          42   1.53554933046594     
 t, w          41   1.53554903743298     
 t, w          40   1.53569672604734     
 t, w          39   1.53557951286134     
 t, w          38   1.53553379971880     
 t, w          37   1.53541775866465     
 t, w          36   1.53503242031567     
 t, w          35   1.53501132194219     
 t, w          34   1.53467462706539     
 t, w          33   1.53434525801272     
 t, w          32   1.53347553617258     
 t, w          31   1.53365985390757     
 t, w          30   1.53290617312157     
 t, w          29   1.53240918921292     
 t, w          28   1.53260962376098     
 t, w          27   1.53212524026982     
 t, w          26   1.53119720486964     
 t, w          25   1.53083941161937     
 t, w          24   1.52934259923411     
 t, w          23   1.52847053313024     
 t, w          22   1.52774029498144     
 t, w          21   1.52614824688255     
 t, w          20   1.52477714563928     
 t, w          19   1.52295799699251     
 t, w          18   1.52175538970411     
 t, w          17   1.51952951130191     
 t, w          16   1.51783343650044     
 t, w          15   1.51526324436436     
 t, w          14   1.51266404196473     
 t, w          13   1.50834502909348     
 t, w          12   1.50584252757231     
 t, w          11   1.50128527890050     
 t, w          10   1.49559575085190     
 t, w           9   1.49157651070385     
 t, w           8   1.48586940067735     
 t, w           7   1.47868511147425     
 t, w           6   1.46731601849786     
 t, w           5   1.46006960630617     
 t, w           4   1.44949111626938     
 t, w           3   1.44062393874823     
 t, w           2   1.43244714689264     
 iterations exceeded in bisection for mu_t, transition.f90            2
  0.212173143473994     
 t, mu           2  2.173388324334277E-003
 iterations exceeded in bisection for mu_t, transition.f90            3
  0.156495123432219     
 t, mu           3  2.173388324334277E-003
 iterations exceeded in bisection for mu_t, transition.f90            4
  0.118582752563459     
 t, mu           4  2.173388324334277E-003
 iterations exceeded in bisection for mu_t, transition.f90            5
  8.467154523574327E-002
 t, mu           5  2.173388324334277E-003
 iterations exceeded in bisection for mu_t, transition.f90            6
  6.137074825013256E-002
 t, mu           6  2.173388324334277E-003
 iterations exceeded in bisection for mu_t, transition.f90            7
  2.989086017850073E-002
 t, mu           7  2.173388324334277E-003
 iterations exceeded in bisection for mu_t, transition.f90            8
  8.991638809169755E-003
 t, mu           8  2.173388324334277E-003
 t, mu           9  7.674747082520319E-003
 t, mu          10  1.471568771615111E-002
 t, mu          11  2.225434601277250E-002
 t, mu          12  2.610980074549060E-002
 t, mu          13  2.606105041469395E-002
 t, mu          14  2.898560597362836E-002
 t, mu          15  2.856821028423608E-002
 t, mu          16  2.851249562046847E-002
 t, mu          17  2.741677389970561E-002
 t, mu          18  2.777520490327719E-002
 t, mu          19  2.686891303932419E-002
 t, mu          20  2.782349094520911E-002
 t, mu          21  2.750452449513959E-002
 t, mu          22  2.793677742820324E-002
 t, mu          23  2.706205720705188E-002
 t, mu          24  2.658476825410942E-002
 t, mu          25  2.744834554250726E-002
 t, mu          26  2.647519608203313E-002
 t, mu          27  2.677419811091926E-002
 t, mu          28  2.624490880512704E-002
 t, mu          29  2.494304282842406E-002
 t, mu          30  2.510090104243227E-002
 t, mu          31  2.537390289489352E-002
 t, mu          32  2.439518196804263E-002
 t, mu          33  2.523275908001559E-002
 t, mu          34  2.490218540832781E-002
 t, mu          35  2.463846933316116E-002
 t, mu          36  2.404975105268349E-002
 t, mu          37  2.427446686321282E-002
 t, mu          38  2.397221481227358E-002
 t, mu          39  2.364674831809783E-002
 t, mu          40  2.348006861565975E-002
 t, mu          41  2.299117244109904E-002
 t, mu          42  2.284213571552070E-002
 t, mu          43  2.317363796493794E-002
 t, mu          44  2.309285170247492E-002
 t, mu          45  2.284863575962692E-002
 t, mu          46  2.266384879146438E-002
 t, mu          47  2.257702677375986E-002
 t, mu          48  2.242845433704625E-002
 t, mu          49  2.233745371955918E-002
 t, mu          50  2.231006067654010E-002
 t, mu          51  2.220002421559909E-002
 t, mu          52  2.211088075357092E-002
 t, mu          53  2.203798740180830E-002
 t, mu          54  2.199062993760584E-002
 t, mu          55  2.194559391772703E-002
 t, mu          56  2.190659365308971E-002
 t, mu          57  2.187316485482915E-002
 t, mu          58  2.184716467840427E-002
 t, mu          59  2.182487881289723E-002
 t, mu          60  2.180259294739019E-002
 t, mu          61  2.178216423734206E-002
 t, mu          62  2.175987837183502E-002
 t, mu          63  2.173805679519271E-002
 t, mu          64  2.172134239606243E-002
 t, mu          65  2.171902095173878E-002
 t, mu          66  2.177844992642423E-002
 t, mu          67  2.175616406091718E-002
 t, mu          68  2.174177110611055E-002
 t, mu          69  2.173573535086906E-002
 t, mu          70  2.172830672903339E-002
 t, mu          71  2.172644957357446E-002
 t, mu          72  2.172459241811554E-002
 t, mu          73  2.172412812925081E-002
 t, mu          74  2.172644957357446E-002
 t, mu          75  2.173387819541014E-002
 t, mu          76  2.173573535086906E-002
 t, mu          77  2.173991395065163E-002
 t, mu          78  2.174641399475785E-002
 t, mu          79  2.175059259454042E-002
 t, mu          80  2.175430690545826E-002
 t, mu          81  2.175848550524084E-002
 t, mu          82  2.176359268275287E-002
 t, mu          83  2.176544983821178E-002
 t, mu          84  2.176962843799436E-002
 t, mu          85  2.177287846004747E-002
 t, mu          86  2.177659277096530E-002
 t, mu          87  2.177984279301842E-002
 t, mu          88  2.178216423734206E-002
 t, mu          89  2.178402139280099E-002
 t, mu          90  2.178773570371883E-002
 t, mu          91  2.179005714804248E-002
 t, mu          92  2.179145001463666E-002
 t, mu          93  2.179330717009559E-002
 t, mu          94  2.179516432555451E-002
 t, mu          95  2.179702148101342E-002
 t, mu          96  2.179655719214869E-002
 t, mu          97  2.179702148101342E-002
 t, mu          98  2.179841434760762E-002
 t, mu          99  2.179702148101342E-002
 t, mu         100  2.179841434760762E-002
 t, mu         101  2.179702148101342E-002
 t, mu         102  2.179748576987815E-002
 t, mu         103  2.179702148101342E-002
 t, mu         104  2.179562861441924E-002
 t, mu         105  2.179516432555451E-002
 t, mu         106  2.179330717009559E-002
 t, mu         107  2.179330717009559E-002
 t, mu         108  2.179145001463666E-002
 t, mu         109  2.179098572577193E-002
 t, mu         110  2.178959285917775E-002
 t, mu         111  2.178773570371883E-002
 t, mu         112  2.178634283712463E-002
 t, mu         113  2.178587854825990E-002
 t, mu         114  2.180445010284911E-002
 t, mu         115  2.178773570371883E-002
 t, mu         116  2.179516432555451E-002
 t, mu         117  2.180073579193127E-002
 t, mu         118  2.180816441376695E-002
 t, mu         119  2.174502112816366E-002
 iter_tr, d_tr            1  6.793241608582540E-003
  
 backward induction
 t, w         119   1.53635780841640     
 t, w         118   1.53639414450406     
 t, w         117   1.53638242318546     
 t, w         116   1.53636747850425     
 t, w         115   1.53635780841640     
 t, w         114   1.53636044571309     
 t, w         113   1.53634608709780     
 t, w         112   1.53634257070222     
 t, w         111   1.53634257070222     
 t, w         110   1.53634257070222     
 t, w         109   1.53634139857036     
 t, w         108   1.53634139857036     
 t, w         107   1.53634139857036     
 t, w         106   1.53634110553740     
 t, w         105   1.53634051947146     
 t, w         104   1.53634051947146     
 t, w         103   1.53634051947146     
 t, w         102   1.53634022643850     
 t, w         101   1.53634022643850     
 t, w         100   1.53633993340553     
 t, w          99   1.53633905430664     
 t, w          98   1.53633905430664     
 t, w          97   1.53633905430664     
 t, w          96   1.53633788217478     
 t, w          95   1.53633788217478     
 t, w          94   1.53633700307588     
 t, w          93   1.53633671004292     
 t, w          92   1.53633553791106     
 t, w          91   1.53633524487809     
 t, w          90   1.53633436577920     
 t, w          89   1.53633319364734     
 t, w          88   1.53633202151548     
 t, w          87   1.53633084938362     
 t, w          86   1.53632967725176     
 t, w          85   1.53632850511990     
 t, w          84   1.53632733298804     
 t, w          83   1.53632616085618     
 t, w          82   1.53632410962542     
 t, w          81   1.53632264446060     
 t, w          80   1.53632147232874     
 t, w          79   1.53631912806502     
 t, w          78   1.53631795593316     
 t, w          77   1.53631561166944     
 t, w          76   1.53631297437275     
 t, w          75   1.53630975101014     
 t, w          74   1.53630594158159     
 t, w          73   1.53630301125194     
 t, w          72   1.53630037395526     
 t, w          71   1.53629920182340     
 t, w          70   1.53629451329596     
 t, w          69   1.53629099690038     
 t, w          68   1.53628748050480     
 t, w          67   1.53628367107625     
 t, w          66   1.53627927558178     
 t, w          65   1.53623590670296     
 t, w          64   1.53623092514255     
 t, w          63   1.53623239030738     
 t, w          62   1.53623239030738     
 t, w          61   1.53623004604366     
 t, w          60   1.53622447841732     
 t, w          59   1.53621949685692     
 t, w          58   1.53620924070314     
 t, w          57   1.53620074274716     
 t, w          56   1.53619136569228     
 t, w          55   1.53618198863740     
 t, w          54   1.53616821608804     
 t, w          53   1.53615708083537     
 t, w          52   1.53615532263758     
 t, w          51   1.53615268534089     
 t, w          50   1.53614799681345     
 t, w          49   1.53608704595673     
 t, w          48   1.53607151520959     
 t, w          47   1.53606243118767     
 t, w          46   1.53600880615508     
 t, w          45   1.53599327540793     
 t, w          44   1.53598272622119     
 t, w          43   1.53585115441990     
 t, w          42   1.53553848824624     
 t, w          41   1.53554053947699     
 t, w          40   1.53568412562985     
 t, w          39   1.53556896367460     
 t, w          38   1.53552207840020     
 t, w          37   1.53540515824716     
 t, w          36   1.53502069899707     
 t, w          35   1.53500282398620     
 t, w          34   1.53466173361493     
 t, w          33   1.53433236456226     
 t, w          32   1.53346469395287     
 t, w          31   1.53364666742414     
 t, w          30   1.53289298663814     
 t, w          29   1.53238779780647     
 t, w          28   1.53258969751936     
 t, w          27   1.53209945336890     
 t, w          26   1.53117229706762     
 t, w          25   1.53080629889432     
 t, w          24   1.52930743527830     
 t, w          23   1.52843419704258     
 t, w          22   1.52770747528936     
 t, w          21   1.52610282677297     
 t, w          20   1.52472879520005     
 t, w          19   1.52291462811369     
 t, w          18   1.52170410893524     
 t, w          17   1.51947793750007     
 t, w          16   1.51778918852273     
 t, w          15   1.51522075458443     
 t, w          14   1.51263532473416     
 t, w          13   1.50895307249587     
 t, w          12   1.50541499247636     
 t, w          11   1.50116835874746     
 t, w          10   1.49556263812686     
 t, w           9   1.49158471562687     
 t, w           8   1.48600888436870     
 t, w           7   1.47869829795767     
 t, w           6   1.46735557794814     
 t, w           5   1.46004030300967     
 t, w           4   1.44947558552223     
 t, w           3   1.44063185063828     
 t, w           2   1.43249872069448     
 iterations exceeded in bisection for mu_t, transition.f90            2
  0.211975224693646     
 t, mu           2  2.173388324334277E-003
 iterations exceeded in bisection for mu_t, transition.f90            3
  0.156483048857170     
 t, mu           3  2.173388324334277E-003
 iterations exceeded in bisection for mu_t, transition.f90            4
  0.118658061052722     
 t, mu           4  2.173388324334277E-003
 iterations exceeded in bisection for mu_t, transition.f90            5
  8.471066022316920E-002
 t, mu           5  2.173388324334277E-003
 iterations exceeded in bisection for mu_t, transition.f90            6
  6.121496047741537E-002
 t, mu           6  2.173388324334277E-003
 iterations exceeded in bisection for mu_t, transition.f90            7
  2.977135398111341E-002
 t, mu           7  2.173388324334277E-003
 iterations exceeded in bisection for mu_t, transition.f90            8
  8.583482993568481E-003
 t, mu           8  2.173388324334277E-003
 t, mu           9  7.740211812447250E-003
 t, mu          10  1.470129476134448E-002
 t, mu          11  2.211459506448876E-002
 t, mu          12  2.559490439450501E-002
 t, mu          13  2.724777275294388E-002
 t, mu          14  2.883981927010313E-002
 t, mu          15  2.845353093464775E-002
 t, mu          16  2.844006655757059E-002
 t, mu          17  2.740191665603425E-002
 t, mu          18  2.777334774781827E-002
 t, mu          19  2.688377028299555E-002
 t, mu          20  2.782163378975019E-002
 t, mu          21  2.751334598356946E-002
 t, mu          22  2.795859900484556E-002
 t, mu          23  2.705834289613404E-002
 t, mu          24  2.657966107659739E-002
 t, mu          25  2.744230978726576E-002
 t, mu          26  2.647891039295097E-002
 t, mu          27  2.676676948908358E-002
 t, mu          28  2.625419458242163E-002
 t, mu          29  2.493747136204730E-002
 t, mu          30  2.510832966426794E-002
 t, mu          31  2.536693856192256E-002
 t, mu          32  2.439100336826006E-002
 t, mu          33  2.521975899180315E-002
 t, mu          34  2.488918532011537E-002
 t, mu          35  2.463475502224332E-002
 t, mu          36  2.403860811992997E-002
 t, mu          37  2.426518108591823E-002
 t, mu          38  2.396942907908520E-002
 t, mu          39  2.364489116263892E-002
 t, mu          40  2.347217570495935E-002
 t, mu          41  2.299117244109904E-002
 t, mu          42  2.283331422709084E-002
 t, mu          43  2.316574505423753E-002
 t, mu          44  2.308774452496289E-002
 t, mu          45  2.284260000438543E-002
 t, mu          46  2.265874161395234E-002
 t, mu          47  2.256959815192418E-002
 t, mu          48  2.242288287066949E-002
 t, mu          49  2.233002509772349E-002
 t, mu          50  2.230356063243388E-002
 t, mu          51  2.219213130489867E-002
 t, mu          52  2.210484499832943E-002
 t, mu          53  2.203288022429627E-002
 t, mu          54  2.198598704895854E-002
 t, mu          55  2.193816529589135E-002
 t, mu          56  2.190287934217187E-002
 t, mu          57  2.187130769937023E-002
 t, mu          58  2.184484323408062E-002
 t, mu          59  2.182302165743831E-002
 t, mu          60  2.179702148101342E-002
 t, mu          61  2.177659277096530E-002
 t, mu          62  2.175616406091718E-002
 t, mu          63  2.173619963973379E-002
 t, mu          64  2.171902095173878E-002
 t, mu          65  2.171716379627986E-002
 t, mu          66  2.177241417118274E-002
 t, mu          67  2.175244974999934E-002
 t, mu          68  2.173991395065163E-002
 t, mu          69  2.173202103995122E-002
 t, mu          70  2.172830672903339E-002
 t, mu          71  2.172830672903339E-002
 t, mu          72  2.172273526265662E-002
 t, mu          73  2.172273526265662E-002
 t, mu          74  2.172459241811554E-002
 t, mu          75  2.173016388449230E-002
 t, mu          76  2.173434248427487E-002
 t, mu          77  2.173898537292217E-002
 t, mu          78  2.174316397270475E-002
 t, mu          79  2.174687828362258E-002
 t, mu          80  2.175384261659354E-002
 t, mu          81  2.175662834978191E-002
 t, mu          82  2.176173552729394E-002
 t, mu          83  2.176544983821178E-002
 t, mu          84  2.176869986026490E-002
 t, mu          85  2.177148559345327E-002
 t, mu          86  2.177473561550639E-002
 t, mu          87  2.177844992642423E-002
 t, mu          88  2.178077137074787E-002
 t, mu          89  2.178402139280099E-002
 t, mu          90  2.178727141485410E-002
 t, mu          91  2.178959285917775E-002
 t, mu          92  2.178959285917775E-002
 t, mu          93  2.179330717009559E-002
 t, mu          94  2.179330717009559E-002
 t, mu          95  2.179516432555451E-002
 t, mu          96  2.179516432555451E-002
 t, mu          97  2.179748576987815E-002
 t, mu          98  2.179702148101342E-002
 t, mu          99  2.179702148101342E-002
 t, mu         100  2.179841434760762E-002
 t, mu         101  2.179748576987815E-002
 t, mu         102  2.179702148101342E-002
 t, mu         103  2.179655719214869E-002
 t, mu         104  2.179516432555451E-002
 t, mu         105  2.179470003668978E-002
 t, mu         106  2.179377145896032E-002
 t, mu         107  2.179330717009559E-002
 t, mu         108  2.179145001463666E-002
 t, mu         109  2.179005714804248E-002
 t, mu         110  2.179005714804248E-002
 t, mu         111  2.178773570371883E-002
 t, mu         112  2.178402139280099E-002
 t, mu         113  2.178773570371883E-002
 t, mu         114  2.180305723625492E-002
 t, mu         115  2.178912857031302E-002
 t, mu         116  2.179516432555451E-002
 t, mu         117  2.180445010284911E-002
 t, mu         118  2.180630725830802E-002
 t, mu         119  2.174316397270475E-002
 iter_tr, d_tr            2  8.910916158419839E-003
  
 backward induction
 t, w         119   1.53635898054826     
 t, w         118   1.53639648876778     
 t, w         117   1.53638593958104     
 t, w         116   1.53636982276797     
 t, w         115   1.53636015268012     
 t, w         114   1.53636278997681     
 t, w         113   1.53634725922966     
 t, w         112   1.53634491496594     
 t, w         111   1.53634286373519     
 t, w         110   1.53634374283408     
 t, w         109   1.53634257070222     
 t, w         108   1.53634257070222     
 t, w         107   1.53634169160333     
 t, w         106   1.53634139857036     
 t, w         105   1.53634139857036     
 t, w         104   1.53634139857036     
 t, w         103   1.53634051947146     
 t, w         102   1.53634051947146     
 t, w         101   1.53634051947146     
 t, w         100   1.53634022643850     
 t, w          99   1.53633993340553     
 t, w          98   1.53633905430664     
 t, w          97   1.53633905430664     
 t, w          96   1.53633876127367     
 t, w          95   1.53633788217478     
 t, w          94   1.53633671004292     
 t, w          93   1.53633671004292     
 t, w          92   1.53633553791106     
 t, w          91   1.53633465881216     
 t, w          90   1.53633407274623     
 t, w          89   1.53633290061437     
 t, w          88   1.53633172848251     
 t, w          87   1.53632967725176     
 t, w          86   1.53632938421879     
 t, w          85   1.53632762602100     
 t, w          84   1.53632616085618     
 t, w          83   1.53632381659246     
 t, w          82   1.53632293749356     
 t, w          81   1.53632147232874     
 t, w          80   1.53632000716391     
 t, w          79   1.53631766290019     
 t, w          78   1.53631473257054     
 t, w          77   1.53631238830682     
 t, w          76   1.53630975101014     
 t, w          75   1.53630623461456     
 t, w          74   1.53630183912008     
 t, w          73   1.53629920182340     
 t, w          72   1.53629656452671     
 t, w          71   1.53629451329596     
 t, w          70   1.53629070386741     
 t, w          69   1.53628630837294     
 t, w          68   1.53628191287846     
 t, w          67   1.53627722435102     
 t, w          66   1.53627341492248     
 t, w          65   1.53622916694476     
 t, w          64   1.53622418538436     
 t, w          63   1.53622447841732     
 t, w          62   1.53622506448325     
 t, w          61   1.53622184112064     
 t, w          60   1.53621598046134     
 t, w          59   1.53620924070314     
 t, w          58   1.53619986364826     
 t, w          57   1.53619107265931     
 t, w          56   1.53618110953850     
 t, w          55   1.53617143945066     
 t, w          54   1.53615708083537     
 t, w          53   1.53614535951677     
 t, w          52   1.53614330828601     
 t, w          51   1.53614096402229     
 t, w          50   1.53613481033003     
 t, w          49   1.53607415250627     
 t, w          48   1.53605891479209     
 t, w          47   1.53604953773721     
 t, w          46   1.53599708483648     
 t, w          45   1.53598155408933     
 t, w          44   1.53597100490259     
 t, w          43   1.53583884703537     
 t, w          42   1.53552793905950     
 t, w          41   1.53553057635618     
 t, w          40   1.53567299037718     
 t, w          39   1.53555724235600     
 t, w          38   1.53551152921346     
 t, w          37   1.53539548815931     
 t, w          36   1.53501220104108     
 t, w          35   1.53498787930499     
 t, w          34   1.53464913319744     
 t, w          33   1.53431917807884     
 t, w          32   1.53345062837055     
 t, w          31   1.53363494610554     
 t, w          30   1.53287511162728     
 t, w          29   1.53237050886153     
 t, w          28   1.53256684094809     
 t, w          27   1.53207952712728     
 t, w          26   1.53114182163926     
 t, w          25   1.53077611649893     
 t, w          24   1.52927109919064     
 t, w          23   1.52839903308678     
 t, w          22   1.52766908797094     
 t, w          21   1.52606268125677     
 t, w          20   1.52468601238716     
 t, w          19   1.52286569160853     
 t, w          18   1.52165575849601     
 t, w          17   1.51943075919270     
 t, w          16   1.51775607579768     
 t, w          15   1.51518324636491     
 t, w          14   1.51259986774540     
 t, w          13   1.50888626097985     
 t, w          12   1.50546304988262     
 t, w          11   1.50116718661560     
 t, w          10   1.49555560533570     
 t, w           9   1.49158500865984     
 t, w           8   1.48601826142358     
 t, w           7   1.47869829795767     
 t, w           6   1.46734971728884     
 t, w           5   1.46003707964706     
 t, w           4   1.44948613470897     
 t, w           3   1.44065294901177     
 t, w           2   1.43253036825470     
 iterations exceeded in bisection for mu_t, transition.f90            2
  0.211809124719254     
 t, mu           2  2.173388324334277E-003
 iterations exceeded in bisection for mu_t, transition.f90            3
  0.156393186508141     
 t, mu           3  2.173388324334277E-003
 iterations exceeded in bisection for mu_t, transition.f90            4
  0.118587672162768     
 t, mu           4  2.173388324334277E-003
 iterations exceeded in bisection for mu_t, transition.f90            5
  8.465533218979415E-002
 t, mu           5  2.173388324334277E-003
 iterations exceeded in bisection for mu_t, transition.f90            6
  6.115689495240728E-002
 t, mu           6  2.173388324334277E-003
 iterations exceeded in bisection for mu_t, transition.f90            7
  2.968492008712043E-002
 t, mu           7  2.173388324334277E-003
 iterations exceeded in bisection for mu_t, transition.f90            8
  8.479701506466597E-003
 t, mu           8  2.173388324334277E-003
 t, mu           9  7.800105075997423E-003
 t, mu          10  1.473750929279342E-002
 t, mu          11  2.215916679550285E-002
 t, mu          12  2.569472650042196E-002
 t, mu          13  2.714748635816220E-002
 t, mu          14  2.887789095701099E-002
 t, mu          15  2.848649544404359E-002
 t, mu          16  2.847163820037223E-002
 t, mu          17  2.740563096695210E-002
 t, mu          18  2.778449068057179E-002
 t, mu          19  2.689677037120799E-002
 t, mu          20  2.784206249979831E-002
 t, mu          21  2.752077460540514E-002
 t, mu          22  2.796277760462812E-002
 t, mu          23  2.705602145181039E-002
 t, mu          24  2.657780392113847E-002
 t, mu          25  2.744788125364253E-002
 t, mu          26  2.647148177111529E-002
 t, mu          27  2.677094808886615E-002
 t, mu          28  2.624537309399177E-002
 t, mu          29  2.493561420658837E-002
 t, mu          30  2.510461535335010E-002
 t, mu          31  2.536833142851676E-002
 t, mu          32  2.438032472437127E-002
 t, mu          33  2.521000892564382E-002
 t, mu          34  2.488175669827969E-002
 t, mu          35  2.462175493403088E-002
 t, mu          36  2.403675096447105E-002
 t, mu          37  2.426146677500039E-002
 t, mu          38  2.396200045724952E-002
 t, mu          39  2.363560538534432E-002
 t, mu          40  2.346660423858259E-002
 t, mu          41  2.298560097472228E-002
 t, mu          42  2.283145707163192E-002
 t, mu          43  2.315645927694293E-002
 t, mu          44  2.308356592518031E-002
 t, mu          45  2.283702853800867E-002
 t, mu          46  2.265131299211667E-002
 t, mu          47  2.256170524122377E-002
 t, mu          48  2.241545424883381E-002
 t, mu          49  2.232259647588782E-002
 t, mu          50  2.229659629946293E-002
 t, mu          51  2.219259559376340E-002
 t, mu          52  2.210345213173524E-002
 t, mu          53  2.202730875791951E-002
 t, mu          54  2.198087987144651E-002
 t, mu          55  2.193630814043243E-002
 t, mu          56  2.189591500920092E-002
 t, mu          57  2.186434336639928E-002
 t, mu          58  2.183973605656859E-002
 t, mu          59  2.181559303560263E-002
 t, mu          60  2.179330717009559E-002
 t, mu          61  2.177287846004747E-002
 t, mu          62  2.175291403886407E-002
 t, mu          63  2.173202103995122E-002
 t, mu          64  2.171716379627986E-002
 t, mu          65  2.171344948536202E-002
 t, mu          66  2.176916414912963E-002
 t, mu          67  2.175012830567569E-002
 t, mu          68  2.173759250632798E-002
 t, mu          69  2.173016388449230E-002
 t, mu          70  2.172644957357446E-002
 t, mu          71  2.172459241811554E-002
 t, mu          72  2.172319955152135E-002
 t, mu          73  2.172459241811554E-002
 t, mu          74  2.172644957357446E-002
 t, mu          75  2.173016388449230E-002
 t, mu          76  2.173341390654542E-002
 t, mu          77  2.173619963973379E-002
 t, mu          78  2.174084252838109E-002
 t, mu          79  2.174502112816366E-002
 t, mu          80  2.175059259454042E-002
 t, mu          81  2.175430690545826E-002
 t, mu          82  2.175987837183502E-002
 t, mu          83  2.176312839388814E-002
 t, mu          84  2.176730699367070E-002
 t, mu          85  2.177102130458854E-002
 t, mu          86  2.177473561550639E-002
 t, mu          87  2.177659277096530E-002
 t, mu          88  2.178030708188314E-002
 t, mu          89  2.178355710393626E-002
 t, mu          90  2.178587854825990E-002
 t, mu          91  2.178773570371883E-002
 t, mu          92  2.178959285917775E-002
 t, mu          93  2.179145001463666E-002
 t, mu          94  2.179191430350139E-002
 t, mu          95  2.179516432555451E-002
 t, mu          96  2.179562861441924E-002
 t, mu          97  2.179655719214869E-002
 t, mu          98  2.179562861441924E-002
 t, mu          99  2.179702148101342E-002
 t, mu         100  2.179702148101342E-002
 t, mu         101  2.179702148101342E-002
 t, mu         102  2.179655719214869E-002
 t, mu         103  2.179516432555451E-002
 t, mu         104  2.179562861441924E-002
 t, mu         105  2.179516432555451E-002
 t, mu         106  2.179330717009559E-002
 t, mu         107  2.179284288123086E-002
 t, mu         108  2.179191430350139E-002
 t, mu         109  2.179005714804248E-002
 t, mu         110  2.179005714804248E-002
 t, mu         111  2.178727141485410E-002
 t, mu         112  2.178587854825990E-002
 t, mu         113  2.178587854825990E-002
 t, mu         114  2.180445010284911E-002
 t, mu         115  2.178912857031302E-002
 t, mu         116  2.179470003668978E-002
 t, mu         117  2.180630725830802E-002
 t, mu         118  2.180630725830802E-002
 t, mu         119  2.174130681724582E-002
 iter_tr, d_tr            3  2.817026405918650E-003
  
 backward induction
 t, w         119   1.53636015268012     
 t, w         118   1.53639853999854     
 t, w         117   1.53638828384476     
 t, w         116   1.53637304613058     
 t, w         115   1.53636249694384     
 t, w         114   1.53636484120756     
 t, w         113   1.53634931046042     
 t, w         112   1.53634608709780     
 t, w         111   1.53634374283408     
 t, w         110   1.53634491496594     
 t, w         109   1.53634374283408     
 t, w         108   1.53634344980112     
 t, w         107   1.53634257070222     
 t, w         106   1.53634169160333     
 t, w         105   1.53634169160333     
 t, w         104   1.53634139857036     
 t, w         103   1.53634139857036     
 t, w         102   1.53634139857036     
 t, w         101   1.53634051947146     
 t, w         100   1.53634051947146     
 t, w          99   1.53634022643850     
 t, w          98   1.53633993340553     
 t, w          97   1.53633905430664     
 t, w          96   1.53633876127367     
 t, w          95   1.53633788217478     
 t, w          94   1.53633700307588     
 t, w          93   1.53633641700995     
 t, w          92   1.53633553791106     
 t, w          91   1.53633436577920     
 t, w          90   1.53633348668030     
 t, w          89   1.53633202151548     
 t, w          88   1.53633084938362     
 t, w          87   1.53632967725176     
 t, w          86   1.53632850511990     
 t, w          85   1.53632645388914     
 t, w          84   1.53632498872432     
 t, w          83   1.53632293749356     
 t, w          82   1.53632176536170     
 t, w          81   1.53632030019688     
 t, w          80   1.53631795593316     
 t, w          79   1.53631473257054     
 t, w          78   1.53631209527386     
 t, w          77   1.53630975101014     
 t, w          76   1.53630623461456     
 t, w          75   1.53630271821898     
 t, w          74   1.53629802969154     
 t, w          73   1.53629597846078     
 t, w          72   1.53629334116410     
 t, w          71   1.53629099690038     
 t, w          70   1.53628601533997     
 t, w          69   1.53628044771364     
 t, w          68   1.53627663828509     
 t, w          67   1.53627136369172     
 t, w          66   1.53626667516428     
 t, w          65   1.53622301325250     
 t, w          64   1.53621715259320     
 t, w          63   1.53621744562616     
 t, w          62   1.53621715259320     
 t, w          61   1.53621363619762     
 t, w          60   1.53620748250535     
 t, w          59   1.53620044971419     
 t, w          58   1.53619019356042     
 t, w          57   1.53618081650554     
 t, w          56   1.53617114641769     
 t, w          55   1.53615883903316     
 t, w          54   1.53614799681345     
 t, w          53   1.53613393123113     
 t, w          52   1.53613041483555     
 t, w          51   1.53612924270369     
 t, w          50   1.53612543327515     
 t, w          49   1.53606096602285     
 t, w          48   1.53604602134163     
 t, w          47   1.53603635125379     
 t, w          46   1.53598477745195     
 t, w          45   1.53596866063887     
 t, w          44   1.53595899055102     
 t, w          43   1.53582888391456     
 t, w          42   1.53554874440001     
 t, w          41   1.53550332429044     
 t, w          40   1.53565247806963     
 t, w          39   1.53554434890554     
 t, w          38   1.53549980789486     
 t, w          37   1.53538493897257     
 t, w          36   1.53500165185434     
 t, w          35   1.53497586495342     
 t, w          34   1.53463594671401     
 t, w          33   1.53430687069431     
 t, w          32   1.53343685582120     
 t, w          31   1.53361853625950     
 t, w          30   1.53285694358345     
 t, w          29   1.53235615024625     
 t, w          28   1.53254281224496     
 t, w          27   1.53205696358898     
 t, w          26   1.53111251834275     
 t, w          25   1.53074241770795     
 t, w          24   1.52923945163042     
 t, w          23   1.52836504126284     
 t, w          22   1.52762659819102     
 t, w          21   1.52602194967463     
 t, w          20   1.52464117834351     
 t, w          19   1.52282290879564     
 t, w          18   1.52161238961719     
 t, w          17   1.51938797637981     
 t, w          16   1.51772003274299     
 t, w          15   1.51514573814539     
 t, w          14   1.51256939231704     
 t, w          13   1.50885490645259     
 t, w          12   1.50546891054192     
 t, w          11   1.50116572145078     
 t, w          10   1.49555355410494     
 t, w           9   1.49158354349501     
 t, w           8   1.48602529421474     
 t, w           7   1.47869947008953     
 t, w           6   1.46734883818994     
 t, w           5   1.46003444235037     
 t, w           4   1.44949580479682     
 t, w           3   1.44067082402263     
 t, w           2   1.43254648506778     
 iterations exceeded in bisection for mu_t, transition.f90            2
  0.211671103317407     
 t, mu           2  2.173388324334277E-003
 iterations exceeded in bisection for mu_t, transition.f90            3
  0.156279798734196     
 t, mu           3  2.173388324334277E-003
 iterations exceeded in bisection for mu_t, transition.f90            4
  0.118507881458426     
 t, mu           4  2.173388324334277E-003
 iterations exceeded in bisection for mu_t, transition.f90            5
  8.459811202759182E-002
 t, mu           5  2.173388324334277E-003
 iterations exceeded in bisection for mu_t, transition.f90            6
  6.107652112120976E-002
 t, mu           6  2.173388324334277E-003
 iterations exceeded in bisection for mu_t, transition.f90            7
  2.959131720311436E-002
 t, mu           7  2.173388324334277E-003
 iterations exceeded in bisection for mu_t, transition.f90            8
  8.364034253672048E-003
 t, mu           8  2.173388324334277E-003
 t, mu           9  7.860926917277057E-003
 t, mu          10  1.478625962359008E-002
 t, mu          11  2.217216688371528E-002
 t, mu          12  2.573790536484185E-002
 t, mu          13  2.712891480357300E-002
 t, mu          14  2.889367677841181E-002
 t, mu          15  2.850692415409171E-002
 t, mu          16  2.849438835474400E-002
 t, mu          17  2.741677389970561E-002
 t, mu          18  2.780120507970207E-002
 t, mu          19  2.691348477033827E-002
 t, mu          20  2.785134827709292E-002
 t, mu          21  2.753191753815866E-002
 t, mu          22  2.796463476008704E-002
 t, mu          23  2.706577151796972E-002
 t, mu          24  2.657733963227374E-002
 t, mu          25  2.743905976521266E-002
 t, mu          26  2.647101748225056E-002
 t, mu          27  2.677605526637818E-002
 t, mu          28  2.623933733875027E-002
 t, mu          29  2.493886422864149E-002
 t, mu          30  2.509718673151443E-002
 t, mu          31  2.536461711759892E-002
 t, mu          32  2.437475325799451E-002
 t, mu          33  2.520350888153760E-002
 t, mu          34  2.487432807644401E-002
 t, mu          35  2.461618346765412E-002
 t, mu          36  2.403303665355321E-002
 t, mu          37  2.425775246408254E-002
 t, mu          38  2.395503612427857E-002
 t, mu          39  2.362771247464390E-002
 t, mu          40  2.344663981739919E-002
 t, mu          41  2.296331510921524E-002
 t, mu          42  2.288531457994059E-002
 t, mu          43  2.314670921078360E-002
 t, mu          44  2.306917297037368E-002
 t, mu          45  2.282402844979624E-002
 t, mu          46  2.264249150368679E-002
 t, mu          47  2.255149088619971E-002
 t, mu          48  2.241173993791597E-002
 t, mu          49  2.231702500951105E-002
 t, mu          50  2.230031061038077E-002
 t, mu          51  2.219073843830448E-002
 t, mu          52  2.210159497627632E-002
 t, mu          53  2.203055877997263E-002
 t, mu          54  2.198505847122908E-002
 t, mu          55  2.192748665200256E-002
 t, mu          56  2.189545072033619E-002
 t, mu          57  2.186062905548144E-002
 t, mu          58  2.183230743473291E-002
 t, mu          59  2.181002156922587E-002
 t, mu          60  2.178727141485410E-002
 t, mu          61  2.176544983821178E-002
 t, mu          62  2.174687828362258E-002
 t, mu          63  2.172644957357446E-002
 t, mu          64  2.171159232990310E-002
 t, mu          65  2.170973517444418E-002
 t, mu          66  2.176359268275287E-002
 t, mu          67  2.174687828362258E-002
 t, mu          68  2.173387819541014E-002
 t, mu          69  2.172644957357446E-002
 t, mu          70  2.172459241811554E-002
 t, mu          71  2.172273526265662E-002
 t, mu          72  2.172087810719770E-002
 t, mu          73  2.172273526265662E-002
 t, mu          74  2.172412812925081E-002
 t, mu          75  2.172969959562757E-002
 t, mu          76  2.173202103995122E-002
 t, mu          77  2.173573535086906E-002
 t, mu          78  2.173898537292217E-002
 t, mu          79  2.174316397270475E-002
 t, mu          80  2.174827115021678E-002
 t, mu          81  2.175244974999934E-002
 t, mu          82  2.175755692751138E-002
 t, mu          83  2.176127123842921E-002
 t, mu          84  2.176591412707651E-002
 t, mu          85  2.176916414912963E-002
 t, mu          86  2.177427132664166E-002
 t, mu          87  2.177659277096530E-002
 t, mu          88  2.177844992642423E-002
 t, mu          89  2.178216423734206E-002
 t, mu          90  2.178402139280099E-002
 t, mu          91  2.178634283712463E-002
 t, mu          92  2.178959285917775E-002
 t, mu          93  2.179098572577193E-002
 t, mu          94  2.179145001463666E-002
 t, mu          95  2.179330717009559E-002
 t, mu          96  2.179516432555451E-002
 t, mu          97  2.179516432555451E-002
 t, mu          98  2.179702148101342E-002
 t, mu          99  2.179702148101342E-002
 t, mu         100  2.179702148101342E-002
 t, mu         101  2.179516432555451E-002
 t, mu         102  2.179702148101342E-002
 t, mu         103  2.179516432555451E-002
 t, mu         104  2.179470003668978E-002
 t, mu         105  2.179330717009559E-002
 t, mu         106  2.179330717009559E-002
 t, mu         107  2.179330717009559E-002
 t, mu         108  2.179284288123086E-002
 t, mu         109  2.179098572577193E-002
 t, mu         110  2.178959285917775E-002
 t, mu         111  2.178402139280099E-002
 t, mu         112  2.178587854825990E-002
 t, mu         113  2.178773570371883E-002
 t, mu         114  2.180491439171384E-002
 t, mu         115  2.178959285917775E-002
 t, mu         116  2.179702148101342E-002
 t, mu         117  2.180630725830802E-002
 t, mu         118  2.180630725830802E-002
 t, mu         119  2.174084252838109E-002
 iter_tr, d_tr            4  2.231806919721177E-003
  
 backward induction
 t, w         119   1.53636103177902     
 t, w         118   1.53640088426226     
 t, w         117   1.53639062810848     
 t, w         116   1.53637539039430     
 t, w         115   1.53636484120756     
 t, w         114   1.53636718547128     
 t, w         113   1.53635077562524     
 t, w         112   1.53634725922966     
 t, w         111   1.53634491496594     
 t, w         110   1.53634579406484     
 t, w         109   1.53634520799891     
 t, w         108   1.53634374283408     
 t, w         107   1.53634374283408     
 t, w         106   1.53634257070222     
 t, w         105   1.53634257070222     
 t, w         104   1.53634169160333     
 t, w         103   1.53634169160333     
 t, w         102   1.53634139857036     
 t, w         101   1.53634139857036     
 t, w         100   1.53634110553740     
 t, w          99   1.53634022643850     
 t, w          98   1.53634022643850     
 t, w          97   1.53633905430664     
 t, w          96   1.53633905430664     
 t, w          95   1.53633788217478     
 t, w          94   1.53633700307588     
 t, w          93   1.53633671004292     
 t, w          92   1.53633553791106     
 t, w          91   1.53633436577920     
 t, w          90   1.53633290061437     
 t, w          89   1.53633172848251     
 t, w          88   1.53632997028472     
 t, w          87   1.53632938421879     
 t, w          86   1.53632733298804     
 t, w          85   1.53632586782321     
 t, w          84   1.53632381659246     
 t, w          83   1.53632176536170     
 t, w          82   1.53632030019688     
 t, w          81   1.53631883503205     
 t, w          80   1.53631531863647     
 t, w          79   1.53631209527386     
 t, w          78   1.53630975101014     
 t, w          77   1.53630623461456     
 t, w          76   1.53630301125194     
 t, w          75   1.53630008092229     
 t, w          74   1.53629539239485     
 t, w          73   1.53629334116410     
 t, w          72   1.53628982476852     
 t, w          71   1.53628601533997     
 t, w          70   1.53628074074660     
 t, w          69   1.53627575918620     
 t, w          68   1.53627107065876     
 t, w          67   1.53626520999946     
 t, w          66   1.53626081450498     
 t, w          65   1.53621627349430     
 t, w          64   1.53621041283500     
 t, w          63   1.53621041283500     
 t, w          62   1.53620924070314     
 t, w          61   1.53620513824163     
 t, w          60   1.53619751938454     
 t, w          59   1.53619136569228     
 t, w          58   1.53618081650554     
 t, w          57   1.53616938821990     
 t, w          56   1.53616089026392     
 t, w          55   1.53614946197828     
 t, w          54   1.53613598246189     
 t, w          53   1.53612367507736     
 t, w          52   1.53612074474771     
 t, w          51   1.53611840048399     
 t, w          50   1.53611400498951     
 t, w          49   1.53605041683611     
 t, w          48   1.53602990452856     
 t, w          47   1.53602521600112     
 t, w          46   1.53597129793555     
 t, w          45   1.53595693932027     
 t, w          44   1.53594639013353     
 t, w          43   1.53581716259596     
 t, w          42   1.53553614398252     
 t, w          41   1.53549629149928     
 t, w          40   1.53564280798178     
 t, w          39   1.53556193088344     
 t, w          38   1.53549394723556     
 t, w          37   1.53536061723648     
 t, w          36   1.53498436290941     
 t, w          35   1.53496150633814     
 t, w          34   1.53462100203280     
 t, w          33   1.53429368421088     
 t, w          32   1.53342073900812     
 t, w          31   1.53360095428160     
 t, w          30   1.53284258496816     
 t, w          29   1.53233944736724     
 t, w          28   1.53251878354183     
 t, w          27   1.53203234881991     
 t, w          26   1.53108643840887     
 t, w          25   1.53071077014773     
 t, w          24   1.52920663193834     
 t, w          23   1.52832724001035     
 t, w          22   1.52758674570778     
 t, w          21   1.52598326932325     
 t, w          20   1.52459780946469     
 t, w          19   1.52277983294978     
 t, w          18   1.52157253713395     
 t, w          17   1.51936072431407     
 t, w          16   1.51768223149050     
 t, w          15   1.51510705779401     
 t, w          14   1.51254008902054     
 t, w          13   1.50883380807911     
 t, w          12   1.50546041258594     
 t, w          11   1.50117011694525     
 t, w          10   1.49553245573146     
 t, w           9   1.49158676685763     
 t, w           8   1.48603232700590     
 iterations exceeded in bisection for w_t, transition.f90            7
  5.283960609929750E-004
 t, w           7   1.47877919780612     
 t, w           6   1.46735587098110     
 t, w           5   1.46000631118573     
 t, w           4   1.44949111626938     
 t, w           3   1.44068723386867     
 t, w           2   1.43255029449632     
 iterations exceeded in bisection for mu_t, transition.f90            2
  0.211557427972761     
 t, mu           2  2.173388324334277E-003
 iterations exceeded in bisection for mu_t, transition.f90            3
  0.156167537155121     
 t, mu           3  2.173388324334277E-003
 iterations exceeded in bisection for mu_t, transition.f90            4
  0.118446796136544     
 t, mu           4  2.173388324334277E-003
 iterations exceeded in bisection for mu_t, transition.f90            5
  8.458160060361108E-002
 t, mu           5  2.173388324334277E-003
 iterations exceeded in bisection for mu_t, transition.f90            6
  6.097363891126417E-002
 t, mu           6  2.173388324334277E-003
 iterations exceeded in bisection for mu_t, transition.f90            7
  2.930947823971586E-002
 t, mu           7  2.173388324334277E-003
 iterations exceeded in bisection for mu_t, transition.f90            8
  8.248228806128299E-003
 t, mu           8  2.173388324334277E-003
 t, mu           9  7.933355980174941E-003
 t, mu          10  1.480483117817928E-002
 t, mu          11  2.225945319028453E-002
 t, mu          12  2.576390554126673E-002
 t, mu          13  2.714377204724436E-002
 t, mu          14  2.890064111138277E-002
 t, mu          15  2.850506699863279E-002
 t, mu          16  2.850692415409171E-002
 t, mu          17  2.744834554250726E-002
 t, mu          18  2.780491939061992E-002
 t, mu          19  2.691162761487935E-002
 t, mu          20  2.785320543255183E-002
 t, mu          21  2.754491762637110E-002
 t, mu          22  2.797067051532853E-002
 t, mu          23  2.706577151796972E-002
 t, mu          24  2.658430396524469E-002
 t, mu          25  2.743163114337697E-002
 t, mu          26  2.646962461565637E-002
 t, mu          27  2.677791242183710E-002
 t, mu          28  2.623562302783244E-002
 t, mu          29  2.494118567296513E-002
 t, mu          30  2.509347242059658E-002
 t, mu          31  2.535347418484540E-002
 t, mu          32  2.436361032524099E-002
 t, mu          33  2.519747312629611E-002
 t, mu          34  2.486318514369049E-002
 t, mu          35  2.460829055695371E-002
 t, mu          36  2.402189372079969E-002
 t, mu          37  2.423918090949335E-002
 t, mu          38  2.396989336794993E-002
 t, mu          39  2.366671273928123E-002
 t, mu          40  2.343131828486310E-002
 t, mu          41  2.295402933192064E-002
 t, mu          42  2.286674302535140E-002
 t, mu          43  2.313603056689481E-002
 t, mu          44  2.305988719307908E-002
 t, mu          45  2.281845698341948E-002
 t, mu          46  2.263459859298639E-002
 t, mu          47  2.255474090825282E-002
 t, mu          48  2.240616847153921E-002
 t, mu          49  2.232445363134673E-002
 t, mu          50  2.229891774378658E-002
 t, mu          51  2.218702412738664E-002
 t, mu          52  2.209788066535848E-002
 t, mu          53  2.202545160246060E-002
 t, mu          54  2.197716556052867E-002
 t, mu          55  2.192702236313783E-002
 t, mu          56  2.189359356487727E-002
 t, mu          57  2.185784332229306E-002
 t, mu          58  2.183416459019183E-002
 t, mu          59  2.181187872468478E-002
 t, mu          60  2.178262852620679E-002
 t, mu          61  2.176359268275287E-002
 t, mu          62  2.174316397270475E-002
 t, mu          63  2.172087810719770E-002
 t, mu          64  2.170277084147323E-002
 t, mu          65  2.170184226374377E-002
 t, mu          66  2.175941408297030E-002
 t, mu          67  2.173944966178690E-002
 t, mu          68  2.173016388449230E-002
 t, mu          69  2.172273526265662E-002
 t, mu          70  2.171902095173878E-002
 t, mu          71  2.171902095173878E-002
 t, mu          72  2.171902095173878E-002
 t, mu          73  2.172087810719770E-002
 t, mu          74  2.172227097379189E-002
 t, mu          75  2.172830672903339E-002
 t, mu          76  2.173202103995122E-002
 t, mu          77  2.173387819541014E-002
 t, mu          78  2.173759250632798E-002
 t, mu          79  2.174130681724582E-002
 t, mu          80  2.174502112816366E-002
 t, mu          81  2.175105688340515E-002
 t, mu          82  2.175430690545826E-002
 t, mu          83  2.175941408297030E-002
 t, mu          84  2.176405697161760E-002
 t, mu          85  2.176916414912963E-002
 t, mu          86  2.177148559345327E-002
 t, mu          87  2.177659277096530E-002
 t, mu          88  2.177659277096530E-002
 t, mu          89  2.178169994847733E-002
 t, mu          90  2.178402139280099E-002
 t, mu          91  2.178587854825990E-002
 t, mu          92  2.178773570371883E-002
 t, mu          93  2.178959285917775E-002
 t, mu          94  2.179145001463666E-002
 t, mu          95  2.179330717009559E-002
 t, mu          96  2.179470003668978E-002
 t, mu          97  2.179377145896032E-002
 t, mu          98  2.179562861441924E-002
 t, mu          99  2.179516432555451E-002
 t, mu         100  2.179702148101342E-002
 t, mu         101  2.179655719214869E-002
 t, mu         102  2.179516432555451E-002
 t, mu         103  2.179516432555451E-002
 t, mu         104  2.179377145896032E-002
 t, mu         105  2.179470003668978E-002
 t, mu         106  2.179330717009559E-002
 t, mu         107  2.179330717009559E-002
 t, mu         108  2.179145001463666E-002
 t, mu         109  2.179145001463666E-002
 t, mu         110  2.178959285917775E-002
 t, mu         111  2.178448568166572E-002
 t, mu         112  2.178587854825990E-002
 t, mu         113  2.178773570371883E-002
 t, mu         114  2.180584296944330E-002
 t, mu         115  2.178959285917775E-002
 t, mu         116  2.179562861441924E-002
 t, mu         117  2.180630725830802E-002
 t, mu         118  2.180630725830802E-002
 t, mu         119  2.173944966178690E-002
 iter_tr, d_tr            5  2.020227680963417E-003
  
 backward induction
 t, w         119   1.53636132481198     
 t, w         118   1.53640322852598     
 t, w         117   1.53639385147110     
 t, w         116   1.53637773465802     
 t, w         115   1.53636689243832     
 t, w         114   1.53636835760314     
 t, w         113   1.53635194775710     
 t, w         112   1.53634960349338     
 t, w         111   1.53634638013077     
 t, w         110   1.53634608709780     
 t, w         109   1.53634638013077     
 t, w         108   1.53634491496594     
 t, w         107   1.53634403586705     
 t, w         106   1.53634374283408     
 t, w         105   1.53634257070222     
 t, w         104   1.53634257070222     
 t, w         103   1.53634257070222     
 t, w         102   1.53634139857036     
 t, w         101   1.53634169160333     
 t, w         100   1.53634139857036     
 t, w          99   1.53634051947146     
 t, w          98   1.53634022643850     
 t, w          97   1.53633993340553     
 t, w          96   1.53633905430664     
 t, w          95   1.53633788217478     
 t, w          94   1.53633700307588     
 t, w          93   1.53633641700995     
 t, w          92   1.53633524487809     
 t, w          91   1.53633407274623     
 t, w          90   1.53633231454844     
 t, w          89   1.53633114241658     
 t, w          88   1.53632997028472     
 t, w          87   1.53632850511990     
 t, w          86   1.53632645388914     
 t, w          85   1.53632498872432     
 t, w          84   1.53632264446060     
 t, w          83   1.53632147232874     
 t, w          82   1.53631912806502     
 t, w          81   1.53631590470240     
 t, w          80   1.53631297437275     
 t, w          79   1.53630975101014     
 t, w          78   1.53630711371345     
 t, w          77   1.53630389035084     
 t, w          76   1.53630008092229     
 t, w          75   1.53629715059264     
 t, w          74   1.53629304813113     
 t, w          73   1.53628982476852     
 t, w          72   1.53628542927404     
 t, w          71   1.53628161984550     
 t, w          70   1.53627663828509     
 t, w          69   1.53627077762579     
 t, w          68   1.53626520999946     
 t, w          67   1.53625934934016     
 t, w          66   1.53625583294458     
 t, w          65   1.53625700507644     
 t, w          64   1.53620191487902     
 t, w          63   1.53619283085710     
 t, w          62   1.53619341692303     
 t, w          61   1.53619224479117     
 t, w          60   1.53618697019780     
 t, w          59   1.53617993740664     
 t, w          58   1.53617143945066     
 t, w          57   1.53616001116502     
 t, w          56   1.53615034107717     
 t, w          55   1.53613861975857     
 t, w          54   1.53612367507736     
 t, w          53   1.53611166072579     
 t, w          52   1.53611019556097     
 t, w          51   1.53610697219835     
 t, w          50   1.53610140457202     
 t, w          49   1.53603781641861     
 t, w          48   1.53601994140775     
 t, w          47   1.53602638813298     
 t, w          46   1.53595488808951     
 t, w          45   1.53593818521051     
 t, w          44   1.53593144545231     
 t, w          43   1.53580456217847     
 t, w          42   1.53552442266392     
 t, w          41   1.53548603534550     
 t, w          40   1.53563343092690     
 t, w          39   1.53554786530112     
 t, w          38   1.53548105378510     
 t, w          37   1.53535182624753     
 t, w          36   1.53497469282156     
 t, w          35   1.53494890592064     
 t, w          34   1.53460781554937     
 t, w          33   1.53427873952967     
 t, w          32   1.53340520826098     
 t, w          31   1.53358307927074     
 t, w          30   1.53282617512212     
 t, w          29   1.53231981415859     
 t, w          28   1.53251204378363     
 t, w          27   1.53200538978713     
 t, w          26   1.53106240970574     
 t, w          25   1.53067882955454     
 t, w          24   1.52916677945510     
 t, w          23   1.52829471335124     
 t, w          22   1.52754718625750     
 t, w          21   1.52594693323559     
 t, w          20   1.52456030124517     
 t, w          19   1.52273734316986     
 t, w          18   1.52153121948588     
 t, w          17   1.51932087183082     
 t, w          16   1.51764736056766     
 t, w          15   1.51507541023379     
 t, w          14   1.51251049269107     
 t, w          13   1.50881270970563     
 t, w          12   1.50544957036623     
 t, w          11   1.50116542841781     
 t, w          10   1.49553714425890     
 t, w           9   1.49158002709943     
 t, w           8   1.48603349913776     
 iterations exceeded in bisection for w_t, transition.f90            7
  5.402083828105475E-004
 t, w           7   1.47878505933873     
 t, w           6   1.46735792221186     
 t, w           5   1.46000484602091     
 t, w           4   1.44949551176385     
 t, w           3   1.44069397362687     
 t, w           2   1.43255263876004     
 iterations exceeded in bisection for mu_t, transition.f90            2
  0.211442607100799     
 t, mu           2  2.173388324334277E-003
 iterations exceeded in bisection for mu_t, transition.f90            3
  0.156063719543114     
 t, mu           3  2.173388324334277E-003
 iterations exceeded in bisection for mu_t, transition.f90            4
  0.118353285711190     
 t, mu           4  2.173388324334277E-003
 iterations exceeded in bisection for mu_t, transition.f90            5
  8.450872927738207E-002
 t, mu           5  2.173388324334277E-003
 iterations exceeded in bisection for mu_t, transition.f90            6
  6.087666006279047E-002
 t, mu           6  2.173388324334277E-003
 iterations exceeded in bisection for mu_t, transition.f90            7
  2.919834403074517E-002
 t, mu           7  2.173388324334277E-003
 iterations exceeded in bisection for mu_t, transition.f90            8
  8.163581398622943E-003
 t, mu           8  2.173388324334277E-003
 t, mu           9  7.987213488483625E-003
 t, mu          10  1.486611730832364E-002
 t, mu          11  2.226177463460818E-002
 t, mu          12  2.578758427336796E-002
 t, mu          13  2.716234360183356E-002
 t, mu          14  2.891317691073048E-002
 t, mu          15  2.852735286413983E-002
 t, mu          16  2.852595999754564E-002
 t, mu          17  2.745763131980185E-002
 t, mu          18  2.780909799040248E-002
 t, mu          19  2.692277054763287E-002
 t, mu          20  2.787177698714104E-002
 t, mu          21  2.755420340366570E-002
 t, mu          22  2.797392053738165E-002
 t, mu          23  2.707877160618216E-002
 t, mu          24  2.656991101043805E-002
 t, mu          25  2.743209543224170E-002
 t, mu          26  2.647937468181570E-002
 t, mu          27  2.677187666659561E-002
 t, mu          28  2.625419458242163E-002
 t, mu          29  2.493004274021161E-002
 t, mu          30  2.511761544156255E-002
 t, mu          31  2.534743842960390E-002
 t, mu          32  2.435432454794639E-002
 t, mu          33  2.518447303808367E-002
 t, mu          34  2.485343507753116E-002
 t, mu          35  2.459807620192965E-002
 t, mu          36  2.401817940988185E-002
 t, mu          37  2.423360944311658E-002
 t, mu          38  2.395735756860222E-002
 t, mu          39  2.365649838425717E-002
 t, mu          40  2.343271115145729E-002
 t, mu          41  2.295031502100280E-002
 t, mu          42  2.285931440351571E-002
 t, mu          43  2.312860194505913E-002
 t, mu          44  2.305106570464922E-002
 t, mu          45  2.280406402861285E-002
 t, mu          46  2.263413430412166E-002
 t, mu          47  2.257331246284202E-002
 t, mu          48  2.240059700516245E-002
 t, mu          49  2.231516785405213E-002
 t, mu          50  2.229288198854509E-002
 t, mu          51  2.218005979441569E-002
 t, mu          52  2.209230919898172E-002
 t, mu          53  2.201802298062491E-002
 t, mu          54  2.197159409415191E-002
 t, mu          55  2.192516520767891E-002
 t, mu          56  2.188987925395943E-002
 t, mu          57  2.185645045569887E-002
 t, mu          58  2.183045027927399E-002
 t, mu          59  2.180445010284911E-002
 t, mu          60  2.178030708188314E-002
 t, mu          61  2.175802121637611E-002
 t, mu          62  2.173341390654542E-002
 t, mu          63  2.170973517444418E-002
 t, mu          64  2.170973517444418E-002
 t, mu          65  2.177287846004747E-002
 t, mu          66  2.173387819541014E-002
 t, mu          67  2.172087810719770E-002
 t, mu          68  2.171530664082094E-002
 t, mu          69  2.171344948536202E-002
 t, mu          70  2.171344948536202E-002
 t, mu          71  2.171344948536202E-002
 t, mu          72  2.171484235195621E-002
 t, mu          73  2.171716379627986E-002
 t, mu          74  2.172087810719770E-002
 t, mu          75  2.172505670698027E-002
 t, mu          76  2.173016388449230E-002
 t, mu          77  2.173387819541014E-002
 t, mu          78  2.173619963973379E-002
 t, mu          79  2.173944966178690E-002
 t, mu          80  2.174362826156948E-002
 t, mu          81  2.174873543908151E-002
 t, mu          82  2.175244974999934E-002
 t, mu          83  2.175802121637611E-002
 t, mu          84  2.176173552729394E-002
 t, mu          85  2.176730699367070E-002
 t, mu          86  2.176962843799436E-002
 t, mu          87  2.177427132664166E-002
 t, mu          88  2.177659277096530E-002
 t, mu          89  2.177984279301842E-002
 t, mu          90  2.178216423734206E-002
 t, mu          91  2.178587854825990E-002
 t, mu          92  2.178634283712463E-002
 t, mu          93  2.178912857031302E-002
 t, mu          94  2.178959285917775E-002
 t, mu          95  2.179145001463666E-002
 t, mu          96  2.179330717009559E-002
 t, mu          97  2.179516432555451E-002
 t, mu          98  2.179516432555451E-002
 t, mu          99  2.179516432555451E-002
 t, mu         100  2.179516432555451E-002
 t, mu         101  2.179516432555451E-002
 t, mu         102  2.179516432555451E-002
 t, mu         103  2.179516432555451E-002
 t, mu         104  2.179470003668978E-002
 t, mu         105  2.179330717009559E-002
 t, mu         106  2.179330717009559E-002
 t, mu         107  2.179284288123086E-002
 t, mu         108  2.179145001463666E-002
 t, mu         109  2.179145001463666E-002
 t, mu         110  2.178773570371883E-002
 t, mu         111  2.178587854825990E-002
 t, mu         112  2.178773570371883E-002
 t, mu         113  2.178587854825990E-002
 t, mu         114  2.180491439171384E-002
 t, mu         115  2.179145001463666E-002
 t, mu         116  2.179702148101342E-002
 t, mu         117  2.180816441376695E-002
 t, mu         118  2.180630725830802E-002
 t, mu         119  2.173573535086906E-002
 iter_tr, d_tr            6  1.940532793828512E-003
 begin loss_entry_t and gain_entry_t
 end loss_entry_t and gain_entry_t
 begin loss_and_gain_exit_and_incumbent_t
 sum           2
   0.1859782   0.1859782
 sum           3
   0.1744670   0.1744670
 sum           4
   0.1677661   0.1677661
 sum           5
   0.1617548   0.1617548
 sum           6
   0.1622656   0.1622656
 sum           7
   0.1615458   0.1610996
 sum           8
   0.1601332   0.1593266
 sum           9
   0.1642496   0.1633812
 sum          10
   0.1707135   0.1698423
 sum          11
   0.1785935   0.1778302
 sum          12
   0.1809179   0.1802389
 sum          13
   0.1828497   0.1821897
 sum          14
   0.1845332   0.1838352
 sum          15
   0.1860329   0.1852519
 sum          16
   0.1873679   0.1866226
 sum          17
   0.1885395   0.1878478
 sum          18
   0.1895587   0.1889481
 sum          19
   0.1904453   0.1898804
 sum          20
   0.1912211   0.1906723
 sum          21
   0.1919039   0.1911519
 sum          22
   0.1925082   0.1917979
 sum          23
   0.1930460   0.1923144
 sum          24
   0.1935271   0.1928117
 sum          25
   0.1939597   0.1933281
 sum          26
   0.1943504   0.1937207
 sum          27
   0.1947052   0.1940718
 sum          28
   0.1950287   0.1943630
 sum          29
   0.1953251   0.1946849
 sum          30
   0.1955977   0.1949614
 sum          31
   0.1958495   0.1951948
 sum          32
   0.1960831   0.1955341
 sum          33
   0.1963004   0.1957524
 sum          34
   0.1965035   0.1959740
 sum          35
   0.1966938   0.1962400
 sum          36
   0.1968727   0.1965079
 sum          37
   0.1970415   0.1967270
 sum          38
   0.1972011   0.1968658
 sum          39
   0.1973525   0.1970179
 sum          40
   0.1974965   0.1971629
 sum          41
   0.1976338   0.1973137
 sum          42
   0.1977650   0.1974374
 sum          43
   0.1978906   0.1975588
 sum          44
   0.1980110   0.1976761
 sum          45
   0.1981267   0.1978017
 sum          46
   0.1982381   0.1979175
 sum          47
   0.1983454   0.1980283
 sum          48
   0.1984489   0.1981340
 sum          49
   0.1985488   0.1982356
 sum          50
   0.1986455   0.1983277
 sum          51
   0.1987390   0.1984262
 sum          52
   0.1988296   0.1985197
 sum          53
   0.1989174   0.1986091
 sum          54
   0.1990026   0.1986956
 sum          55
   0.1990852   0.1987797
 sum          56
   0.1991655   0.1988680
 sum          57
   0.1992435   0.1989485
 sum          58
   0.1993194   0.1990272
 sum          59
   0.1993931   0.1991025
 sum          60
   0.1994650   0.1991764
 sum          61
   0.1995349   0.1992481
 sum          62
   0.1996025   0.1993175
 sum          63
   0.1996451   0.1993619
 sum          64
   0.1997042   0.1994229
 sum          65
   0.1997867   0.1995071
 sum          66
   0.1998496   0.1995715
 sum          67
   0.1998977   0.1996214
 sum          68
   0.1999485   0.1996736
 sum          69
   0.2000007   0.1997273
 sum          70
   0.2000535   0.1997815
 sum          71
   0.2001055   0.1998349
 sum          72
   0.2001579   0.1998886
 sum          73
   0.2002105   0.1999427
 sum          74
   0.2002642   0.1999977
 sum          75
   0.2003182   0.2000531
 sum          76
   0.2003731   0.2001094
 sum          77
   0.2004268   0.2001644
 sum          78
   0.2004764   0.2002155
 sum          79
   0.2005249   0.2002656
 sum          80
   0.2005724   0.2003144
 sum          81
   0.2006189   0.2003623
 sum          82
   0.2006644   0.2004093
 sum          83
   0.2007091   0.2004555
 sum          84
   0.2007528   0.2005008
 sum          85
   0.2007958   0.2005452
 sum          86
   0.2008380   0.2005891
 sum          87
   0.2008795   0.2006322
 sum          88
   0.2009202   0.2006746
 sum          89
   0.2009603   0.2007163
 sum          90
   0.2009997   0.2007574
 sum          91
   0.2010386   0.2007978
 sum          92
   0.2010768   0.2008377
 sum          93
   0.2011145   0.2008770
 sum          94
   0.2011517   0.2009157
 sum          95
   0.2011883   0.2009539
 sum          96
   0.2012244   0.2009916
 sum          97
   0.2012600   0.2010289
 sum          98
   0.2012952   0.2010656
 sum          99
   0.2013299   0.2011019
 sum         100
   0.2013642   0.2011377
 sum         101
   0.2013980   0.2011731
 sum         102
   0.2014314   0.2012081
 sum         103
   0.2014645   0.2012426
 sum         104
   0.2014971   0.2012768
 sum         105
   0.2015294   0.2013106
 sum         106
   0.2015613   0.2013440
 sum         107
   0.2015928   0.2013770
 sum         108
   0.2016240   0.2014097
 sum         109
   0.2016549   0.2014420
 sum         110
   0.2016854   0.2014740
 sum         111
   0.2017156   0.2015057
 sum         112
   0.2017455   0.2015371
 sum         113
   0.2017750   0.2015681
 sum         114
   0.2018043   0.2015989
 sum         115
   0.2018333   0.2016292
 sum         116
   0.2018620   0.2016594
 sum         117
   0.2018905   0.2016893
 sum         118
   0.2019186   0.2017189
 sum         119
   0.2019465   0.2017484
 end output_loss_exit_t
 completed transition
 iter_shock           1
 shock gdp_drop_data1 minval(gdp_t(2:t1-1))/gdp_t(1)
      0.4188      0.9594      0.9541
 rho_shock gdp_drop_data2 gdp_t(5)/gdp_t(1)
      0.8561      0.9797      0.9716
