 intbirth_k          47   15.3035537057567     
  
 iter_bi, w, d_bi
 maxval(a_un(1:neta*nz,:))   401.510516562265     
 sum g_binding_collateral  103
   1.0000000   2.0615948   0.0000003
 exdem, h  3.042884100259435E-004   1.01456996163775     
   1.01472798548546     
 sum(g_e_o)   13
 accidental_defaults  0.000000000000000E+000
 increase kmax, instst.f90   1.500062451409693E-002
 decrease amin, instst.f90   4.890249541779879E-003
 firm debt/gdp   1.76603041926064        1.76603041928872     
 outliers  1.343369859796439E-013
 outliers_30  0.946687732092514     
  
 iter_bi, w, d_bi
 maxval(a_un(1:neta*nz,:))   401.510516562265     
 sum g_binding_collateral  103
   1.0000000   2.0615948   0.0000003
 exdem, h  3.042884100259435E-004   1.01456996163775     
   1.01472798548546     
 sum(g_e_o)   13
 accidental_defaults  0.000000000000000E+000
 increase kmax, fistst.f90   1.500062451409693E-002
 decrease amin, fistst.f90   4.890249541779879E-003
 firm debt/gdp   1.76603041926064        1.76603041928872     
  
 transition 
  
 backward induction
 t, w         119   2.06139480978463     
 t, w         118   2.06137325751885     
 t, w         117   2.06133616861384     
 t, w         116   2.06131884517151     
 t, w         115   2.06129934474238     
 t, w         114   2.06128543416868     
 t, w         113   2.06126240148516     
 t, w         112   2.06123815688540     
 t, w         111   2.06121383420526     
 t, w         110   2.06119026660076     
 t, w         109   2.06116584486396     
 t, w         108   2.06114134489762     
 t, w         107   2.06111751840327     
 t, w         106   2.06109463000321     
 t, w         105   2.06107281866015     
 t, w         104   2.06105205662688     
 t, w         103   2.06103250318697     
 t, w         102   2.06101446194066     
 t, w         101   2.06099855148910     
 t, w         100   2.06098429299131     
 t, w          99   2.06097147987879     
 t, w          98   2.06096240419954     
 t, w          97   2.06095598142855     
 t, w          96   2.06094219671228     
 t, w          95   2.06092183357709     
 t, w          94   2.06090408958084     
 t, w          93   2.06088650400811     
 t, w          92   2.06086606523488     
 t, w          91   2.06085099370478     
 t, w          90   2.06083175127834     
 t, w          89   2.06081706947331     
 t, w          88   2.06079964078741     
 t, w          87   2.06078481681104     
 t, w          86   2.06076003287514     
 t, w          85   2.06073775752207     
 t, w          84   2.06071694525334     
 t, w          83   2.06069307406193     
 t, w          82   2.06067040494684     
 t, w          81   2.06064942585887     
 t, w          80   2.06064125248482     
 t, w          79   2.06061232402347     
 t, w          78   2.06058310243283     
 t, w          77   2.06055992301284     
 t, w          76   2.06052689234006     
 t, w          75   2.06049555942769     
 t, w          74   2.06046720128856     
 t, w          73   2.06043803638547     
 t, w          72   2.06041357617844     
 t, w          71   2.06039082866594     
 t, w          70   2.06036829115407     
 t, w          69   2.06033791088369     
 t, w          68   2.06030885792664     
 t, w          67   2.06027652988204     
 t, w          66   2.06024934358543     
 t, w          65   2.06021057325120     
 t, w          64   2.06017626838484     
 t, w          63   2.06014403691245     
 t, w          62   2.06011396622191     
 t, w          61   2.06008658901971     
 t, w          60   2.06004158051574     
 t, w          59   2.05999026585340     
 t, w          58   2.05994085187654     
 t, w          57   2.05989069353689     
 t, w          56   2.05983418114304     
 t, w          55   2.05976465375415     
 t, w          54   2.05970590581556     
 t, w          53   2.05961849317883     
 t, w          52   2.05949894351133     
 t, w          51   2.05937412377749     
 t, w          50   2.05924251031980     
 t, w          49   2.05910544918526     
 t, w          48   2.05896347370611     
 t, w          47   2.05881631479382     
 t, w          46   2.05866607848122     
 t, w          45   2.05851571156826     
 t, w          44   2.05836258435970     
 t, w          43   2.05820185489599     
 t, w          42   2.05806103063379     
 t, w          41   2.05789637106100     
 t, w          40   2.05772209406878     
 t, w          39   2.05754054195767     
 t, w          38   2.05735370392720     
 t, w          37   2.05715970533461     
 t, w          36   2.05695797957365     
 t, w          35   2.05674845781803     
 t, w          34   2.05653134565445     
 t, w          33   2.05630581678452     
 t, w          32   2.05606993454291     
 t, w          31   2.05582424215127     
 t, w          30   2.05556822529482     
 t, w          29   2.05530121106010     
 t, w          28   2.05502212271568     
 t, w          27   2.05472964110464     
 t, w          26   2.05442232781115     
 t, w          25   2.05410060137696     
 t, w          24   2.05376204207149     
 t, w          23   2.05339343865768     
 t, w          22   2.05296284444715     
 t, w          21   2.05254432574282     
 t, w          20   2.05209594981697     
 t, w          19   2.05161228161857     
 t, w          18   2.05109804657925     
 t, w          17   2.05055038390651     
 t, w          16   2.04994878787719     
 t, w          15   2.04931445142057     
 t, w          14   2.04848722181488     
 t, w          13   2.04758725942488     
 t, w          12   2.04697399166333     
 t, w          11   2.04631662702339     
 t, w          10   2.04558552134221     
 t, w           9   2.04477695493800     
 t, w           8   2.04397605479198     
 t, w           7   2.04288234229240     
 t, w           6   2.04196113722264     
 t, w           5   2.04075867871686     
 t, w           4   2.03988261855387     
 t, w           3   2.03917028031574     
 t, w           2   2.03825117216669     
 t, mu           2  0.156933873016788     
 t, mu           3  0.156933873016788     
 t, mu           4  0.156933873016788     
 t, mu           5  0.156933873016788     
 t, mu           6  0.156933873016788     
 t, mu           7  0.156933873016788     
 t, mu           8  0.156933873016788     
 t, mu           9  0.156933873016788     
 t, mu          10  0.156933873016788     
 t, mu          11  0.156933873016788     
 t, mu          12  0.156933873016788     
 t, mu          13  0.156933873016788     
 t, mu          14  0.156933873016788     
 t, mu          15  0.156933873016788     
 t, mu          16  0.156933873016788     
 t, mu          17  0.156933873016788     
 t, mu          18  0.156933873016788     
 t, mu          19  0.156933873016788     
 t, mu          20  0.156933873016788     
 t, mu          21  0.156933873016788     
 t, mu          22  0.156933873016788     
 t, mu          23  0.156933873016788     
 t, mu          24  0.156933873016788     
 t, mu          25  0.156933873016788     
 t, mu          26  0.156933873016788     
 t, mu          27  0.156933873016788     
 t, mu          28  0.156933873016788     
 t, mu          29  0.156933873016788     
 t, mu          30  0.156933873016788     
 t, mu          31  0.156933873016788     
 t, mu          32  0.156933873016788     
 t, mu          33  0.156933873016788     
 t, mu          34  0.156933873016788     
 t, mu          35  0.156933873016788     
 t, mu          36  0.156933873016788     
 t, mu          37  0.156933873016788     
 t, mu          38  0.156933873016788     
 t, mu          39  0.156933873016788     
 t, mu          40  0.156933873016788     
 t, mu          41  0.156933873016788     
 t, mu          42  0.156933873016788     
 t, mu          43  0.156933873016788     
 t, mu          44  0.156933873016788     
 t, mu          45  0.156933873016788     
 t, mu          46  0.156933873016788     
 t, mu          47  0.156933873016788     
 t, mu          48  0.156933873016788     
 t, mu          49  0.156933873016788     
 t, mu          50  0.156933873016788     
 t, mu          51  0.156933873016788     
 t, mu          52  0.156933873016788     
 t, mu          53  0.156933873016788     
 t, mu          54  0.156933873016788     
 t, mu          55  0.156933873016788     
 t, mu          56  0.156933873016788     
 t, mu          57  0.156933873016788     
 t, mu          58  0.156933873016788     
 t, mu          59  0.156933873016788     
 t, mu          60  0.156933873016788     
 t, mu          61  0.156933873016788     
 t, mu          62  0.156933873016788     
 t, mu          63  0.156933873016788     
 t, mu          64  0.156933873016788     
 t, mu          65  0.156933873016788     
 t, mu          66  0.156933873016788     
 t, mu          67  0.156933873016788     
 t, mu          68  0.156933873016788     
 t, mu          69  0.156933873016788     
 t, mu          70  0.156933873016788     
 t, mu          71  0.156933873016788     
 t, mu          72  0.156933873016788     
 t, mu          73  0.156933873016788     
 t, mu          74  0.156933873016788     
 t, mu          75  0.156933873016788     
 t, mu          76  0.156933873016788     
 t, mu          77  0.156933873016788     
 t, mu          78  0.156933873016788     
 t, mu          79  0.156933873016788     
 t, mu          80  0.156933873016788     
 t, mu          81  0.156933873016788     
 t, mu          82  0.156933873016788     
 t, mu          83  0.156933873016788     
 t, mu          84  0.156933873016788     
 t, mu          85  0.156933873016788     
 t, mu          86  0.156933873016788     
 t, mu          87  0.156933873016788     
 t, mu          88  0.156933873016788     
 t, mu          89  0.156933873016788     
 t, mu          90  0.156933873016788     
 t, mu          91  0.156933873016788     
 t, mu          92  0.156933873016788     
 t, mu          93  0.156933873016788     
 t, mu          94  0.156933873016788     
 t, mu          95  0.156933873016788     
 t, mu          96  0.156933873016788     
 t, mu          97  0.156933873016788     
 t, mu          98  0.156933873016788     
 t, mu          99  0.156933873016788     
 t, mu         100  0.156933873016788     
 t, mu         101  0.156933873016788     
 t, mu         102  0.156933873016788     
 t, mu         103  0.156933873016788     
 t, mu         104  0.156933873016788     
 t, mu         105  0.156933873016788     
 t, mu         106  0.156933873016788     
 t, mu         107  0.156933873016788     
 t, mu         108  0.156933873016788     
 t, mu         109  0.156933873016788     
 t, mu         110  0.156933873016788     
 t, mu         111  0.156933873016788     
 t, mu         112  0.156933873016788     
 t, mu         113  0.156933873016788     
 t, mu         114  0.156933873016788     
 t, mu         115  0.156933873016788     
 t, mu         116  0.156933873016788     
 t, mu         117  0.156933873016788     
 t, mu         118  0.156933873016788     
 t, mu         119  0.156933873016788     
 iter_tr, d_tr            1  5.577398126838329E-003
  
 backward induction
 t, w         119   2.06146962357558     
 t, w         118   2.06144929468879     
 t, w         117   2.06141349272195     
 t, w         116   2.06139759914249     
 t, w         115   2.06137880554078     
 t, w         114   2.06136554551031     
 t, w         113   2.06134366534616     
 t, w         112   2.06132070464247     
 t, w         111   2.06129781850312     
 t, w         110   2.06127585695255     
 t, w         109   2.06125320496231     
 t, w         108   2.06123072420218     
 t, w         107   2.06120915549098     
 t, w         106   2.06118872701608     
 t, w         105   2.06116974175543     
 t, w         104   2.06115219371413     
 t, w         103   2.06113632397832     
 t, w         102   2.06112252680368     
 t, w         101   2.06111178416421     
 t, w         100   2.06110259094584     
 t, w          99   2.06109510241847     
 t, w          98   2.06109134247936     
 t, w          97   2.06109541624875     
 t, w          96   2.06107821490714     
 t, w          95   2.06105480481410     
 t, w          94   2.06103386003851     
 t, w          93   2.06101298820474     
 t, w          92   2.06098937665303     
 t, w          91   2.06097088168660     
 t, w          90   2.06094829769213     
 t, w          89   2.06093012675375     
 t, w          88   2.06090926620343     
 t, w          87   2.06089091378110     
 t, w          86   2.06086296255161     
 t, w          85   2.06083738622879     
 t, w          84   2.06081317748099     
 t, w          83   2.06078593191474     
 t, w          82   2.06075981748264     
 t, w          81   2.06073528305405     
 t, w          80   2.06072333296002     
 t, w          79   2.06069141218086     
 t, w          78   2.06065916173489     
 t, w          77   2.06063268904296     
 t, w          76   2.06059675667965     
 t, w          75   2.06056238436160     
 t, w          74   2.06053079276495     
 t, w          73   2.06049833618120     
 t, w          72   2.06047044140332     
 t, w          71   2.06044420124706     
 t, w          70   2.06041827042010     
 t, w          69   2.06038446275806     
 t, w          68   2.06035188267651     
 t, w          67   2.06031612165212     
 t, w          66   2.06028553444048     
 t, w          65   2.06024372394985     
 t, w          64   2.06020603189528     
 t, w          63   2.06017025346540     
 t, w          62   2.06013648737681     
 t, w          61   2.06010550454276     
 t, w          60   2.06005750273854     
 t, w          59   2.06000325870875     
 t, w          58   2.05995076039579     
 t, w          57   2.05989731746269     
 t, w          56   2.05983840378576     
 t, w          55   2.05976687814908     
 t, w          54   2.05970567381526     
 t, w          53   2.05961683586796     
 t, w          52   2.05949699646337     
 t, w          51   2.05937197475259     
 t, w          50   2.05924041455652     
 t, w          49   2.05910326982461     
 t, w          48   2.05896131949356     
 t, w          47   2.05881411643696     
 t, w          46   2.05866399524767     
 t, w          45   2.05851369212073     
 t, w          44   2.05836055838494     
 t, w          43   2.05820125361716     
 t, w          42   2.05805939507136     
 t, w          41   2.05789448817900     
 t, w          40   2.05772013072255     
 t, w          39   2.05753856553911     
 t, w          38   2.05735179296864     
 t, w          37   2.05715780154249     
 t, w          36   2.05695609026714     
 t, w          35   2.05674657124459     
 t, w          34   2.05652947661182     
 t, w          33   2.05630400195718     
 t, w          32   2.05606808207545     
 t, w          31   2.05582241329371     
 t, w          30   2.05556641150374     
 t, w          29   2.05529941611714     
 t, w          28   2.05502034924776     
 t, w          27   2.05472788882289     
 t, w          26   2.05442058203898     
 t, w          25   2.05409883345657     
 t, w          24   2.05376039527621     
 t, w          23   2.05339223065472     
 t, w          22   2.05296140265585     
 t, w          21   2.05254292136892     
 t, w          20   2.05209460520354     
 t, w          19   2.05161100635755     
 t, w          18   2.05109686349833     
 t, w          17   2.05054930547318     
 t, w          16   2.04994780830024     
 t, w          15   2.04931358984018     
 t, w          14   2.04848603620537     
 t, w          13   2.04758629515822     
 t, w          12   2.04697306044401     
 t, w          11   2.04631581270664     
 t, w          10   2.04558478637983     
 t, w           9   2.04477630455514     
 t, w           8   2.04397549006760     
 t, w           7   2.04288190849934     
 t, w           6   2.04196075045406     
 t, w           5   2.04075837061566     
 t, w           4   2.03988241382226     
 t, w           3   2.03917016401084     
 t, w           2   2.03825116612731     
 t, mu           2  0.156933873016788     
 t, mu           3  0.156933873016788     
 t, mu           4  0.156933873016788     
 t, mu           5  0.156933873016788     
 t, mu           6  0.156933873016788     
 t, mu           7  0.156933873016788     
 t, mu           8  0.156933873016788     
 t, mu           9  0.156933873016788     
 t, mu          10  0.156933873016788     
 t, mu          11  0.156933873016788     
 t, mu          12  0.156933873016788     
 t, mu          13  0.156933873016788     
 t, mu          14  0.156933873016788     
 t, mu          15  0.156933873016788     
 t, mu          16  0.156933873016788     
 t, mu          17  0.156933873016788     
 t, mu          18  0.156933873016788     
 t, mu          19  0.156933873016788     
 t, mu          20  0.156933873016788     
 t, mu          21  0.156933873016788     
 t, mu          22  0.156933873016788     
 t, mu          23  0.156933873016788     
 t, mu          24  0.156933873016788     
 t, mu          25  0.156933873016788     
 t, mu          26  0.156933873016788     
 t, mu          27  0.156933873016788     
 t, mu          28  0.156933873016788     
 t, mu          29  0.156933873016788     
 t, mu          30  0.156933873016788     
 t, mu          31  0.156933873016788     
 t, mu          32  0.156933873016788     
 t, mu          33  0.156933873016788     
 t, mu          34  0.156933873016788     
 t, mu          35  0.156933873016788     
 t, mu          36  0.156933873016788     
 t, mu          37  0.156933873016788     
 t, mu          38  0.156933873016788     
 t, mu          39  0.156933873016788     
 t, mu          40  0.156933873016788     
 t, mu          41  0.156933873016788     
 t, mu          42  0.156933873016788     
 t, mu          43  0.156933873016788     
 t, mu          44  0.156933873016788     
 t, mu          45  0.156933873016788     
 t, mu          46  0.156933873016788     
 t, mu          47  0.156933873016788     
 t, mu          48  0.156933873016788     
 t, mu          49  0.156933873016788     
 t, mu          50  0.156933873016788     
 t, mu          51  0.156933873016788     
 t, mu          52  0.156933873016788     
 t, mu          53  0.156933873016788     
 t, mu          54  0.156933873016788     
 t, mu          55  0.156933873016788     
 t, mu          56  0.156933873016788     
 t, mu          57  0.156933873016788     
 t, mu          58  0.156933873016788     
 t, mu          59  0.156933873016788     
 t, mu          60  0.156933873016788     
 t, mu          61  0.156933873016788     
 t, mu          62  0.156933873016788     
 t, mu          63  0.156933873016788     
 t, mu          64  0.156933873016788     
 t, mu          65  0.156933873016788     
 t, mu          66  0.156933873016788     
 t, mu          67  0.156933873016788     
 t, mu          68  0.156933873016788     
 t, mu          69  0.156933873016788     
 t, mu          70  0.156933873016788     
 t, mu          71  0.156933873016788     
 t, mu          72  0.156933873016788     
 t, mu          73  0.156933873016788     
 t, mu          74  0.156933873016788     
 t, mu          75  0.156933873016788     
 t, mu          76  0.156933873016788     
 t, mu          77  0.156933873016788     
 t, mu          78  0.156933873016788     
 t, mu          79  0.156933873016788     
 t, mu          80  0.156933873016788     
 t, mu          81  0.156933873016788     
 t, mu          82  0.156933873016788     
 t, mu          83  0.156933873016788     
 t, mu          84  0.156933873016788     
 t, mu          85  0.156933873016788     
 t, mu          86  0.156933873016788     
 t, mu          87  0.156933873016788     
 t, mu          88  0.156933873016788     
 t, mu          89  0.156933873016788     
 t, mu          90  0.156933873016788     
 t, mu          91  0.156933873016788     
 t, mu          92  0.156933873016788     
 t, mu          93  0.156933873016788     
 t, mu          94  0.156933873016788     
 t, mu          95  0.156933873016788     
 t, mu          96  0.156933873016788     
 t, mu          97  0.156933873016788     
 t, mu          98  0.156933873016788     
 t, mu          99  0.156933873016788     
 t, mu         100  0.156933873016788     
 t, mu         101  0.156933873016788     
 t, mu         102  0.156933873016788     
 t, mu         103  0.156933873016788     
 t, mu         104  0.156933873016788     
 t, mu         105  0.156933873016788     
 t, mu         106  0.156933873016788     
 t, mu         107  0.156933873016788     
 t, mu         108  0.156933873016788     
 t, mu         109  0.156933873016788     
 t, mu         110  0.156933873016788     
 t, mu         111  0.156933873016788     
 t, mu         112  0.156933873016788     
 t, mu         113  0.156933873016788     
 t, mu         114  0.156933873016788     
 t, mu         115  0.156933873016788     
 t, mu         116  0.156933873016788     
 t, mu         117  0.156933873016788     
 t, mu         118  0.156933873016788     
 t, mu         119  0.156933873016788     
 iter_tr, d_tr            2  3.843619396668007E-003
 begin loss_entry_t and gain_entry_t
 end loss_entry_t and gain_entry_t
 begin loss_and_gain_exit_and_incumbent_t
 sum           2
   0.3545457   0.3545457
 sum           3
   0.3429638   0.3429638
 sum           4
   0.3392808   0.3392808
 sum           5
   0.3351543   0.3351543
 sum           6
   0.3443664   0.3443664
 sum           7
   0.3478479   0.3467064
 sum           8
   0.3492780   0.3476245
 sum           9
   0.3502067   0.3484255
 sum          10
   0.3508687   0.3487923
 sum          11
   0.3513676   0.3491497
 sum          12
   0.3517564   0.3494184
 sum          13
   0.3520694   0.3496043
 sum          14
   0.3523261   0.3497712
 sum          15
   0.3525406   0.3502777
 sum          16
   0.3527224   0.3503769
 sum          17
   0.3528784   0.3504503
 sum          18
   0.3530137   0.3505287
 sum          19
   0.3531321   0.3505829
 sum          20
   0.3532365   0.3506405
 sum          21
   0.3533292   0.3507005
 sum          22
   0.3534120   0.3507590
 sum          23
   0.3534863   0.3508152
 sum          24
   0.3535535   0.3509185
 sum          25
   0.3536143   0.3509600
 sum          26
   0.3536697   0.3510029
 sum          27
   0.3537203   0.3510493
 sum          28
   0.3537668   0.3510980
 sum          29
   0.3538096   0.3511472
 sum          30
   0.3538492   0.3511966
 sum          31
   0.3538859   0.3512468
 sum          32
   0.3539200   0.3512970
 sum          33
   0.3539519   0.3513469
 sum          34
   0.3539817   0.3513935
 sum          35
   0.3540097   0.3514412
 sum          36
   0.3540361   0.3514882
 sum          37
   0.3540611   0.3515346
 sum          38
   0.3540847   0.3515799
 sum          39
   0.3541071   0.3516248
 sum          40
   0.3541285   0.3516664
 sum          41
   0.3541489   0.3517098
 sum          42
   0.3541684   0.3517524
 sum          43
   0.3541871   0.3517939
 sum          44
   0.3542051   0.3518348
 sum          45
   0.3542224   0.3518368
 sum          46
   0.3542391   0.3518639
 sum          47
   0.3542553   0.3518966
 sum          48
   0.3542709   0.3519416
 sum          49
   0.3542860   0.3519858
 sum          50
   0.3543007   0.3520271
 sum          51
   0.3543149   0.3520675
 sum          52
   0.3543287   0.3521026
 sum          53
   0.3543421   0.3521387
 sum          54
   0.3543551   0.3521731
 sum          55
   0.3543677   0.3522073
 sum          56
   0.3543800   0.3522408
 sum          57
   0.3543919   0.3522731
 sum          58
   0.3544035   0.3523044
 sum          59
   0.3544148   0.3523368
 sum          60
   0.3544258   0.3523685
 sum          61
   0.3544365   0.3524021
 sum          62
   0.3544469   0.3524376
 sum          63
   0.3544569   0.3524680
 sum          64
   0.3544668   0.3524986
 sum          65
   0.3544763   0.3525287
 sum          66
   0.3544856   0.3525585
 sum          67
   0.3544946   0.3525875
 sum          68
   0.3545034   0.3526164
 sum          69
   0.3545120   0.3526464
 sum          70
   0.3545203   0.3526760
 sum          71
   0.3545284   0.3527049
 sum          72
   0.3545363   0.3527331
 sum          73
   0.3545440   0.3527629
 sum          74
   0.3545514   0.3527933
 sum          75
   0.3545587   0.3528244
 sum          76
   0.3545658   0.3528551
 sum          77
   0.3545727   0.3528852
 sum          78
   0.3545794   0.3528964
 sum          79
   0.3545859   0.3529187
 sum          80
   0.3545923   0.3529460
 sum          81
   0.3545985   0.3529514
 sum          82
   0.3546046   0.3529592
 sum          83
   0.3546105   0.3529739
 sum          84
   0.3546163   0.3530126
 sum          85
   0.3546219   0.3530530
 sum          86
   0.3546274   0.3530890
 sum          87
   0.3546327   0.3531239
 sum          88
   0.3546379   0.3531573
 sum          89
   0.3546430   0.3531886
 sum          90
   0.3546480   0.3532193
 sum          91
   0.3546529   0.3532493
 sum          92
   0.3546577   0.3532793
 sum          93
   0.3546623   0.3533088
 sum          94
   0.3546669   0.3533375
 sum          95
   0.3546713   0.3533655
 sum          96
   0.3546757   0.3533929
 sum          97
   0.3546799   0.3534202
 sum          98
   0.3546841   0.3534472
 sum          99
   0.3546882   0.3534735
 sum         100
   0.3546922   0.3535009
 sum         101
   0.3546961   0.3535283
 sum         102
   0.3547000   0.3535563
 sum         103
   0.3547037   0.3535845
 sum         104
   0.3547074   0.3536120
 sum         105
   0.3547111   0.3536390
 sum         106
   0.3547146   0.3536659
 sum         107
   0.3547181   0.3536920
 sum         108
   0.3547215   0.3537177
 sum         109
   0.3547249   0.3537427
 sum         110
   0.3547282   0.3537671
 sum         111
   0.3547314   0.3537907
 sum         112
   0.3547346   0.3538143
 sum         113
   0.3547377   0.3538168
 sum         114
   0.3547408   0.3538210
 sum         115
   0.3547438   0.3538310
 sum         116
   0.3547468   0.3538408
 sum         117
   0.3547497   0.3538540
 sum         118
   0.3547526   0.3538682
 sum         119
   0.3547554   0.3538833
 end output_loss_exit_t
 completed transition
 iter_shock           1
 shock gdp_drop_data1 gdp_t(2)/gdp_t(1)
      0.9589      0.9594      0.9602
 rho_shock gdp_drop_data2 gdp_t(5)/gdp_t(1)
      0.8976      0.9797      0.9813
