 intbirth_k          47   15.3035537057567     
  
 iter_bi, w, d_bi
 maxval(a_un(1:neta*nz,:))   401.510516562265     
 sum g_binding_collateral  103
   1.0000000   2.0615948   0.0000003
 exdem, h  3.042884100259435E-004   1.01456996163775     
   1.01472798548546     
 sum(g_e_o)   13
 accidental_defaults  0.000000000000000E+000
 increase kmax, instst.f90   1.500062451409693E-002
 decrease amin, instst.f90   4.890249541779879E-003
 firm debt/gdp   1.76603041926064        1.76603041928872     
 outliers  1.343369859796439E-013
 outliers_30  0.946687732092514     
  
 iter_bi, w, d_bi
 maxval(a_un(1:neta*nz,:))   401.510516562265     
 sum g_binding_collateral  103
   1.0000000   2.0615948   0.0000003
 exdem, h  3.042884100259435E-004   1.01456996163775     
   1.01472798548546     
 sum(g_e_o)   13
 accidental_defaults  0.000000000000000E+000
 increase kmax, fistst.f90   1.500062451409693E-002
 decrease amin, fistst.f90   4.890249541779879E-003
 firm debt/gdp   1.76603041926064        1.76603041928872     
  
 transition 
  
 backward induction
 t, w         119   2.06130683067227     
 t, w         118   2.06128724413992     
 t, w         117   2.06125374732318     
 t, w         116   2.06123863496676     
 t, w         115   2.06121937290474     
 t, w         114   2.06120221227641     
 t, w         113   2.06117875440580     
 t, w         112   2.06115501158561     
 t, w         111   2.06113017394140     
 t, w         110   2.06110513752764     
 t, w         109   2.06108093465075     
 t, w         108   2.06105770188276     
 t, w         107   2.06103536172261     
 t, w         106   2.06101420206195     
 t, w         105   2.06099457754890     
 t, w         104   2.06097668457227     
 t, w         103   2.06096038103419     
 t, w         102   2.06094662671499     
 t, w         101   2.06093457156157     
 t, w         100   2.06092853061205     
 t, w          99   2.06091801840837     
 t, w          98   2.06091202946760     
 t, w          97   2.06089028107678     
 t, w          96   2.06087116401003     
 t, w          95   2.06084516802065     
 t, w          94   2.06082218044250     
 t, w          93   2.06079825747337     
 t, w          92   2.06077376294210     
 t, w          91   2.06075023301519     
 t, w          90   2.06072643840555     
 t, w          89   2.06070798034392     
 t, w          88   2.06067881246704     
 t, w          87   2.06065321730182     
 t, w          86   2.06062276765841     
 t, w          85   2.06059468662759     
 t, w          84   2.06056929971101     
 t, w          83   2.06054303770804     
 t, w          82   2.06051836933025     
 t, w          81   2.06049587367563     
 t, w          80   2.06047520466840     
 t, w          79   2.06046455417050     
 t, w          78   2.06043892617393     
 t, w          77   2.06041549407045     
 t, w          76   2.06039895134703     
 t, w          75   2.06036997185104     
 t, w          74   2.06033426892830     
 t, w          73   2.06030243288859     
 t, w          72   2.06026605060772     
 t, w          71   2.06023232572536     
 t, w          70   2.06020156429052     
 t, w          69   2.06016104887170     
 t, w          68   2.06012371064936     
 t, w          67   2.06008792789537     
 t, w          66   2.06006705821450     
 t, w          65   2.06002139132959     
 t, w          64   2.05997626917976     
 t, w          63   2.05993463948277     
 t, w          62   2.05988813759097     
 t, w          61   2.05984874656781     
 t, w          60   2.05982024761981     
 t, w          59   2.05975897508723     
 t, w          58   2.05969996854581     
 t, w          57   2.05964621870793     
 t, w          56   2.05958219487257     
 t, w          55   2.05946308444062     
 t, w          54   2.05934443240257     
 t, w          53   2.05921687342809     
 t, w          52   2.05908595096320     
 t, w          51   2.05894844496151     
 t, w          50   2.05880905953553     
 t, w          49   2.05870412815241     
 t, w          48   2.05855795470490     
 t, w          47   2.05840898253995     
 t, w          46   2.05825487247078     
 t, w          45   2.05809304185155     
 t, w          44   2.05794039375791     
 t, w          43   2.05776386597316     
 t, w          42   2.05758906182782     
 t, w          41   2.05740791477340     
 t, w          40   2.05724521375045     
 t, w          39   2.05705236014443     
 t, w          38   2.05685269443154     
 t, w          37   2.05664187583753     
 t, w          36   2.05642929731768     
 t, w          35   2.05614983934485     
 t, w          34   2.05591745814499     
 t, w          33   2.05567220129379     
 t, w          32   2.05548730383309     
 t, w          31   2.05528329819643     
 t, w          30   2.05506315540380     
 t, w          29   2.05481598786056     
 t, w          28   2.05455530350043     
 t, w          27   2.05428892785619     
 t, w          26   2.05407968711269     
 t, w          25   2.05378513978989     
 t, w          24   2.05345966550117     
 t, w          23   2.05314714274644     
 t, w          22   2.05275131468092     
 t, w          21   2.05212814181390     
 t, w          20   2.05153761352958     
 t, w          19   2.05093470368806     
 t, w          18   2.05033053815014     
 t, w          17   2.04965078662648     
 t, w          16   2.04891147230259     
 t, w          15   2.04811940513425     
 t, w          14   2.04746596654333     
 t, w          13   2.04663425877677     
 t, w          12   2.04560466299921     
 t, w          11   2.04462062257323     
 t, w          10   2.04383380738194     
 t, w           9   2.04284730528805     
 t, w           8   2.04191776533017     
 t, w           7   2.04094533197517     
 t, w           6   2.03954935740003     
 t, w           5   2.03877309640364     
 t, w           4   2.03878718572613     
 t, w           3   2.04143309067678     
 t, w           2   2.06089940010911     
 t, mu           2  0.156933873016788     
 t, mu           3  0.156933873016788     
 t, mu           4  0.156933873016788     
 t, mu           5  0.156933873016788     
 t, mu           6  0.156933873016788     
 t, mu           7  0.156933873016788     
 t, mu           8  0.156933873016788     
 t, mu           9  0.156933873016788     
 t, mu          10  0.156933873016788     
 t, mu          11  0.156933873016788     
 t, mu          12  0.156933873016788     
 t, mu          13  0.156933873016788     
 t, mu          14  0.156933873016788     
 t, mu          15  0.156933873016788     
 t, mu          16  0.156933873016788     
 t, mu          17  0.156933873016788     
 t, mu          18  0.156933873016788     
 t, mu          19  0.156933873016788     
 t, mu          20  0.156933873016788     
 t, mu          21  0.156933873016788     
 t, mu          22  0.156933873016788     
 t, mu          23  0.156933873016788     
 t, mu          24  0.156933873016788     
 t, mu          25  0.156933873016788     
 t, mu          26  0.156933873016788     
 t, mu          27  0.156933873016788     
 t, mu          28  0.156933873016788     
 t, mu          29  0.156933873016788     
 t, mu          30  0.156933873016788     
 t, mu          31  0.156933873016788     
 t, mu          32  0.156933873016788     
 t, mu          33  0.156933873016788     
 t, mu          34  0.156933873016788     
 t, mu          35  0.156933873016788     
 t, mu          36  0.156933873016788     
 t, mu          37  0.156933873016788     
 t, mu          38  0.156933873016788     
 t, mu          39  0.156933873016788     
 t, mu          40  0.156933873016788     
 t, mu          41  0.156933873016788     
 t, mu          42  0.156933873016788     
 t, mu          43  0.156933873016788     
 t, mu          44  0.156933873016788     
 t, mu          45  0.156933873016788     
 t, mu          46  0.156933873016788     
 t, mu          47  0.156933873016788     
 t, mu          48  0.156933873016788     
 t, mu          49  0.156933873016788     
 t, mu          50  0.156933873016788     
 t, mu          51  0.156933873016788     
 t, mu          52  0.156933873016788     
 t, mu          53  0.156933873016788     
 t, mu          54  0.156933873016788     
 t, mu          55  0.156933873016788     
 t, mu          56  0.156933873016788     
 t, mu          57  0.156933873016788     
 t, mu          58  0.156933873016788     
 t, mu          59  0.156933873016788     
 t, mu          60  0.156933873016788     
 t, mu          61  0.156933873016788     
 t, mu          62  0.156933873016788     
 t, mu          63  0.156933873016788     
 t, mu          64  0.156933873016788     
 t, mu          65  0.156933873016788     
 t, mu          66  0.156933873016788     
 t, mu          67  0.156933873016788     
 t, mu          68  0.156933873016788     
 t, mu          69  0.156933873016788     
 t, mu          70  0.156933873016788     
 t, mu          71  0.156933873016788     
 t, mu          72  0.156933873016788     
 t, mu          73  0.156933873016788     
 t, mu          74  0.156933873016788     
 t, mu          75  0.156933873016788     
 t, mu          76  0.156933873016788     
 t, mu          77  0.156933873016788     
 t, mu          78  0.156933873016788     
 t, mu          79  0.156933873016788     
 t, mu          80  0.156933873016788     
 t, mu          81  0.156933873016788     
 t, mu          82  0.156933873016788     
 t, mu          83  0.156933873016788     
 t, mu          84  0.156933873016788     
 t, mu          85  0.156933873016788     
 t, mu          86  0.156933873016788     
 t, mu          87  0.156933873016788     
 t, mu          88  0.156933873016788     
 t, mu          89  0.156933873016788     
 t, mu          90  0.156933873016788     
 t, mu          91  0.156933873016788     
 t, mu          92  0.156933873016788     
 t, mu          93  0.156933873016788     
 t, mu          94  0.156933873016788     
 t, mu          95  0.156933873016788     
 t, mu          96  0.156933873016788     
 t, mu          97  0.156933873016788     
 t, mu          98  0.156933873016788     
 t, mu          99  0.156933873016788     
 t, mu         100  0.156933873016788     
 t, mu         101  0.156933873016788     
 t, mu         102  0.156933873016788     
 t, mu         103  0.156933873016788     
 t, mu         104  0.156933873016788     
 t, mu         105  0.156933873016788     
 t, mu         106  0.156933873016788     
 t, mu         107  0.156933873016788     
 t, mu         108  0.156933873016788     
 t, mu         109  0.156933873016788     
 t, mu         110  0.156933873016788     
 t, mu         111  0.156933873016788     
 t, mu         112  0.156933873016788     
 t, mu         113  0.156933873016788     
 t, mu         114  0.156933873016788     
 t, mu         115  0.156933873016788     
 t, mu         116  0.156933873016788     
 t, mu         117  0.156933873016788     
 t, mu         118  0.156933873016788     
 t, mu         119  0.156933873016788     
 iter_tr, d_tr            1  5.664876210173198E-003
  
 backward induction
 t, w         119   2.06138615126626     
 t, w         118   2.06136797005493     
 t, w         117   2.06133582700797     
 t, w         116   2.06132228019308     
 t, w         115   2.06130401506512     
 t, w         114   2.06128796045532     
 t, w         113   2.06126607630870     
 t, w         112   2.06124402543951     
 t, w         111   2.06122117203225     
 t, w         110   2.06119840836010     
 t, w         109   2.06117675232986     
 t, w         108   2.06115636865711     
 t, w         107   2.06113729354608     
 t, w         106   2.06111989010811     
 t, w         105   2.06110447936606     
 t, w         104   2.06109140092831     
 t, w         103   2.06108082950044     
 t, w         102   2.06107242639719     
 t, w         101   2.06106583645551     
 t, w         100   2.06107015238224     
 t, w          99   2.06105606259809     
 t, w          98   2.06104637040817     
 t, w          97   2.06102153820635     
 t, w          96   2.06099920484485     
 t, w          95   2.06097027470185     
 t, w          94   2.06094420510649     
 t, w          93   2.06091716137920     
 t, w          92   2.06088956072115     
 t, w          91   2.06086288638198     
 t, w          90   2.06083594605028     
 t, w          89   2.06081407280819     
 t, w          88   2.06078184394581     
 t, w          87   2.06075306941143     
 t, w          86   2.06071965576982     
 t, w          85   2.06068846487542     
 t, w          84   2.06065978979197     
 t, w          83   2.06063029192126     
 t, w          82   2.06060226044090     
 t, w          81   2.06057627001098     
 t, w          80   2.06055186485032     
 t, w          79   2.06053715621640     
 t, w          78   2.06050804194391     
 t, w          77   2.06048100679141     
 t, w          76   2.06046087834709     
 t, w          75   2.06042876329805     
 t, w          74   2.06039019140385     
 t, w          73   2.06035522952396     
 t, w          72   2.06031579818182     
 t, w          71   2.06027887773854     
 t, w          70   2.06024462789487     
 t, w          69   2.06020103003021     
 t, w          68   2.06016034068525     
 t, w          67   2.06012093693958     
 t, w          66   2.06009611021915     
 t, w          65   2.06004736673504     
 t, w          64   2.05999898557548     
 t, w          63   2.05995365324618     
 t, w          62   2.05990317679326     
 t, w          61   2.05985991589017     
 t, w          60   2.05982740601125     
 t, w          59   2.05976420682766     
 t, w          58   2.05970316758395     
 t, w          57   2.05964707536075     
 t, w          56   2.05958124145296     
 t, w          55   2.05946190824679     
 t, w          54   2.05934318973362     
 t, w          53   2.05921558660516     
 t, w          52   2.05908469980553     
 t, w          51   2.05894722278024     
 t, w          50   2.05880958346313     
 t, w          49   2.05870317007568     
 t, w          48   2.05855678464923     
 t, w          47   2.05840759240490     
 t, w          46   2.05825387131224     
 t, w          45   2.05809203715526     
 t, w          44   2.05793943919484     
 t, w          43   2.05776303398536     
 t, w          42   2.05758821487758     
 t, w          41   2.05740713078608     
 t, w          40   2.05724444808550     
 t, w          39   2.05705162993459     
 t, w          38   2.05685201666086     
 t, w          37   2.05664123610262     
 t, w          36   2.05642871313909     
 t, w          35   2.05614927128549     
 t, w          34   2.05591695998530     
 t, w          33   2.05567172434797     
 t, w          32   2.05548692363029     
 t, w          31   2.05528298173830     
 t, w          30   2.05506287083008     
 t, w          29   2.05481573097107     
 t, w          28   2.05455509052808     
 t, w          27   2.05428876760079     
 t, w          26   2.05408095974456     
 t, w          25   2.05378507991096     
 t, w          24   2.05345961462519     
 t, w          23   2.05314714084868     
 t, w          22   2.05275142274526     
 t, w          21   2.05212810986879     
 t, w          20   2.05153761076901     
 t, w          19   2.05093479050393     
 t, w          18   2.05033065628519     
 t, w          17   2.04965093851625     
 t, w          16   2.04891164786536     
 t, w          15   2.04811959316847     
 t, w          14   2.04746618752338     
 t, w          13   2.04663452962120     
 t, w          12   2.04560489597870     
 t, w          11   2.04462102788081     
 t, w          10   2.04383419440152     
 t, w           9   2.04284778414532     
 t, w           8   2.04191833512903     
 t, w           7   2.04094597351534     
 t, w           6   2.03955017503312     
 t, w           5   2.03877406043403     
 t, w           4   2.03878870227799     
 t, w           3   2.04143720386482     
 t, w           2   2.06089940042294     
 t, mu           2  0.156933873016788     
 t, mu           3  0.156933873016788     
 t, mu           4  0.156933873016788     
 t, mu           5  0.156933873016788     
 t, mu           6  0.156933873016788     
 t, mu           7  0.156933873016788     
 t, mu           8  0.156933873016788     
 t, mu           9  0.156933873016788     
 t, mu          10  0.156933873016788     
 t, mu          11  0.156933873016788     
 t, mu          12  0.156933873016788     
 t, mu          13  0.156933873016788     
 t, mu          14  0.156933873016788     
 t, mu          15  0.156933873016788     
 t, mu          16  0.156933873016788     
 t, mu          17  0.156933873016788     
 t, mu          18  0.156933873016788     
 t, mu          19  0.156933873016788     
 t, mu          20  0.156933873016788     
 t, mu          21  0.156933873016788     
 t, mu          22  0.156933873016788     
 t, mu          23  0.156933873016788     
 t, mu          24  0.156933873016788     
 t, mu          25  0.156933873016788     
 t, mu          26  0.156933873016788     
 t, mu          27  0.156933873016788     
 t, mu          28  0.156933873016788     
 t, mu          29  0.156933873016788     
 t, mu          30  0.156933873016788     
 t, mu          31  0.156933873016788     
 t, mu          32  0.156933873016788     
 t, mu          33  0.156933873016788     
 t, mu          34  0.156933873016788     
 t, mu          35  0.156933873016788     
 t, mu          36  0.156933873016788     
 t, mu          37  0.156933873016788     
 t, mu          38  0.156933873016788     
 t, mu          39  0.156933873016788     
 t, mu          40  0.156933873016788     
 t, mu          41  0.156933873016788     
 t, mu          42  0.156933873016788     
 t, mu          43  0.156933873016788     
 t, mu          44  0.156933873016788     
 t, mu          45  0.156933873016788     
 t, mu          46  0.156933873016788     
 t, mu          47  0.156933873016788     
 t, mu          48  0.156933873016788     
 t, mu          49  0.156933873016788     
 t, mu          50  0.156933873016788     
 t, mu          51  0.156933873016788     
 t, mu          52  0.156933873016788     
 t, mu          53  0.156933873016788     
 t, mu          54  0.156933873016788     
 t, mu          55  0.156933873016788     
 t, mu          56  0.156933873016788     
 t, mu          57  0.156933873016788     
 t, mu          58  0.156933873016788     
 t, mu          59  0.156933873016788     
 t, mu          60  0.156933873016788     
 t, mu          61  0.156933873016788     
 t, mu          62  0.156933873016788     
 t, mu          63  0.156933873016788     
 t, mu          64  0.156933873016788     
 t, mu          65  0.156933873016788     
 t, mu          66  0.156933873016788     
 t, mu          67  0.156933873016788     
 t, mu          68  0.156933873016788     
 t, mu          69  0.156933873016788     
 t, mu          70  0.156933873016788     
 t, mu          71  0.156933873016788     
 t, mu          72  0.156933873016788     
 t, mu          73  0.156933873016788     
 t, mu          74  0.156933873016788     
 t, mu          75  0.156933873016788     
 t, mu          76  0.156933873016788     
 t, mu          77  0.156933873016788     
 t, mu          78  0.156933873016788     
 t, mu          79  0.156933873016788     
 t, mu          80  0.156933873016788     
 t, mu          81  0.156933873016788     
 t, mu          82  0.156933873016788     
 t, mu          83  0.156933873016788     
 t, mu          84  0.156933873016788     
 t, mu          85  0.156933873016788     
 t, mu          86  0.156933873016788     
 t, mu          87  0.156933873016788     
 t, mu          88  0.156933873016788     
 t, mu          89  0.156933873016788     
 t, mu          90  0.156933873016788     
 t, mu          91  0.156933873016788     
 t, mu          92  0.156933873016788     
 t, mu          93  0.156933873016788     
 t, mu          94  0.156933873016788     
 t, mu          95  0.156933873016788     
 t, mu          96  0.156933873016788     
 t, mu          97  0.156933873016788     
 t, mu          98  0.156933873016788     
 t, mu          99  0.156933873016788     
 t, mu         100  0.156933873016788     
 t, mu         101  0.156933873016788     
 t, mu         102  0.156933873016788     
 t, mu         103  0.156933873016788     
 t, mu         104  0.156933873016788     
 t, mu         105  0.156933873016788     
 t, mu         106  0.156933873016788     
 t, mu         107  0.156933873016788     
 t, mu         108  0.156933873016788     
 t, mu         109  0.156933873016788     
 t, mu         110  0.156933873016788     
 t, mu         111  0.156933873016788     
 t, mu         112  0.156933873016788     
 t, mu         113  0.156933873016788     
 t, mu         114  0.156933873016788     
 t, mu         115  0.156933873016788     
 t, mu         116  0.156933873016788     
 t, mu         117  0.156933873016788     
 t, mu         118  0.156933873016788     
 t, mu         119  0.156933873016788     
 iter_tr, d_tr            2  3.841138111657707E-003
 begin loss_entry_t and gain_entry_t
 end loss_entry_t and gain_entry_t
 begin loss_and_gain_exit_and_incumbent_t
 sum           2
   0.3545457   0.3545457
 sum           3
   0.3362946   0.3362946
 sum           4
   0.3312127   0.3312127
 sum           5
   0.3257175   0.3257175
 sum           6
   0.3345359   0.3345359
 sum           7
   0.3401238   0.3387866
 sum           8
   0.3432040   0.3410591
 sum           9
   0.3452249   0.3425355
 sum          10
   0.3466678   0.3436422
 sum          11
   0.3477543   0.3446071
 sum          12
   0.3486027   0.3452984
 sum          13
   0.3492817   0.3461628
 sum          14
   0.3498360   0.3466955
 sum          15
   0.3502960   0.3471514
 sum          16
   0.3506828   0.3474317
 sum          17
   0.3510122   0.3478648
 sum          18
   0.3512954   0.3482452
 sum          19
   0.3515411   0.3486593
 sum          20
   0.3517561   0.3489439
 sum          21
   0.3519455   0.3492675
 sum          22
   0.3521133   0.3495927
 sum          23
   0.3522630   0.3499725
 sum          24
   0.3523972   0.3501154
 sum          25
   0.3525181   0.3501620
 sum          26
   0.3526276   0.3502280
 sum          27
   0.3527272   0.3503396
 sum          28
   0.3528182   0.3502931
 sum          29
   0.3529016   0.3503584
 sum          30
   0.3529784   0.3504118
 sum          31
   0.3530494   0.3504687
 sum          32
   0.3531151   0.3504971
 sum          33
   0.3531762   0.3505252
 sum          34
   0.3532332   0.3505316
 sum          35
   0.3532865   0.3506188
 sum          36
   0.3533365   0.3506971
 sum          37
   0.3533835   0.3508310
 sum          38
   0.3534278   0.3508888
 sum          39
   0.3534697   0.3509583
 sum          40
   0.3535095   0.3510116
 sum          41
   0.3535473   0.3510681
 sum          42
   0.3535834   0.3510994
 sum          43
   0.3536178   0.3511523
 sum          44
   0.3536508   0.3512049
 sum          45
   0.3536825   0.3512529
 sum          46
   0.3537130   0.3512839
 sum          47
   0.3537423   0.3513253
 sum          48
   0.3537707   0.3513628
 sum          49
   0.3537980   0.3514118
 sum          50
   0.3538245   0.3514508
 sum          51
   0.3538502   0.3514957
 sum          52
   0.3538750   0.3514953
 sum          53
   0.3538991   0.3515402
 sum          54
   0.3539225   0.3515794
 sum          55
   0.3539452   0.3516185
 sum          56
   0.3539673   0.3516526
 sum          57
   0.3539887   0.3516819
 sum          58
   0.3540095   0.3517071
 sum          59
   0.3540297   0.3517304
 sum          60
   0.3540494   0.3517542
 sum          61
   0.3540684   0.3517815
 sum          62
   0.3540870   0.3518271
 sum          63
   0.3541050   0.3518730
 sum          64
   0.3541225   0.3519206
 sum          65
   0.3541396   0.3519631
 sum          66
   0.3541561   0.3520035
 sum          67
   0.3541722   0.3520516
 sum          68
   0.3541878   0.3520908
 sum          69
   0.3542030   0.3521284
 sum          70
   0.3542178   0.3521648
 sum          71
   0.3542322   0.3522004
 sum          72
   0.3542461   0.3522410
 sum          73
   0.3542597   0.3522766
 sum          74
   0.3542729   0.3523144
 sum          75
   0.3542857   0.3523487
 sum          76
   0.3542982   0.3523827
 sum          77
   0.3543104   0.3524160
 sum          78
   0.3543222   0.3524487
 sum          79
   0.3543337   0.3524834
 sum          80
   0.3543449   0.3525190
 sum          81
   0.3543558   0.3525549
 sum          82
   0.3543664   0.3525905
 sum          83
   0.3543767   0.3526070
 sum          84
   0.3543868   0.3526339
 sum          85
   0.3543966   0.3526628
 sum          86
   0.3544061   0.3526749
 sum          87
   0.3544155   0.3526876
 sum          88
   0.3544245   0.3527069
 sum          89
   0.3544334   0.3527285
 sum          90
   0.3544420   0.3527540
 sum          91
   0.3544505   0.3528020
 sum          92
   0.3544587   0.3528497
 sum          93
   0.3544667   0.3528924
 sum          94
   0.3544746   0.3529320
 sum          95
   0.3544823   0.3529690
 sum          96
   0.3544898   0.3530042
 sum          97
   0.3544971   0.3530392
 sum          98
   0.3545043   0.3530728
 sum          99
   0.3545113   0.3531058
 sum         100
   0.3545181   0.3531374
 sum         101
   0.3545248   0.3531691
 sum         102
   0.3545314   0.3531999
 sum         103
   0.3545378   0.3532305
 sum         104
   0.3545441   0.3532623
 sum         105
   0.3545503   0.3532942
 sum         106
   0.3545564   0.3533258
 sum         107
   0.3545623   0.3533575
 sum         108
   0.3545681   0.3533883
 sum         109
   0.3545738   0.3534190
 sum         110
   0.3545794   0.3534489
 sum         111
   0.3545849   0.3534782
 sum         112
   0.3545903   0.3535068
 sum         113
   0.3545956   0.3535346
 sum         114
   0.3546008   0.3535415
 sum         115
   0.3546059   0.3535502
 sum         116
   0.3546109   0.3535641
 sum         117
   0.3546159   0.3535805
 sum         118
   0.3546207   0.3535990
 sum         119
   0.3546255   0.3536174
 end output_loss_exit_t
 completed transition
 iter_shock           1
 shock gdp_drop_data1 minval(gdp_t(2:t1-1))/gdp_t(1)
      0.1876      0.9594      0.9662
 rho_shock gdp_drop_data2 gdp_t(5)/gdp_t(1)
      0.8767      0.9797      0.9801
