 intbirth_k          47   15.3035537057567     
  
 iter_bi, w, d_bi
 maxval(a_un(1:neta*nz,:))   401.510516562265     
 sum g_binding_collateral  103
   1.0000000   2.0615948   0.0000003
 exdem, h  3.042884100259435E-004   1.01456996163775     
   1.01472798548546     
 sum(g_e_o)   13
 accidental_defaults  0.000000000000000E+000
 increase kmax, instst.f90   1.500062451409693E-002
 decrease amin, instst.f90   4.890249541779879E-003
 firm debt/gdp   1.76603041926064        1.76603041928872     
 outliers  1.343369859796439E-013
 outliers_30  0.946687732092514     
  
 iter_bi, w, d_bi
 maxval(a_un(1:neta*nz,:))   401.510516562265     
 sum g_binding_collateral  103
   1.0000000   2.0615948   0.0000003
 exdem, h  3.042884100259435E-004   1.01456996163775     
   1.01472798548546     
 sum(g_e_o)   13
 accidental_defaults  0.000000000000000E+000
 increase kmax, fistst.f90   1.500062451409693E-002
 decrease amin, fistst.f90   4.890249541779879E-003
 firm debt/gdp   1.76603041926064        1.76603041928872     
  
 transition 
  
 backward induction
 t, w         119   2.06142354495441     
 t, w         118   2.06140251146469     
 t, w         117   2.06136598592337     
 t, w         116   2.06134819817057     
 t, w         115   2.06133009468369     
 t, w         114   2.06131706763224     
 t, w         113   2.06129660187825     
 t, w         112   2.06127338493361     
 t, w         111   2.06125019749622     
 t, w         110   2.06122721054265     
 t, w         109   2.06120436750966     
 t, w         108   2.06118059036838     
 t, w         107   2.06115702747913     
 t, w         106   2.06113382411014     
 t, w         105   2.06111136551935     
 t, w         104   2.06108990750900     
 t, w         103   2.06106937642997     
 t, w         102   2.06104981616802     
 t, w         101   2.06103161227495     
 t, w         100   2.06101513348707     
 t, w          99   2.06100067534575     
 t, w          98   2.06098707546638     
 t, w          97   2.06097826587235     
 t, w          96   2.06096632080700     
 t, w          95   2.06095727490719     
 t, w          94   2.06095189486347     
 t, w          93   2.06094447589831     
 t, w          92   2.06092198834437     
 t, w          91   2.06091438488961     
 t, w          90   2.06088990284533     
 t, w          89   2.06086579264052     
 t, w          88   2.06084302647638     
 t, w          87   2.06082325889566     
 t, w          86   2.06080380172346     
 t, w          85   2.06078871152216     
 t, w          84   2.06077423919300     
 t, w          83   2.06074948506252     
 t, w          82   2.06072287594837     
 t, w          81   2.06069632903383     
 t, w          80   2.06067616928098     
 t, w          79   2.06064819514572     
 t, w          78   2.06061734903816     
 t, w          77   2.06058783752441     
 t, w          76   2.06055935499440     
 t, w          75   2.06053260018609     
 t, w          74   2.06051056420204     
 t, w          73   2.06048313744628     
 t, w          72   2.06045821771264     
 t, w          71   2.06043770673665     
 t, w          70   2.06041738193954     
 t, w          69   2.06040400483455     
 t, w          68   2.06039154783938     
 t, w          67   2.06036374584955     
 t, w          66   2.06032769635730     
 t, w          65   2.06029133191072     
 t, w          64   2.06026220076427     
 t, w          63   2.06023129223068     
 t, w          62   2.06018738726671     
 t, w          61   2.06014900259590     
 t, w          60   2.06010054252659     
 t, w          59   2.06005236297317     
 t, w          58   2.06000003591932     
 t, w          57   2.05994326469426     
 t, w          56   2.05988409710838     
 t, w          55   2.05981586407969     
 t, w          54   2.05975849037235     
 t, w          53   2.05970253396658     
 t, w          52   2.05959471734142     
 t, w          51   2.05947370380900     
 t, w          50   2.05934367694038     
 t, w          49   2.05920765231844     
 t, w          48   2.05906590951016     
 t, w          47   2.05891971642185     
 t, w          46   2.05876755151969     
 t, w          45   2.05861072247852     
 t, w          44   2.05845361030739     
 t, w          43   2.05829384601346     
 t, w          42   2.05812643290201     
 t, w          41   2.05797545202243     
 t, w          40   2.05780513932415     
 t, w          39   2.05762391022375     
 t, w          38   2.05743476723604     
 t, w          37   2.05724012597824     
 t, w          36   2.05703701951956     
 t, w          35   2.05682624221297     
 t, w          34   2.05660829793533     
 t, w          33   2.05638094273454     
 t, w          32   2.05614371641267     
 t, w          31   2.05589692244729     
 t, w          30   2.05563976435536     
 t, w          29   2.05537167491294     
 t, w          28   2.05509143501625     
 t, w          27   2.05479799182796     
 t, w          26   2.05448965131419     
 t, w          25   2.05416768471630     
 t, w          24   2.05382616805992     
 t, w          23   2.05343693796135     
 t, w          22   2.05301869245546     
 t, w          21   2.05259769099279     
 t, w          20   2.05214622588681     
 t, w          19   2.05165916259159     
 t, w          18   2.05114095036405     
 t, w          17   2.05058904594224     
 t, w          16   2.04998444672854     
 t, w          15   2.04934173074675     
 t, w          14   2.04852483920700     
 t, w          13   2.04762217641642     
 t, w          12   2.04700773155862     
 t, w          11   2.04634552660523     
 t, w          10   2.04561163385868     
 t, w           9   2.04480025418544     
 t, w           8   2.04399613011600     
 t, w           7   2.04289971485195     
 t, w           6   2.04197556514467     
 t, w           5   2.04076933609018     
 t, w           4   2.03988992241832     
 t, w           3   2.03917445029099     
 t, w           2   2.03825149987909     
 t, mu           2  0.156933873016788     
 t, mu           3  0.156933873016788     
 t, mu           4  0.156933873016788     
 t, mu           5  0.156933873016788     
 t, mu           6  0.156933873016788     
 t, mu           7  0.156933873016788     
 t, mu           8  0.156933873016788     
 t, mu           9  0.156933873016788     
 t, mu          10  0.156933873016788     
 t, mu          11  0.156933873016788     
 t, mu          12  0.156933873016788     
 t, mu          13  0.156933873016788     
 t, mu          14  0.156933873016788     
 t, mu          15  0.156933873016788     
 t, mu          16  0.156933873016788     
 t, mu          17  0.156933873016788     
 t, mu          18  0.156933873016788     
 t, mu          19  0.156933873016788     
 t, mu          20  0.156933873016788     
 t, mu          21  0.156933873016788     
 t, mu          22  0.156933873016788     
 t, mu          23  0.156933873016788     
 t, mu          24  0.156933873016788     
 t, mu          25  0.156933873016788     
 t, mu          26  0.156933873016788     
 t, mu          27  0.156933873016788     
 t, mu          28  0.156933873016788     
 t, mu          29  0.156933873016788     
 t, mu          30  0.156933873016788     
 t, mu          31  0.156933873016788     
 t, mu          32  0.156933873016788     
 t, mu          33  0.156933873016788     
 t, mu          34  0.156933873016788     
 t, mu          35  0.156933873016788     
 t, mu          36  0.156933873016788     
 t, mu          37  0.156933873016788     
 t, mu          38  0.156933873016788     
 t, mu          39  0.156933873016788     
 t, mu          40  0.156933873016788     
 t, mu          41  0.156933873016788     
 t, mu          42  0.156933873016788     
 t, mu          43  0.156933873016788     
 t, mu          44  0.156933873016788     
 t, mu          45  0.156933873016788     
 t, mu          46  0.156933873016788     
 t, mu          47  0.156933873016788     
 t, mu          48  0.156933873016788     
 t, mu          49  0.156933873016788     
 t, mu          50  0.156933873016788     
 t, mu          51  0.156933873016788     
 t, mu          52  0.156933873016788     
 t, mu          53  0.156933873016788     
 t, mu          54  0.156933873016788     
 t, mu          55  0.156933873016788     
 t, mu          56  0.156933873016788     
 t, mu          57  0.156933873016788     
 t, mu          58  0.156933873016788     
 t, mu          59  0.156933873016788     
 t, mu          60  0.156933873016788     
 t, mu          61  0.156933873016788     
 t, mu          62  0.156933873016788     
 t, mu          63  0.156933873016788     
 t, mu          64  0.156933873016788     
 t, mu          65  0.156933873016788     
 t, mu          66  0.156933873016788     
 t, mu          67  0.156933873016788     
 t, mu          68  0.156933873016788     
 t, mu          69  0.156933873016788     
 t, mu          70  0.156933873016788     
 t, mu          71  0.156933873016788     
 t, mu          72  0.156933873016788     
 t, mu          73  0.156933873016788     
 t, mu          74  0.156933873016788     
 t, mu          75  0.156933873016788     
 t, mu          76  0.156933873016788     
 t, mu          77  0.156933873016788     
 t, mu          78  0.156933873016788     
 t, mu          79  0.156933873016788     
 t, mu          80  0.156933873016788     
 t, mu          81  0.156933873016788     
 t, mu          82  0.156933873016788     
 t, mu          83  0.156933873016788     
 t, mu          84  0.156933873016788     
 t, mu          85  0.156933873016788     
 t, mu          86  0.156933873016788     
 t, mu          87  0.156933873016788     
 t, mu          88  0.156933873016788     
 t, mu          89  0.156933873016788     
 t, mu          90  0.156933873016788     
 t, mu          91  0.156933873016788     
 t, mu          92  0.156933873016788     
 t, mu          93  0.156933873016788     
 t, mu          94  0.156933873016788     
 t, mu          95  0.156933873016788     
 t, mu          96  0.156933873016788     
 t, mu          97  0.156933873016788     
 t, mu          98  0.156933873016788     
 t, mu          99  0.156933873016788     
 t, mu         100  0.156933873016788     
 t, mu         101  0.156933873016788     
 t, mu         102  0.156933873016788     
 t, mu         103  0.156933873016788     
 t, mu         104  0.156933873016788     
 t, mu         105  0.156933873016788     
 t, mu         106  0.156933873016788     
 t, mu         107  0.156933873016788     
 t, mu         108  0.156933873016788     
 t, mu         109  0.156933873016788     
 t, mu         110  0.156933873016788     
 t, mu         111  0.156933873016788     
 t, mu         112  0.156933873016788     
 t, mu         113  0.156933873016788     
 t, mu         114  0.156933873016788     
 t, mu         115  0.156933873016788     
 t, mu         116  0.156933873016788     
 t, mu         117  0.156933873016788     
 t, mu         118  0.156933873016788     
 t, mu         119  0.156933873016788     
 iter_tr, d_tr            1  4.467072268171002E-003
  
 backward induction
 t, w         119   2.06147282968573     
 t, w         118   2.06145260683884     
 t, w         117   2.06141689940584     
 t, w         116   2.06140006476475     
 t, w         115   2.06138210938484     
 t, w         114   2.06136908690659     
 t, w         113   2.06134896025452     
 t, w         112   2.06132624303029     
 t, w         111   2.06130353460874     
 t, w         110   2.06128112067886     
 t, w         109   2.06125890935419     
 t, w         108   2.06123580905195     
 t, w         107   2.06121301776200     
 t, w         106   2.06119065514853     
 t, w         105   2.06116904096598     
 t, w         104   2.06114857077340     
 t, w         103   2.06112905411590     
 t, w         102   2.06111063679781     
 t, w         101   2.06109372729663     
 t, w         100   2.06107868121754     
 t, w          99   2.06106620060704     
 t, w          98   2.06105409042597     
 t, w          97   2.06104688031694     
 t, w          96   2.06103705098147     
 t, w          95   2.06103030715928     
 t, w          94   2.06102772477139     
 t, w          93   2.06102390426029     
 t, w          92   2.06100608932307     
 t, w          91   2.06100321863921     
 t, w          90   2.06098453322238     
 t, w          89   2.06096635683668     
 t, w          88   2.06095470317658     
 t, w          87   2.06093165736660     
 t, w          86   2.06090887160134     
 t, w          85   2.06089023883916     
 t, w          84   2.06087220011002     
 t, w          83   2.06084428172594     
 t, w          82   2.06081454792032     
 t, w          81   2.06078488632807     
 t, w          80   2.06076133922220     
 t, w          79   2.06073021377353     
 t, w          78   2.06069634016409     
 t, w          77   2.06066369853120     
 t, w          76   2.06063204418369     
 t, w          75   2.06060197763203     
 t, w          74   2.06057638976224     
 t, w          73   2.06054557348022     
 t, w          72   2.06051708818714     
 t, w          71   2.06049263394651     
 t, w          70   2.06046841892939     
 t, w          69   2.06045082073746     
 t, w          68   2.06043441941000     
 t, w          67   2.06040318301250     
 t, w          66   2.06036401261508     
 t, w          65   2.06032445877332     
 t, w          64   2.06029173654049     
 t, w          63   2.06025725386660     
 t, w          62   2.06021026615467     
 t, w          61   2.06016895602600     
 t, w          60   2.06011778272928     
 t, w          59   2.06006676513847     
 t, w          58   2.06001165116612     
 t, w          57   2.05995214057645     
 t, w          56   2.05989022190313     
 t, w          55   2.05981934476246     
 t, w          54   2.05975913947014     
 t, w          53   2.05970044322334     
 t, w          52   2.05959197153922     
 t, w          51   2.05947062758217     
 t, w          50   2.05934041914558     
 t, w          49   2.05920436574693     
 t, w          48   2.05906255342006     
 t, w          47   2.05891652190303     
 t, w          46   2.05876424567375     
 t, w          45   2.05860740747515     
 t, w          44   2.05845042899831     
 t, w          43   2.05829071499362     
 t, w          42   2.05812479808334     
 t, w          41   2.05797290159305     
 t, w          40   2.05780226352980     
 t, w          39   2.05762092857280     
 t, w          38   2.05743179698392     
 t, w          37   2.05723721451672     
 t, w          36   2.05703414411895     
 t, w          35   2.05682341437155     
 t, w          34   2.05660556789706     
 t, w          33   2.05637823074972     
 t, w          32   2.05614106690361     
 t, w          31   2.05589433524520     
 t, w          30   2.05563722782477     
 t, w          29   2.05536918693535     
 t, w          28   2.05508900597871     
 t, w          27   2.05479562621409     
 t, w          26   2.05448735263245     
 t, w          25   2.05416547840213     
 t, w          24   2.05382409564263     
 t, w          23   2.05343579097625     
 t, w          22   2.05301677730475     
 t, w          21   2.05259586653679     
 t, w          20   2.05214454710438     
 t, w          19   2.05165764260454     
 t, w          18   2.05113953008123     
 t, w          17   2.05058777143468     
 t, w          16   2.04998325900683     
 t, w          15   2.04934098249316     
 t, w          14   2.04852358832853     
 t, w          13   2.04762089405155     
 t, w          12   2.04700646454084     
 t, w          11   2.04634449499155     
 t, w          10   2.04561069678167     
 t, w           9   2.04479943224812     
 t, w           8   2.04399543522565     
 t, w           7   2.04289909685165     
 t, w           6   2.04197501196196     
 t, w           5   2.04076895168840     
 t, w           4   2.03988966134138     
 t, w           3   2.03917429277055     
 t, w           2   2.03825148054610     
 t, mu           2  0.156933873016788     
 t, mu           3  0.156933873016788     
 t, mu           4  0.156933873016788     
 t, mu           5  0.156933873016788     
 t, mu           6  0.156933873016788     
 t, mu           7  0.156933873016788     
 t, mu           8  0.156933873016788     
 t, mu           9  0.156933873016788     
 t, mu          10  0.156933873016788     
 t, mu          11  0.156933873016788     
 t, mu          12  0.156933873016788     
 t, mu          13  0.156933873016788     
 t, mu          14  0.156933873016788     
 t, mu          15  0.156933873016788     
 t, mu          16  0.156933873016788     
 t, mu          17  0.156933873016788     
 t, mu          18  0.156933873016788     
 t, mu          19  0.156933873016788     
 t, mu          20  0.156933873016788     
 t, mu          21  0.156933873016788     
 t, mu          22  0.156933873016788     
 t, mu          23  0.156933873016788     
 t, mu          24  0.156933873016788     
 t, mu          25  0.156933873016788     
 t, mu          26  0.156933873016788     
 t, mu          27  0.156933873016788     
 t, mu          28  0.156933873016788     
 t, mu          29  0.156933873016788     
 t, mu          30  0.156933873016788     
 t, mu          31  0.156933873016788     
 t, mu          32  0.156933873016788     
 t, mu          33  0.156933873016788     
 t, mu          34  0.156933873016788     
 t, mu          35  0.156933873016788     
 t, mu          36  0.156933873016788     
 t, mu          37  0.156933873016788     
 t, mu          38  0.156933873016788     
 t, mu          39  0.156933873016788     
 t, mu          40  0.156933873016788     
 t, mu          41  0.156933873016788     
 t, mu          42  0.156933873016788     
 t, mu          43  0.156933873016788     
 t, mu          44  0.156933873016788     
 t, mu          45  0.156933873016788     
 t, mu          46  0.156933873016788     
 t, mu          47  0.156933873016788     
 t, mu          48  0.156933873016788     
 t, mu          49  0.156933873016788     
 t, mu          50  0.156933873016788     
 t, mu          51  0.156933873016788     
 t, mu          52  0.156933873016788     
 t, mu          53  0.156933873016788     
 t, mu          54  0.156933873016788     
 t, mu          55  0.156933873016788     
 t, mu          56  0.156933873016788     
 t, mu          57  0.156933873016788     
 t, mu          58  0.156933873016788     
 t, mu          59  0.156933873016788     
 t, mu          60  0.156933873016788     
 t, mu          61  0.156933873016788     
 t, mu          62  0.156933873016788     
 t, mu          63  0.156933873016788     
 t, mu          64  0.156933873016788     
 t, mu          65  0.156933873016788     
 t, mu          66  0.156933873016788     
 t, mu          67  0.156933873016788     
 t, mu          68  0.156933873016788     
 t, mu          69  0.156933873016788     
 t, mu          70  0.156933873016788     
 t, mu          71  0.156933873016788     
 t, mu          72  0.156933873016788     
 t, mu          73  0.156933873016788     
 t, mu          74  0.156933873016788     
 t, mu          75  0.156933873016788     
 t, mu          76  0.156933873016788     
 t, mu          77  0.156933873016788     
 t, mu          78  0.156933873016788     
 t, mu          79  0.156933873016788     
 t, mu          80  0.156933873016788     
 t, mu          81  0.156933873016788     
 t, mu          82  0.156933873016788     
 t, mu          83  0.156933873016788     
 t, mu          84  0.156933873016788     
 t, mu          85  0.156933873016788     
 t, mu          86  0.156933873016788     
 t, mu          87  0.156933873016788     
 t, mu          88  0.156933873016788     
 t, mu          89  0.156933873016788     
 t, mu          90  0.156933873016788     
 t, mu          91  0.156933873016788     
 t, mu          92  0.156933873016788     
 t, mu          93  0.156933873016788     
 t, mu          94  0.156933873016788     
 t, mu          95  0.156933873016788     
 t, mu          96  0.156933873016788     
 t, mu          97  0.156933873016788     
 t, mu          98  0.156933873016788     
 t, mu          99  0.156933873016788     
 t, mu         100  0.156933873016788     
 t, mu         101  0.156933873016788     
 t, mu         102  0.156933873016788     
 t, mu         103  0.156933873016788     
 t, mu         104  0.156933873016788     
 t, mu         105  0.156933873016788     
 t, mu         106  0.156933873016788     
 t, mu         107  0.156933873016788     
 t, mu         108  0.156933873016788     
 t, mu         109  0.156933873016788     
 t, mu         110  0.156933873016788     
 t, mu         111  0.156933873016788     
 t, mu         112  0.156933873016788     
 t, mu         113  0.156933873016788     
 t, mu         114  0.156933873016788     
 t, mu         115  0.156933873016788     
 t, mu         116  0.156933873016788     
 t, mu         117  0.156933873016788     
 t, mu         118  0.156933873016788     
 t, mu         119  0.156933873016788     
 iter_tr, d_tr            2  3.879465522998849E-003
 begin loss_entry_t and gain_entry_t
 end loss_entry_t and gain_entry_t
 begin loss_and_gain_exit_and_incumbent_t
 sum           2
   0.3545457   0.3545457
 sum           3
   0.3429649   0.3429649
 sum           4
   0.3392845   0.3392845
 sum           5
   0.3351598   0.3351598
 sum           6
   0.3443718   0.3443718
 sum           7
   0.3478527   0.3467138
 sum           8
   0.3492824   0.3476374
 sum           9
   0.3502106   0.3484378
 sum          10
   0.3508723   0.3488069
 sum          11
   0.3513710   0.3491659
 sum          12
   0.3517596   0.3494371
 sum          13
   0.3520725   0.3496249
 sum          14
   0.3523290   0.3497928
 sum          15
   0.3525435   0.3503089
 sum          16
   0.3527252   0.3503999
 sum          17
   0.3528811   0.3504756
 sum          18
   0.3530163   0.3505565
 sum          19
   0.3531346   0.3506108
 sum          20
   0.3532390   0.3506686
 sum          21
   0.3533316   0.3507285
 sum          22
   0.3534143   0.3507877
 sum          23
   0.3534887   0.3508443
 sum          24
   0.3535557   0.3509480
 sum          25
   0.3536165   0.3510001
 sum          26
   0.3536719   0.3510415
 sum          27
   0.3537225   0.3510840
 sum          28
   0.3537689   0.3511313
 sum          29
   0.3538117   0.3511796
 sum          30
   0.3538512   0.3512288
 sum          31
   0.3538878   0.3512784
 sum          32
   0.3539219   0.3513281
 sum          33
   0.3539538   0.3513777
 sum          34
   0.3539836   0.3514273
 sum          35
   0.3540116   0.3514718
 sum          36
   0.3540379   0.3515189
 sum          37
   0.3540628   0.3515655
 sum          38
   0.3540864   0.3516110
 sum          39
   0.3541088   0.3516536
 sum          40
   0.3541301   0.3516981
 sum          41
   0.3541505   0.3517420
 sum          42
   0.3541700   0.3517853
 sum          43
   0.3541887   0.3518272
 sum          44
   0.3542067   0.3518320
 sum          45
   0.3542240   0.3518681
 sum          46
   0.3542407   0.3519056
 sum          47
   0.3542568   0.3519471
 sum          48
   0.3542724   0.3519930
 sum          49
   0.3542875   0.3520355
 sum          50
   0.3543021   0.3520759
 sum          51
   0.3543163   0.3521151
 sum          52
   0.3543301   0.3521531
 sum          53
   0.3543434   0.3521889
 sum          54
   0.3543564   0.3522221
 sum          55
   0.3543690   0.3522556
 sum          56
   0.3543813   0.3522884
 sum          57
   0.3543932   0.3523243
 sum          58
   0.3544048   0.3523571
 sum          59
   0.3544161   0.3523885
 sum          60
   0.3544270   0.3524249
 sum          61
   0.3544377   0.3524561
 sum          62
   0.3544481   0.3524871
 sum          63
   0.3544581   0.3525174
 sum          64
   0.3544679   0.3525475
 sum          65
   0.3544775   0.3525769
 sum          66
   0.3544868   0.3526062
 sum          67
   0.3544958   0.3526359
 sum          68
   0.3545046   0.3526655
 sum          69
   0.3545131   0.3526948
 sum          70
   0.3545214   0.3527233
 sum          71
   0.3545295   0.3527533
 sum          72
   0.3545373   0.3527841
 sum          73
   0.3545450   0.3528155
 sum          74
   0.3545525   0.3528461
 sum          75
   0.3545597   0.3528764
 sum          76
   0.3545668   0.3529069
 sum          77
   0.3545737   0.3529406
 sum          78
   0.3545804   0.3529531
 sum          79
   0.3545869   0.3529756
 sum          80
   0.3545933   0.3530000
 sum          81
   0.3545995   0.3530263
 sum          82
   0.3546055   0.3530535
 sum          83
   0.3546114   0.3530820
 sum          84
   0.3546171   0.3531107
 sum          85
   0.3546227   0.3531393
 sum          86
   0.3546282   0.3531691
 sum          87
   0.3546336   0.3531978
 sum          88
   0.3546388   0.3532263
 sum          89
   0.3546439   0.3532548
 sum          90
   0.3546488   0.3532831
 sum          91
   0.3546537   0.3533116
 sum          92
   0.3546584   0.3533399
 sum          93
   0.3546631   0.3533676
 sum          94
   0.3546676   0.3533953
 sum          95
   0.3546721   0.3534227
 sum          96
   0.3546764   0.3534495
 sum          97
   0.3546807   0.3534762
 sum          98
   0.3546848   0.3535035
 sum          99
   0.3546889   0.3535310
 sum         100
   0.3546929   0.3535593
 sum         101
   0.3546968   0.3535876
 sum         102
   0.3547007   0.3536155
 sum         103
   0.3547044   0.3536426
 sum         104
   0.3547081   0.3536697
 sum         105
   0.3547117   0.3536962
 sum         106
   0.3547153   0.3537222
 sum         107
   0.3547187   0.3537474
 sum         108
   0.3547221   0.3537720
 sum         109
   0.3547255   0.3537963
 sum         110
   0.3547288   0.3538203
 sum         111
   0.3547320   0.3538435
 sum         112
   0.3547352   0.3538665
 sum         113
   0.3547383   0.3538886
 sum         114
   0.3547414   0.3538907
 sum         115
   0.3547444   0.3538931
 sum         116
   0.3547473   0.3538997
 sum         117
   0.3547503   0.3539091
 sum         118
   0.3547531   0.3539211
 sum         119
   0.3547559   0.3539555
 end output_loss_exit_t
 completed transition
 iter_shock           1
 shock gdp_drop_data1 gdp_t(2)/gdp_t(1)
      0.9589      0.9594      0.9602
 rho_shock gdp_drop_data2 gdp_t(5)/gdp_t(1)
      0.8976      0.9797      0.9813
