 intbirth_k          43   13.4831040296833     
  
 iter_bi, w, d_bi
 maxval(a_un(1:neta*nz,:))   391.527921428305     
 sum g_binding_collateral  -28
   1.0000000   2.0018584   0.0000004
 exdem, h  8.741753879560443E-003   1.00190871944925     
  0.997550959698856     
 sum(g_e_o)   30
 accidental_defaults  0.000000000000000E+000
 increase kmax, instst.f90   1.240209418439258E-002
 decrease amin, instst.f90   4.590234810181113E-003
 firm debt/gdp   1.86028591545634        1.86028591548914     
 outliers  9.201817086079700E-011
 outliers_30  0.943443226594855     
  
 iter_bi, w, d_bi
 maxval(a_un(1:neta*nz,:))   391.527921428305     
 sum g_binding_collateral  -28
   1.0000000   2.0018584   0.0000004
 exdem, h  8.741753879560443E-003   1.00190871944925     
  0.997550959698856     
 sum(g_e_o)   30
 accidental_defaults  0.000000000000000E+000
 increase kmax, fistst.f90   1.240209418439258E-002
 decrease amin, fistst.f90   4.590234810181113E-003
 firm debt/gdp   1.86028591545634        1.86028591548914     
  
 transition 
  
 backward induction
 t, w          39   2.00042953670109     
 t, w          38   2.00035962021747     
 t, w          37   2.00031813875550     
 t, w          36   2.00028512543390     
 t, w          35   2.00029197320510     
 t, w          34   2.00016707279159     
 t, w          33   2.00003960211199     
 t, w          32   1.99990912415556     
 t, w          31   1.99977612341919     
 t, w          30   1.99963914229703     
 t, w          29   1.99950102229971     
 t, w          28   1.99936113184355     
 t, w          27   1.99921889356676     
 t, w          26   1.99907733379411     
 t, w          25   1.99893620580381     
 t, w          24   1.99879801582016     
 t, w          23   1.99867103567648     
 t, w          22   1.99855194117344     
 t, w          21   1.99844949065707     
 t, w          20   1.99834771660100     
 t, w          19   1.99833088724155     
 t, w          18   1.99817116819341     
 t, w          17   1.99777162918665     
 t, w          16   1.99733871435291     
 t, w          15   1.99684977169972     
 t, w          14   1.99634640928074     
 t, w          13   1.99584365605426     
 t, w          12   1.99537128888076     
 t, w          11   1.99499954555198     
 t, w          10   1.99478222047942     
 t, w           9   1.99498557066406     
 t, w           8   1.99607066122963     
 t, w           7   1.99885571622552     
 t, w           6   2.00520335235748     
 t, w           5   2.01847876921735     
 t, w           4   2.04616803912689     
 t, w           3   2.10114901716789     
 t, w           2   2.20917317020758     
 t, mu           2  0.185929034454750     
 t, mu           3  0.185929034454750     
 t, mu           4  0.185929034454750     
 t, mu           5  0.185929034454750     
 t, mu           6  0.185929034454750     
 t, mu           7  0.185929034454750     
 t, mu           8  0.185929034454750     
 t, mu           9  0.185929034454750     
 t, mu          10  0.185929034454750     
 t, mu          11  0.185929034454750     
 t, mu          12  0.185929034454750     
 t, mu          13  0.185929034454750     
 t, mu          14  0.185929034454750     
 t, mu          15  0.185929034454750     
 t, mu          16  0.185929034454750     
 t, mu          17  0.185929034454750     
 t, mu          18  0.185929034454750     
 t, mu          19  0.185929034454750     
 t, mu          20  0.185929034454750     
 t, mu          21  0.185929034454750     
 t, mu          22  0.185929034454750     
 t, mu          23  0.185929034454750     
 t, mu          24  0.185929034454750     
 t, mu          25  0.185929034454750     
 t, mu          26  0.185929034454750     
 t, mu          27  0.185929034454750     
 t, mu          28  0.185929034454750     
 t, mu          29  0.185929034454750     
 t, mu          30  0.185929034454750     
 t, mu          31  0.185929034454750     
 t, mu          32  0.185929034454750     
 t, mu          33  0.185929034454750     
 t, mu          34  0.185929034454750     
 t, mu          35  0.185929034454750     
 t, mu          36  0.185929034454750     
 t, mu          37  0.185929034454750     
 t, mu          38  0.185929034454750     
 t, mu          39  0.185929034454750     
 iter_tr, d_tr            1  2.067095597065072E-003
  
 backward induction
 t, w          39   2.00042858282990     
 t, w          38   2.00035789636109     
 t, w          37   2.00031577597977     
 t, w          36   2.00028211561202     
 t, w          35   2.00028914450230     
 t, w          34   2.00016355321365     
 t, w          33   2.00003546016956     
 t, w          32   1.99990426492588     
 t, w          31   1.99977050051732     
 t, w          30   1.99963271081931     
 t, w          29   1.99949373981802     
 t, w          28   1.99935301037272     
 t, w          27   1.99920980180858     
 t, w          26   1.99906720405692     
 t, w          25   1.99892492700986     
 t, w          24   1.99878544821560     
 t, w          23   1.99865728407037     
 t, w          22   1.99853752614541     
 t, w          21   1.99843315292571     
 t, w          20   1.99833020625758     
 t, w          19   1.99830930195201     
 t, w          18   1.99815993353919     
 t, w          17   1.99775885748208     
 t, w          16   1.99732386746124     
 t, w          15   1.99683321315439     
 t, w          14   1.99632861406961     
 t, w          13   1.99582469784321     
 t, w          12   1.99535117211223     
 t, w          11   1.99497854179625     
 t, w          10   1.99475943178922     
 t, w           9   1.99496159753443     
 t, w           8   1.99604574469084     
 t, w           7   1.99883083851415     
 t, w           6   2.00517892397341     
 t, w           5   2.01845586110539     
 t, w           4   2.04614928568349     
 t, w           3   2.10114165235594     
 t, w           2   2.20918878556815     
 t, mu           2  0.185929034454750     
 t, mu           3  0.185929034454750     
 t, mu           4  0.185929034454750     
 t, mu           5  0.185929034454750     
 t, mu           6  0.185929034454750     
 t, mu           7  0.185929034454750     
 t, mu           8  0.185929034454750     
 t, mu           9  0.185929034454750     
 t, mu          10  0.185929034454750     
 t, mu          11  0.185929034454750     
 t, mu          12  0.185929034454750     
 t, mu          13  0.185929034454750     
 t, mu          14  0.185929034454750     
 t, mu          15  0.185929034454750     
 t, mu          16  0.185929034454750     
 t, mu          17  0.185929034454750     
 t, mu          18  0.185929034454750     
 t, mu          19  0.185929034454750     
 t, mu          20  0.185929034454750     
 t, mu          21  0.185929034454750     
 t, mu          22  0.185929034454750     
 t, mu          23  0.185929034454750     
 t, mu          24  0.185929034454750     
 t, mu          25  0.185929034454750     
 t, mu          26  0.185929034454750     
 t, mu          27  0.185929034454750     
 t, mu          28  0.185929034454750     
 t, mu          29  0.185929034454750     
 t, mu          30  0.185929034454750     
 t, mu          31  0.185929034454750     
 t, mu          32  0.185929034454750     
 t, mu          33  0.185929034454750     
 t, mu          34  0.185929034454750     
 t, mu          35  0.185929034454750     
 t, mu          36  0.185929034454750     
 t, mu          37  0.185929034454750     
 t, mu          38  0.185929034454750     
 t, mu          39  0.185929034454750     
 iter_tr, d_tr            2  1.617638631270176E-003
  
 backward induction
 t, w          39   2.00043139968116     
 t, w          38   2.00036005783819     
 t, w          37   2.00031744717398     
 t, w          36   2.00028328538374     
 t, w          35   2.00029062068848     
 t, w          34   2.00016454132462     
 t, w          33   2.00003601986203     
 t, w          32   1.99990434905305     
 t, w          31   1.99977007235392     
 t, w          30   1.99963178403151     
 t, w          29   1.99949234584436     
 t, w          28   1.99935121484497     
 t, w          27   1.99920756485108     
 t, w          26   1.99906455453475     
 t, w          25   1.99892197708731     
 t, w          24   1.99878233548418     
 t, w          23   1.99865404690836     
 t, w          22   1.99853498911409     
 t, w          21   1.99843086194298     
 t, w          20   1.99832735600670     
 t, w          19   1.99831050552774     
 t, w          18   1.99814870362779     
 t, w          17   1.99774614742976     
 t, w          16   1.99730915160655     
 t, w          15   1.99681683608189     
 t, w          14   1.99631099516622     
 t, w          13   1.99580593450310     
 t, w          12   1.99533125197052     
 t, w          11   1.99495771449126     
 t, w          10   1.99473686414228     
 t, w           9   1.99493782126873     
 t, w           8   1.99602115609762     
 t, w           7   1.99880619934598     
 t, w           6   2.00515467864344     
 t, w           5   2.01843305557231     
 t, w           4   2.04613045809812     
 t, w           3   2.10113372894695     
 t, w           2   2.20920286709869     
 t, mu           2  0.185929034454750     
 t, mu           3  0.185929034454750     
 t, mu           4  0.185929034454750     
 t, mu           5  0.185929034454750     
 t, mu           6  0.185929034454750     
 t, mu           7  0.185929034454750     
 t, mu           8  0.185929034454750     
 t, mu           9  0.185929034454750     
 t, mu          10  0.185929034454750     
 t, mu          11  0.185929034454750     
 t, mu          12  0.185929034454750     
 t, mu          13  0.185929034454750     
 t, mu          14  0.185929034454750     
 t, mu          15  0.185929034454750     
 t, mu          16  0.185929034454750     
 t, mu          17  0.185929034454750     
 t, mu          18  0.185929034454750     
 t, mu          19  0.185929034454750     
 t, mu          20  0.185929034454750     
 t, mu          21  0.185929034454750     
 t, mu          22  0.185929034454750     
 t, mu          23  0.185929034454750     
 t, mu          24  0.185929034454750     
 t, mu          25  0.185929034454750     
 t, mu          26  0.185929034454750     
 t, mu          27  0.185929034454750     
 t, mu          28  0.185929034454750     
 t, mu          29  0.185929034454750     
 t, mu          30  0.185929034454750     
 t, mu          31  0.185929034454750     
 t, mu          32  0.185929034454750     
 t, mu          33  0.185929034454750     
 t, mu          34  0.185929034454750     
 t, mu          35  0.185929034454750     
 t, mu          36  0.185929034454750     
 t, mu          37  0.185929034454750     
 t, mu          38  0.185929034454750     
 t, mu          39  0.185929034454750     
 iter_tr, d_tr            3  9.905002003814337E-004
 begin loss_entry_t and gain_entry_t
 end loss_entry_t and gain_entry_t
 begin loss_and_gain_exit_and_incumbent_t
 end output_loss_exit_t
 completed transition
 iter_shock           1
 psi_t(2) hours_drop_data hours_drop_model
      0.9420      0.8521      0.8637
 psi_c_t(2) c_drop_data hours_drop_model
      1.0000      0.8983      0.9896
