 intbirth_k          43   13.4831040296833     
  
 iter_bi, w, d_bi
 maxval(a_un)   396.198785974681     
   1.0000000   2.0154785   0.0000001
 exdem, h  9.090003557627568E-003   1.00312991096997     
  0.998624934814870     
 sum(g_e_o)   17
 increase kmax, instst.f90   1.341330983645783E-002
 decrease amin, instst.f90   4.455777552423695E-003
 firm debt/gdp   1.79925817206509        1.79925817206737     
 outliers  2.086587162959841E-003
 tot_cap_adjustment_cost/gdp  2.905943615156073E-003
 tot_binding  0.889832646437580     
 avg_i_k30  2.410533958058009E-002
 std_dev_i_k30  5.839900153944150E-003  5.534566464665897E-002
 std_dev_i_k30check  2.732897486037295E+023  5.750663483438281E-002
 outliers_30  3.757775418344968E-002
 
 iter_cal            1   522771072678.380     
 theta firm_debt/gdp
     0.4035441     0.4044390     1.8395578     1.7992582
 psi employment
     0.7926370     0.7925280     1.0000000     0.9986249
 alpha labor share
     0.4462531     0.4465611     0.6452855     0.6497537
 var_eps std_dev_i_k 
     0.0058303     0.0003521     0.3370000**************
 var_eps std_dev_log_emp_19
     0.0058303     0.0003521     1.3000000     0.2197119
 var_iota std_dev_log_emp_0
     0.3000000     0.3000000     0.9000000     0.0522125
 k_e firms_5_firms0_5
    13.4831040    13.4831040     0.1180369     0.0928029
 f_o entry_rate
     0.7801890     0.7767060     0.1087989     0.1189837
 gamma i_k_inaction
     0.0089101     0.0089101     0.0810000     0.1119356
 lambda i_k_pos_high_spike
     0.0000000     0.0000000     0.0180000     0.0558080
 var_z exit_rate 26+
     0.0500000     0.0500000     0.0500000     0.0155647
 mu firms_21_plus
     0.1876498     0.1876498     0.2315106     0.2538516
 cut_off_model   1.60426726772651     
 
