 intbirth_k          43   13.4831040296833     
  
 iter_bi, w, d_bi
 maxval(a_un(1:neta*nz,:))   391.527921428305     
 sum g_binding_collateral  -28
   1.0000000   2.0018584   0.0000004
 exdem, h  8.741753879560443E-003   1.00190871944925     
  0.997550959698856     
 sum(g_e_o)   30
 accidental_defaults  0.000000000000000E+000
 increase kmax, instst.f90   1.240209418439258E-002
 decrease amin, instst.f90   4.590234810181113E-003
 firm debt/gdp   1.86028591545634        1.86028591548914     
 outliers  9.201817086079700E-011
 outliers_30  0.943443226594855     
  
 iter_bi, w, d_bi
 maxval(a_un(1:neta*nz,:))   391.527921428305     
 sum g_binding_collateral  -28
   1.0000000   2.0018584   0.0000004
 exdem, h  8.741753879560443E-003   1.00190871944925     
  0.997550959698856     
 sum(g_e_o)   30
 accidental_defaults  0.000000000000000E+000
 increase kmax, fistst.f90   1.240209418439258E-002
 decrease amin, fistst.f90   4.590234810181113E-003
 firm debt/gdp   1.86028591545634        1.86028591548914     
  
 transition 
  
 backward induction
 t, w          39   2.00033018318774     
 t, w          38   2.00018699212763     
 t, w          37   2.00009525458585     
 t, w          36   2.00000838735063     
 t, w          35   1.99996177932605     
 t, w          34   1.99982911785999     
 t, w          33   1.99965098695282     
 t, w          32   1.99946712837866     
 t, w          31   1.99928042971391     
 t, w          30   1.99908905394977     
 t, w          29   1.99889572478695     
 t, w          28   1.99870233686425     
 t, w          27   1.99852943664029     
 t, w          26   1.99835193431971     
 t, w          25   1.99817781817390     
 t, w          24   1.99800061163891     
 t, w          23   1.99783967501840     
 t, w          22   1.99768313926683     
 t, w          21   1.99763505963315     
 t, w          20   1.99738496940894     
 t, w          19   1.99691096658514     
 t, w          18   1.99639159706657     
 t, w          17   1.99581887618559     
 t, w          16   1.99523000351843     
 t, w          15   1.99462634709501     
 t, w          14   1.99403576520371     
 t, w          13   1.99346133393114     
 t, w          12   1.99280569219997     
 t, w          11   1.99222917311141     
 t, w          10   1.99183722668416     
 t, w           9   1.99184056543192     
 t, w           8   1.99266031152307     
 t, w           7   1.99532254109560     
 t, w           6   2.00140665471725     
 t, w           5   2.01432609674370     
 t, w           4   2.04056254808604     
 t, w           3   2.09324883017542     
 t, w           2   2.19631351937994     
 t, mu           2  0.185929034454750     
 t, mu           3  0.185929034454750     
 t, mu           4  0.185929034454750     
 t, mu           5  0.185929034454750     
 t, mu           6  0.185929034454750     
 t, mu           7  0.185929034454750     
 t, mu           8  0.185929034454750     
 t, mu           9  0.185929034454750     
 t, mu          10  0.185929034454750     
 t, mu          11  0.185929034454750     
 t, mu          12  0.185929034454750     
 t, mu          13  0.185929034454750     
 t, mu          14  0.185929034454750     
 t, mu          15  0.185929034454750     
 t, mu          16  0.185929034454750     
 t, mu          17  0.185929034454750     
 t, mu          18  0.185929034454750     
 t, mu          19  0.185929034454750     
 t, mu          20  0.185929034454750     
 t, mu          21  0.185929034454750     
 t, mu          22  0.185929034454750     
 t, mu          23  0.185929034454750     
 t, mu          24  0.185929034454750     
 t, mu          25  0.185929034454750     
 t, mu          26  0.185929034454750     
 t, mu          27  0.185929034454750     
 t, mu          28  0.185929034454750     
 t, mu          29  0.185929034454750     
 t, mu          30  0.185929034454750     
 t, mu          31  0.185929034454750     
 t, mu          32  0.185929034454750     
 t, mu          33  0.185929034454750     
 t, mu          34  0.185929034454750     
 t, mu          35  0.185929034454750     
 t, mu          36  0.185929034454750     
 t, mu          37  0.185929034454750     
 t, mu          38  0.185929034454750     
 t, mu          39  0.185929034454750     
 iter_tr, d_tr            1  1.021883627088233E-003
  
 backward induction
 t, w          39   2.00033037148531     
 t, w          38   2.00018632673813     
 t, w          37   2.00009384384343     
 t, w          36   2.00000645204385     
 t, w          35   1.99995768326868     
 t, w          34   1.99982859417837     
 t, w          33   1.99965149464587     
 t, w          32   1.99946727190181     
 t, w          31   1.99928028760649     
 t, w          30   1.99908860423802     
 t, w          29   1.99889499378883     
 t, w          28   1.99870137468729     
 t, w          27   1.99852860068486     
 t, w          26   1.99835076937468     
 t, w          25   1.99817645512514     
 t, w          24   1.99799930495780     
 t, w          23   1.99783858310305     
 t, w          22   1.99768161160725     
 t, w          21   1.99763676961676     
 t, w          20   1.99737646248302     
 t, w          19   1.99690195459809     
 t, w          18   1.99638203891616     
 t, w          17   1.99580870821044     
 t, w          16   1.99521935971986     
 t, w          15   1.99461516178495     
 t, w          14   1.99402427419549     
 t, w          13   1.99344943445635     
 t, w          12   1.99279293630938     
 t, w          11   1.99221590441821     
 t, w          10   1.99182412189945     
 t, w           9   1.99182609521579     
 t, w           8   1.99264467854455     
 t, w           7   1.99530657191397     
 t, w           6   2.00139056987994     
 t, w           5   2.01430847489835     
 t, w           4   2.04054371886029     
 t, w           3   2.09322886459942     
 t, w           2   2.19629294262164     
 t, mu           2  0.185929034454750     
 t, mu           3  0.185929034454750     
 t, mu           4  0.185929034454750     
 t, mu           5  0.185929034454750     
 t, mu           6  0.185929034454750     
 t, mu           7  0.185929034454750     
 t, mu           8  0.185929034454750     
 t, mu           9  0.185929034454750     
 t, mu          10  0.185929034454750     
 t, mu          11  0.185929034454750     
 t, mu          12  0.185929034454750     
 t, mu          13  0.185929034454750     
 t, mu          14  0.185929034454750     
 t, mu          15  0.185929034454750     
 t, mu          16  0.185929034454750     
 t, mu          17  0.185929034454750     
 t, mu          18  0.185929034454750     
 t, mu          19  0.185929034454750     
 t, mu          20  0.185929034454750     
 t, mu          21  0.185929034454750     
 t, mu          22  0.185929034454750     
 t, mu          23  0.185929034454750     
 t, mu          24  0.185929034454750     
 t, mu          25  0.185929034454750     
 t, mu          26  0.185929034454750     
 t, mu          27  0.185929034454750     
 t, mu          28  0.185929034454750     
 t, mu          29  0.185929034454750     
 t, mu          30  0.185929034454750     
 t, mu          31  0.185929034454750     
 t, mu          32  0.185929034454750     
 t, mu          33  0.185929034454750     
 t, mu          34  0.185929034454750     
 t, mu          35  0.185929034454750     
 t, mu          36  0.185929034454750     
 t, mu          37  0.185929034454750     
 t, mu          38  0.185929034454750     
 t, mu          39  0.185929034454750     
 iter_tr, d_tr            2  2.052658367635764E-003
  
 backward induction
 t, w          39   2.00032680748535     
 t, w          38   2.00018179764020     
 t, w          37   2.00008845624991     
 t, w          36   2.00000036738003     
 t, w          35   1.99994929625197     
 t, w          34   1.99982336517731     
 t, w          33   1.99964694527068     
 t, w          32   1.99946201779345     
 t, w          31   1.99927435287376     
 t, w          30   1.99908192086369     
 t, w          29   1.99888751995372     
 t, w          28   1.99869300284755     
 t, w          27   1.99851954137005     
 t, w          26   1.99834039248346     
 t, w          25   1.99816478792623     
 t, w          24   1.99798628338166     
 t, w          23   1.99782372752799     
 t, w          22   1.99766586362265     
 t, w          21   1.99761597104958     
 t, w          20   1.99736803048664     
 t, w          19   1.99689305002495     
 t, w          18   1.99637260490260     
 t, w          17   1.99579866111301     
 t, w          16   1.99520881666291     
 t, w          15   1.99460405131226     
 t, w          14   1.99401284781546     
 t, w          13   1.99343762513936     
 t, w          12   1.99278026821811     
 t, w          11   1.99220271111302     
 t, w          10   1.99181105963757     
 t, w           9   1.99181173163195     
 t, w           8   1.99262917557533     
 t, w           7   1.99529073206767     
 t, w           6   2.00137460559795     
 t, w           5   2.01429103792514     
 t, w           4   2.04052513024260     
 t, w           3   2.09320926297240     
 t, w           2   2.19627264708055     
 t, mu           2  0.185929034454750     
 t, mu           3  0.185929034454750     
 t, mu           4  0.185929034454750     
 t, mu           5  0.185929034454750     
 t, mu           6  0.185929034454750     
 t, mu           7  0.185929034454750     
 t, mu           8  0.185929034454750     
 t, mu           9  0.185929034454750     
 t, mu          10  0.185929034454750     
 t, mu          11  0.185929034454750     
 t, mu          12  0.185929034454750     
 t, mu          13  0.185929034454750     
 t, mu          14  0.185929034454750     
 t, mu          15  0.185929034454750     
 t, mu          16  0.185929034454750     
 t, mu          17  0.185929034454750     
 t, mu          18  0.185929034454750     
 t, mu          19  0.185929034454750     
 t, mu          20  0.185929034454750     
 t, mu          21  0.185929034454750     
 t, mu          22  0.185929034454750     
 t, mu          23  0.185929034454750     
 t, mu          24  0.185929034454750     
 t, mu          25  0.185929034454750     
 t, mu          26  0.185929034454750     
 t, mu          27  0.185929034454750     
 t, mu          28  0.185929034454750     
 t, mu          29  0.185929034454750     
 t, mu          30  0.185929034454750     
 t, mu          31  0.185929034454750     
 t, mu          32  0.185929034454750     
 t, mu          33  0.185929034454750     
 t, mu          34  0.185929034454750     
 t, mu          35  0.185929034454750     
 t, mu          36  0.185929034454750     
 t, mu          37  0.185929034454750     
 t, mu          38  0.185929034454750     
 t, mu          39  0.185929034454750     
 iter_tr, d_tr            3  1.499471801711732E-003
  
 backward induction
 t, w          39   2.00032743180528     
 t, w          38   2.00018161566595     
 t, w          37   2.00008764445066     
 t, w          36   1.99999902023314     
 t, w          35   1.99994591273659     
 t, w          34   1.99982324781340     
 t, w          33   1.99964771652862     
 t, w          32   1.99946240012538     
 t, w          31   1.99927445086400     
 t, w          30   1.99908173314729     
 t, w          29   1.99888707175294     
 t, w          28   1.99869232254632     
 t, w          27   1.99851894383429     
 t, w          26   1.99833953304821     
 t, w          25   1.99816375565518     
 t, w          24   1.99798533700408     
 t, w          23   1.99782305969681     
 t, w          22   1.99766489910485     
 t, w          21   1.99761814685387     
 t, w          20   1.99735976681249     
 t, w          19   1.99688427934814     
 t, w          18   1.99636333079031     
 t, w          17   1.99578881391514     
 t, w          16   1.99519848145656     
 t, w          15   1.99459317940628     
 t, w          14   1.99400167032021     
 t, w          13   1.99342606105491     
 t, w          12   1.99276786569222     
 t, w          11   1.99218980627467     
 t, w          10   1.99179826678640     
 t, w           9   1.99179770399797     
 t, w           8   1.99261410231061     
 t, w           7   1.99527550460568     
 t, w           6   2.00135922785989     
 t, w           5   2.01427571676940     
 t, w           4   2.04051040689626     
 t, w           3   2.09318997568538     
 t, w           2   2.19625260772162     
 t, mu           2  0.185929034454750     
 t, mu           3  0.185929034454750     
 t, mu           4  0.185929034454750     
 t, mu           5  0.185929034454750     
 t, mu           6  0.185929034454750     
 t, mu           7  0.185929034454750     
 t, mu           8  0.185929034454750     
 t, mu           9  0.185929034454750     
 t, mu          10  0.185929034454750     
 t, mu          11  0.185929034454750     
 t, mu          12  0.185929034454750     
 t, mu          13  0.185929034454750     
 t, mu          14  0.185929034454750     
 t, mu          15  0.185929034454750     
 t, mu          16  0.185929034454750     
 t, mu          17  0.185929034454750     
 t, mu          18  0.185929034454750     
 t, mu          19  0.185929034454750     
 t, mu          20  0.185929034454750     
 t, mu          21  0.185929034454750     
 t, mu          22  0.185929034454750     
 t, mu          23  0.185929034454750     
 t, mu          24  0.185929034454750     
 t, mu          25  0.185929034454750     
 t, mu          26  0.185929034454750     
 t, mu          27  0.185929034454750     
 t, mu          28  0.185929034454750     
 t, mu          29  0.185929034454750     
 t, mu          30  0.185929034454750     
 t, mu          31  0.185929034454750     
 t, mu          32  0.185929034454750     
 t, mu          33  0.185929034454750     
 t, mu          34  0.185929034454750     
 t, mu          35  0.185929034454750     
 t, mu          36  0.185929034454750     
 t, mu          37  0.185929034454750     
 t, mu          38  0.185929034454750     
 t, mu          39  0.185929034454750     
 iter_tr, d_tr            4  9.431075478182060E-004
 begin loss_entry_t and gain_entry_t
 end loss_entry_t and gain_entry_t
 begin loss_and_gain_exit_and_incumbent_t
 end output_loss_exit_t
 completed transition
 iter_shock           1
 psi_t(2) hours_drop_data hours_drop_model
      0.9420      0.8521      0.8547
 psi_c_t(2) c_drop_data hours_drop_model
      1.0000      0.8983      0.9896
