 intbirth_k          43   13.4831040296833     
  
 iter_bi, w, d_bi
 maxval(a_un(1:neta*nz,:))   391.527921428305     
 sum g_binding_collateral  -28
   1.0000000   2.0018584   0.0000004
 exdem, h  8.741753879560443E-003   1.00190871944925     
  0.997550959698856     
 sum(g_e_o)   30
 accidental_defaults  0.000000000000000E+000
 increase kmax, instst.f90   1.240209418439258E-002
 decrease amin, instst.f90   4.590234810181113E-003
 firm debt/gdp   1.86028591545634        1.86028591548914     
 outliers  9.201817086079700E-011
 outliers_30  0.943443226594855     
  
 iter_bi, w, d_bi
 maxval(a_un(1:neta*nz,:))   391.527921428305     
 sum g_binding_collateral  -28
   1.0000000   2.0018584   0.0000004
 exdem, h  8.741753879560443E-003   1.00190871944925     
  0.997550959698856     
 sum(g_e_o)   30
 accidental_defaults  0.000000000000000E+000
 increase kmax, fistst.f90   1.240209418439258E-002
 decrease amin, fistst.f90   4.590234810181113E-003
 firm debt/gdp   1.86028591545634        1.86028591548914     
  
 transition 
  
 backward induction
 t, w          39   2.00032743180528     
 t, w          38   2.00018161566595     
 t, w          37   2.00008764445066     
 t, w          36   1.99999902023314     
 t, w          35   1.99994591273659     
 t, w          34   1.99982324781340     
 t, w          33   1.99964771652862     
 t, w          32   1.99946240012538     
 t, w          31   1.99927445086400     
 t, w          30   1.99908173314729     
 t, w          29   1.99888707175294     
 t, w          28   1.99869232254632     
 t, w          27   1.99851894383429     
 t, w          26   1.99833953304821     
 t, w          25   1.99816375565518     
 t, w          24   1.99798533700408     
 t, w          23   1.99782305969681     
 t, w          22   1.99766489910485     
 t, w          21   1.99761814685387     
 t, w          20   1.99735976681249     
 t, w          19   1.99688427934814     
 t, w          18   1.99636333079031     
 t, w          17   1.99578881391514     
 t, w          16   1.99519848145656     
 t, w          15   1.99459317940628     
 t, w          14   1.99400167032021     
 t, w          13   1.99342606105491     
 t, w          12   1.99276786569222     
 t, w          11   1.99218980627467     
 t, w          10   1.99179826678640     
 t, w           9   1.99179770399797     
 t, w           8   1.99261410231061     
 t, w           7   1.99527550460568     
 t, w           6   2.00135922785989     
 t, w           5   2.01427571676940     
 t, w           4   2.04051040689626     
 t, w           3   2.09318997568538     
 t, w           2   2.19625260772162     
 t, mu           2  0.185929034454750     
 t, mu           3  0.185929034454750     
 t, mu           4  0.185929034454750     
 t, mu           5  0.185929034454750     
 t, mu           6  0.185929034454750     
 t, mu           7  0.185929034454750     
 t, mu           8  0.185929034454750     
 t, mu           9  0.185929034454750     
 t, mu          10  0.185929034454750     
 t, mu          11  0.185929034454750     
 t, mu          12  0.185929034454750     
 t, mu          13  0.185929034454750     
 t, mu          14  0.185929034454750     
 t, mu          15  0.185929034454750     
 t, mu          16  0.185929034454750     
 t, mu          17  0.185929034454750     
 t, mu          18  0.185929034454750     
 t, mu          19  0.185929034454750     
 t, mu          20  0.185929034454750     
 t, mu          21  0.185929034454750     
 t, mu          22  0.185929034454750     
 t, mu          23  0.185929034454750     
 t, mu          24  0.185929034454750     
 t, mu          25  0.185929034454750     
 t, mu          26  0.185929034454750     
 t, mu          27  0.185929034454750     
 t, mu          28  0.185929034454750     
 t, mu          29  0.185929034454750     
 t, mu          30  0.185929034454750     
 t, mu          31  0.185929034454750     
 t, mu          32  0.185929034454750     
 t, mu          33  0.185929034454750     
 t, mu          34  0.185929034454750     
 t, mu          35  0.185929034454750     
 t, mu          36  0.185929034454750     
 t, mu          37  0.185929034454750     
 t, mu          38  0.185929034454750     
 t, mu          39  0.185929034454750     
 iter_tr, d_tr            1  9.431075478059953E-004
 begin loss_entry_t and gain_entry_t
 end loss_entry_t and gain_entry_t
 begin loss_and_gain_exit_and_incumbent_t
 sum           2
   0.3686510   0.3686510
 sum           3
   0.3468754   0.3468754
 sum           4
   0.3457822   0.3457822
 sum           5
   0.3403475   0.3403475
 sum           6
   0.3509830   0.3509830
 sum           7
   0.3562957   0.3552643
 sum           8
   0.3590815   0.3573830
 sum           9
   0.3609422   0.3587788
 sum          10
   0.3622897   0.3600612
 sum          11
   0.3633209   0.3609938
 sum          12
   0.3641365   0.3615907
 sum          13
   0.3647985   0.3622433
 sum          14
   0.3653460   0.3628330
 sum          15
   0.3658059   0.3632358
 sum          16
   0.3661973   0.3636137
 sum          17
   0.3665339   0.3639971
 sum          18
   0.3668262   0.3643510
 sum          19
   0.3670821   0.3646841
 sum          20
   0.3673077   0.3649560
 sum          21
   0.3675079   0.3651836
 sum          22
   0.3676865   0.3654227
 sum          23
   0.3678468   0.3656507
 sum          24
   0.3679913   0.3658654
 sum          25
   0.3681223   0.3660697
 sum          26
   0.3682415   0.3662590
 sum          27
   0.3683504   0.3664293
 sum          28
   0.3684503   0.3665914
 sum          29
   0.3685422   0.3667208
 sum          30
   0.3686272   0.3668728
 sum          31
   0.3687060   0.3670172
 sum          32
   0.3687793   0.3671533
 sum          33
   0.3688476   0.3672825
 sum          34
   0.3689116   0.3674046
 sum          35
   0.3689716   0.3674810
 sum          36
   0.3690281   0.3675646
 sum          37
   0.3690813   0.3676532
 sum          38
   0.3691316   0.3677383
 sum          39
   0.3691793   0.3678198
 end output_loss_exit_t
 completed transition
 iter_shock           1
 psi_t(2) hours_drop_data hours_drop_model
      0.9420      0.8521      0.8547
 psi_c_t(2) c_drop_data hours_drop_model
      1.0000      0.8983      0.9896
