 intbirth_k          43   13.4831040296833     
  
 iter_bi, w, d_bi
 maxval(a_un)  0.000000000000000E+000
   1.0000000   2.5135431   0.0000003
 exdem, h  0.126989927708498       0.945275601002406     
  0.995797880226746     
 sum(g_e_o)   13
 increase kmax, instst.f90   5.720175411882309E-002
 firm debt/gdp  0.000000000000000E+000  0.000000000000000E+000
 outliers  4.083620385829312E-002
 tot_cap_adjustment_cost/gdp  1.980567130431747E-002
 tot_binding  0.000000000000000E+000
 outliers_30  0.917486080766642     
 
 iter_cal            1   1.83955776691437     
 theta firm_debt/gdp
     0.4035441      Infinity     1.8395578     0.0000000
 psi employment
     0.7926370     0.7923033     1.0000000     0.9957979
 alpha labor share
     0.4462531     0.4450815     0.6452855     0.6285436
 var_eps std_dev_i_k 
     0.0058303     0.0058520     0.3370000     0.3246979
 var_eps std_dev_log_emp_19
     0.0058303     0.0058520     1.3000000     0.3112253
 var_iota std_dev_log_emp_0
     0.3000000     0.3000000     0.9000000     0.0416859
 k_e firms_5_firms0_5
    13.4831040    13.4831040     0.1180369     0.0927332
 f_o entry_rate
     0.7801890     0.7629167     0.1087989     0.1702468
 gamma i_k_inaction
     0.0088199     0.0088199     0.0810000     0.1239284
 lambda i_k_pos_high_spike
     1.0800000     1.0800000     0.0180000     0.0108032
 var_z exit_rate 26+
     0.0500000     0.0500000     0.0500000     0.0591940
 mu firms_21_plus
     0.1298732     0.1298732     0.2315106     0.0064017
 cut_off_model   1.59847566796867     
 
