 intbirth_k          43   13.4831040296833     
  
 iter_bi, w, d_bi
 maxval(a_un(1:neta*nz,:))   391.527921428305     
 sum g_binding_collateral  114
   1.0000000   2.0018584   0.0000004
 exdem, h  8.741753879561442E-003   1.00190871944925     
  0.997550959698856     
 sum(g_e_o)   15
 accidental_defaults  0.000000000000000E+000
 increase kmax, instst.f90   1.240209418439257E-002
 decrease amin, instst.f90   4.590234810181149E-003
 firm debt/gdp   1.86028591545634        1.86028591548914     
 outliers  9.201861495000685E-011
 outliers_30  0.943443226594854     
  
 iter_bi, w, d_bi
 maxval(a_un(1:neta*nz,:))   391.527921428305     
 sum g_binding_collateral  114
   1.0000000   2.0018584   0.0000004
 exdem, h  8.741753879561442E-003   1.00190871944925     
  0.997550959698856     
 sum(g_e_o)   15
 accidental_defaults  0.000000000000000E+000
 increase kmax, fistst.f90   1.240209418439257E-002
 decrease amin, fistst.f90   4.590234810181149E-003
 firm debt/gdp   1.86028591545634        1.86028591548914     
  
 transition 
  
 backward induction
 t, w         119   2.00205600319491     
 t, w         118   2.00206676261829     
 t, w         117   2.00207291869451     
 t, w         116   2.00207721579707     
 t, w         115   2.00208859193942     
 t, w         114   2.00209554691434     
 t, w         113   2.00210265336494     
 t, w         112   2.00210942079713     
 t, w         111   2.00211529966893     
 t, w         110   2.00212025457422     
 t, w         109   2.00212385987978     
 t, w         108   2.00213012457919     
 t, w         107   2.00213569554576     
 t, w         106   2.00214097346160     
 t, w         105   2.00214644147186     
 t, w         104   2.00215139930054     
 t, w         103   2.00215582348513     
 t, w         102   2.00215955153973     
 t, w         101   2.00216255327619     
 t, w         100   2.00216508709477     
 t, w          99   2.00216668724409     
 t, w          98   2.00216788483002     
 t, w          97   2.00216838857570     
 t, w          96   2.00216790979723     
 t, w          95   2.00216728273631     
 t, w          94   2.00216559939571     
 t, w          93   2.00216243776138     
 t, w          92   2.00215826634535     
 t, w          91   2.00215330904974     
 t, w          90   2.00214557184925     
 t, w          89   2.00213796401342     
 t, w          88   2.00212866636168     
 t, w          87   2.00211752173583     
 t, w          86   2.00210362036884     
 t, w          85   2.00208904250611     
 t, w          84   2.00207246995362     
 t, w          83   2.00205194908081     
 t, w          82   2.00202976005598     
 t, w          81   2.00200973713780     
 t, w          80   2.00198965090197     
 t, w          79   2.00197049989078     
 t, w          78   2.00195020677640     
 t, w          77   2.00192818143096     
 t, w          76   2.00190742945056     
 t, w          75   2.00188972012477     
 t, w          74   2.00186756128923     
 t, w          73   2.00183882013774     
 t, w          72   2.00180213337219     
 t, w          71   2.00176252593372     
 t, w          70   2.00172005627879     
 t, w          69   2.00167519683692     
 t, w          68   2.00162814523023     
 t, w          67   2.00157777967168     
 t, w          66   2.00152795656837     
 t, w          65   2.00147008666505     
 t, w          64   2.00141729285619     
 t, w          63   2.00135235598950     
 t, w          62   2.00128468410185     
 t, w          61   2.00121510366127     
 t, w          60   2.00114409057788     
 t, w          59   2.00107042375277     
 t, w          58   2.00099518842018     
 t, w          57   2.00091853580993     
 t, w          56   2.00084145321122     
 t, w          55   2.00076428721563     
 t, w          54   2.00068728293618     
 t, w          53   2.00061520684868     
 t, w          52   2.00054719015845     
 t, w          51   2.00048481153962     
 t, w          50   2.00031941836025     
 t, w          49   2.00014863256820     
 t, w          48   1.99997704386465     
 t, w          47   1.99979426256014     
 t, w          46   1.99960821233742     
 t, w          45   1.99941733450023     
 t, w          44   1.99922416731864     
 t, w          43   1.99902467530943     
 t, w          42   1.99884632860556     
 t, w          41   1.99859980417155     
 t, w          40   1.99830490906919     
 t, w          39   1.99800208312044     
 t, w          38   1.99769681141145     
 t, w          37   1.99739814348166     
 t, w          36   1.99705054744329     
 t, w          35   1.99668955098445     
 t, w          34   1.99631962325266     
 t, w          33   1.99594062459009     
 t, w          32   1.99555353859065     
 t, w          31   1.99516483983018     
 t, w          30   1.99476437425733     
 t, w          29   1.99436365800734     
 t, w          28   1.99396381485624     
 t, w          27   1.99356857699364     
 t, w          26   1.99318637554127     
 t, w          25   1.99280783554485     
 t, w          24   1.99251670387326     
 t, w          23   1.99206606282896     
 t, w          22   1.99138165790533     
 t, w          21   1.99063053189208     
 t, w          20   1.98984912335273     
 t, w          19   1.98903451436837     
 t, w          18   1.98818801987092     
 t, w          17   1.98730648641499     
 t, w          16   1.98637860933651     
 t, w          15   1.98541354269502     
 t, w          14   1.98430861961396     
 t, w          13   1.98361759863952     
 t, w          12   1.98294907366875     
 t, w          11   1.98224611060646     
 t, w          10   1.98153367752154     
 t, w           9   1.98074416114569     
 t, w           8   1.97988293820365     
 t, w           7   1.97943588381849     
 t, w           6   1.97866068728722     
 t, w           5   1.97843326933331     
 t, w           4   1.97854531476104     
 t, w           3   1.97834117812770     
 t, w           2   1.97894654364481     
 t, mu           2  0.185929034454750     
 t, mu           3  0.185929034454750     
 t, mu           4  0.185929034454750     
 t, mu           5  0.185929034454750     
 t, mu           6  0.185929034454750     
 t, mu           7  0.185929034454750     
 t, mu           8  0.185929034454750     
 t, mu           9  0.185929034454750     
 t, mu          10  0.185929034454750     
 t, mu          11  0.185929034454750     
 t, mu          12  0.185929034454750     
 t, mu          13  0.185929034454750     
 t, mu          14  0.185929034454750     
 t, mu          15  0.185929034454750     
 t, mu          16  0.185929034454750     
 t, mu          17  0.185929034454750     
 t, mu          18  0.185929034454750     
 t, mu          19  0.185929034454750     
 t, mu          20  0.185929034454750     
 t, mu          21  0.185929034454750     
 t, mu          22  0.185929034454750     
 t, mu          23  0.185929034454750     
 t, mu          24  0.185929034454750     
 t, mu          25  0.185929034454750     
 t, mu          26  0.185929034454750     
 t, mu          27  0.185929034454750     
 t, mu          28  0.185929034454750     
 t, mu          29  0.185929034454750     
 t, mu          30  0.185929034454750     
 t, mu          31  0.185929034454750     
 t, mu          32  0.185929034454750     
 t, mu          33  0.185929034454750     
 t, mu          34  0.185929034454750     
 t, mu          35  0.185929034454750     
 t, mu          36  0.185929034454750     
 t, mu          37  0.185929034454750     
 t, mu          38  0.185929034454750     
 t, mu          39  0.185929034454750     
 t, mu          40  0.185929034454750     
 t, mu          41  0.185929034454750     
 t, mu          42  0.185929034454750     
 t, mu          43  0.185929034454750     
 t, mu          44  0.185929034454750     
 t, mu          45  0.185929034454750     
 t, mu          46  0.185929034454750     
 t, mu          47  0.185929034454750     
 t, mu          48  0.185929034454750     
 t, mu          49  0.185929034454750     
 t, mu          50  0.185929034454750     
 t, mu          51  0.185929034454750     
 t, mu          52  0.185929034454750     
 t, mu          53  0.185929034454750     
 t, mu          54  0.185929034454750     
 t, mu          55  0.185929034454750     
 t, mu          56  0.185929034454750     
 t, mu          57  0.185929034454750     
 t, mu          58  0.185929034454750     
 t, mu          59  0.185929034454750     
 t, mu          60  0.185929034454750     
 t, mu          61  0.185929034454750     
 t, mu          62  0.185929034454750     
 t, mu          63  0.185929034454750     
 t, mu          64  0.185929034454750     
 t, mu          65  0.185929034454750     
 t, mu          66  0.185929034454750     
 t, mu          67  0.185929034454750     
 t, mu          68  0.185929034454750     
 t, mu          69  0.185929034454750     
 t, mu          70  0.185929034454750     
 t, mu          71  0.185929034454750     
 t, mu          72  0.185929034454750     
 t, mu          73  0.185929034454750     
 t, mu          74  0.185929034454750     
 t, mu          75  0.185929034454750     
 t, mu          76  0.185929034454750     
 t, mu          77  0.185929034454750     
 t, mu          78  0.185929034454750     
 t, mu          79  0.185929034454750     
 t, mu          80  0.185929034454750     
 t, mu          81  0.185929034454750     
 t, mu          82  0.185929034454750     
 t, mu          83  0.185929034454750     
 t, mu          84  0.185929034454750     
 t, mu          85  0.185929034454750     
 t, mu          86  0.185929034454750     
 t, mu          87  0.185929034454750     
 t, mu          88  0.185929034454750     
 t, mu          89  0.185929034454750     
 t, mu          90  0.185929034454750     
 t, mu          91  0.185929034454750     
 t, mu          92  0.185929034454750     
 t, mu          93  0.185929034454750     
 t, mu          94  0.185929034454750     
 t, mu          95  0.185929034454750     
 t, mu          96  0.185929034454750     
 t, mu          97  0.185929034454750     
 t, mu          98  0.185929034454750     
 t, mu          99  0.185929034454750     
 t, mu         100  0.185929034454750     
 t, mu         101  0.185929034454750     
 t, mu         102  0.185929034454750     
 t, mu         103  0.185929034454750     
 t, mu         104  0.185929034454750     
 t, mu         105  0.185929034454750     
 t, mu         106  0.185929034454750     
 t, mu         107  0.185929034454750     
 t, mu         108  0.185929034454750     
 t, mu         109  0.185929034454750     
 t, mu         110  0.185929034454750     
 t, mu         111  0.185929034454750     
 t, mu         112  0.185929034454750     
 t, mu         113  0.185929034454750     
 t, mu         114  0.185929034454750     
 t, mu         115  0.185929034454750     
 t, mu         116  0.185929034454750     
 t, mu         117  0.185929034454750     
 t, mu         118  0.185929034454750     
 t, mu         119  0.185929034454750     
 iter_tr, d_tr            1  1.646773734576282E-003
 begin loss_entry_t and gain_entry_t
 end loss_entry_t and gain_entry_t
 begin loss_and_gain_exit_and_incumbent_t
 sum           2
   0.3703604   0.3703604
 sum           3
   0.3571105   0.3571105
 sum           4
   0.3523760   0.3523760
 sum           5
   0.3462921   0.3462921
 sum           6
   0.3568489   0.3568489
 sum           7
   0.3613020   0.3603584
 sum           8
   0.3633037   0.3620840
 sum           9
   0.3646523   0.3632047
 sum          10
   0.3655955   0.3641652
 sum          11
   0.3663107   0.3647917
 sum          12
   0.3668738   0.3652689
 sum          13
   0.3673209   0.3656462
 sum          14
   0.3676853   0.3659441
 sum          15
   0.3679877   0.3662311
 sum          16
   0.3682417   0.3664608
 sum          17
   0.3684579   0.3666651
 sum          18
   0.3686436   0.3668514
 sum          19
   0.3688048   0.3670240
 sum          20
   0.3689457   0.3671870
 sum          21
   0.3690698   0.3673413
 sum          22
   0.3691797   0.3674855
 sum          23
   0.3692778   0.3676223
 sum          24
   0.3693657   0.3677536
 sum          25
   0.3694449   0.3678785
 sum          26
   0.3695166   0.3679986
 sum          27
   0.3695818   0.3681140
 sum          28
   0.3696413   0.3682275
 sum          29
   0.3696958   0.3683387
 sum          30
   0.3697459   0.3684472
 sum          31
   0.3697921   0.3685530
 sum          32
   0.3698350   0.3686554
 sum          33
   0.3698748   0.3687458
 sum          34
   0.3699118   0.3688386
 sum          35
   0.3699465   0.3689284
 sum          36
   0.3699790   0.3690135
 sum          37
   0.3700095   0.3690954
 sum          38
   0.3700383   0.3691708
 sum          39
   0.3700655   0.3691800
 sum          40
   0.3700912   0.3692336
 sum          41
   0.3701155   0.3692914
 sum          42
   0.3701387   0.3693476
 sum          43
   0.3701607   0.3694007
 sum          44
   0.3701817   0.3694507
 sum          45
   0.3702018   0.3694977
 sum          46
   0.3702209   0.3695419
 sum          47
   0.3702393   0.3695831
 sum          48
   0.3702569   0.3696222
 sum          49
   0.3702738   0.3696595
 sum          50
   0.3702900   0.3696885
 sum          51
   0.3703056   0.3697211
 sum          52
   0.3702234   0.3696542
 sum          53
   0.3701408   0.3695868
 sum          54
   0.3700599   0.3695205
 sum          55
   0.3699840   0.3694613
 sum          56
   0.3699222   0.3694165
 sum          57
   0.3698697   0.3693801
 sum          58
   0.3698244   0.3693494
 sum          59
   0.3697856   0.3693235
 sum          60
   0.3697519   0.3693018
 sum          61
   0.3697225   0.3692831
 sum          62
   0.3696965   0.3692662
 sum          63
   0.3696734   0.3692520
 sum          64
   0.3696528   0.3692391
 sum          65
   0.3696342   0.3692276
 sum          66
   0.3696174   0.3692058
 sum          67
   0.3696021   0.3691967
 sum          68
   0.3695880   0.3691796
 sum          69
   0.3695752   0.3691697
 sum          70
   0.3695633   0.3691600
 sum          71
   0.3695523   0.3691512
 sum          72
   0.3695421   0.3691425
 sum          73
   0.3695326   0.3691346
 sum          74
   0.3695237   0.3691269
 sum          75
   0.3695154   0.3691194
 sum          76
   0.3695076   0.3691121
 sum          77
   0.3695002   0.3691055
 sum          78
   0.3694932   0.3690999
 sum          79
   0.3694866   0.3690941
 sum          80
   0.3694803   0.3690889
 sum          81
   0.3694744   0.3690841
 sum          82
   0.3694687   0.3690787
 sum          83
   0.3694632   0.3690735
 sum          84
   0.3694581   0.3690670
 sum          85
   0.3694531   0.3690606
 sum          86
   0.3694483   0.3690537
 sum          87
   0.3694438   0.3690468
 sum          88
   0.3694394   0.3690424
 sum          89
   0.3694351   0.3690370
 sum          90
   0.3694310   0.3690314
 sum          91
   0.3694271   0.3690257
 sum          92
   0.3694233   0.3690199
 sum          93
   0.3694196   0.3690142
 sum          94
   0.3694161   0.3690087
 sum          95
   0.3694126   0.3690033
 sum          96
   0.3694093   0.3689980
 sum          97
   0.3694060   0.3689928
 sum          98
   0.3694028   0.3689880
 sum          99
   0.3693998   0.3689832
 sum         100
   0.3693968   0.3689786
 sum         101
   0.3693938   0.3689743
 sum         102
   0.3693910   0.3689701
 sum         103
   0.3693882   0.3689658
 sum         104
   0.3693855   0.3689618
 sum         105
   0.3693828   0.3689580
 sum         106
   0.3693802   0.3689543
 sum         107
   0.3693777   0.3689509
 sum         108
   0.3693752   0.3689476
 sum         109
   0.3693727   0.3689445
 sum         110
   0.3693703   0.3689416
 sum         111
   0.3693680   0.3689421
 sum         112
   0.3693657   0.3689417
 sum         113
   0.3693634   0.3689408
 sum         114
   0.3693612   0.3689397
 sum         115
   0.3693590   0.3689386
 sum         116
   0.3693568   0.3689376
 sum         117
   0.3693547   0.3689318
 sum         118
   0.3693526   0.3689354
 sum         119
   0.3693506   0.3689358
 end output_loss_exit_t
 completed transition
 iter_shock           1
 shock gdp_drop_data1 gdp_t(2)/gdp_t(1)
      0.9589      0.9594      0.9602
 rho_shock gdp_drop_data2 gdp_t(5)/gdp_t(1)
      0.8985      0.9797      0.9829
