 intbirth_k          33   13.4831040296833     
  
 iter_bi, w, d_bi
 maxval(a_un)   388.627443617242     
   1.0000000   1.9459144   0.0000004
 exdem, h  2.003837175701406E-005   1.00001096056328     
   1.00001105153933     
 sum(g_e_o)   18
 increase kmax, instst.f90   8.188705947932848E-003
 decrease amin, instst.f90   2.096798695338272E-003
 firm debt/gdp   1.80731470095171        1.80731470099902     
 outliers  8.093525849517391E-014
 tot_cap_adjustment_cost/gdp  1.353976368351060E-002
 tot_binding  0.906226151932854     
 outliers_30  0.940109497162213     
 
 iter_cal            1  3.800387205102848E-002
 theta firm_debt/gdp
     0.3778003     0.3791388     1.8395578     1.8073147
 psi employment
     0.7837378     0.7837395     1.0000000     1.0000111
 alpha labor share
     0.4385327     0.4381469     0.6452855     0.6424518
 var_eps std_dev_i_k 
     0.0068824     0.0069779     0.3370000     0.3145819
 k_e firms_5_firms0_5
    13.4831040    13.4831040     0.1180369     0.1059194
 f_o entry_rate
     0.6829559     0.6864122     0.1087989     0.1060871
 gamma i_k_inaction
     0.0108935     0.0108935     0.0810000     0.0718461
 lambda i_k_pos_high_spike
     2.5113688     2.5113688     0.0180000     0.0259433
 var_z exit_rate 26+
     0.0500000     0.0500000     0.0500000     0.0190455
 mu firms_21_plus
     0.0941775     0.0941775     0.2315106     0.1935068
 
